#
# A fatal error has been detected by the Java Runtime Environment:
#
#  SIGSEGV (0xb) at pc=0x00007fd856468a2d, pid=64566, tid=64600
#
# JRE version: OpenJDK Runtime Environment (11.0.8+10) (build 11.0.8+10-post-Ubuntu-0ubuntu120.04)
# Java VM: OpenJDK 64-Bit Server VM (11.0.8+10-post-Ubuntu-0ubuntu120.04, mixed mode, sharing, tiered, compressed oops, g1 gc, linux-amd64)
# Problematic frame:
# V  [libjvm.so+0x74ea2d]
#
# Core dump will be written. Default location: Core dumps may be processed with "/usr/share/apport/apport %p %s %c %d %P %E" (or dumping to /home/james/NetBeansProjects/proyecto1/tiendaIPC2/core.64566)
#
# If you would like to submit a bug report, please visit:
#   https://bugs.launchpad.net/ubuntu/+source/openjdk-lts
#

---------------  S U M M A R Y ------------

Command Line: -Dclassworlds.conf=/snap/netbeans/30/netbeans/java/maven/bin/m2.conf -Dmaven.home=/snap/netbeans/30/netbeans/java/maven -Dlibrary.jansi.path=/snap/netbeans/30/netbeans/java/maven/lib/jansi-native -Dmaven.multiModuleProjectDirectory=/home/james/NetBeansProjects/proyecto1/tiendaIPC2 org.codehaus.plexus.classworlds.launcher.Launcher -Dmaven.ext.class.path=/snap/netbeans/30/netbeans/java/maven-nblib/netbeans-eventspy.jar clean install

Host: Intel(R) Core(TM) i5-7200U CPU @ 2.50GHz, 4 cores, 11G, Ubuntu 20.04.1 LTS
Time: Mon Aug 24 14:29:06 2020 EDT elapsed time: 4 seconds (0d 0h 0m 4s)

---------------  T H R E A D  ---------------

Current thread (0x00007fd814002800):  GCTaskThread "GC Thread#2" [stack: 0x00007fd81de14000,0x00007fd81df14000] [id=64600]

Stack: [0x00007fd81de14000,0x00007fd81df14000],  sp=0x00007fd81df129b0,  free space=1018k
Native frames: (J=compiled Java code, A=aot compiled Java code, j=interpreted, Vv=VM code, C=native code)
V  [libjvm.so+0x74ea2d]
V  [libjvm.so+0x74c443]
V  [libjvm.so+0x58574a]
V  [libjvm.so+0x74ba99]
V  [libjvm.so+0x587d81]
V  [libjvm.so+0x76b1cb]
V  [libjvm.so+0x76b85b]
V  [libjvm.so+0x7145ec]
V  [libjvm.so+0xdba84d]
V  [libjvm.so+0xd1f430]
V  [libjvm.so+0xb8f706]


siginfo: si_signo: 11 (SIGSEGV), si_code: 1 (SEGV_MAPERR), si_addr: 0x000000000005fa28

Register to memory mapping:

RAX=0x000000000005fa28 is an unknown value
RBX=0x0000000000000009 is an unknown value
RCX=0x0000000000000014 is an unknown value
RDX=0x0000000000007507 is an unknown value
RSP=0x00007fd81df129b0 points into unknown readable memory: d0 29 f1 1d d8 7f 00 00
RBP=0x00007fd81df12a30 points into unknown readable memory: c0 2a f1 1d d8 7f 00 00
RSI=0x0000000000000007 is an unknown value
RDI=0x0000000800000000 is pointing into metadata
R8 =0x0000000840214530 is pointing into metadata
R9 =0x0000000000000001 is an unknown value
R10=0x000000000005fa2a is an unknown value
R11=0x0000000000000001 is an unknown value
R12=0x00000007507d16d0 points into unknown readable memory: 2a fa 05 00 00 00 00 00
R13=0x00007fd7e4002990 points into unknown readable memory: 50 df d5 56 d8 7f 00 00
R14=0x0000000000000009 is an unknown value
R15=0x0000000000000001 is an unknown value


Registers:
RAX=0x000000000005fa28, RBX=0x0000000000000009, RCX=0x0000000000000014, RDX=0x0000000000007507
RSP=0x00007fd81df129b0, RBP=0x00007fd81df12a30, RSI=0x0000000000000007, RDI=0x0000000800000000
R8 =0x0000000840214530, R9 =0x0000000000000001, R10=0x000000000005fa2a, R11=0x0000000000000001
R12=0x00000007507d16d0, R13=0x00007fd7e4002990, R14=0x0000000000000009, R15=0x0000000000000001
RIP=0x00007fd856468a2d, EFLAGS=0x0000000000010206, CSGSFS=0x002b000000000033, ERR=0x0000000000000004
  TRAPNO=0x000000000000000e

Top of Stack: (sp=0x00007fd81df129b0)
0x00007fd81df129b0:   00007fd81df129d0 00007ffe0f1f6918
0x00007fd81df129c0:   00007fd81df12a00 0000000000000005
0x00007fd81df129d0:   0000000000000001 000000074bc67c90
0x00007fd81df129e0:   00007fd800000042 0000000700000000 

Instructions: (pc=0x00007fd856468a2d)
0x00007fd85646892d:   b6 30 40 84 f6 0f 84 98 03 00 00 48 8d 05 d1 65
0x00007fd85646893d:   9c 00 8b 78 08 4c 8b 00 41 8b 41 08 89 f9 48 d3
0x00007fd85646894d:   e0 41 81 7c 00 08 00 00 00 c0 0f 8c 03 04 00 00
0x00007fd85646895d:   49 8b 45 08 4c 89 ca 8b 88 c0 02 00 00 48 8b 80
0x00007fd85646896d:   b0 02 00 00 48 d3 ea 48 8b 04 d0 49 89 85 90 01
0x00007fd85646897d:   00 00 41 8b 51 08 89 f9 48 d3 e2 4c 01 c2 48 63
0x00007fd85646898d:   4a 0c 4c 89 4d b8 4c 89 ce 4c 89 f7 48 8d 05 40
0x00007fd85646899d:   20 9f 00 ff 14 c8 4c 8b 4d b8 48 83 c4 58 5b 41
0x00007fd8564689ad:   5c 4c 89 c8 41 5d 41 5e 41 5f 5d c3 0f 1f 80 00
0x00007fd8564689bd:   00 00 00 0f 84 9a 00 00 00 3c 01 48 8d 05 fd b9
0x00007fd8564689cd:   9a 00 48 19 c9 8b 10 83 e1 04 89 d8 4d 63 74 0c
0x00007fd8564689dd:   0c c1 f8 10 89 d9 8d 72 ff 0f b6 c0 f7 da 48 63
0x00007fd8564689ed:   f6 49 d3 e6 48 01 f0 49 01 c6 48 63 c2 49 21 c6
0x00007fd8564689fd:   49 c1 ee 03 44 89 f3 4d 63 f6 e9 24 fd ff ff 0f
0x00007fd856468a0d:   1f 40 00 48 8b 7a 08 e9 fd fc ff ff 0f 1f 80 00
0x00007fd856468a1d:   00 00 00 41 f6 c2 01 75 62 4c 89 d0 48 83 e0 fd
0x00007fd856468a2d:   4c 8b 00 49 c1 e8 03 44 89 c0 83 e0 0f 89 45 b8
0x00007fd856468a3d:   41 3b 85 6c 01 00 00 0f 83 1b fd ff ff 41 bb 01
0x00007fd856468a4d:   00 00 00 31 c9 b8 01 00 00 00 e9 35 fd ff ff 0f
0x00007fd856468a5d:   1f 40 00 48 8b 07 48 8d 15 96 64 dc ff 45 31 f6
0x00007fd856468a6d:   48 8b 80 10 01 00 00 48 39 d0 0f 84 b3 fc ff ff
0x00007fd856468a7d:   e9 08 fe ff ff 66 0f 1f 44 00 00 4d 89 d0 49 c1
0x00007fd856468a8d:   e8 03 44 89 c0 83 e0 0f 89 45 b8 eb a3 44 0f b6
0x00007fd856468a9d:   45 ce 41 80 fb 01 0f 84 23 03 00 00 45 88 85 c8
0x00007fd856468aad:   01 00 00 4c 89 e6 4c 89 ef 4c 89 d2 e8 92 fa ff
0x00007fd856468abd:   ff 48 83 c4 58 5b 41 5c 41 5d 41 5e 41 5f 5d c3
0x00007fd856468acd:   0f 1f 00 48 8d 35 e1 c4 9a 00 41 0f b7 c8 48 3b
0x00007fd856468add:   0e 0f 8e 8c 00 00 00 45 0f b7 c0 41 8d 48 ff 44
0x00007fd856468aed:   89 c6 f7 de 48 63 c9 4c 01 c9 48 63 f6 48 21 f1
0x00007fd856468afd:   48 89 ce 48 89 4d a0 4c 29 ce 48 c1 ee 03 48 89
0x00007fd856468b0d:   75 a8 74 5f 48 8d 0d b8 b8 9a 00 8b 31 8d 4e 01
0x00007fd856468b1d:   f7 de 21 ce 48 63 ce 48 39 4d a8 0f 82 ce 03 00 


Stack slot to memory mapping:
stack at sp + 0 slots: 0x00007fd81df129d0 points into unknown readable memory: 01 00 00 00 00 00 00 00
stack at sp + 1 slots: 0x00007ffe0f1f6918: clock_gettime+0x0000000000000038 in linux-vdso.so.1 at 0x00007ffe0f1f6000
stack at sp + 2 slots: 0x00007fd81df12a00 points into unknown readable memory: 8e 17 02 00 00 00 00 00
stack at sp + 3 slots: 0x0000000000000005 is an unknown value
stack at sp + 4 slots: 0x0000000000000001 is an unknown value
stack at sp + 5 slots: 0x000000074bc67c90 is an oop: com.sun.tools.javac.util.SharedNameTable$NameImpl 
{0x000000074bc67c90} - klass: 'com/sun/tools/javac/util/SharedNameTable$NameImpl'
stack at sp + 6 slots: 0x00007fd800000042 points into unknown readable memory: 00 00 00 00 00 00
stack at sp + 7 slots: 0x0000000700000000 is an unknown value


---------------  P R O C E S S  ---------------

Threads class SMR info:
_java_thread_list=0x00007fd7fc26df80, length=10, elements={
0x00007fd850016000, 0x00007fd850162800, 0x00007fd85016c800, 0x00007fd850172000,
0x00007fd850174000, 0x00007fd850176000, 0x00007fd850178000, 0x00007fd8501a7000,
0x00007fd8501ac800, 0x00007fd7fc26c800
}

Java Threads: ( => current thread )
  0x00007fd850016000 JavaThread "main" [_thread_blocked, id=64583, stack(0x00007fd8558ce000,0x00007fd8559cf000)]
  0x00007fd850162800 JavaThread "Reference Handler" daemon [_thread_blocked, id=64590, stack(0x00007fd82c061000,0x00007fd82c162000)]
  0x00007fd85016c800 JavaThread "Finalizer" daemon [_thread_blocked, id=64591, stack(0x00007fd81f6ff000,0x00007fd81f800000)]
  0x00007fd850172000 JavaThread "Signal Dispatcher" daemon [_thread_blocked, id=64592, stack(0x00007fd81e820000,0x00007fd81e921000)]
  0x00007fd850174000 JavaThread "C2 CompilerThread0" daemon [_thread_blocked, id=64593, stack(0x00007fd81e71f000,0x00007fd81e820000)]
  0x00007fd850176000 JavaThread "C1 CompilerThread0" daemon [_thread_blocked, id=64594, stack(0x00007fd81e61e000,0x00007fd81e71f000)]
  0x00007fd850178000 JavaThread "Sweeper thread" daemon [_thread_blocked, id=64595, stack(0x00007fd81e51d000,0x00007fd81e61e000)]
  0x00007fd8501a7000 JavaThread "Service Thread" daemon [_thread_blocked, id=64596, stack(0x00007fd81e41c000,0x00007fd81e51d000)]
  0x00007fd8501ac800 JavaThread "Common-Cleaner" daemon [_thread_blocked, id=64598, stack(0x00007fd81e219000,0x00007fd81e31a000)]
  0x00007fd7fc26c800 JavaThread "C2 CompilerThread1" daemon [_thread_blocked, id=64602, stack(0x00007fd81dc0f000,0x00007fd81dd10000)]

Other Threads:
  0x00007fd85015f800 VMThread "VM Thread" [stack: 0x00007fd82c164000,0x00007fd82c264000] [id=64589]
  0x00007fd8501aa000 WatcherThread [stack: 0x00007fd81e31c000,0x00007fd81e41c000] [id=64597]
  0x00007fd85002d800 GCTaskThread "GC Thread#0" [stack: 0x00007fd855582000,0x00007fd855682000] [id=64584]
  0x00007fd814001000 GCTaskThread "GC Thread#1" [stack: 0x00007fd81df16000,0x00007fd81e016000] [id=64599]
=>0x00007fd814002800 GCTaskThread "GC Thread#2" [stack: 0x00007fd81de14000,0x00007fd81df14000] [id=64600]
  0x00007fd814004000 GCTaskThread "GC Thread#3" [stack: 0x00007fd81dd12000,0x00007fd81de12000] [id=64601]
  0x00007fd850075000 ConcurrentGCThread "G1 Main Marker" [stack: 0x00007fd83879f000,0x00007fd83889f000] [id=64585]
  0x00007fd850076800 ConcurrentGCThread "G1 Conc#0" [stack: 0x00007fd83869d000,0x00007fd83879d000] [id=64586]
  0x00007fd850127800 ConcurrentGCThread "G1 Refine#0" [stack: 0x00007fd838197000,0x00007fd838297000] [id=64587]
  0x00007fd850129000 ConcurrentGCThread "G1 Young RemSet Sampling" [stack: 0x00007fd838095000,0x00007fd838195000] [id=64588]

Threads with active compile tasks:
C2 CompilerThread0   4690 5891   !   4       java.lang.reflect.Field::declaredAnnotations (82 bytes)
C1 CompilerThread0   4690 5918   !   3       com.google.inject.internal.CycleDetectingLock$CycleDetectingLockFactory$ReentrantCycleDetectingLock::lockOrDetectPotentialLocksCycle (134 bytes)
C2 CompilerThread1   4690 5885       4       java.lang.reflect.Field::getAnnotation (23 bytes)

VM state:at safepoint (normal execution)

VM Mutex/Monitor currently owned by a thread:  ([mutex/lock_event])
[0x00007fd850012fc0] Threads_lock - owner thread: 0x00007fd85015f800
[0x00007fd8500137a0] Heap_lock - owner thread: 0x00007fd850016000

Heap address: 0x0000000746800000, size: 2968 MB, Compressed Oops mode: Zero based, Oop shift amount: 3
Narrow klass base: 0x0000000800000000, Narrow klass shift: 3
Compressed class space size: 1073741824 Address: 0x0000000840000000

Heap:
 garbage-first heap   total 233472K, used 143590K [0x0000000746800000, 0x0000000800000000)
  region size 1024K, 140 young (143360K), 11 survivors (11264K)
 Metaspace       used 26145K, capacity 26999K, committed 27312K, reserved 1073152K
  class space    used 2944K, capacity 3248K, committed 3328K, reserved 1048576K
Heap Regions: E=young(eden), S=young(survivor), O=old, HS=humongous(starts), HC=humongous(continues), CS=collection set, F=free, A=archive, TAMS=top-at-mark-start (previous, next)
|   0|0x0000000746800000, 0x0000000746900000, 0x0000000746900000|100%| O|  |TAMS 0x0000000746900000, 0x0000000746800000| Untracked 
|   1|0x0000000746900000, 0x0000000746a00000, 0x0000000746a00000|100%| O|  |TAMS 0x0000000746a00000, 0x0000000746900000| Untracked 
|   2|0x0000000746a00000, 0x0000000746a88800, 0x0000000746b00000| 53%| O|  |TAMS 0x0000000746a88800, 0x0000000746a00000| Untracked 
|   3|0x0000000746b00000, 0x0000000746c00000, 0x0000000746c00000|100%|HS|  |TAMS 0x0000000746b00000, 0x0000000746b00000| Complete 
|   4|0x0000000746c00000, 0x0000000746c00000, 0x0000000746d00000|  0%| F|  |TAMS 0x0000000746c00000, 0x0000000746c00000| Untracked 
|   5|0x0000000746d00000, 0x0000000746d00000, 0x0000000746e00000|  0%| F|  |TAMS 0x0000000746d00000, 0x0000000746d00000| Untracked 
|   6|0x0000000746e00000, 0x0000000746e00000, 0x0000000746f00000|  0%| F|  |TAMS 0x0000000746e00000, 0x0000000746e00000| Untracked 
|   7|0x0000000746f00000, 0x0000000746f00000, 0x0000000747000000|  0%| F|  |TAMS 0x0000000746f00000, 0x0000000746f00000| Untracked 
|   8|0x0000000747000000, 0x0000000747000000, 0x0000000747100000|  0%| F|  |TAMS 0x0000000747000000, 0x0000000747000000| Untracked 
|   9|0x0000000747100000, 0x0000000747100000, 0x0000000747200000|  0%| F|  |TAMS 0x0000000747100000, 0x0000000747100000| Untracked 
|  10|0x0000000747200000, 0x0000000747200000, 0x0000000747300000|  0%| F|  |TAMS 0x0000000747200000, 0x0000000747200000| Untracked 
|  11|0x0000000747300000, 0x0000000747300000, 0x0000000747400000|  0%| F|  |TAMS 0x0000000747300000, 0x0000000747300000| Untracked 
|  12|0x0000000747400000, 0x0000000747400000, 0x0000000747500000|  0%| F|  |TAMS 0x0000000747400000, 0x0000000747400000| Untracked 
|  13|0x0000000747500000, 0x0000000747500000, 0x0000000747600000|  0%| F|  |TAMS 0x0000000747500000, 0x0000000747500000| Untracked 
|  14|0x0000000747600000, 0x0000000747600000, 0x0000000747700000|  0%| F|  |TAMS 0x0000000747600000, 0x0000000747600000| Untracked 
|  15|0x0000000747700000, 0x0000000747700000, 0x0000000747800000|  0%| F|  |TAMS 0x0000000747700000, 0x0000000747700000| Untracked 
|  16|0x0000000747800000, 0x0000000747800000, 0x0000000747900000|  0%| F|  |TAMS 0x0000000747800000, 0x0000000747800000| Untracked 
|  17|0x0000000747900000, 0x0000000747900000, 0x0000000747a00000|  0%| F|  |TAMS 0x0000000747900000, 0x0000000747900000| Untracked 
|  18|0x0000000747a00000, 0x0000000747a00000, 0x0000000747b00000|  0%| F|  |TAMS 0x0000000747a00000, 0x0000000747a00000| Untracked 
|  19|0x0000000747b00000, 0x0000000747b00000, 0x0000000747c00000|  0%| F|  |TAMS 0x0000000747b00000, 0x0000000747b00000| Untracked 
|  20|0x0000000747c00000, 0x0000000747c00000, 0x0000000747d00000|  0%| F|  |TAMS 0x0000000747c00000, 0x0000000747c00000| Untracked 
|  21|0x0000000747d00000, 0x0000000747d00000, 0x0000000747e00000|  0%| F|  |TAMS 0x0000000747d00000, 0x0000000747d00000| Untracked 
|  22|0x0000000747e00000, 0x0000000747e00000, 0x0000000747f00000|  0%| F|  |TAMS 0x0000000747e00000, 0x0000000747e00000| Untracked 
|  23|0x0000000747f00000, 0x0000000747f00000, 0x0000000748000000|  0%| F|  |TAMS 0x0000000747f00000, 0x0000000747f00000| Untracked 
|  24|0x0000000748000000, 0x0000000748000000, 0x0000000748100000|  0%| F|  |TAMS 0x0000000748000000, 0x0000000748000000| Untracked 
|  25|0x0000000748100000, 0x0000000748100000, 0x0000000748200000|  0%| F|  |TAMS 0x0000000748100000, 0x0000000748100000| Untracked 
|  26|0x0000000748200000, 0x0000000748200000, 0x0000000748300000|  0%| F|  |TAMS 0x0000000748200000, 0x0000000748200000| Untracked 
|  27|0x0000000748300000, 0x0000000748300000, 0x0000000748400000|  0%| F|  |TAMS 0x0000000748300000, 0x0000000748300000| Untracked 
|  28|0x0000000748400000, 0x0000000748400000, 0x0000000748500000|  0%| F|  |TAMS 0x0000000748400000, 0x0000000748400000| Untracked 
|  29|0x0000000748500000, 0x0000000748500000, 0x0000000748600000|  0%| F|  |TAMS 0x0000000748500000, 0x0000000748500000| Untracked 
|  30|0x0000000748600000, 0x0000000748600000, 0x0000000748700000|  0%| F|  |TAMS 0x0000000748600000, 0x0000000748600000| Untracked 
|  31|0x0000000748700000, 0x0000000748700000, 0x0000000748800000|  0%| F|  |TAMS 0x0000000748700000, 0x0000000748700000| Untracked 
|  32|0x0000000748800000, 0x0000000748800000, 0x0000000748900000|  0%| F|  |TAMS 0x0000000748800000, 0x0000000748800000| Untracked 
|  33|0x0000000748900000, 0x0000000748900000, 0x0000000748a00000|  0%| F|  |TAMS 0x0000000748900000, 0x0000000748900000| Untracked 
|  34|0x0000000748a00000, 0x0000000748a00000, 0x0000000748b00000|  0%| F|  |TAMS 0x0000000748a00000, 0x0000000748a00000| Untracked 
|  35|0x0000000748b00000, 0x0000000748b00000, 0x0000000748c00000|  0%| F|  |TAMS 0x0000000748b00000, 0x0000000748b00000| Untracked 
|  36|0x0000000748c00000, 0x0000000748c00000, 0x0000000748d00000|  0%| F|  |TAMS 0x0000000748c00000, 0x0000000748c00000| Untracked 
|  37|0x0000000748d00000, 0x0000000748d00000, 0x0000000748e00000|  0%| F|  |TAMS 0x0000000748d00000, 0x0000000748d00000| Untracked 
|  38|0x0000000748e00000, 0x0000000748e00000, 0x0000000748f00000|  0%| F|  |TAMS 0x0000000748e00000, 0x0000000748e00000| Untracked 
|  39|0x0000000748f00000, 0x0000000748f00000, 0x0000000749000000|  0%| F|  |TAMS 0x0000000748f00000, 0x0000000748f00000| Untracked 
|  40|0x0000000749000000, 0x0000000749000000, 0x0000000749100000|  0%| F|  |TAMS 0x0000000749000000, 0x0000000749000000| Untracked 
|  41|0x0000000749100000, 0x0000000749100000, 0x0000000749200000|  0%| F|  |TAMS 0x0000000749100000, 0x0000000749100000| Untracked 
|  42|0x0000000749200000, 0x0000000749200000, 0x0000000749300000|  0%| F|  |TAMS 0x0000000749200000, 0x0000000749200000| Untracked 
|  43|0x0000000749300000, 0x0000000749300000, 0x0000000749400000|  0%| F|  |TAMS 0x0000000749300000, 0x0000000749300000| Untracked 
|  44|0x0000000749400000, 0x0000000749400000, 0x0000000749500000|  0%| F|  |TAMS 0x0000000749400000, 0x0000000749400000| Untracked 
|  45|0x0000000749500000, 0x0000000749500000, 0x0000000749600000|  0%| F|  |TAMS 0x0000000749500000, 0x0000000749500000| Untracked 
|  46|0x0000000749600000, 0x0000000749600000, 0x0000000749700000|  0%| F|  |TAMS 0x0000000749600000, 0x0000000749600000| Untracked 
|  47|0x0000000749700000, 0x0000000749700000, 0x0000000749800000|  0%| F|  |TAMS 0x0000000749700000, 0x0000000749700000| Untracked 
|  48|0x0000000749800000, 0x0000000749800000, 0x0000000749900000|  0%| F|  |TAMS 0x0000000749800000, 0x0000000749800000| Untracked 
|  49|0x0000000749900000, 0x0000000749900000, 0x0000000749a00000|  0%| F|  |TAMS 0x0000000749900000, 0x0000000749900000| Untracked 
|  50|0x0000000749a00000, 0x0000000749a00000, 0x0000000749b00000|  0%| F|  |TAMS 0x0000000749a00000, 0x0000000749a00000| Untracked 
|  51|0x0000000749b00000, 0x0000000749b00000, 0x0000000749c00000|  0%| F|  |TAMS 0x0000000749b00000, 0x0000000749b00000| Untracked 
|  52|0x0000000749c00000, 0x0000000749c00000, 0x0000000749d00000|  0%| F|  |TAMS 0x0000000749c00000, 0x0000000749c00000| Untracked 
|  53|0x0000000749d00000, 0x0000000749d00000, 0x0000000749e00000|  0%| F|  |TAMS 0x0000000749d00000, 0x0000000749d00000| Untracked 
|  54|0x0000000749e00000, 0x0000000749e00000, 0x0000000749f00000|  0%| F|  |TAMS 0x0000000749e00000, 0x0000000749e00000| Untracked 
|  55|0x0000000749f00000, 0x0000000749f00000, 0x000000074a000000|  0%| F|  |TAMS 0x0000000749f00000, 0x0000000749f00000| Untracked 
|  56|0x000000074a000000, 0x000000074a000000, 0x000000074a100000|  0%| F|  |TAMS 0x000000074a000000, 0x000000074a000000| Untracked 
|  57|0x000000074a100000, 0x000000074a100000, 0x000000074a200000|  0%| F|  |TAMS 0x000000074a100000, 0x000000074a100000| Untracked 
|  58|0x000000074a200000, 0x000000074a200000, 0x000000074a300000|  0%| F|  |TAMS 0x000000074a200000, 0x000000074a200000| Untracked 
|  59|0x000000074a300000, 0x000000074a300000, 0x000000074a400000|  0%| F|  |TAMS 0x000000074a300000, 0x000000074a300000| Untracked 
|  60|0x000000074a400000, 0x000000074a400000, 0x000000074a500000|  0%| F|  |TAMS 0x000000074a400000, 0x000000074a400000| Untracked 
|  61|0x000000074a500000, 0x000000074a500000, 0x000000074a600000|  0%| F|  |TAMS 0x000000074a500000, 0x000000074a500000| Untracked 
|  62|0x000000074a600000, 0x000000074a600000, 0x000000074a700000|  0%| F|  |TAMS 0x000000074a600000, 0x000000074a600000| Untracked 
|  63|0x000000074a700000, 0x000000074a700000, 0x000000074a800000|  0%| F|  |TAMS 0x000000074a700000, 0x000000074a700000| Untracked 
|  64|0x000000074a800000, 0x000000074a800000, 0x000000074a900000|  0%| F|  |TAMS 0x000000074a800000, 0x000000074a800000| Untracked 
|  65|0x000000074a900000, 0x000000074a900000, 0x000000074aa00000|  0%| F|  |TAMS 0x000000074a900000, 0x000000074a900000| Untracked 
|  66|0x000000074aa00000, 0x000000074aa00000, 0x000000074ab00000|  0%| F|  |TAMS 0x000000074aa00000, 0x000000074aa00000| Untracked 
|  67|0x000000074ab00000, 0x000000074ab00000, 0x000000074ac00000|  0%| F|  |TAMS 0x000000074ab00000, 0x000000074ab00000| Untracked 
|  68|0x000000074ac00000, 0x000000074ac00000, 0x000000074ad00000|  0%| F|  |TAMS 0x000000074ac00000, 0x000000074ac00000| Untracked 
|  69|0x000000074ad00000, 0x000000074ad00000, 0x000000074ae00000|  0%| F|  |TAMS 0x000000074ad00000, 0x000000074ad00000| Untracked 
|  70|0x000000074ae00000, 0x000000074ae00000, 0x000000074af00000|  0%| F|  |TAMS 0x000000074ae00000, 0x000000074ae00000| Untracked 
|  71|0x000000074af00000, 0x000000074af00000, 0x000000074b000000|  0%| F|  |TAMS 0x000000074af00000, 0x000000074af00000| Untracked 
|  72|0x000000074b000000, 0x000000074b000000, 0x000000074b100000|  0%| F|  |TAMS 0x000000074b000000, 0x000000074b000000| Untracked 
|  73|0x000000074b100000, 0x000000074b100000, 0x000000074b200000|  0%| F|  |TAMS 0x000000074b100000, 0x000000074b100000| Untracked 
|  74|0x000000074b200000, 0x000000074b200000, 0x000000074b300000|  0%| F|  |TAMS 0x000000074b200000, 0x000000074b200000| Untracked 
|  75|0x000000074b300000, 0x000000074b300000, 0x000000074b400000|  0%| F|  |TAMS 0x000000074b300000, 0x000000074b300000| Untracked 
|  76|0x000000074b400000, 0x000000074b400000, 0x000000074b500000|  0%| F|  |TAMS 0x000000074b400000, 0x000000074b400000| Untracked 
|  77|0x000000074b500000, 0x000000074b500000, 0x000000074b600000|  0%| F|  |TAMS 0x000000074b500000, 0x000000074b500000| Untracked 
|  78|0x000000074b600000, 0x000000074b600000, 0x000000074b700000|  0%| F|  |TAMS 0x000000074b600000, 0x000000074b600000| Untracked 
|  79|0x000000074b700000, 0x000000074b7d7580, 0x000000074b800000| 84%| S|  |TAMS 0x000000074b700000, 0x000000074b700000| Complete 
|  80|0x000000074b800000, 0x000000074b900000, 0x000000074b900000|100%| S|  |TAMS 0x000000074b800000, 0x000000074b800000| Complete 
|  81|0x000000074b900000, 0x000000074ba00000, 0x000000074ba00000|100%| S|  |TAMS 0x000000074b900000, 0x000000074b900000| Complete 
|  82|0x000000074ba00000, 0x000000074bb00000, 0x000000074bb00000|100%| S|  |TAMS 0x000000074ba00000, 0x000000074ba00000| Complete 
|  83|0x000000074bb00000, 0x000000074bc00000, 0x000000074bc00000|100%| S|  |TAMS 0x000000074bb00000, 0x000000074bb00000| Complete 
|  84|0x000000074bc00000, 0x000000074bd00000, 0x000000074bd00000|100%| S|  |TAMS 0x000000074bc00000, 0x000000074bc00000| Complete 
|  85|0x000000074bd00000, 0x000000074be00000, 0x000000074be00000|100%| S|  |TAMS 0x000000074bd00000, 0x000000074bd00000| Complete 
|  86|0x000000074be00000, 0x000000074bf00000, 0x000000074bf00000|100%| S|  |TAMS 0x000000074be00000, 0x000000074be00000| Complete 
|  87|0x000000074bf00000, 0x000000074c000000, 0x000000074c000000|100%| S|  |TAMS 0x000000074bf00000, 0x000000074bf00000| Complete 
|  88|0x000000074c000000, 0x000000074c100000, 0x000000074c100000|100%| S|  |TAMS 0x000000074c000000, 0x000000074c000000| Complete 
|  89|0x000000074c100000, 0x000000074c200000, 0x000000074c200000|100%| S|  |TAMS 0x000000074c100000, 0x000000074c100000| Complete 
|  90|0x000000074c200000, 0x000000074c300000, 0x000000074c300000|100%| E|CS|TAMS 0x000000074c200000, 0x000000074c200000| Complete 
|  91|0x000000074c300000, 0x000000074c400000, 0x000000074c400000|100%| E|CS|TAMS 0x000000074c300000, 0x000000074c300000| Complete 
|  92|0x000000074c400000, 0x000000074c500000, 0x000000074c500000|100%| E|CS|TAMS 0x000000074c400000, 0x000000074c400000| Complete 
|  93|0x000000074c500000, 0x000000074c600000, 0x000000074c600000|100%| E|CS|TAMS 0x000000074c500000, 0x000000074c500000| Complete 
|  94|0x000000074c600000, 0x000000074c700000, 0x000000074c700000|100%| E|CS|TAMS 0x000000074c600000, 0x000000074c600000| Complete 
|  95|0x000000074c700000, 0x000000074c800000, 0x000000074c800000|100%| E|CS|TAMS 0x000000074c700000, 0x000000074c700000| Complete 
|  96|0x000000074c800000, 0x000000074c900000, 0x000000074c900000|100%| E|CS|TAMS 0x000000074c800000, 0x000000074c800000| Complete 
|  97|0x000000074c900000, 0x000000074ca00000, 0x000000074ca00000|100%| E|CS|TAMS 0x000000074c900000, 0x000000074c900000| Complete 
|  98|0x000000074ca00000, 0x000000074cb00000, 0x000000074cb00000|100%| E|CS|TAMS 0x000000074ca00000, 0x000000074ca00000| Complete 
|  99|0x000000074cb00000, 0x000000074cc00000, 0x000000074cc00000|100%| E|CS|TAMS 0x000000074cb00000, 0x000000074cb00000| Complete 
| 100|0x000000074cc00000, 0x000000074cd00000, 0x000000074cd00000|100%| E|CS|TAMS 0x000000074cc00000, 0x000000074cc00000| Complete 
| 101|0x000000074cd00000, 0x000000074ce00000, 0x000000074ce00000|100%| E|CS|TAMS 0x000000074cd00000, 0x000000074cd00000| Complete 
| 102|0x000000074ce00000, 0x000000074cf00000, 0x000000074cf00000|100%| E|CS|TAMS 0x000000074ce00000, 0x000000074ce00000| Complete 
| 103|0x000000074cf00000, 0x000000074d000000, 0x000000074d000000|100%| E|CS|TAMS 0x000000074cf00000, 0x000000074cf00000| Complete 
| 104|0x000000074d000000, 0x000000074d100000, 0x000000074d100000|100%| E|CS|TAMS 0x000000074d000000, 0x000000074d000000| Complete 
| 105|0x000000074d100000, 0x000000074d200000, 0x000000074d200000|100%| E|CS|TAMS 0x000000074d100000, 0x000000074d100000| Complete 
| 106|0x000000074d200000, 0x000000074d300000, 0x000000074d300000|100%| E|CS|TAMS 0x000000074d200000, 0x000000074d200000| Complete 
| 107|0x000000074d300000, 0x000000074d400000, 0x000000074d400000|100%| E|CS|TAMS 0x000000074d300000, 0x000000074d300000| Complete 
| 108|0x000000074d400000, 0x000000074d500000, 0x000000074d500000|100%| E|CS|TAMS 0x000000074d400000, 0x000000074d400000| Complete 
| 109|0x000000074d500000, 0x000000074d600000, 0x000000074d600000|100%| E|CS|TAMS 0x000000074d500000, 0x000000074d500000| Complete 
| 110|0x000000074d600000, 0x000000074d700000, 0x000000074d700000|100%| E|CS|TAMS 0x000000074d600000, 0x000000074d600000| Complete 
| 111|0x000000074d700000, 0x000000074d800000, 0x000000074d800000|100%| E|CS|TAMS 0x000000074d700000, 0x000000074d700000| Complete 
| 112|0x000000074d800000, 0x000000074d900000, 0x000000074d900000|100%| E|CS|TAMS 0x000000074d800000, 0x000000074d800000| Complete 
| 113|0x000000074d900000, 0x000000074da00000, 0x000000074da00000|100%| E|CS|TAMS 0x000000074d900000, 0x000000074d900000| Complete 
| 114|0x000000074da00000, 0x000000074db00000, 0x000000074db00000|100%| E|CS|TAMS 0x000000074da00000, 0x000000074da00000| Complete 
| 115|0x000000074db00000, 0x000000074dc00000, 0x000000074dc00000|100%| E|CS|TAMS 0x000000074db00000, 0x000000074db00000| Complete 
| 116|0x000000074dc00000, 0x000000074dd00000, 0x000000074dd00000|100%| E|CS|TAMS 0x000000074dc00000, 0x000000074dc00000| Complete 
| 117|0x000000074dd00000, 0x000000074de00000, 0x000000074de00000|100%| E|CS|TAMS 0x000000074dd00000, 0x000000074dd00000| Complete 
| 118|0x000000074de00000, 0x000000074df00000, 0x000000074df00000|100%| E|CS|TAMS 0x000000074de00000, 0x000000074de00000| Complete 
| 119|0x000000074df00000, 0x000000074e000000, 0x000000074e000000|100%| E|CS|TAMS 0x000000074df00000, 0x000000074df00000| Complete 
| 120|0x000000074e000000, 0x000000074e100000, 0x000000074e100000|100%| E|CS|TAMS 0x000000074e000000, 0x000000074e000000| Complete 
| 121|0x000000074e100000, 0x000000074e200000, 0x000000074e200000|100%| E|CS|TAMS 0x000000074e100000, 0x000000074e100000| Complete 
| 122|0x000000074e200000, 0x000000074e300000, 0x000000074e300000|100%| E|CS|TAMS 0x000000074e200000, 0x000000074e200000| Complete 
| 123|0x000000074e300000, 0x000000074e400000, 0x000000074e400000|100%| E|CS|TAMS 0x000000074e300000, 0x000000074e300000| Complete 
| 124|0x000000074e400000, 0x000000074e500000, 0x000000074e500000|100%| E|CS|TAMS 0x000000074e400000, 0x000000074e400000| Complete 
| 125|0x000000074e500000, 0x000000074e600000, 0x000000074e600000|100%| E|CS|TAMS 0x000000074e500000, 0x000000074e500000| Complete 
| 126|0x000000074e600000, 0x000000074e700000, 0x000000074e700000|100%| E|CS|TAMS 0x000000074e600000, 0x000000074e600000| Complete 
| 127|0x000000074e700000, 0x000000074e800000, 0x000000074e800000|100%| E|CS|TAMS 0x000000074e700000, 0x000000074e700000| Complete 
| 128|0x000000074e800000, 0x000000074e900000, 0x000000074e900000|100%| E|CS|TAMS 0x000000074e800000, 0x000000074e800000| Complete 
| 129|0x000000074e900000, 0x000000074ea00000, 0x000000074ea00000|100%| E|CS|TAMS 0x000000074e900000, 0x000000074e900000| Complete 
| 130|0x000000074ea00000, 0x000000074eb00000, 0x000000074eb00000|100%| E|CS|TAMS 0x000000074ea00000, 0x000000074ea00000| Complete 
| 131|0x000000074eb00000, 0x000000074ec00000, 0x000000074ec00000|100%| E|CS|TAMS 0x000000074eb00000, 0x000000074eb00000| Complete 
| 132|0x000000074ec00000, 0x000000074ed00000, 0x000000074ed00000|100%| E|CS|TAMS 0x000000074ec00000, 0x000000074ec00000| Complete 
| 133|0x000000074ed00000, 0x000000074ee00000, 0x000000074ee00000|100%| E|CS|TAMS 0x000000074ed00000, 0x000000074ed00000| Complete 
| 134|0x000000074ee00000, 0x000000074ef00000, 0x000000074ef00000|100%| E|CS|TAMS 0x000000074ee00000, 0x000000074ee00000| Complete 
| 135|0x000000074ef00000, 0x000000074f000000, 0x000000074f000000|100%| E|CS|TAMS 0x000000074ef00000, 0x000000074ef00000| Complete 
| 136|0x000000074f000000, 0x000000074f100000, 0x000000074f100000|100%| E|CS|TAMS 0x000000074f000000, 0x000000074f000000| Complete 
| 137|0x000000074f100000, 0x000000074f200000, 0x000000074f200000|100%| E|CS|TAMS 0x000000074f100000, 0x000000074f100000| Complete 
| 138|0x000000074f200000, 0x000000074f300000, 0x000000074f300000|100%| E|CS|TAMS 0x000000074f200000, 0x000000074f200000| Complete 
| 139|0x000000074f300000, 0x000000074f400000, 0x000000074f400000|100%| E|CS|TAMS 0x000000074f300000, 0x000000074f300000| Complete 
| 140|0x000000074f400000, 0x000000074f500000, 0x000000074f500000|100%| E|CS|TAMS 0x000000074f400000, 0x000000074f400000| Complete 
| 141|0x000000074f500000, 0x000000074f600000, 0x000000074f600000|100%| E|CS|TAMS 0x000000074f500000, 0x000000074f500000| Complete 
| 142|0x000000074f600000, 0x000000074f700000, 0x000000074f700000|100%| E|CS|TAMS 0x000000074f600000, 0x000000074f600000| Complete 
| 143|0x000000074f700000, 0x000000074f800000, 0x000000074f800000|100%| E|CS|TAMS 0x000000074f700000, 0x000000074f700000| Complete 
| 144|0x000000074f800000, 0x000000074f900000, 0x000000074f900000|100%| E|CS|TAMS 0x000000074f800000, 0x000000074f800000| Complete 
| 145|0x000000074f900000, 0x000000074fa00000, 0x000000074fa00000|100%| E|CS|TAMS 0x000000074f900000, 0x000000074f900000| Complete 
| 146|0x000000074fa00000, 0x000000074fb00000, 0x000000074fb00000|100%| E|CS|TAMS 0x000000074fa00000, 0x000000074fa00000| Complete 
| 147|0x000000074fb00000, 0x000000074fc00000, 0x000000074fc00000|100%| E|CS|TAMS 0x000000074fb00000, 0x000000074fb00000| Complete 
| 148|0x000000074fc00000, 0x000000074fd00000, 0x000000074fd00000|100%| E|CS|TAMS 0x000000074fc00000, 0x000000074fc00000| Complete 
| 149|0x000000074fd00000, 0x000000074fe00000, 0x000000074fe00000|100%| E|CS|TAMS 0x000000074fd00000, 0x000000074fd00000| Complete 
| 150|0x000000074fe00000, 0x000000074ff00000, 0x000000074ff00000|100%| E|CS|TAMS 0x000000074fe00000, 0x000000074fe00000| Complete 
| 151|0x000000074ff00000, 0x0000000750000000, 0x0000000750000000|100%| E|CS|TAMS 0x000000074ff00000, 0x000000074ff00000| Complete 
| 152|0x0000000750000000, 0x0000000750100000, 0x0000000750100000|100%| E|CS|TAMS 0x0000000750000000, 0x0000000750000000| Complete 
| 153|0x0000000750100000, 0x0000000750200000, 0x0000000750200000|100%| E|CS|TAMS 0x0000000750100000, 0x0000000750100000| Complete 
| 154|0x0000000750200000, 0x0000000750300000, 0x0000000750300000|100%| E|CS|TAMS 0x0000000750200000, 0x0000000750200000| Complete 
| 155|0x0000000750300000, 0x0000000750400000, 0x0000000750400000|100%| E|CS|TAMS 0x0000000750300000, 0x0000000750300000| Complete 
| 156|0x0000000750400000, 0x0000000750500000, 0x0000000750500000|100%| E|CS|TAMS 0x0000000750400000, 0x0000000750400000| Complete 
| 157|0x0000000750500000, 0x0000000750600000, 0x0000000750600000|100%| E|CS|TAMS 0x0000000750500000, 0x0000000750500000| Complete 
| 158|0x0000000750600000, 0x0000000750700000, 0x0000000750700000|100%| E|CS|TAMS 0x0000000750600000, 0x0000000750600000| Complete 
| 159|0x0000000750700000, 0x0000000750800000, 0x0000000750800000|100%| E|CS|TAMS 0x0000000750700000, 0x0000000750700000| Complete 
| 160|0x0000000750800000, 0x0000000750900000, 0x0000000750900000|100%| E|CS|TAMS 0x0000000750800000, 0x0000000750800000| Complete 
| 161|0x0000000750900000, 0x0000000750a00000, 0x0000000750a00000|100%| E|CS|TAMS 0x0000000750900000, 0x0000000750900000| Complete 
| 162|0x0000000750a00000, 0x0000000750b00000, 0x0000000750b00000|100%| E|CS|TAMS 0x0000000750a00000, 0x0000000750a00000| Complete 
| 163|0x0000000750b00000, 0x0000000750c00000, 0x0000000750c00000|100%| E|CS|TAMS 0x0000000750b00000, 0x0000000750b00000| Complete 
| 164|0x0000000750c00000, 0x0000000750d00000, 0x0000000750d00000|100%| E|CS|TAMS 0x0000000750c00000, 0x0000000750c00000| Complete 
| 165|0x0000000750d00000, 0x0000000750e00000, 0x0000000750e00000|100%| E|CS|TAMS 0x0000000750d00000, 0x0000000750d00000| Complete 
| 166|0x0000000750e00000, 0x0000000750f00000, 0x0000000750f00000|100%| E|CS|TAMS 0x0000000750e00000, 0x0000000750e00000| Complete 
| 167|0x0000000750f00000, 0x0000000751000000, 0x0000000751000000|100%| E|CS|TAMS 0x0000000750f00000, 0x0000000750f00000| Complete 
| 168|0x0000000751000000, 0x0000000751100000, 0x0000000751100000|100%| E|CS|TAMS 0x0000000751000000, 0x0000000751000000| Complete 
| 169|0x0000000751100000, 0x0000000751200000, 0x0000000751200000|100%| E|CS|TAMS 0x0000000751100000, 0x0000000751100000| Complete 
| 170|0x0000000751200000, 0x0000000751300000, 0x0000000751300000|100%| E|CS|TAMS 0x0000000751200000, 0x0000000751200000| Complete 
| 171|0x0000000751300000, 0x0000000751400000, 0x0000000751400000|100%| E|CS|TAMS 0x0000000751300000, 0x0000000751300000| Complete 
| 172|0x0000000751400000, 0x0000000751500000, 0x0000000751500000|100%| E|CS|TAMS 0x0000000751400000, 0x0000000751400000| Complete 
| 173|0x0000000751500000, 0x0000000751600000, 0x0000000751600000|100%| E|CS|TAMS 0x0000000751500000, 0x0000000751500000| Complete 
| 174|0x0000000751600000, 0x0000000751700000, 0x0000000751700000|100%| E|CS|TAMS 0x0000000751600000, 0x0000000751600000| Complete 
| 175|0x0000000751700000, 0x0000000751800000, 0x0000000751800000|100%| E|CS|TAMS 0x0000000751700000, 0x0000000751700000| Complete 
| 176|0x0000000751800000, 0x0000000751900000, 0x0000000751900000|100%| E|CS|TAMS 0x0000000751800000, 0x0000000751800000| Complete 
| 177|0x0000000751900000, 0x0000000751a00000, 0x0000000751a00000|100%| E|CS|TAMS 0x0000000751900000, 0x0000000751900000| Complete 
| 178|0x0000000751a00000, 0x0000000751b00000, 0x0000000751b00000|100%| E|CS|TAMS 0x0000000751a00000, 0x0000000751a00000| Complete 
| 179|0x0000000751b00000, 0x0000000751c00000, 0x0000000751c00000|100%| E|CS|TAMS 0x0000000751b00000, 0x0000000751b00000| Complete 
| 180|0x0000000751c00000, 0x0000000751d00000, 0x0000000751d00000|100%| E|CS|TAMS 0x0000000751c00000, 0x0000000751c00000| Complete 
| 181|0x0000000751d00000, 0x0000000751e00000, 0x0000000751e00000|100%| E|CS|TAMS 0x0000000751d00000, 0x0000000751d00000| Complete 
| 182|0x0000000751e00000, 0x0000000751f00000, 0x0000000751f00000|100%| E|CS|TAMS 0x0000000751e00000, 0x0000000751e00000| Complete 
| 183|0x0000000751f00000, 0x0000000752000000, 0x0000000752000000|100%| E|CS|TAMS 0x0000000751f00000, 0x0000000751f00000| Complete 
| 184|0x0000000752000000, 0x0000000752100000, 0x0000000752100000|100%| E|CS|TAMS 0x0000000752000000, 0x0000000752000000| Complete 
| 185|0x0000000752100000, 0x0000000752200000, 0x0000000752200000|100%| E|CS|TAMS 0x0000000752100000, 0x0000000752100000| Complete 
| 186|0x0000000752200000, 0x0000000752300000, 0x0000000752300000|100%| E|CS|TAMS 0x0000000752200000, 0x0000000752200000| Complete 
| 187|0x0000000752300000, 0x0000000752400000, 0x0000000752400000|100%| E|CS|TAMS 0x0000000752300000, 0x0000000752300000| Complete 
| 188|0x0000000752400000, 0x0000000752500000, 0x0000000752500000|100%| E|CS|TAMS 0x0000000752400000, 0x0000000752400000| Complete 
| 189|0x0000000752500000, 0x0000000752600000, 0x0000000752600000|100%| E|CS|TAMS 0x0000000752500000, 0x0000000752500000| Complete 
| 190|0x0000000752600000, 0x0000000752700000, 0x0000000752700000|100%| E|CS|TAMS 0x0000000752600000, 0x0000000752600000| Complete 
| 191|0x0000000752700000, 0x0000000752800000, 0x0000000752800000|100%| E|CS|TAMS 0x0000000752700000, 0x0000000752700000| Complete 
| 192|0x0000000752800000, 0x0000000752900000, 0x0000000752900000|100%| E|CS|TAMS 0x0000000752800000, 0x0000000752800000| Complete 
| 193|0x0000000752900000, 0x0000000752a00000, 0x0000000752a00000|100%| E|CS|TAMS 0x0000000752900000, 0x0000000752900000| Complete 
| 194|0x0000000752a00000, 0x0000000752b00000, 0x0000000752b00000|100%| E|CS|TAMS 0x0000000752a00000, 0x0000000752a00000| Complete 
| 195|0x0000000752b00000, 0x0000000752c00000, 0x0000000752c00000|100%| E|CS|TAMS 0x0000000752b00000, 0x0000000752b00000| Complete 
| 196|0x0000000752c00000, 0x0000000752d00000, 0x0000000752d00000|100%| E|CS|TAMS 0x0000000752c00000, 0x0000000752c00000| Complete 
| 197|0x0000000752d00000, 0x0000000752e00000, 0x0000000752e00000|100%| E|CS|TAMS 0x0000000752d00000, 0x0000000752d00000| Complete 
| 198|0x0000000752e00000, 0x0000000752f00000, 0x0000000752f00000|100%| E|CS|TAMS 0x0000000752e00000, 0x0000000752e00000| Complete 
| 199|0x0000000752f00000, 0x0000000753000000, 0x0000000753000000|100%| E|CS|TAMS 0x0000000752f00000, 0x0000000752f00000| Complete 
| 200|0x0000000753000000, 0x0000000753100000, 0x0000000753100000|100%| E|CS|TAMS 0x0000000753000000, 0x0000000753000000| Complete 
| 201|0x0000000753100000, 0x0000000753200000, 0x0000000753200000|100%| E|CS|TAMS 0x0000000753100000, 0x0000000753100000| Complete 
| 202|0x0000000753200000, 0x0000000753300000, 0x0000000753300000|100%| E|CS|TAMS 0x0000000753200000, 0x0000000753200000| Complete 
| 203|0x0000000753300000, 0x0000000753400000, 0x0000000753400000|100%| E|CS|TAMS 0x0000000753300000, 0x0000000753300000| Complete 
| 204|0x0000000753400000, 0x0000000753500000, 0x0000000753500000|100%| E|CS|TAMS 0x0000000753400000, 0x0000000753400000| Complete 
| 205|0x0000000753500000, 0x0000000753600000, 0x0000000753600000|100%| E|CS|TAMS 0x0000000753500000, 0x0000000753500000| Complete 
| 206|0x0000000753600000, 0x0000000753700000, 0x0000000753700000|100%| E|CS|TAMS 0x0000000753600000, 0x0000000753600000| Complete 
| 207|0x0000000753700000, 0x0000000753800000, 0x0000000753800000|100%| E|CS|TAMS 0x0000000753700000, 0x0000000753700000| Complete 
| 208|0x0000000753800000, 0x0000000753900000, 0x0000000753900000|100%| E|CS|TAMS 0x0000000753800000, 0x0000000753800000| Complete 
| 209|0x0000000753900000, 0x0000000753a00000, 0x0000000753a00000|100%| E|CS|TAMS 0x0000000753900000, 0x0000000753900000| Complete 
| 210|0x0000000753a00000, 0x0000000753b00000, 0x0000000753b00000|100%| E|CS|TAMS 0x0000000753a00000, 0x0000000753a00000| Complete 
| 211|0x0000000753b00000, 0x0000000753c00000, 0x0000000753c00000|100%| E|CS|TAMS 0x0000000753b00000, 0x0000000753b00000| Complete 
| 212|0x0000000753c00000, 0x0000000753d00000, 0x0000000753d00000|100%| E|CS|TAMS 0x0000000753c00000, 0x0000000753c00000| Complete 
| 213|0x0000000753d00000, 0x0000000753e00000, 0x0000000753e00000|100%| E|CS|TAMS 0x0000000753d00000, 0x0000000753d00000| Complete 
| 214|0x0000000753e00000, 0x0000000753f00000, 0x0000000753f00000|100%| E|CS|TAMS 0x0000000753e00000, 0x0000000753e00000| Complete 
| 215|0x0000000753f00000, 0x0000000754000000, 0x0000000754000000|100%| E|CS|TAMS 0x0000000753f00000, 0x0000000753f00000| Complete 
| 216|0x0000000754000000, 0x0000000754100000, 0x0000000754100000|100%| E|CS|TAMS 0x0000000754000000, 0x0000000754000000| Complete 
| 217|0x0000000754100000, 0x0000000754200000, 0x0000000754200000|100%| E|CS|TAMS 0x0000000754100000, 0x0000000754100000| Complete 
| 218|0x0000000754200000, 0x0000000754300000, 0x0000000754300000|100%| E|CS|TAMS 0x0000000754200000, 0x0000000754200000| Complete 
| 219|0x0000000754300000, 0x0000000754400000, 0x0000000754400000|100%| E|CS|TAMS 0x0000000754300000, 0x0000000754300000| Complete 
| 220|0x0000000754400000, 0x0000000754500000, 0x0000000754500000|100%| E|CS|TAMS 0x0000000754400000, 0x0000000754400000| Complete 
| 221|0x0000000754500000, 0x0000000754600000, 0x0000000754600000|100%| E|CS|TAMS 0x0000000754500000, 0x0000000754500000| Complete 
| 222|0x0000000754600000, 0x0000000754700000, 0x0000000754700000|100%| E|CS|TAMS 0x0000000754600000, 0x0000000754600000| Complete 
| 223|0x0000000754700000, 0x0000000754800000, 0x0000000754800000|100%| E|CS|TAMS 0x0000000754700000, 0x0000000754700000| Complete 
| 224|0x0000000754800000, 0x0000000754900000, 0x0000000754900000|100%| E|CS|TAMS 0x0000000754800000, 0x0000000754800000| Complete 
| 225|0x0000000754900000, 0x0000000754a00000, 0x0000000754a00000|100%| E|CS|TAMS 0x0000000754900000, 0x0000000754900000| Complete 
|1942|0x00000007bfe00000, 0x00000007bfe47000, 0x00000007bff00000| 27%|OA|  |TAMS 0x00000007bfe47000, 0x00000007bfe00000| Untracked 
|1943|0x00000007bff00000, 0x00000007bff6a000, 0x00000007c0000000| 41%|CA|  |TAMS 0x00000007bff6a000, 0x00000007bff00000| Untracked 

Card table byte_map: [0x00007fd8545e4000,0x00007fd854bb0000] _byte_map_base: 0x00007fd850bb0000

Marking Bits (Prev, Next): (CMBitMap*) 0x00007fd850068500, (CMBitMap*) 0x00007fd8500684c8
 Prev Bits: [0x00007fd82e340000, 0x00007fd8311a0000)
 Next Bits: [0x00007fd8311a0000, 0x00007fd834000000)

Polling page: 0x00007fd85588a000

Metaspace:

Usage:
  Non-class:     23.19 MB capacity,    22.66 MB ( 98%) used,   492.80 KB (  2%) free+waste,    56.44 KB ( <1%) overhead. 
      Class:      3.17 MB capacity,     2.88 MB ( 91%) used,   278.73 KB (  9%) free+waste,    25.19 KB ( <1%) overhead. 
       Both:     26.37 MB capacity,    25.53 MB ( 97%) used,   771.53 KB (  3%) free+waste,    81.62 KB ( <1%) overhead. 

Virtual space:
  Non-class space:       24.00 MB reserved,      23.42 MB ( 98%) committed 
      Class space:        1.00 GB reserved,       3.25 MB ( <1%) committed 
             Both:        1.02 GB reserved,      26.67 MB (  3%) committed 

Chunk freelists:
   Non-Class:  49.00 KB
       Class:  16.00 KB
        Both:  65.00 KB

MaxMetaspaceSize: unlimited
CompressedClassSpaceSize: 1.00 GB

CodeHeap 'non-profiled nmethods': size=120032Kb used=2247Kb max_used=2247Kb free=117784Kb
 bounds [0x00007fd8403ca000, 0x00007fd84063a000, 0x00007fd847902000]
CodeHeap 'profiled nmethods': size=120032Kb used=12764Kb max_used=12764Kb free=107267Kb
 bounds [0x00007fd838e92000, 0x00007fd839b12000, 0x00007fd8403ca000]
CodeHeap 'non-nmethods': size=5696Kb used=1138Kb max_used=1191Kb free=4557Kb
 bounds [0x00007fd838902000, 0x00007fd838b72000, 0x00007fd838e92000]
 total_blobs=6365 nmethods=5885 adapters=392
 compilation: enabled
              stopped_count=0, restarted_count=0
 full_count=0

Compilation events (20 events):
Event: 4.649 Thread 0x00007fd850176000 nmethod 5910 0x00007fd839aff110 code [0x00007fd839aff3e0, 0x00007fd839b003d0]
Event: 4.649 Thread 0x00007fd850176000 5914       3       com.google.common.collect.CompactHashMap$Itr::<init> (37 bytes)
Event: 4.649 Thread 0x00007fd850176000 nmethod 5914 0x00007fd839b00a90 code [0x00007fd839b00c60, 0x00007fd839b00f20]
Event: 4.649 Thread 0x00007fd850176000 5915       3       com.google.common.collect.LinkedHashMultimap::access$200 (6 bytes)
Event: 4.650 Thread 0x00007fd850176000 nmethod 5915 0x00007fd839b01010 code [0x00007fd839b011e0, 0x00007fd839b014d0]
Event: 4.650 Thread 0x00007fd850176000 5916       3       com.google.common.collect.LinkedHashMultimap::access$400 (6 bytes)
Event: 4.650 Thread 0x00007fd850176000 nmethod 5916 0x00007fd839b01610 code [0x00007fd839b017e0, 0x00007fd839b01a10]
Event: 4.650 Thread 0x00007fd850176000 5905       3       com.google.inject.internal.AbstractBindingProcessor$Processor::prepareBinding (41 bytes)
Event: 4.650 Thread 0x00007fd850176000 nmethod 5905 0x00007fd839b01b10 code [0x00007fd839b01d00, 0x00007fd839b02030]
Event: 4.650 Thread 0x00007fd850176000 5906       3       com.google.inject.internal.AbstractBindingProcessor::access$000 (7 bytes)
Event: 4.650 Thread 0x00007fd850176000 nmethod 5906 0x00007fd839b02210 code [0x00007fd839b023e0, 0x00007fd839b025a0]
Event: 4.650 Thread 0x00007fd850176000 5907       3       com.google.inject.internal.AbstractBindingProcessor::validateKey (16 bytes)
Event: 4.651 Thread 0x00007fd850176000 nmethod 5907 0x00007fd839b02710 code [0x00007fd839b028e0, 0x00007fd839b02a80]
Event: 4.651 Thread 0x00007fd850176000 5908   !   3       com.google.inject.internal.AbstractBindingProcessor::putBinding (175 bytes)
Event: 4.653 Thread 0x00007fd850176000 nmethod 5908 0x00007fd839b02b90 code [0x00007fd839b03080, 0x00007fd839b05e20]
Event: 4.653 Thread 0x00007fd850176000 5919       3       com.google.inject.internal.MembersInjectorStore::get (13 bytes)
Event: 4.653 Thread 0x00007fd850176000 nmethod 5919 0x00007fd839b06e10 code [0x00007fd839b06fe0, 0x00007fd839b072c0]
Event: 4.653 Thread 0x00007fd850176000 5911       3       com.google.inject.internal.ProvisionListenerStackCallback::<init> (56 bytes)
Event: 4.654 Thread 0x00007fd850176000 nmethod 5911 0x00007fd839b07390 code [0x00007fd839b076c0, 0x00007fd839b08c10]
Event: 4.655 Thread 0x00007fd850176000 5918   !   3       com.google.inject.internal.CycleDetectingLock$CycleDetectingLockFactory$ReentrantCycleDetectingLock::lockOrDetectPotentialLocksCycle (134 bytes)

GC Heap History (11 events):
Event: 0.484 GC heap before
{Heap before GC invocations=0 (full 0):
 garbage-first heap   total 192512K, used 15044K [0x0000000746800000, 0x0000000800000000)
  region size 1024K, 14 young (14336K), 0 survivors (0K)
 Metaspace       used 4023K, capacity 7153K, committed 7296K, reserved 1056768K
  class space    used 451K, capacity 792K, committed 896K, reserved 1048576K
}
Event: 0.494 GC heap after
{Heap after GC invocations=1 (full 0):
 garbage-first heap   total 192512K, used 3300K [0x0000000746800000, 0x0000000800000000)
  region size 1024K, 2 young (2048K), 2 survivors (2048K)
 Metaspace       used 4023K, capacity 7153K, committed 7296K, reserved 1056768K
  class space    used 451K, capacity 792K, committed 896K, reserved 1048576K
}
Event: 0.717 GC heap before
{Heap before GC invocations=1 (full 0):
 garbage-first heap   total 192512K, used 15588K [0x0000000746800000, 0x0000000800000000)
  region size 1024K, 14 young (14336K), 2 survivors (2048K)
 Metaspace       used 5391K, capacity 7998K, committed 8192K, reserved 1056768K
  class space    used 641K, capacity 924K, committed 1024K, reserved 1048576K
}
Event: 0.724 GC heap after
{Heap after GC invocations=2 (full 0):
 garbage-first heap   total 192512K, used 3916K [0x0000000746800000, 0x0000000800000000)
  region size 1024K, 1 young (1024K), 1 survivors (1024K)
 Metaspace       used 5391K, capacity 7998K, committed 8192K, reserved 1056768K
  class space    used 641K, capacity 924K, committed 1024K, reserved 1048576K
}
Event: 1.347 GC heap before
{Heap before GC invocations=2 (full 0):
 garbage-first heap   total 192512K, used 36684K [0x0000000746800000, 0x0000000800000000)
  region size 1024K, 33 young (33792K), 1 survivors (1024K)
 Metaspace       used 10396K, capacity 12590K, committed 12928K, reserved 1060864K
  class space    used 1287K, capacity 1550K, committed 1664K, reserved 1048576K
}
Event: 1.351 GC heap after
{Heap after GC invocations=3 (full 0):
 garbage-first heap   total 192512K, used 5560K [0x0000000746800000, 0x0000000800000000)
  region size 1024K, 3 young (3072K), 3 survivors (3072K)
 Metaspace       used 10396K, capacity 12590K, committed 12928K, reserved 1060864K
  class space    used 1287K, capacity 1550K, committed 1664K, reserved 1048576K
}
Event: 2.375 GC heap before
{Heap before GC invocations=3 (full 0):
 garbage-first heap   total 192512K, used 59832K [0x0000000746800000, 0x0000000800000000)
  region size 1024K, 56 young (57344K), 3 survivors (3072K)
 Metaspace       used 14160K, capacity 15893K, committed 16256K, reserved 1062912K
  class space    used 1632K, capacity 1875K, committed 1920K, reserved 1048576K
}
Event: 2.386 GC heap after
{Heap after GC invocations=4 (full 0):
 garbage-first heap   total 192512K, used 8692K [0x0000000746800000, 0x0000000800000000)
  region size 1024K, 6 young (6144K), 6 survivors (6144K)
 Metaspace       used 14160K, capacity 15893K, committed 16256K, reserved 1062912K
  class space    used 1632K, capacity 1875K, committed 1920K, reserved 1048576K
}
Event: 2.775 GC heap before
{Heap before GC invocations=4 (full 0):
 garbage-first heap   total 192512K, used 22004K [0x0000000746800000, 0x0000000800000000)
  region size 1024K, 20 young (20480K), 6 survivors (6144K)
 Metaspace       used 19631K, capacity 21041K, committed 21296K, reserved 1069056K
  class space    used 2338K, capacity 2600K, committed 2688K, reserved 1048576K
}
Event: 2.787 GC heap after
{Heap after GC invocations=5 (full 0):
 garbage-first heap   total 233472K, used 10470K [0x0000000746800000, 0x0000000800000000)
  region size 1024K, 7 young (7168K), 7 survivors (7168K)
 Metaspace       used 19631K, capacity 21041K, committed 21296K, reserved 1069056K
  class space    used 2338K, capacity 2600K, committed 2688K, reserved 1048576K
}
Event: 4.655 GC heap before
{Heap before GC invocations=6 (full 0):
 garbage-first heap   total 233472K, used 143590K [0x0000000746800000, 0x0000000800000000)
  region size 1024K, 136 young (139264K), 7 survivors (7168K)
 Metaspace       used 26145K, capacity 26999K, committed 27312K, reserved 1073152K
  class space    used 2944K, capacity 3248K, committed 3328K, reserved 1048576K
}

Deoptimization events (20 events):
Event: 4.422 Thread 0x00007fd850016000 Uncommon trap: trap_request=0xffffffde fr.pc=0x00007fd840566bb8 relative=0x00000000000001d8
Event: 4.422 Thread 0x00007fd850016000 Uncommon trap: reason=class_check action=maybe_recompile pc=0x00007fd840566bb8 method=java.util.regex.Matcher.getTextLength()I @ 4 c2
Event: 4.422 Thread 0x00007fd850016000 DEOPT PACKING pc=0x00007fd840566bb8 sp=0x00007fd8559cb760
Event: 4.422 Thread 0x00007fd850016000 DEOPT UNPACKING pc=0x00007fd8389288a5 sp=0x00007fd8559cb6a8 mode 2
Event: 4.424 Thread 0x00007fd850016000 Uncommon trap: trap_request=0xffffffde fr.pc=0x00007fd840566bb8 relative=0x00000000000001d8
Event: 4.424 Thread 0x00007fd850016000 Uncommon trap: reason=class_check action=maybe_recompile pc=0x00007fd840566bb8 method=java.util.regex.Matcher.getTextLength()I @ 4 c2
Event: 4.424 Thread 0x00007fd850016000 DEOPT PACKING pc=0x00007fd840566bb8 sp=0x00007fd8559cb2d0
Event: 4.424 Thread 0x00007fd850016000 DEOPT UNPACKING pc=0x00007fd8389288a5 sp=0x00007fd8559cb218 mode 2
Event: 4.427 Thread 0x00007fd850016000 Uncommon trap: trap_request=0xffffffde fr.pc=0x00007fd840566bb8 relative=0x00000000000001d8
Event: 4.427 Thread 0x00007fd850016000 Uncommon trap: reason=class_check action=maybe_recompile pc=0x00007fd840566bb8 method=java.util.regex.Matcher.getTextLength()I @ 4 c2
Event: 4.427 Thread 0x00007fd850016000 DEOPT PACKING pc=0x00007fd840566bb8 sp=0x00007fd8559cb760
Event: 4.427 Thread 0x00007fd850016000 DEOPT UNPACKING pc=0x00007fd8389288a5 sp=0x00007fd8559cb6a8 mode 2
Event: 4.451 Thread 0x00007fd850016000 Uncommon trap: trap_request=0xffffff4d fr.pc=0x00007fd8404fa6e4 relative=0x00000000000001e4
Event: 4.451 Thread 0x00007fd850016000 Uncommon trap: reason=unstable_if action=reinterpret pc=0x00007fd8404fa6e4 method=org.apache.maven.model.ConfigurationContainer.getLocation(Ljava/lang/Object;)Lorg/apache/maven/model/InputLocation; @ 18 c2
Event: 4.451 Thread 0x00007fd850016000 DEOPT PACKING pc=0x00007fd8404fa6e4 sp=0x00007fd8559caee0
Event: 4.451 Thread 0x00007fd850016000 DEOPT UNPACKING pc=0x00007fd8389288a5 sp=0x00007fd8559caea0 mode 2
Event: 4.451 Thread 0x00007fd850016000 Uncommon trap: trap_request=0xffffff4d fr.pc=0x00007fd8404f8b2c relative=0x000000000000024c
Event: 4.451 Thread 0x00007fd850016000 Uncommon trap: reason=unstable_if action=reinterpret pc=0x00007fd8404f8b2c method=org.apache.maven.model.ConfigurationContainer.setLocation(Ljava/lang/Object;Lorg/apache/maven/model/InputLocation;)V @ 19 c2
Event: 4.451 Thread 0x00007fd850016000 DEOPT PACKING pc=0x00007fd8404f8b2c sp=0x00007fd8559caee0
Event: 4.451 Thread 0x00007fd850016000 DEOPT UNPACKING pc=0x00007fd8389288a5 sp=0x00007fd8559cae98 mode 2

Classes redefined (0 events):
No events

Internal exceptions (20 events):
Event: 1.312 Thread 0x00007fd850016000 Exception <a 'java/lang/NoClassDefFoundError'{0x0000000750281d40}: com/google/inject/servlet/ServletModuleTargetVisitor> (0x0000000750281d40) thrown at [src/hotspot/share/classfile/systemDictionary.cpp, line 220]
Event: 1.312 Thread 0x00007fd850016000 Exception <a 'java/lang/NoClassDefFoundError'{0x0000000750281d40}> (0x0000000750281d40) thrown at [src/hotspot/share/prims/jvm.cpp, line 1301]
Event: 1.312 Thread 0x00007fd850016000 Exception <a 'java/lang/NoClassDefFoundError'{0x0000000750284aa8}: javax/annotation/Priority> (0x0000000750284aa8) thrown at [src/hotspot/share/classfile/systemDictionary.cpp, line 220]
Event: 1.865 Thread 0x00007fd850016000 Implicit null exception at 0x00007fd84041dd85 to 0x00007fd84041df70
Event: 2.650 Thread 0x00007fd850016000 Exception <a 'java/lang/NoSuchMethodError'{0x0000000751689670}: 'int java.lang.invoke.DirectMethodHandle$Holder.invokeVirtual(java.lang.Object, java.lang.Object, java.lang.Object)'> (0x0000000751689670) thrown at [src/hotspot/share/interpreter/linkResolver.cpp, line 772]
Event: 2.700 Thread 0x00007fd850016000 Exception <a 'java/lang/NoSuchMethodError'{0x00000007515a0750}: 'int java.lang.invoke.DirectMethodHandle$Holder.invokeStaticInit(java.lang.Object, java.lang.Object)'> (0x00000007515a0750) thrown at [src/hotspot/share/interpreter/linkResolver.cpp, line 772]
Event: 2.754 Thread 0x00007fd850016000 Exception <a 'java/lang/NoSuchMethodError'{0x000000075146e8a0}: 'int java.lang.invoke.DirectMethodHandle$Holder.invokeVirtual(java.lang.Object, java.lang.Object)'> (0x000000075146e8a0) thrown at [src/hotspot/share/interpreter/linkResolver.cpp, line 772]
Event: 2.761 Thread 0x00007fd850016000 Exception <a 'java/lang/NoSuchMethodError'{0x000000075149dac8}: 'java.lang.Object java.lang.invoke.Invokers$Holder.linkToTargetMethod(java.lang.Object, java.lang.Object, java.lang.Object, java.lang.Object, java.lang.Object, java.lang.Object)'> (0x000000075149dac8) thrown at [src/hotspot/share/interpreter/linkResolver.cpp, line 772]
Event: 3.005 Thread 0x00007fd850016000 Exception <a 'java/lang/NoSuchMethodError'{0x000000075434d9b0}: 'int java.lang.invoke.DirectMethodHandle$Holder.invokeSpecial(java.lang.Object, java.lang.Object, java.lang.Object, java.lang.Object)'> (0x000000075434d9b0) thrown at [src/hotspot/share/interpreter/linkResolver.cpp, line 772]
Event: 3.037 Thread 0x00007fd850016000 Exception <a 'java/lang/NoSuchMethodError'{0x00000007542c5878}: 'int java.lang.invoke.DirectMethodHandle$Holder.invokeSpecial(java.lang.Object, java.lang.Object, java.lang.Object, java.lang.Object, java.lang.Object)'> (0x00000007542c5878) thrown at [src/hotspot/share/interpreter/linkResolver.cpp, line 772]
Event: 3.065 Thread 0x00007fd850016000 Exception <a 'java/lang/NoSuchMethodError'{0x0000000754177d70}: 'java.lang.Object java.lang.invoke.DirectMethodHandle$Holder.invokeStatic(java.lang.Object, int, java.lang.Object)'> (0x0000000754177d70) thrown at [src/hotspot/share/interpreter/linkResolver.cpp, line 772]
Event: 3.514 Thread 0x00007fd850016000 Exception <a 'java/lang/NoSuchMethodError'{0x0000000751d59598}: 'void java.lang.invoke.DirectMethodHandle$Holder.invokeVirtual(java.lang.Object, java.lang.Object)'> (0x0000000751d59598) thrown at [src/hotspot/share/interpreter/linkResolver.cpp, line 772]
Event: 3.659 Thread 0x00007fd850016000 Exception <a 'java/lang/NoSuchMethodError'{0x00000007517a7c90}: 'int java.lang.invoke.DirectMethodHandle$Holder.invokeVirtual(java.lang.Object, java.lang.Object, java.lang.Object, java.lang.Object)'> (0x00000007517a7c90) thrown at [src/hotspot/share/interpreter/linkResolver.cpp, line 772]
Event: 3.660 Thread 0x00007fd850016000 Exception <a 'java/lang/NoSuchMethodError'{0x00000007517b2b20}: 'java.lang.Object java.lang.invoke.DirectMethodHandle$Holder.invokeStatic(java.lang.Object, java.lang.Object, int, java.lang.Object)'> (0x00000007517b2b20) thrown at [src/hotspot/share/interpreter/linkResolver.cpp, line 772]
Event: 3.661 Thread 0x00007fd850016000 Exception <a 'java/lang/NoSuchMethodError'{0x00000007517b98a0}: 'java.lang.Object java.lang.invoke.Invokers$Holder.linkToTargetMethod(java.lang.Object, int, java.lang.Object, java.lang.Object)'> (0x00000007517b98a0) thrown at [src/hotspot/share/interpreter/linkResolver.cpp, line 772]
Event: 3.661 Thread 0x00007fd850016000 Exception <a 'java/lang/NoSuchMethodError'{0x00000007517bf2e0}: 'java.lang.Object java.lang.invoke.DirectMethodHandle$Holder.invokeVirtual(java.lang.Object, java.lang.Object, java.lang.Object)'> (0x00000007517bf2e0) thrown at [src/hotspot/share/interpreter/linkResolver.cpp, line 772]
Event: 3.715 Thread 0x00007fd850016000 Exception <a 'sun/nio/fs/UnixException'{0x0000000751443820}> (0x0000000751443820) thrown at [src/hotspot/share/prims/jni.cpp, line 615]
Event: 3.715 Thread 0x00007fd850016000 Exception <a 'sun/nio/fs/UnixException'{0x0000000751443f50}> (0x0000000751443f50) thrown at [src/hotspot/share/prims/jni.cpp, line 615]
Event: 3.715 Thread 0x00007fd850016000 Exception <a 'sun/nio/fs/UnixException'{0x0000000751444648}> (0x0000000751444648) thrown at [src/hotspot/share/prims/jni.cpp, line 615]
Event: 3.715 Thread 0x00007fd850016000 Exception <a 'sun/nio/fs/UnixException'{0x0000000751444d30}> (0x0000000751444d30) thrown at [src/hotspot/share/prims/jni.cpp, line 615]

Events (20 events):
Event: 4.642 loading class org/codehaus/plexus/archiver/tar/TarArchiver$TarCompressionMethod done
Event: 4.642 loading class org/codehaus/plexus/archiver/tar/TarArchiver$TarCompressionMethod
Event: 4.642 loading class org/codehaus/plexus/archiver/tar/TarArchiver$TarCompressionMethod done
Event: 4.642 loading class org/codehaus/plexus/archiver/tar/TarArchiver$TarOptions
Event: 4.642 loading class org/codehaus/plexus/archiver/tar/TarArchiver$TarOptions done
Event: 4.642 loading class org/codehaus/plexus/archiver/tar/TarArchiver$TarOptions
Event: 4.642 loading class org/codehaus/plexus/archiver/tar/TarArchiver$TarOptions done
Event: 4.653 loading class org/apache/maven/project/DefaultMavenProjectHelper
Event: 4.653 loading class org/apache/maven/project/DefaultMavenProjectHelper done
Event: 4.653 loading class org/apache/maven/project/DefaultMavenProjectHelper
Event: 4.653 loading class org/apache/maven/project/DefaultMavenProjectHelper done
Event: 4.654 loading class org/apache/maven/project/DefaultMavenProjectHelper
Event: 4.654 loading class org/apache/maven/project/DefaultMavenProjectHelper done
Event: 4.654 loading class org/apache/maven/artifact/handler/manager/ArtifactHandlerManager
Event: 4.654 loading class org/apache/maven/artifact/handler/manager/ArtifactHandlerManager done
Event: 4.654 loading class org/apache/maven/artifact/handler/manager/DefaultArtifactHandlerManager
Event: 4.654 loading class org/apache/maven/artifact/handler/manager/DefaultArtifactHandlerManager done
Event: 4.654 loading class org/apache/maven/artifact/handler/manager/DefaultArtifactHandlerManager
Event: 4.654 loading class org/apache/maven/artifact/handler/manager/DefaultArtifactHandlerManager done
Event: 4.655 Executing VM operation: G1CollectForAllocation


Dynamic libraries:
746800000-754a00000 rw-p 00000000 00:00 0 
754a00000-7bfe00000 ---p 00000000 00:00 0 
7bfe00000-7bfe47000 rw-p 0110d000 08:08 1192092                          /usr/lib/jvm/java-11-openjdk-amd64/lib/server/classes.jsa
7bfe47000-7bff00000 rw-p 00000000 00:00 0 
7bff00000-7bff6a000 rw-p 010a3000 08:08 1192092                          /usr/lib/jvm/java-11-openjdk-amd64/lib/server/classes.jsa
7bff6a000-7c0000000 rw-p 00000000 00:00 0 
7c0000000-800000000 ---p 00000000 00:00 0 
800000000-800002000 rwxp 00001000 08:08 1192092                          /usr/lib/jvm/java-11-openjdk-amd64/lib/server/classes.jsa
800002000-8003b9000 rw-p 00003000 08:08 1192092                          /usr/lib/jvm/java-11-openjdk-amd64/lib/server/classes.jsa
8003b9000-800a94000 r--p 003ba000 08:08 1192092                          /usr/lib/jvm/java-11-openjdk-amd64/lib/server/classes.jsa
800a94000-800a95000 rw-p 00a95000 08:08 1192092                          /usr/lib/jvm/java-11-openjdk-amd64/lib/server/classes.jsa
800a95000-8010a2000 r--p 00a96000 08:08 1192092                          /usr/lib/jvm/java-11-openjdk-amd64/lib/server/classes.jsa
840000000-840340000 rw-p 00000000 00:00 0 
840340000-880000000 ---p 00000000 00:00 0 
559700137000-559700138000 r--p 00000000 08:08 1191793                    /usr/lib/jvm/java-11-openjdk-amd64/bin/java
559700138000-559700139000 r-xp 00001000 08:08 1191793                    /usr/lib/jvm/java-11-openjdk-amd64/bin/java
559700139000-55970013a000 r--p 00002000 08:08 1191793                    /usr/lib/jvm/java-11-openjdk-amd64/bin/java
55970013a000-55970013b000 r--p 00002000 08:08 1191793                    /usr/lib/jvm/java-11-openjdk-amd64/bin/java
55970013b000-55970013c000 rw-p 00003000 08:08 1191793                    /usr/lib/jvm/java-11-openjdk-amd64/bin/java
559700a29000-559700a4a000 rw-p 00000000 00:00 0                          [heap]
7fd7dc000000-7fd7dcfde000 rw-p 00000000 00:00 0 
7fd7dcfde000-7fd7e0000000 ---p 00000000 00:00 0 
7fd7e4000000-7fd7e4021000 rw-p 00000000 00:00 0 
7fd7e4021000-7fd7e8000000 ---p 00000000 00:00 0 
7fd7e8000000-7fd7e8021000 rw-p 00000000 00:00 0 
7fd7e8021000-7fd7ec000000 ---p 00000000 00:00 0 
7fd7ec000000-7fd7ec021000 rw-p 00000000 00:00 0 
7fd7ec021000-7fd7f0000000 ---p 00000000 00:00 0 
7fd7f0000000-7fd7f0021000 rw-p 00000000 00:00 0 
7fd7f0021000-7fd7f4000000 ---p 00000000 00:00 0 
7fd7f4000000-7fd7f4021000 rw-p 00000000 00:00 0 
7fd7f4021000-7fd7f8000000 ---p 00000000 00:00 0 
7fd7f8000000-7fd7f8021000 rw-p 00000000 00:00 0 
7fd7f8021000-7fd7fc000000 ---p 00000000 00:00 0 
7fd7fc000000-7fd7fcd67000 rw-p 00000000 00:00 0 
7fd7fcd67000-7fd800000000 ---p 00000000 00:00 0 
7fd800000000-7fd800021000 rw-p 00000000 00:00 0 
7fd800021000-7fd804000000 ---p 00000000 00:00 0 
7fd804000000-7fd804021000 rw-p 00000000 00:00 0 
7fd804021000-7fd808000000 ---p 00000000 00:00 0 
7fd808000000-7fd809565000 rw-p 00000000 00:00 0 
7fd809565000-7fd80c000000 ---p 00000000 00:00 0 
7fd80c000000-7fd80c021000 rw-p 00000000 00:00 0 
7fd80c021000-7fd810000000 ---p 00000000 00:00 0 
7fd810000000-7fd810021000 rw-p 00000000 00:00 0 
7fd810021000-7fd814000000 ---p 00000000 00:00 0 
7fd814000000-7fd814030000 rw-p 00000000 00:00 0 
7fd814030000-7fd818000000 ---p 00000000 00:00 0 
7fd818000000-7fd818021000 rw-p 00000000 00:00 0 
7fd818021000-7fd81c000000 ---p 00000000 00:00 0 
7fd81cb5e000-7fd81ccde000 rw-p 00000000 00:00 0 
7fd81ccde000-7fd81cd5e000 ---p 00000000 00:00 0 
7fd81cd5e000-7fd81cf5e000 rw-p 00000000 00:00 0 
7fd81cf5e000-7fd81d14a000 rw-p 00000000 00:00 0 
7fd81d14a000-7fd81d15e000 ---p 00000000 00:00 0 
7fd81d15e000-7fd81d35e000 rw-p 00000000 00:00 0 
7fd81d35e000-7fd81d55e000 rw-p 00000000 00:00 0 
7fd81d55e000-7fd81d75e000 rw-p 00000000 00:00 0 
7fd81d80f000-7fd81da0f000 rw-p 00000000 00:00 0 
7fd81da0f000-7fd81dc0f000 rw-p 00000000 00:00 0 
7fd81dc0f000-7fd81dc13000 ---p 00000000 00:00 0 
7fd81dc13000-7fd81dd10000 rw-p 00000000 00:00 0 
7fd81dd10000-7fd81dd11000 ---p 00000000 00:00 0 
7fd81dd11000-7fd81de12000 rw-p 00000000 00:00 0 
7fd81de12000-7fd81de13000 ---p 00000000 00:00 0 
7fd81de13000-7fd81df14000 rw-p 00000000 00:00 0 
7fd81df14000-7fd81df15000 ---p 00000000 00:00 0 
7fd81df15000-7fd81e016000 rw-p 00000000 00:00 0 
7fd81e016000-7fd81e019000 r-xp 00000000 07:07 2311                       /snap/netbeans/30/netbeans/java/maven/lib/jansi-native/linux64/libjansi.so
7fd81e019000-7fd81e218000 ---p 00003000 07:07 2311                       /snap/netbeans/30/netbeans/java/maven/lib/jansi-native/linux64/libjansi.so
7fd81e218000-7fd81e219000 rw-p 00002000 07:07 2311                       /snap/netbeans/30/netbeans/java/maven/lib/jansi-native/linux64/libjansi.so
7fd81e219000-7fd81e21d000 ---p 00000000 00:00 0 
7fd81e21d000-7fd81e31a000 rw-p 00000000 00:00 0 
7fd81e31a000-7fd81e31b000 ---p 00000000 00:00 0 
7fd81e31b000-7fd81e41c000 rw-p 00000000 00:00 0 
7fd81e41c000-7fd81e420000 ---p 00000000 00:00 0 
7fd81e420000-7fd81e51d000 rw-p 00000000 00:00 0 
7fd81e51d000-7fd81e521000 ---p 00000000 00:00 0 
7fd81e521000-7fd81e61e000 rw-p 00000000 00:00 0 
7fd81e61e000-7fd81e622000 ---p 00000000 00:00 0 
7fd81e622000-7fd81e71f000 rw-p 00000000 00:00 0 
7fd81e71f000-7fd81e723000 ---p 00000000 00:00 0 
7fd81e723000-7fd81e820000 rw-p 00000000 00:00 0 
7fd81e820000-7fd81e824000 ---p 00000000 00:00 0 
7fd81e824000-7fd81e921000 rw-p 00000000 00:00 0 
7fd81e921000-7fd81f6ff000 r--p 00000000 08:08 1186387                    /usr/lib/locale/locale-archive
7fd81f6ff000-7fd81f703000 ---p 00000000 00:00 0 
7fd81f703000-7fd820000000 rw-p 00000000 00:00 0 
7fd820000000-7fd820021000 rw-p 00000000 00:00 0 
7fd820021000-7fd824000000 ---p 00000000 00:00 0 
7fd824000000-7fd824021000 rw-p 00000000 00:00 0 
7fd824021000-7fd828000000 ---p 00000000 00:00 0 
7fd828000000-7fd828021000 rw-p 00000000 00:00 0 
7fd828021000-7fd82c000000 ---p 00000000 00:00 0 
7fd82c030000-7fd82c061000 rw-p 00000000 00:00 0 
7fd82c061000-7fd82c065000 ---p 00000000 00:00 0 
7fd82c065000-7fd82c162000 rw-p 00000000 00:00 0 
7fd82c162000-7fd82c163000 ---p 00000000 00:00 0 
7fd82c163000-7fd82e6c8000 rw-p 00000000 00:00 0 
7fd82e6c8000-7fd830198000 ---p 00000000 00:00 0 
7fd830198000-7fd8301a0000 rw-p 00000000 00:00 0 
7fd8301a0000-7fd8311a0000 ---p 00000000 00:00 0 
7fd8311a0000-7fd831528000 rw-p 00000000 00:00 0 
7fd831528000-7fd832ff8000 ---p 00000000 00:00 0 
7fd832ff8000-7fd833000000 rw-p 00000000 00:00 0 
7fd833000000-7fd834000000 ---p 00000000 00:00 0 
7fd834000000-7fd834021000 rw-p 00000000 00:00 0 
7fd834021000-7fd838000000 ---p 00000000 00:00 0 
7fd83800b000-7fd83800c000 r--p 00000000 08:08 1188991                    /usr/lib/x86_64-linux-gnu/libutil-2.31.so
7fd83800c000-7fd83800d000 r-xp 00001000 08:08 1188991                    /usr/lib/x86_64-linux-gnu/libutil-2.31.so
7fd83800d000-7fd83800e000 r--p 00002000 08:08 1188991                    /usr/lib/x86_64-linux-gnu/libutil-2.31.so
7fd83800e000-7fd83800f000 r--p 00002000 08:08 1188991                    /usr/lib/x86_64-linux-gnu/libutil-2.31.so
7fd83800f000-7fd838010000 rw-p 00003000 08:08 1188991                    /usr/lib/x86_64-linux-gnu/libutil-2.31.so
7fd838010000-7fd838014000 r--p 00000000 08:08 1191946                    /usr/lib/jvm/java-11-openjdk-amd64/lib/libnet.so
7fd838014000-7fd838023000 r-xp 00004000 08:08 1191946                    /usr/lib/jvm/java-11-openjdk-amd64/lib/libnet.so
7fd838023000-7fd838027000 r--p 00013000 08:08 1191946                    /usr/lib/jvm/java-11-openjdk-amd64/lib/libnet.so
7fd838027000-7fd838028000 r--p 00016000 08:08 1191946                    /usr/lib/jvm/java-11-openjdk-amd64/lib/libnet.so
7fd838028000-7fd838029000 rw-p 00017000 08:08 1191946                    /usr/lib/jvm/java-11-openjdk-amd64/lib/libnet.so
7fd838029000-7fd838093000 rw-p 00000000 00:00 0 
7fd838093000-7fd838094000 ---p 00000000 00:00 0 
7fd838094000-7fd838195000 rw-p 00000000 00:00 0 
7fd838195000-7fd838196000 ---p 00000000 00:00 0 
7fd838196000-7fd83869b000 rw-p 00000000 00:00 0 
7fd83869b000-7fd83869c000 ---p 00000000 00:00 0 
7fd83869c000-7fd83879d000 rw-p 00000000 00:00 0 
7fd83879d000-7fd83879e000 ---p 00000000 00:00 0 
7fd83879e000-7fd838902000 rw-p 00000000 00:00 0 
7fd838902000-7fd838b72000 rwxp 00000000 00:00 0 
7fd838b72000-7fd838e92000 ---p 00000000 00:00 0 
7fd838e92000-7fd839b12000 rwxp 00000000 00:00 0 
7fd839b12000-7fd8403ca000 ---p 00000000 00:00 0 
7fd8403ca000-7fd84063a000 rwxp 00000000 00:00 0 
7fd84063a000-7fd847902000 ---p 00000000 00:00 0 
7fd847902000-7fd850000000 r--s 00000000 08:08 1191956                    /usr/lib/jvm/java-11-openjdk-amd64/lib/modules
7fd850000000-7fd8511f8000 rw-p 00000000 00:00 0 
7fd8511f8000-7fd854000000 ---p 00000000 00:00 0 
7fd854004000-7fd85400b000 r--p 00000000 08:08 1191947                    /usr/lib/jvm/java-11-openjdk-amd64/lib/libnio.so
7fd85400b000-7fd854013000 r-xp 00007000 08:08 1191947                    /usr/lib/jvm/java-11-openjdk-amd64/lib/libnio.so
7fd854013000-7fd854016000 r--p 0000f000 08:08 1191947                    /usr/lib/jvm/java-11-openjdk-amd64/lib/libnio.so
7fd854016000-7fd854017000 r--p 00011000 08:08 1191947                    /usr/lib/jvm/java-11-openjdk-amd64/lib/libnio.so
7fd854017000-7fd854018000 rw-p 00012000 08:08 1191947                    /usr/lib/jvm/java-11-openjdk-amd64/lib/libnio.so
7fd854018000-7fd854089000 rw-p 00000000 00:00 0 
7fd854089000-7fd8543e3000 ---p 00000000 00:00 0 
7fd8543e3000-7fd8543e4000 rw-p 00000000 00:00 0 
7fd8543e4000-7fd8545e4000 ---p 00000000 00:00 0 
7fd8545e4000-7fd854655000 rw-p 00000000 00:00 0 
7fd854655000-7fd8549af000 ---p 00000000 00:00 0 
7fd8549af000-7fd8549b0000 rw-p 00000000 00:00 0 
7fd8549b0000-7fd854bb0000 ---p 00000000 00:00 0 
7fd854bb0000-7fd854c21000 rw-p 00000000 00:00 0 
7fd854c21000-7fd854f7b000 ---p 00000000 00:00 0 
7fd854f7b000-7fd854f7c000 rw-p 00000000 00:00 0 
7fd854f7c000-7fd85517c000 ---p 00000000 00:00 0 
7fd85517c000-7fd855580000 rw-p 00000000 00:00 0 
7fd855580000-7fd855581000 ---p 00000000 00:00 0 
7fd855581000-7fd855687000 rw-p 00000000 00:00 0 
7fd855687000-7fd85576d000 ---p 00000000 00:00 0 
7fd85576d000-7fd855786000 rw-p 00000000 00:00 0 
7fd855786000-7fd855858000 ---p 00000000 00:00 0 
7fd855858000-7fd85585d000 rw-p 00000000 00:00 0 
7fd85585d000-7fd855864000 ---p 00000000 00:00 0 
7fd855864000-7fd855867000 r--p 00000000 08:08 1188578                    /usr/lib/x86_64-linux-gnu/libnss_files-2.31.so
7fd855867000-7fd85586e000 r-xp 00003000 08:08 1188578                    /usr/lib/x86_64-linux-gnu/libnss_files-2.31.so
7fd85586e000-7fd855870000 r--p 0000a000 08:08 1188578                    /usr/lib/x86_64-linux-gnu/libnss_files-2.31.so
7fd855870000-7fd855871000 r--p 0000b000 08:08 1188578                    /usr/lib/x86_64-linux-gnu/libnss_files-2.31.so
7fd855871000-7fd855872000 rw-p 0000c000 08:08 1188578                    /usr/lib/x86_64-linux-gnu/libnss_files-2.31.so
7fd855872000-7fd855878000 rw-p 00000000 00:00 0 
7fd855878000-7fd85587a000 r--p 00000000 08:08 1191955                    /usr/lib/jvm/java-11-openjdk-amd64/lib/libzip.so
7fd85587a000-7fd85587e000 r-xp 00002000 08:08 1191955                    /usr/lib/jvm/java-11-openjdk-amd64/lib/libzip.so
7fd85587e000-7fd855880000 r--p 00006000 08:08 1191955                    /usr/lib/jvm/java-11-openjdk-amd64/lib/libzip.so
7fd855880000-7fd855881000 r--p 00007000 08:08 1191955                    /usr/lib/jvm/java-11-openjdk-amd64/lib/libzip.so
7fd855881000-7fd855882000 rw-p 00008000 08:08 1191955                    /usr/lib/jvm/java-11-openjdk-amd64/lib/libzip.so
7fd855882000-7fd85588a000 rw-s 00000000 08:08 1444452                    /tmp/hsperfdata_james/64566
7fd85588a000-7fd85588b000 ---p 00000000 00:00 0 
7fd85588b000-7fd85588c000 r--p 00000000 00:00 0 
7fd85588c000-7fd85588e000 r--p 00000000 08:08 1191938                    /usr/lib/jvm/java-11-openjdk-amd64/lib/libjimage.so
7fd85588e000-7fd855891000 r-xp 00002000 08:08 1191938                    /usr/lib/jvm/java-11-openjdk-amd64/lib/libjimage.so
7fd855891000-7fd855892000 r--p 00005000 08:08 1191938                    /usr/lib/jvm/java-11-openjdk-amd64/lib/libjimage.so
7fd855892000-7fd855893000 ---p 00006000 08:08 1191938                    /usr/lib/jvm/java-11-openjdk-amd64/lib/libjimage.so
7fd855893000-7fd855894000 r--p 00006000 08:08 1191938                    /usr/lib/jvm/java-11-openjdk-amd64/lib/libjimage.so
7fd855894000-7fd855895000 rw-p 00007000 08:08 1191938                    /usr/lib/jvm/java-11-openjdk-amd64/lib/libjimage.so
7fd855895000-7fd8558a3000 r--p 00000000 08:08 1191934                    /usr/lib/jvm/java-11-openjdk-amd64/lib/libjava.so
7fd8558a3000-7fd8558b9000 r-xp 0000e000 08:08 1191934                    /usr/lib/jvm/java-11-openjdk-amd64/lib/libjava.so
7fd8558b9000-7fd8558c0000 r--p 00024000 08:08 1191934                    /usr/lib/jvm/java-11-openjdk-amd64/lib/libjava.so
7fd8558c0000-7fd8558c1000 r--p 0002a000 08:08 1191934                    /usr/lib/jvm/java-11-openjdk-amd64/lib/libjava.so
7fd8558c1000-7fd8558c2000 rw-p 0002b000 08:08 1191934                    /usr/lib/jvm/java-11-openjdk-amd64/lib/libjava.so
7fd8558c2000-7fd8558c3000 rw-p 00000000 00:00 0 
7fd8558c3000-7fd8558c6000 r--p 00000000 08:08 1188780                    /usr/lib/x86_64-linux-gnu/librt-2.31.so
7fd8558c6000-7fd8558ca000 r-xp 00003000 08:08 1188780                    /usr/lib/x86_64-linux-gnu/librt-2.31.so
7fd8558ca000-7fd8558cb000 r--p 00007000 08:08 1188780                    /usr/lib/x86_64-linux-gnu/librt-2.31.so
7fd8558cb000-7fd8558cc000 ---p 00008000 08:08 1188780                    /usr/lib/x86_64-linux-gnu/librt-2.31.so
7fd8558cc000-7fd8558cd000 r--p 00008000 08:08 1188780                    /usr/lib/x86_64-linux-gnu/librt-2.31.so
7fd8558cd000-7fd8558ce000 rw-p 00009000 08:08 1188780                    /usr/lib/x86_64-linux-gnu/librt-2.31.so
7fd8558ce000-7fd8558d2000 ---p 00000000 00:00 0 
7fd8558d2000-7fd8559cf000 rw-p 00000000 00:00 0 
7fd8559cf000-7fd8559d2000 r--p 00000000 08:08 1188101                    /usr/lib/x86_64-linux-gnu/libgcc_s.so.1
7fd8559d2000-7fd8559e4000 r-xp 00003000 08:08 1188101                    /usr/lib/x86_64-linux-gnu/libgcc_s.so.1
7fd8559e4000-7fd8559e8000 r--p 00015000 08:08 1188101                    /usr/lib/x86_64-linux-gnu/libgcc_s.so.1
7fd8559e8000-7fd8559e9000 r--p 00018000 08:08 1188101                    /usr/lib/x86_64-linux-gnu/libgcc_s.so.1
7fd8559e9000-7fd8559ea000 rw-p 00019000 08:08 1188101                    /usr/lib/x86_64-linux-gnu/libgcc_s.so.1
7fd8559ea000-7fd8559f9000 r--p 00000000 08:08 1188454                    /usr/lib/x86_64-linux-gnu/libm-2.31.so
7fd8559f9000-7fd855aa0000 r-xp 0000f000 08:08 1188454                    /usr/lib/x86_64-linux-gnu/libm-2.31.so
7fd855aa0000-7fd855b37000 r--p 000b6000 08:08 1188454                    /usr/lib/x86_64-linux-gnu/libm-2.31.so
7fd855b37000-7fd855b38000 r--p 0014c000 08:08 1188454                    /usr/lib/x86_64-linux-gnu/libm-2.31.so
7fd855b38000-7fd855b39000 rw-p 0014d000 08:08 1188454                    /usr/lib/x86_64-linux-gnu/libm-2.31.so
7fd855b39000-7fd855bcf000 r--p 00000000 08:08 1188882                    /usr/lib/x86_64-linux-gnu/libstdc++.so.6.0.28
7fd855bcf000-7fd855cbf000 r-xp 00096000 08:08 1188882                    /usr/lib/x86_64-linux-gnu/libstdc++.so.6.0.28
7fd855cbf000-7fd855d08000 r--p 00186000 08:08 1188882                    /usr/lib/x86_64-linux-gnu/libstdc++.so.6.0.28
7fd855d08000-7fd855d09000 ---p 001cf000 08:08 1188882                    /usr/lib/x86_64-linux-gnu/libstdc++.so.6.0.28
7fd855d09000-7fd855d14000 r--p 001cf000 08:08 1188882                    /usr/lib/x86_64-linux-gnu/libstdc++.so.6.0.28
7fd855d14000-7fd855d17000 rw-p 001da000 08:08 1188882                    /usr/lib/x86_64-linux-gnu/libstdc++.so.6.0.28
7fd855d17000-7fd855d1a000 rw-p 00000000 00:00 0 
7fd855d1a000-7fd855f87000 r--p 00000000 08:08 1191961                    /usr/lib/jvm/java-11-openjdk-amd64/lib/server/libjvm.so
7fd855f87000-7fd856b1b000 r-xp 0026d000 08:08 1191961                    /usr/lib/jvm/java-11-openjdk-amd64/lib/server/libjvm.so
7fd856b1b000-7fd856d52000 r--p 00e01000 08:08 1191961                    /usr/lib/jvm/java-11-openjdk-amd64/lib/server/libjvm.so
7fd856d52000-7fd856e0f000 r--p 01037000 08:08 1191961                    /usr/lib/jvm/java-11-openjdk-amd64/lib/server/libjvm.so
7fd856e0f000-7fd856e48000 rw-p 010f4000 08:08 1191961                    /usr/lib/jvm/java-11-openjdk-amd64/lib/server/libjvm.so
7fd856e48000-7fd856ea1000 rw-p 00000000 00:00 0 
7fd856ea1000-7fd856ea8000 r--p 00000000 08:08 1188719                    /usr/lib/x86_64-linux-gnu/libpthread-2.31.so
7fd856ea8000-7fd856eb9000 r-xp 00007000 08:08 1188719                    /usr/lib/x86_64-linux-gnu/libpthread-2.31.so
7fd856eb9000-7fd856ebe000 r--p 00018000 08:08 1188719                    /usr/lib/x86_64-linux-gnu/libpthread-2.31.so
7fd856ebe000-7fd856ebf000 r--p 0001c000 08:08 1188719                    /usr/lib/x86_64-linux-gnu/libpthread-2.31.so
7fd856ebf000-7fd856ec0000 rw-p 0001d000 08:08 1188719                    /usr/lib/x86_64-linux-gnu/libpthread-2.31.so
7fd856ec0000-7fd856ec4000 rw-p 00000000 00:00 0 
7fd856ec4000-7fd856ec5000 r--p 00000000 08:08 1187951                    /usr/lib/x86_64-linux-gnu/libdl-2.31.so
7fd856ec5000-7fd856ec7000 r-xp 00001000 08:08 1187951                    /usr/lib/x86_64-linux-gnu/libdl-2.31.so
7fd856ec7000-7fd856ec8000 r--p 00003000 08:08 1187951                    /usr/lib/x86_64-linux-gnu/libdl-2.31.so
7fd856ec8000-7fd856ec9000 r--p 00003000 08:08 1187951                    /usr/lib/x86_64-linux-gnu/libdl-2.31.so
7fd856ec9000-7fd856eca000 rw-p 00004000 08:08 1187951                    /usr/lib/x86_64-linux-gnu/libdl-2.31.so
7fd856eca000-7fd856ecc000 r--p 00000000 08:08 1189144                    /usr/lib/x86_64-linux-gnu/libz.so.1.2.11
7fd856ecc000-7fd856edd000 r-xp 00002000 08:08 1189144                    /usr/lib/x86_64-linux-gnu/libz.so.1.2.11
7fd856edd000-7fd856ee3000 r--p 00013000 08:08 1189144                    /usr/lib/x86_64-linux-gnu/libz.so.1.2.11
7fd856ee3000-7fd856ee4000 ---p 00019000 08:08 1189144                    /usr/lib/x86_64-linux-gnu/libz.so.1.2.11
7fd856ee4000-7fd856ee5000 r--p 00019000 08:08 1189144                    /usr/lib/x86_64-linux-gnu/libz.so.1.2.11
7fd856ee5000-7fd856ee6000 rw-p 0001a000 08:08 1189144                    /usr/lib/x86_64-linux-gnu/libz.so.1.2.11
7fd856ee6000-7fd856f0b000 r--p 00000000 08:08 1187816                    /usr/lib/x86_64-linux-gnu/libc-2.31.so
7fd856f0b000-7fd857083000 r-xp 00025000 08:08 1187816                    /usr/lib/x86_64-linux-gnu/libc-2.31.so
7fd857083000-7fd8570cd000 r--p 0019d000 08:08 1187816                    /usr/lib/x86_64-linux-gnu/libc-2.31.so
7fd8570cd000-7fd8570ce000 ---p 001e7000 08:08 1187816                    /usr/lib/x86_64-linux-gnu/libc-2.31.so
7fd8570ce000-7fd8570d1000 r--p 001e7000 08:08 1187816                    /usr/lib/x86_64-linux-gnu/libc-2.31.so
7fd8570d1000-7fd8570d4000 rw-p 001ea000 08:08 1187816                    /usr/lib/x86_64-linux-gnu/libc-2.31.so
7fd8570d4000-7fd8570d8000 rw-p 00000000 00:00 0 
7fd8570d8000-7fd8570dd000 r--p 00000000 08:08 1191954                    /usr/lib/jvm/java-11-openjdk-amd64/lib/libverify.so
7fd8570dd000-7fd8570e4000 r-xp 00005000 08:08 1191954                    /usr/lib/jvm/java-11-openjdk-amd64/lib/libverify.so
7fd8570e4000-7fd8570e6000 r--p 0000c000 08:08 1191954                    /usr/lib/jvm/java-11-openjdk-amd64/lib/libverify.so
7fd8570e6000-7fd8570e7000 ---p 0000e000 08:08 1191954                    /usr/lib/jvm/java-11-openjdk-amd64/lib/libverify.so
7fd8570e7000-7fd8570e9000 r--p 0000e000 08:08 1191954                    /usr/lib/jvm/java-11-openjdk-amd64/lib/libverify.so
7fd8570e9000-7fd8570ea000 rw-p 00010000 08:08 1191954                    /usr/lib/jvm/java-11-openjdk-amd64/lib/libverify.so
7fd8570ea000-7fd8570ed000 r--p 00000000 08:08 1191918                    /usr/lib/jvm/java-11-openjdk-amd64/lib/jli/libjli.so
7fd8570ed000-7fd8570f7000 r-xp 00003000 08:08 1191918                    /usr/lib/jvm/java-11-openjdk-amd64/lib/jli/libjli.so
7fd8570f7000-7fd8570fa000 r--p 0000d000 08:08 1191918                    /usr/lib/jvm/java-11-openjdk-amd64/lib/jli/libjli.so
7fd8570fa000-7fd8570fb000 ---p 00010000 08:08 1191918                    /usr/lib/jvm/java-11-openjdk-amd64/lib/jli/libjli.so
7fd8570fb000-7fd8570fc000 r--p 00010000 08:08 1191918                    /usr/lib/jvm/java-11-openjdk-amd64/lib/jli/libjli.so
7fd8570fc000-7fd8570fd000 rw-p 00011000 08:08 1191918                    /usr/lib/jvm/java-11-openjdk-amd64/lib/jli/libjli.so
7fd8570fd000-7fd8570ff000 rw-p 00000000 00:00 0 
7fd8570ff000-7fd857100000 r--p 00000000 08:08 1187603                    /usr/lib/x86_64-linux-gnu/ld-2.31.so
7fd857100000-7fd857123000 r-xp 00001000 08:08 1187603                    /usr/lib/x86_64-linux-gnu/ld-2.31.so
7fd857123000-7fd85712b000 r--p 00024000 08:08 1187603                    /usr/lib/x86_64-linux-gnu/ld-2.31.so
7fd85712c000-7fd85712d000 r--p 0002c000 08:08 1187603                    /usr/lib/x86_64-linux-gnu/ld-2.31.so
7fd85712d000-7fd85712e000 rw-p 0002d000 08:08 1187603                    /usr/lib/x86_64-linux-gnu/ld-2.31.so
7fd85712e000-7fd85712f000 rw-p 00000000 00:00 0 
7ffe0f05b000-7ffe0f07c000 rw-p 00000000 00:00 0                          [stack]
7ffe0f1f3000-7ffe0f1f6000 r--p 00000000 00:00 0                          [vvar]
7ffe0f1f6000-7ffe0f1f7000 r-xp 00000000 00:00 0                          [vdso]
ffffffffff600000-ffffffffff601000 --xp 00000000 00:00 0                  [vsyscall]


VM Arguments:
jvm_args: -Dclassworlds.conf=/snap/netbeans/30/netbeans/java/maven/bin/m2.conf -Dmaven.home=/snap/netbeans/30/netbeans/java/maven -Dlibrary.jansi.path=/snap/netbeans/30/netbeans/java/maven/lib/jansi-native -Dmaven.multiModuleProjectDirectory=/home/james/NetBeansProjects/proyecto1/tiendaIPC2 
java_command: org.codehaus.plexus.classworlds.launcher.Launcher -Dmaven.ext.class.path=/snap/netbeans/30/netbeans/java/maven-nblib/netbeans-eventspy.jar clean install
java_class_path (initial): /snap/netbeans/30/netbeans/java/maven/boot/plexus-classworlds-2.6.0.jar
Launcher Type: SUN_STANDARD

[Global flags]
     intx CICompilerCount                          = 3                                         {product} {ergonomic}
     uint ConcGCThreads                            = 1                                         {product} {ergonomic}
     uint G1ConcRefinementThreads                  = 4                                         {product} {ergonomic}
   size_t G1HeapRegionSize                         = 1048576                                   {product} {ergonomic}
    uintx GCDrainStackTargetSize                   = 64                                        {product} {ergonomic}
   size_t InitialHeapSize                          = 195035136                                 {product} {ergonomic}
   size_t MarkStackSize                            = 4194304                                   {product} {ergonomic}
   size_t MaxHeapSize                              = 3112173568                                {product} {ergonomic}
   size_t MaxNewSize                               = 1866465280                                {product} {ergonomic}
   size_t MinHeapDeltaBytes                        = 1048576                                   {product} {ergonomic}
    uintx NonNMethodCodeHeapSize                   = 5830732                                {pd product} {ergonomic}
    uintx NonProfiledCodeHeapSize                  = 122913754                              {pd product} {ergonomic}
    uintx ProfiledCodeHeapSize                     = 122913754                              {pd product} {ergonomic}
    uintx ReservedCodeCacheSize                    = 251658240                              {pd product} {ergonomic}
     bool SegmentedCodeCache                       = true                                      {product} {ergonomic}
     bool UseCompressedClassPointers               = true                                 {lp64_product} {ergonomic}
     bool UseCompressedOops                        = true                                 {lp64_product} {ergonomic}
     bool UseG1GC                                  = true                                      {product} {ergonomic}

Logging:
Log output configuration:
 #0: stdout all=warning uptime,level,tags
 #1: stderr all=off uptime,level,tags

Environment Variables:
JAVA_HOME=/usr/lib/jvm/java-11-openjdk-amd64
PATH=/usr/local/sbin:/usr/local/bin:/usr/sbin:/usr/bin:/sbin:/bin:/usr/games:/usr/local/games:/snap/bin
USERNAME=james
SHELL=/bin/bash
DISPLAY=:0
LANG=es_US.UTF-8

Signal Handlers:
SIGSEGV: [libjvm.so+0xd8e010], sa_mask[0]=11111111011111111101111111111110, sa_flags=SA_RESTART|SA_SIGINFO
SIGBUS: [libjvm.so+0xd8e010], sa_mask[0]=11111111011111111101111111111110, sa_flags=SA_RESTART|SA_SIGINFO
SIGFPE: [libjvm.so+0xd8e010], sa_mask[0]=11111111011111111101111111111110, sa_flags=SA_RESTART|SA_SIGINFO
SIGPIPE: [libjvm.so+0xb86b30], sa_mask[0]=11111111011111111101111111111110, sa_flags=SA_RESTART|SA_SIGINFO
SIGXFSZ: [libjvm.so+0xb86b30], sa_mask[0]=11111111011111111101111111111110, sa_flags=SA_RESTART|SA_SIGINFO
SIGILL: [libjvm.so+0xd8e010], sa_mask[0]=11111111011111111101111111111110, sa_flags=SA_RESTART|SA_SIGINFO
SIGUSR2: [libjvm.so+0xb869d0], sa_mask[0]=00100000000000000000000000000000, sa_flags=SA_RESTART|SA_SIGINFO
SIGHUP: [libjvm.so+0xb86e70], sa_mask[0]=11111111011111111101111111111110, sa_flags=SA_RESTART|SA_SIGINFO
SIGINT: SIG_IGN, sa_mask[0]=00000000000000000000000000000000, sa_flags=none
SIGTERM: [libjvm.so+0xb86e70], sa_mask[0]=11111111011111111101111111111110, sa_flags=SA_RESTART|SA_SIGINFO
SIGQUIT: [libjvm.so+0xb86e70], sa_mask[0]=11111111011111111101111111111110, sa_flags=SA_RESTART|SA_SIGINFO


---------------  S Y S T E M  ---------------

OS:DISTRIB_ID=Ubuntu
DISTRIB_RELEASE=20.04
DISTRIB_CODENAME=focal
DISTRIB_DESCRIPTION="Ubuntu 20.04.1 LTS"
uname:Linux 5.4.0-42-generic #46-Ubuntu SMP Fri Jul 10 00:24:02 UTC 2020 x86_64
OS uptime: 2 days 5:05 hours
libc:glibc 2.31 NPTL 2.31 
rlimit (soft/hard): STACK 8192k/infinity , CORE 0k/infinity , NPROC 47249/47249 , NOFILE 1048576/1048576 , AS infinity/infinity , CPU infinity/infinity , DATA infinity/infinity , FSIZE infinity/infinity , MEMLOCK 65536k/65536k
load average:1.38 1.21 1.13

/proc/meminfo:
MemTotal:       12152128 kB
MemFree:          253960 kB
MemAvailable:    4576004 kB
Buffers:         1222572 kB
Cached:          3565392 kB
SwapCached:          240 kB
Active:          8805508 kB
Inactive:        2474756 kB
Active(anon):    6289640 kB
Inactive(anon):   625728 kB
Active(file):    2515868 kB
Inactive(file):  1849028 kB
Unevictable:       70092 kB
Mlocked:              48 kB
SwapTotal:      21999612 kB
SwapFree:       21997808 kB
Dirty:               892 kB
Writeback:             0 kB
AnonPages:       6561936 kB
Mapped:           852264 kB
Shmem:            423244 kB
KReclaimable:     282100 kB
Slab:             416380 kB
SReclaimable:     282100 kB
SUnreclaim:       134280 kB
KernelStack:       18592 kB
PageTables:        47688 kB
NFS_Unstable:          0 kB
Bounce:                0 kB
WritebackTmp:          0 kB
CommitLimit:    28075676 kB
Committed_AS:   13933244 kB
VmallocTotal:   34359738367 kB
VmallocUsed:       39640 kB
VmallocChunk:          0 kB
Percpu:             3920 kB
HardwareCorrupted:     0 kB
AnonHugePages:         0 kB
ShmemHugePages:        0 kB
ShmemPmdMapped:        0 kB
FileHugePages:         0 kB
FilePmdMapped:         0 kB
CmaTotal:              0 kB
CmaFree:               0 kB
HugePages_Total:       0
HugePages_Free:        0
HugePages_Rsvd:        0
HugePages_Surp:        0
Hugepagesize:       2048 kB
Hugetlb:               0 kB
DirectMap4k:      317044 kB
DirectMap2M:    12148736 kB
DirectMap1G:           0 kB

/sys/kernel/mm/transparent_hugepage/enabled:
always [madvise] never

/sys/kernel/mm/transparent_hugepage/defrag (defrag/compaction efforts parameter):
always defer defer+madvise [madvise] never


/proc/sys/kernel/threads-max (system-wide limit on the number of threads):
94498


/proc/sys/vm/max_map_count (maximum number of memory map areas a process may have):
65530


/proc/sys/kernel/pid_max (system-wide limit on number of process identifiers):
4194304



container (cgroup) information:
container_type: cgroupv1
cpu_cpuset_cpus: 0-3
cpu_memory_nodes: 0
active_processor_count: 4
cpu_quota: -1
cpu_period: 100000
cpu_shares: -1
memory_limit_in_bytes: -1
memory_and_swap_limit_in_bytes: -2
memory_soft_limit_in_bytes: -1
memory_usage_in_bytes: 8782999552
memory_max_usage_in_bytes: 9097187328

Steal ticks since vm start: 0
Steal ticks percentage since vm start:  0.000

CPU:total 4 (initial active 4) (2 cores per cpu, 2 threads per core) family 6 model 142 stepping 9, cmov, cx8, fxsr, mmx, sse, sse2, sse3, ssse3, sse4.1, sse4.2, popcnt, avx, avx2, aes, clmul, erms, 3dnowpref, lzcnt, ht, tsc, tscinvbit, bmi1, bmi2, adx, fma
CPU Model and flags from /proc/cpuinfo:
model name	: Intel(R) Core(TM) i5-7200U CPU @ 2.50GHz
flags		: fpu vme de pse tsc msr pae mce cx8 apic sep mtrr pge mca cmov pat pse36 clflush dts acpi mmx fxsr sse sse2 ss ht tm pbe syscall nx pdpe1gb rdtscp lm constant_tsc art arch_perfmon pebs bts rep_good nopl xtopology nonstop_tsc cpuid aperfmperf pni pclmulqdq dtes64 monitor ds_cpl vmx est tm2 ssse3 sdbg fma cx16 xtpr pdcm pcid sse4_1 sse4_2 x2apic movbe popcnt tsc_deadline_timer aes xsave avx f16c rdrand lahf_lm abm 3dnowprefetch cpuid_fault epb invpcid_single pti ssbd ibrs ibpb stibp tpr_shadow vnmi flexpriority ept vpid ept_ad fsgsbase tsc_adjust bmi1 avx2 smep bmi2 erms invpcid mpx rdseed adx smap clflushopt intel_pt xsaveopt xsavec xgetbv1 xsaves dtherm ida arat pln pts hwp hwp_notify hwp_act_window hwp_epp md_clear flush_l1d

Memory: 4k page, physical 12152128k(253960k free), swap 21999612k(21997808k free)

vm_info: OpenJDK 64-Bit Server VM (11.0.8+10-post-Ubuntu-0ubuntu120.04) for linux-amd64 JRE (11.0.8+10-post-Ubuntu-0ubuntu120.04), built on Jul 15 2020 20:45:24 by "unknown" with gcc 9.3.0

END.
