#
# A fatal error has been detected by the Java Runtime Environment:
#
#  SIGSEGV (0xb) at pc=0x00007f3957995e4c, pid=60665, tid=60698
#
# JRE version: OpenJDK Runtime Environment (11.0.8+10) (build 11.0.8+10-post-Ubuntu-0ubuntu120.04)
# Java VM: OpenJDK 64-Bit Server VM (11.0.8+10-post-Ubuntu-0ubuntu120.04, mixed mode, sharing, tiered, compressed oops, g1 gc, linux-amd64)
# Problematic frame:
# V  [libjvm.so+0x7eae4c]
#
# Core dump will be written. Default location: Core dumps may be processed with "/usr/share/apport/apport %p %s %c %d %P %E" (or dumping to /home/james/NetBeansProjects/proyecto1/tiendaIPC2/core.60665)
#
# If you would like to submit a bug report, please visit:
#   https://bugs.launchpad.net/ubuntu/+source/openjdk-lts
#

---------------  S U M M A R Y ------------

Command Line: -Dclassworlds.conf=/snap/netbeans/30/netbeans/java/maven/bin/m2.conf -Dmaven.home=/snap/netbeans/30/netbeans/java/maven -Dlibrary.jansi.path=/snap/netbeans/30/netbeans/java/maven/lib/jansi-native -Dmaven.multiModuleProjectDirectory=/home/james/NetBeansProjects/proyecto1/tiendaIPC2 org.codehaus.plexus.classworlds.launcher.Launcher -Dmaven.ext.class.path=/snap/netbeans/30/netbeans/java/maven-nblib/netbeans-eventspy.jar clean install

Host: Intel(R) Core(TM) i5-7200U CPU @ 2.50GHz, 4 cores, 11G, Ubuntu 20.04.1 LTS
Time: Thu Aug 20 23:38:03 2020 EDT elapsed time: 4 seconds (0d 0h 0m 4s)

---------------  T H R E A D  ---------------

Current thread (0x00007f39043f3000):  JavaThread "C2 CompilerThread1" daemon [_thread_in_native, id=60698, stack(0x00007f392c03c000,0x00007f392c13d000)]


Current CompileTask:
C2:   4156 4943       4       com.sun.tools.javac.comp.Resolve::findInheritedMemberType (186 bytes)

Stack: [0x00007f392c03c000,0x00007f392c13d000],  sp=0x00007f392c138370,  free space=1008k
Native frames: (J=compiled Java code, A=aot compiled Java code, j=interpreted, Vv=VM code, C=native code)
V  [libjvm.so+0x7eae4c]
V  [libjvm.so+0x7ed6a0]
V  [libjvm.so+0x52a173]
V  [libjvm.so+0x5d9fd5]
V  [libjvm.so+0x5ddac7]
V  [libjvm.so+0x505eef]
V  [libjvm.so+0x5e64c1]
V  [libjvm.so+0x5e7698]
V  [libjvm.so+0xd22dcf]
V  [libjvm.so+0xd1f430]
V  [libjvm.so+0xb8f706]


siginfo: si_signo: 11 (SIGSEGV), si_code: 128 (SI_KERNEL), si_addr: 0x0000000000000000

Register to memory mapping:

RAX=0x0000000000000008 is an unknown value
RBX=0x000000000000090f is an unknown value
RCX=0x00000000000008fd is an unknown value
RDX=0x00007f38e93772a0 points into unknown readable memory: 00 00 00 00 d1 71 82 3e
RSP=0x00007f392c138370 is pointing into the stack for thread: 0x00007f39043f3000
RBP=0x00007f392c1383f0 is pointing into the stack for thread: 0x00007f39043f3000
RSI=0x00807f3900ffcc70 is an unknown value
RDI=0x00007f392c1386e0 is pointing into the stack for thread: 0x00007f39043f3000
R8 =0x0 is NULL
R9 =0x00000000ffffffff is an unknown value
R10=0x0 is NULL
R11=0x0 is NULL
R12=0x000000000005a960 is an unknown value
R13=0x00007f392c138380 is pointing into the stack for thread: 0x00007f39043f3000
R14=0x00007f38e94c8480 points into unknown readable memory: b9 91 fa 0e d1 71 82 3e
R15=0x00007f392c138a00 is pointing into the stack for thread: 0x00007f39043f3000


Registers:
RAX=0x0000000000000008, RBX=0x000000000000090f, RCX=0x00000000000008fd, RDX=0x00007f38e93772a0
RSP=0x00007f392c138370, RBP=0x00007f392c1383f0, RSI=0x00807f3900ffcc70, RDI=0x00007f392c1386e0
R8 =0x0000000000000000, R9 =0x00000000ffffffff, R10=0x0000000000000000, R11=0x0000000000000000
R12=0x000000000005a960, R13=0x00007f392c138380, R14=0x00007f38e94c8480, R15=0x00007f392c138a00
RIP=0x00007f3957995e4c, EFLAGS=0x0000000000010203, CSGSFS=0x002b000000000033, ERR=0x0000000000000000
  TRAPNO=0x000000000000000d

Top of Stack: (sp=0x00007f392c138370)
0x00007f392c138370:   00007f38e8ee92e0 0000000000000001
0x00007f392c138380:   000008fe00000003 00007f3900000008
0x00007f392c138390:   00007f390105b260 00007f3900000009
0x00007f392c1383a0:   00007f390105b560 00007f3800000022 

Instructions: (pc=0x00007f3957995e4c)
0x00007f3957995d4c:   4e 6c 44 23 4e 6c 44 09 ca 45 8b 4e 70 44 23 4e
0x00007f3957995d5c:   70 44 09 ca 45 8b 4e 74 44 23 4e 74 44 09 ca 45
0x00007f3957995d6c:   8b 4e 78 44 23 4e 78 44 09 ca 45 8b 4e 7c 44 23
0x00007f3957995d7c:   4e 7c 44 09 ca 45 8b 8e 80 00 00 00 44 23 8e 80
0x00007f3957995d8c:   00 00 00 44 09 ca 45 8b 8e 84 00 00 00 44 23 8e
0x00007f3957995d9c:   84 00 00 00 44 09 ca 45 8b 8e 88 00 00 00 44 23
0x00007f3957995dac:   8e 88 00 00 00 44 09 ca 45 8b 8e 8c 00 00 00 44
0x00007f3957995dbc:   23 8e 8c 00 00 00 44 09 ca 74 19 48 8b 57 10 39
0x00007f3957995dcc:   cb 73 71 85 db 0f 85 b1 00 00 00 66 0f 1f 84 00
0x00007f3957995ddc:   00 00 00 00 8b 55 90 85 d2 74 31 89 d1 8b 45 94
0x00007f3957995dec:   83 e1 1f 89 ce 0f 85 89 fe ff ff 66 0f 1f 84 00
0x00007f3957995dfc:   00 00 00 00 c1 ea 05 83 c0 05 89 d6 83 e6 1f 74
0x00007f3957995e0c:   f3 89 f6 e9 6c fe ff ff 0f 1f 40 00 4c 89 ef e8
0x00007f3957995e1c:   80 ab 00 00 89 c1 85 c9 0f 85 80 fe ff ff 48 83
0x00007f3957995e2c:   c4 58 5b 41 5c 41 5d 41 5e 41 5f 5d c3 0f 1f 80
0x00007f3957995e3c:   00 00 00 00 4c 01 e2 48 8b 72 08 89 c8 c1 e8 08
0x00007f3957995e4c:   48 8b 04 c6 48 3b 05 41 a0 90 00 74 37 be 01 00
0x00007f3957995e5c:   00 00 d3 e6 c1 e9 05 83 e1 07 89 f7 48 8d 0c 88
0x00007f3957995e6c:   8b 01 09 c7 89 39 85 c6 0f 85 66 ff ff ff 83 02
0x00007f3957995e7c:   01 e9 5e ff ff ff 66 0f 1f 44 00 00 48 01 c2 89
0x00007f3957995e8c:   d9 eb b4 90 89 ce 48 89 d7 89 4d 84 48 89 55 88
0x00007f3957995e9c:   e8 ef a3 00 00 8b 4d 84 48 8b 55 88 eb af 66 0f
0x00007f3957995eac:   1f 44 00 00 f3 0f 1e fa 55 48 8d 35 18 0a 66 00
0x00007f3957995ebc:   48 89 e5 41 57 41 56 48 8d 85 70 ff ff ff 41 55
0x00007f3957995ecc:   49 89 fd 48 89 c7 41 54 53 48 81 ec a8 00 00 00
0x00007f3957995edc:   48 89 85 38 ff ff ff 48 8d 05 b6 16 97 00 48 8d
0x00007f3957995eec:   90 10 02 00 00 e8 7a 9c de ff 49 8b 55 48 c7 85
0x00007f3957995efc:   4c ff ff ff 00 00 00 00 8b 42 40 85 c0 0f 84 3b
0x00007f3957995f0c:   04 00 00 90 8b 85 4c ff ff ff 48 8b 52 30 45 31
0x00007f3957995f1c:   ff 4c 8b 0c c2 49 8b 55 68 41 8b 41 4c 45 8b 71
0x00007f3957995f2c:   28 83 e8 01 41 8d 5e ff 4c 8d 24 80 49 c1 e4 05
0x00007f3957995f3c:   4c 03 62 10 41 3b 59 18 73 0a 49 8b 51 20 89 d8 


Stack slot to memory mapping:
stack at sp + 0 slots: 0x00007f38e8ee92e0 points into unknown readable memory: 28 92 1f 58 39 7f 00 00
stack at sp + 1 slots: 0x0000000000000001 is an unknown value
stack at sp + 2 slots: 0x000008fe00000003 is an unknown value
stack at sp + 3 slots: 0x00007f3900000008 points into unknown readable memory: 00 00 00 00 00 00 00 00
stack at sp + 4 slots: 0x00007f390105b260 points into unknown readable memory: 00 00 00 00 00 00 00 00
stack at sp + 5 slots: 0x00007f3900000009 points into unknown readable memory: 00 00 00 00 00 00 00
stack at sp + 6 slots: 0x00007f390105b560 points into unknown readable memory: 20 b3 05 01 39 7f 00 00
stack at sp + 7 slots: 0x00007f3800000022 is an unknown value


---------------  P R O C E S S  ---------------

Threads class SMR info:
_java_thread_list=0x00007f39043f4990, length=10, elements={
0x00007f3950016000, 0x00007f3950162800, 0x00007f3950164800, 0x00007f395016a000,
0x00007f395016c000, 0x00007f395016e800, 0x00007f3950170800, 0x00007f395019f800,
0x00007f39501a4800, 0x00007f39043f3000
}

Java Threads: ( => current thread )
  0x00007f3950016000 JavaThread "main" [_thread_in_Java, id=60682, stack(0x00007f3956d5f000,0x00007f3956e60000)]
  0x00007f3950162800 JavaThread "Reference Handler" daemon [_thread_blocked, id=60689, stack(0x00007f39540f1000,0x00007f39541f2000)]
  0x00007f3950164800 JavaThread "Finalizer" daemon [_thread_blocked, id=60690, stack(0x00007f3938801000,0x00007f3938902000)]
  0x00007f395016a000 JavaThread "Signal Dispatcher" daemon [_thread_blocked, id=60691, stack(0x00007f3938700000,0x00007f3938801000)]
  0x00007f395016c000 JavaThread "C2 CompilerThread0" daemon [_thread_in_native, id=60692, stack(0x00007f39385ff000,0x00007f3938700000)]
  0x00007f395016e800 JavaThread "C1 CompilerThread0" daemon [_thread_in_native, id=60693, stack(0x00007f39384fe000,0x00007f39385ff000)]
  0x00007f3950170800 JavaThread "Sweeper thread" daemon [_thread_blocked, id=60694, stack(0x00007f39383fd000,0x00007f39384fe000)]
  0x00007f395019f800 JavaThread "Service Thread" daemon [_thread_blocked, id=60695, stack(0x00007f39382fc000,0x00007f39383fd000)]
  0x00007f39501a4800 JavaThread "Common-Cleaner" daemon [_thread_blocked, id=60697, stack(0x00007f39380f9000,0x00007f39381fa000)]
=>0x00007f39043f3000 JavaThread "C2 CompilerThread1" daemon [_thread_in_native, id=60698, stack(0x00007f392c03c000,0x00007f392c13d000)]

Other Threads:
  0x00007f395015f800 VMThread "VM Thread" [stack: 0x00007f39541f4000,0x00007f39542f4000] [id=60688]
  0x00007f39501a1800 WatcherThread [stack: 0x00007f39381fc000,0x00007f39382fc000] [id=60696]
  0x00007f395002d800 GCTaskThread "GC Thread#0" [stack: 0x00007f3956a13000,0x00007f3956b13000] [id=60683]
  0x00007f391c001000 GCTaskThread "GC Thread#1" [stack: 0x00007f390f122000,0x00007f390f222000] [id=60699]
  0x00007f391c002800 GCTaskThread "GC Thread#2" [stack: 0x00007f390f020000,0x00007f390f120000] [id=60700]
  0x00007f391c004000 GCTaskThread "GC Thread#3" [stack: 0x00007f390ef1e000,0x00007f390f01e000] [id=60701]
  0x00007f3950075000 ConcurrentGCThread "G1 Main Marker" [stack: 0x00007f3955346000,0x00007f3955446000] [id=60684]
  0x00007f3950076800 ConcurrentGCThread "G1 Conc#0" [stack: 0x00007f3955244000,0x00007f3955344000] [id=60685]
  0x00007f3950127800 ConcurrentGCThread "G1 Refine#0" [stack: 0x00007f3954d3e000,0x00007f3954e3e000] [id=60686]
  0x00007f3950129000 ConcurrentGCThread "G1 Young RemSet Sampling" [stack: 0x00007f3954c3c000,0x00007f3954d3c000] [id=60687]

Threads with active compile tasks:
C2 CompilerThread0   4185 5160       4       com.sun.tools.javac.code.Types$12::visitClassType (10 bytes)
C1 CompilerThread0   4185 5430       2       java.lang.reflect.Field::isSynthetic (8 bytes)
C2 CompilerThread1   4185 4943       4       com.sun.tools.javac.comp.Resolve::findInheritedMemberType (186 bytes)

VM state:not at safepoint (normal execution)

VM Mutex/Monitor currently owned by a thread: None

Heap address: 0x0000000746800000, size: 2968 MB, Compressed Oops mode: Zero based, Oop shift amount: 3
Narrow klass base: 0x0000000800000000, Narrow klass shift: 3
Compressed class space size: 1073741824 Address: 0x0000000840000000

Heap:
 garbage-first heap   total 242688K, used 97511K [0x0000000746800000, 0x0000000800000000)
  region size 1024K, 92 young (94208K), 7 survivors (7168K)
 Metaspace       used 24866K, capacity 25594K, committed 25776K, reserved 1073152K
  class space    used 2810K, capacity 3037K, committed 3072K, reserved 1048576K
Heap Regions: E=young(eden), S=young(survivor), O=old, HS=humongous(starts), HC=humongous(continues), CS=collection set, F=free, A=archive, TAMS=top-at-mark-start (previous, next)
|   0|0x0000000746800000, 0x0000000746900000, 0x0000000746900000|100%| O|  |TAMS 0x0000000746900000, 0x0000000746800000| Untracked 
|   1|0x0000000746900000, 0x0000000746a00000, 0x0000000746a00000|100%| O|  |TAMS 0x0000000746a00000, 0x0000000746900000| Untracked 
|   2|0x0000000746a00000, 0x0000000746a88c00, 0x0000000746b00000| 53%| O|  |TAMS 0x0000000746a88c00, 0x0000000746a00000| Untracked 
|   3|0x0000000746b00000, 0x0000000746c00000, 0x0000000746c00000|100%|HS|  |TAMS 0x0000000746b00000, 0x0000000746b00000| Complete 
|   4|0x0000000746c00000, 0x0000000746c00000, 0x0000000746d00000|  0%| F|  |TAMS 0x0000000746c00000, 0x0000000746c00000| Untracked 
|   5|0x0000000746d00000, 0x0000000746d00000, 0x0000000746e00000|  0%| F|  |TAMS 0x0000000746d00000, 0x0000000746d00000| Untracked 
|   6|0x0000000746e00000, 0x0000000746e00000, 0x0000000746f00000|  0%| F|  |TAMS 0x0000000746e00000, 0x0000000746e00000| Untracked 
|   7|0x0000000746f00000, 0x0000000746f00000, 0x0000000747000000|  0%| F|  |TAMS 0x0000000746f00000, 0x0000000746f00000| Untracked 
|   8|0x0000000747000000, 0x0000000747000000, 0x0000000747100000|  0%| F|  |TAMS 0x0000000747000000, 0x0000000747000000| Untracked 
|   9|0x0000000747100000, 0x0000000747100000, 0x0000000747200000|  0%| F|  |TAMS 0x0000000747100000, 0x0000000747100000| Untracked 
|  10|0x0000000747200000, 0x0000000747200000, 0x0000000747300000|  0%| F|  |TAMS 0x0000000747200000, 0x0000000747200000| Untracked 
|  11|0x0000000747300000, 0x0000000747300000, 0x0000000747400000|  0%| F|  |TAMS 0x0000000747300000, 0x0000000747300000| Untracked 
|  12|0x0000000747400000, 0x0000000747400000, 0x0000000747500000|  0%| F|  |TAMS 0x0000000747400000, 0x0000000747400000| Untracked 
|  13|0x0000000747500000, 0x0000000747500000, 0x0000000747600000|  0%| F|  |TAMS 0x0000000747500000, 0x0000000747500000| Untracked 
|  14|0x0000000747600000, 0x0000000747600000, 0x0000000747700000|  0%| F|  |TAMS 0x0000000747600000, 0x0000000747600000| Untracked 
|  15|0x0000000747700000, 0x0000000747700000, 0x0000000747800000|  0%| F|  |TAMS 0x0000000747700000, 0x0000000747700000| Untracked 
|  16|0x0000000747800000, 0x0000000747800000, 0x0000000747900000|  0%| F|  |TAMS 0x0000000747800000, 0x0000000747800000| Untracked 
|  17|0x0000000747900000, 0x0000000747900000, 0x0000000747a00000|  0%| F|  |TAMS 0x0000000747900000, 0x0000000747900000| Untracked 
|  18|0x0000000747a00000, 0x0000000747a00000, 0x0000000747b00000|  0%| F|  |TAMS 0x0000000747a00000, 0x0000000747a00000| Untracked 
|  19|0x0000000747b00000, 0x0000000747b00000, 0x0000000747c00000|  0%| F|  |TAMS 0x0000000747b00000, 0x0000000747b00000| Untracked 
|  20|0x0000000747c00000, 0x0000000747c00000, 0x0000000747d00000|  0%| F|  |TAMS 0x0000000747c00000, 0x0000000747c00000| Untracked 
|  21|0x0000000747d00000, 0x0000000747d00000, 0x0000000747e00000|  0%| F|  |TAMS 0x0000000747d00000, 0x0000000747d00000| Untracked 
|  22|0x0000000747e00000, 0x0000000747e00000, 0x0000000747f00000|  0%| F|  |TAMS 0x0000000747e00000, 0x0000000747e00000| Untracked 
|  23|0x0000000747f00000, 0x0000000747f00000, 0x0000000748000000|  0%| F|  |TAMS 0x0000000747f00000, 0x0000000747f00000| Untracked 
|  24|0x0000000748000000, 0x0000000748000000, 0x0000000748100000|  0%| F|  |TAMS 0x0000000748000000, 0x0000000748000000| Untracked 
|  25|0x0000000748100000, 0x0000000748100000, 0x0000000748200000|  0%| F|  |TAMS 0x0000000748100000, 0x0000000748100000| Untracked 
|  26|0x0000000748200000, 0x0000000748200000, 0x0000000748300000|  0%| F|  |TAMS 0x0000000748200000, 0x0000000748200000| Untracked 
|  27|0x0000000748300000, 0x0000000748300000, 0x0000000748400000|  0%| F|  |TAMS 0x0000000748300000, 0x0000000748300000| Untracked 
|  28|0x0000000748400000, 0x0000000748400000, 0x0000000748500000|  0%| F|  |TAMS 0x0000000748400000, 0x0000000748400000| Untracked 
|  29|0x0000000748500000, 0x0000000748500000, 0x0000000748600000|  0%| F|  |TAMS 0x0000000748500000, 0x0000000748500000| Untracked 
|  30|0x0000000748600000, 0x0000000748600000, 0x0000000748700000|  0%| F|  |TAMS 0x0000000748600000, 0x0000000748600000| Untracked 
|  31|0x0000000748700000, 0x0000000748700000, 0x0000000748800000|  0%| F|  |TAMS 0x0000000748700000, 0x0000000748700000| Untracked 
|  32|0x0000000748800000, 0x0000000748800000, 0x0000000748900000|  0%| F|  |TAMS 0x0000000748800000, 0x0000000748800000| Untracked 
|  33|0x0000000748900000, 0x0000000748900000, 0x0000000748a00000|  0%| F|  |TAMS 0x0000000748900000, 0x0000000748900000| Untracked 
|  34|0x0000000748a00000, 0x0000000748a00000, 0x0000000748b00000|  0%| F|  |TAMS 0x0000000748a00000, 0x0000000748a00000| Untracked 
|  35|0x0000000748b00000, 0x0000000748b00000, 0x0000000748c00000|  0%| F|  |TAMS 0x0000000748b00000, 0x0000000748b00000| Untracked 
|  36|0x0000000748c00000, 0x0000000748c00000, 0x0000000748d00000|  0%| F|  |TAMS 0x0000000748c00000, 0x0000000748c00000| Untracked 
|  37|0x0000000748d00000, 0x0000000748d00000, 0x0000000748e00000|  0%| F|  |TAMS 0x0000000748d00000, 0x0000000748d00000| Untracked 
|  38|0x0000000748e00000, 0x0000000748e00000, 0x0000000748f00000|  0%| F|  |TAMS 0x0000000748e00000, 0x0000000748e00000| Untracked 
|  39|0x0000000748f00000, 0x0000000748f00000, 0x0000000749000000|  0%| F|  |TAMS 0x0000000748f00000, 0x0000000748f00000| Untracked 
|  40|0x0000000749000000, 0x0000000749000000, 0x0000000749100000|  0%| F|  |TAMS 0x0000000749000000, 0x0000000749000000| Untracked 
|  41|0x0000000749100000, 0x0000000749100000, 0x0000000749200000|  0%| F|  |TAMS 0x0000000749100000, 0x0000000749100000| Untracked 
|  42|0x0000000749200000, 0x0000000749200000, 0x0000000749300000|  0%| F|  |TAMS 0x0000000749200000, 0x0000000749200000| Untracked 
|  43|0x0000000749300000, 0x0000000749300000, 0x0000000749400000|  0%| F|  |TAMS 0x0000000749300000, 0x0000000749300000| Untracked 
|  44|0x0000000749400000, 0x0000000749400000, 0x0000000749500000|  0%| F|  |TAMS 0x0000000749400000, 0x0000000749400000| Untracked 
|  45|0x0000000749500000, 0x0000000749500000, 0x0000000749600000|  0%| F|  |TAMS 0x0000000749500000, 0x0000000749500000| Untracked 
|  46|0x0000000749600000, 0x0000000749600000, 0x0000000749700000|  0%| F|  |TAMS 0x0000000749600000, 0x0000000749600000| Untracked 
|  47|0x0000000749700000, 0x0000000749700000, 0x0000000749800000|  0%| F|  |TAMS 0x0000000749700000, 0x0000000749700000| Untracked 
|  48|0x0000000749800000, 0x0000000749800000, 0x0000000749900000|  0%| F|  |TAMS 0x0000000749800000, 0x0000000749800000| Untracked 
|  49|0x0000000749900000, 0x0000000749900000, 0x0000000749a00000|  0%| F|  |TAMS 0x0000000749900000, 0x0000000749900000| Untracked 
|  50|0x0000000749a00000, 0x0000000749a00000, 0x0000000749b00000|  0%| F|  |TAMS 0x0000000749a00000, 0x0000000749a00000| Untracked 
|  51|0x0000000749b00000, 0x0000000749b00000, 0x0000000749c00000|  0%| F|  |TAMS 0x0000000749b00000, 0x0000000749b00000| Untracked 
|  52|0x0000000749c00000, 0x0000000749c00000, 0x0000000749d00000|  0%| F|  |TAMS 0x0000000749c00000, 0x0000000749c00000| Untracked 
|  53|0x0000000749d00000, 0x0000000749d00000, 0x0000000749e00000|  0%| F|  |TAMS 0x0000000749d00000, 0x0000000749d00000| Untracked 
|  54|0x0000000749e00000, 0x0000000749e00000, 0x0000000749f00000|  0%| F|  |TAMS 0x0000000749e00000, 0x0000000749e00000| Untracked 
|  55|0x0000000749f00000, 0x0000000749f00000, 0x000000074a000000|  0%| F|  |TAMS 0x0000000749f00000, 0x0000000749f00000| Untracked 
|  56|0x000000074a000000, 0x000000074a000000, 0x000000074a100000|  0%| F|  |TAMS 0x000000074a000000, 0x000000074a000000| Untracked 
|  57|0x000000074a100000, 0x000000074a100000, 0x000000074a200000|  0%| F|  |TAMS 0x000000074a100000, 0x000000074a100000| Untracked 
|  58|0x000000074a200000, 0x000000074a200000, 0x000000074a300000|  0%| F|  |TAMS 0x000000074a200000, 0x000000074a200000| Untracked 
|  59|0x000000074a300000, 0x000000074a300000, 0x000000074a400000|  0%| F|  |TAMS 0x000000074a300000, 0x000000074a300000| Untracked 
|  60|0x000000074a400000, 0x000000074a400000, 0x000000074a500000|  0%| F|  |TAMS 0x000000074a400000, 0x000000074a400000| Untracked 
|  61|0x000000074a500000, 0x000000074a500000, 0x000000074a600000|  0%| F|  |TAMS 0x000000074a500000, 0x000000074a500000| Untracked 
|  62|0x000000074a600000, 0x000000074a600000, 0x000000074a700000|  0%| F|  |TAMS 0x000000074a600000, 0x000000074a600000| Untracked 
|  63|0x000000074a700000, 0x000000074a700000, 0x000000074a800000|  0%| F|  |TAMS 0x000000074a700000, 0x000000074a700000| Untracked 
|  64|0x000000074a800000, 0x000000074a800000, 0x000000074a900000|  0%| F|  |TAMS 0x000000074a800000, 0x000000074a800000| Untracked 
|  65|0x000000074a900000, 0x000000074a900000, 0x000000074aa00000|  0%| F|  |TAMS 0x000000074a900000, 0x000000074a900000| Untracked 
|  66|0x000000074aa00000, 0x000000074aa00000, 0x000000074ab00000|  0%| F|  |TAMS 0x000000074aa00000, 0x000000074aa00000| Untracked 
|  67|0x000000074ab00000, 0x000000074ab00000, 0x000000074ac00000|  0%| F|  |TAMS 0x000000074ab00000, 0x000000074ab00000| Untracked 
|  68|0x000000074ac00000, 0x000000074ac00000, 0x000000074ad00000|  0%| F|  |TAMS 0x000000074ac00000, 0x000000074ac00000| Untracked 
|  69|0x000000074ad00000, 0x000000074ad00000, 0x000000074ae00000|  0%| F|  |TAMS 0x000000074ad00000, 0x000000074ad00000| Untracked 
|  70|0x000000074ae00000, 0x000000074ae00000, 0x000000074af00000|  0%| F|  |TAMS 0x000000074ae00000, 0x000000074ae00000| Untracked 
|  71|0x000000074af00000, 0x000000074af00000, 0x000000074b000000|  0%| F|  |TAMS 0x000000074af00000, 0x000000074af00000| Untracked 
|  72|0x000000074b000000, 0x000000074b000000, 0x000000074b100000|  0%| F|  |TAMS 0x000000074b000000, 0x000000074b000000| Untracked 
|  73|0x000000074b100000, 0x000000074b100000, 0x000000074b200000|  0%| F|  |TAMS 0x000000074b100000, 0x000000074b100000| Untracked 
|  74|0x000000074b200000, 0x000000074b200000, 0x000000074b300000|  0%| F|  |TAMS 0x000000074b200000, 0x000000074b200000| Untracked 
|  75|0x000000074b300000, 0x000000074b300000, 0x000000074b400000|  0%| F|  |TAMS 0x000000074b300000, 0x000000074b300000| Untracked 
|  76|0x000000074b400000, 0x000000074b400000, 0x000000074b500000|  0%| F|  |TAMS 0x000000074b400000, 0x000000074b400000| Untracked 
|  77|0x000000074b500000, 0x000000074b500000, 0x000000074b600000|  0%| F|  |TAMS 0x000000074b500000, 0x000000074b500000| Untracked 
|  78|0x000000074b600000, 0x000000074b600000, 0x000000074b700000|  0%| F|  |TAMS 0x000000074b600000, 0x000000074b600000| Untracked 
|  79|0x000000074b700000, 0x000000074b700000, 0x000000074b800000|  0%| F|  |TAMS 0x000000074b700000, 0x000000074b700000| Untracked 
|  80|0x000000074b800000, 0x000000074b800000, 0x000000074b900000|  0%| F|  |TAMS 0x000000074b800000, 0x000000074b800000| Untracked 
|  81|0x000000074b900000, 0x000000074b900000, 0x000000074ba00000|  0%| F|  |TAMS 0x000000074b900000, 0x000000074b900000| Untracked 
|  82|0x000000074ba00000, 0x000000074ba00000, 0x000000074bb00000|  0%| F|  |TAMS 0x000000074ba00000, 0x000000074ba00000| Untracked 
|  83|0x000000074bb00000, 0x000000074bb00000, 0x000000074bc00000|  0%| F|  |TAMS 0x000000074bb00000, 0x000000074bb00000| Untracked 
|  84|0x000000074bc00000, 0x000000074bc00000, 0x000000074bd00000|  0%| F|  |TAMS 0x000000074bc00000, 0x000000074bc00000| Untracked 
|  85|0x000000074bd00000, 0x000000074bd00000, 0x000000074be00000|  0%| F|  |TAMS 0x000000074bd00000, 0x000000074bd00000| Untracked 
|  86|0x000000074be00000, 0x000000074be00000, 0x000000074bf00000|  0%| F|  |TAMS 0x000000074be00000, 0x000000074be00000| Untracked 
|  87|0x000000074bf00000, 0x000000074bf00000, 0x000000074c000000|  0%| F|  |TAMS 0x000000074bf00000, 0x000000074bf00000| Untracked 
|  88|0x000000074c000000, 0x000000074c000000, 0x000000074c100000|  0%| F|  |TAMS 0x000000074c000000, 0x000000074c000000| Untracked 
|  89|0x000000074c100000, 0x000000074c100000, 0x000000074c200000|  0%| F|  |TAMS 0x000000074c100000, 0x000000074c100000| Untracked 
|  90|0x000000074c200000, 0x000000074c200000, 0x000000074c300000|  0%| F|  |TAMS 0x000000074c200000, 0x000000074c200000| Untracked 
|  91|0x000000074c300000, 0x000000074c300000, 0x000000074c400000|  0%| F|  |TAMS 0x000000074c300000, 0x000000074c300000| Untracked 
|  92|0x000000074c400000, 0x000000074c400000, 0x000000074c500000|  0%| F|  |TAMS 0x000000074c400000, 0x000000074c400000| Untracked 
|  93|0x000000074c500000, 0x000000074c500000, 0x000000074c600000|  0%| F|  |TAMS 0x000000074c500000, 0x000000074c500000| Untracked 
|  94|0x000000074c600000, 0x000000074c600000, 0x000000074c700000|  0%| F|  |TAMS 0x000000074c600000, 0x000000074c600000| Untracked 
|  95|0x000000074c700000, 0x000000074c700000, 0x000000074c800000|  0%| F|  |TAMS 0x000000074c700000, 0x000000074c700000| Untracked 
|  96|0x000000074c800000, 0x000000074c800000, 0x000000074c900000|  0%| F|  |TAMS 0x000000074c800000, 0x000000074c800000| Untracked 
|  97|0x000000074c900000, 0x000000074c900000, 0x000000074ca00000|  0%| F|  |TAMS 0x000000074c900000, 0x000000074c900000| Untracked 
|  98|0x000000074ca00000, 0x000000074ca00000, 0x000000074cb00000|  0%| F|  |TAMS 0x000000074ca00000, 0x000000074ca00000| Untracked 
|  99|0x000000074cb00000, 0x000000074cb00000, 0x000000074cc00000|  0%| F|  |TAMS 0x000000074cb00000, 0x000000074cb00000| Untracked 
| 100|0x000000074cc00000, 0x000000074cc00000, 0x000000074cd00000|  0%| F|  |TAMS 0x000000074cc00000, 0x000000074cc00000| Untracked 
| 101|0x000000074cd00000, 0x000000074cd00000, 0x000000074ce00000|  0%| F|  |TAMS 0x000000074cd00000, 0x000000074cd00000| Untracked 
| 102|0x000000074ce00000, 0x000000074ce00000, 0x000000074cf00000|  0%| F|  |TAMS 0x000000074ce00000, 0x000000074ce00000| Untracked 
| 103|0x000000074cf00000, 0x000000074cf00000, 0x000000074d000000|  0%| F|  |TAMS 0x000000074cf00000, 0x000000074cf00000| Untracked 
| 104|0x000000074d000000, 0x000000074d000000, 0x000000074d100000|  0%| F|  |TAMS 0x000000074d000000, 0x000000074d000000| Untracked 
| 105|0x000000074d100000, 0x000000074d100000, 0x000000074d200000|  0%| F|  |TAMS 0x000000074d100000, 0x000000074d100000| Untracked 
| 106|0x000000074d200000, 0x000000074d200000, 0x000000074d300000|  0%| F|  |TAMS 0x000000074d200000, 0x000000074d200000| Untracked 
| 107|0x000000074d300000, 0x000000074d300000, 0x000000074d400000|  0%| F|  |TAMS 0x000000074d300000, 0x000000074d300000| Untracked 
| 108|0x000000074d400000, 0x000000074d400000, 0x000000074d500000|  0%| F|  |TAMS 0x000000074d400000, 0x000000074d400000| Untracked 
| 109|0x000000074d500000, 0x000000074d500000, 0x000000074d600000|  0%| F|  |TAMS 0x000000074d500000, 0x000000074d500000| Untracked 
| 110|0x000000074d600000, 0x000000074d600000, 0x000000074d700000|  0%| F|  |TAMS 0x000000074d600000, 0x000000074d600000| Untracked 
| 111|0x000000074d700000, 0x000000074d700000, 0x000000074d800000|  0%| F|  |TAMS 0x000000074d700000, 0x000000074d700000| Untracked 
| 112|0x000000074d800000, 0x000000074d800000, 0x000000074d900000|  0%| F|  |TAMS 0x000000074d800000, 0x000000074d800000| Untracked 
| 113|0x000000074d900000, 0x000000074d900000, 0x000000074da00000|  0%| F|  |TAMS 0x000000074d900000, 0x000000074d900000| Untracked 
| 114|0x000000074da00000, 0x000000074da00000, 0x000000074db00000|  0%| F|  |TAMS 0x000000074da00000, 0x000000074da00000| Untracked 
| 115|0x000000074db00000, 0x000000074db00000, 0x000000074dc00000|  0%| F|  |TAMS 0x000000074db00000, 0x000000074db00000| Untracked 
| 116|0x000000074dc00000, 0x000000074dc00000, 0x000000074dd00000|  0%| F|  |TAMS 0x000000074dc00000, 0x000000074dc00000| Untracked 
| 117|0x000000074dd00000, 0x000000074dd00000, 0x000000074de00000|  0%| F|  |TAMS 0x000000074dd00000, 0x000000074dd00000| Untracked 
| 118|0x000000074de00000, 0x000000074de00000, 0x000000074df00000|  0%| F|  |TAMS 0x000000074de00000, 0x000000074de00000| Untracked 
| 119|0x000000074df00000, 0x000000074df00000, 0x000000074e000000|  0%| F|  |TAMS 0x000000074df00000, 0x000000074df00000| Untracked 
| 120|0x000000074e000000, 0x000000074e000000, 0x000000074e100000|  0%| F|  |TAMS 0x000000074e000000, 0x000000074e000000| Untracked 
| 121|0x000000074e100000, 0x000000074e100000, 0x000000074e200000|  0%| F|  |TAMS 0x000000074e100000, 0x000000074e100000| Untracked 
| 122|0x000000074e200000, 0x000000074e200000, 0x000000074e300000|  0%| F|  |TAMS 0x000000074e200000, 0x000000074e200000| Untracked 
| 123|0x000000074e300000, 0x000000074e300000, 0x000000074e400000|  0%| F|  |TAMS 0x000000074e300000, 0x000000074e300000| Untracked 
| 124|0x000000074e400000, 0x000000074e400000, 0x000000074e500000|  0%| F|  |TAMS 0x000000074e400000, 0x000000074e400000| Untracked 
| 125|0x000000074e500000, 0x000000074e500000, 0x000000074e600000|  0%| F|  |TAMS 0x000000074e500000, 0x000000074e500000| Untracked 
| 126|0x000000074e600000, 0x000000074e600000, 0x000000074e700000|  0%| F|  |TAMS 0x000000074e600000, 0x000000074e600000| Untracked 
| 127|0x000000074e700000, 0x000000074e700000, 0x000000074e800000|  0%| F|  |TAMS 0x000000074e700000, 0x000000074e700000| Untracked 
| 128|0x000000074e800000, 0x000000074e800000, 0x000000074e900000|  0%| F|  |TAMS 0x000000074e800000, 0x000000074e800000| Untracked 
| 129|0x000000074e900000, 0x000000074e900000, 0x000000074ea00000|  0%| F|  |TAMS 0x000000074e900000, 0x000000074e900000| Untracked 
| 130|0x000000074ea00000, 0x000000074ea00000, 0x000000074eb00000|  0%| F|  |TAMS 0x000000074ea00000, 0x000000074ea00000| Untracked 
| 131|0x000000074eb00000, 0x000000074eb00000, 0x000000074ec00000|  0%| F|  |TAMS 0x000000074eb00000, 0x000000074eb00000| Untracked 
| 132|0x000000074ec00000, 0x000000074ec00000, 0x000000074ed00000|  0%| F|  |TAMS 0x000000074ec00000, 0x000000074ec00000| Untracked 
| 133|0x000000074ed00000, 0x000000074ed00000, 0x000000074ee00000|  0%| F|  |TAMS 0x000000074ed00000, 0x000000074ed00000| Untracked 
| 134|0x000000074ee00000, 0x000000074ee00000, 0x000000074ef00000|  0%| F|  |TAMS 0x000000074ee00000, 0x000000074ee00000| Untracked 
| 135|0x000000074ef00000, 0x000000074ef00000, 0x000000074f000000|  0%| F|  |TAMS 0x000000074ef00000, 0x000000074ef00000| Untracked 
| 136|0x000000074f000000, 0x000000074f000000, 0x000000074f100000|  0%| F|  |TAMS 0x000000074f000000, 0x000000074f000000| Untracked 
| 137|0x000000074f100000, 0x000000074f100000, 0x000000074f200000|  0%| F|  |TAMS 0x000000074f100000, 0x000000074f100000| Untracked 
| 138|0x000000074f200000, 0x000000074f200000, 0x000000074f300000|  0%| F|  |TAMS 0x000000074f200000, 0x000000074f200000| Untracked 
| 139|0x000000074f300000, 0x000000074f300000, 0x000000074f400000|  0%| F|  |TAMS 0x000000074f300000, 0x000000074f300000| Untracked 
| 140|0x000000074f400000, 0x000000074f400000, 0x000000074f500000|  0%| F|  |TAMS 0x000000074f400000, 0x000000074f400000| Untracked 
| 141|0x000000074f500000, 0x000000074f500000, 0x000000074f600000|  0%| F|  |TAMS 0x000000074f500000, 0x000000074f500000| Untracked 
| 142|0x000000074f600000, 0x000000074f680800, 0x000000074f700000| 50%| E|  |TAMS 0x000000074f600000, 0x000000074f600000| Complete 
| 143|0x000000074f700000, 0x000000074f800000, 0x000000074f800000|100%| E|CS|TAMS 0x000000074f700000, 0x000000074f700000| Complete 
| 144|0x000000074f800000, 0x000000074f900000, 0x000000074f900000|100%| E|CS|TAMS 0x000000074f800000, 0x000000074f800000| Complete 
| 145|0x000000074f900000, 0x000000074fa00000, 0x000000074fa00000|100%| E|CS|TAMS 0x000000074f900000, 0x000000074f900000| Complete 
| 146|0x000000074fa00000, 0x000000074fb00000, 0x000000074fb00000|100%| E|CS|TAMS 0x000000074fa00000, 0x000000074fa00000| Complete 
| 147|0x000000074fb00000, 0x000000074fc00000, 0x000000074fc00000|100%| E|CS|TAMS 0x000000074fb00000, 0x000000074fb00000| Complete 
| 148|0x000000074fc00000, 0x000000074fd00000, 0x000000074fd00000|100%| E|CS|TAMS 0x000000074fc00000, 0x000000074fc00000| Complete 
| 149|0x000000074fd00000, 0x000000074fe00000, 0x000000074fe00000|100%| E|CS|TAMS 0x000000074fd00000, 0x000000074fd00000| Complete 
| 150|0x000000074fe00000, 0x000000074ff00000, 0x000000074ff00000|100%| E|CS|TAMS 0x000000074fe00000, 0x000000074fe00000| Complete 
| 151|0x000000074ff00000, 0x0000000750000000, 0x0000000750000000|100%| E|CS|TAMS 0x000000074ff00000, 0x000000074ff00000| Complete 
| 152|0x0000000750000000, 0x0000000750100000, 0x0000000750100000|100%| E|CS|TAMS 0x0000000750000000, 0x0000000750000000| Complete 
| 153|0x0000000750100000, 0x0000000750200000, 0x0000000750200000|100%| E|CS|TAMS 0x0000000750100000, 0x0000000750100000| Complete 
| 154|0x0000000750200000, 0x0000000750300000, 0x0000000750300000|100%| E|CS|TAMS 0x0000000750200000, 0x0000000750200000| Complete 
| 155|0x0000000750300000, 0x0000000750400000, 0x0000000750400000|100%| E|CS|TAMS 0x0000000750300000, 0x0000000750300000| Complete 
| 156|0x0000000750400000, 0x0000000750500000, 0x0000000750500000|100%| E|CS|TAMS 0x0000000750400000, 0x0000000750400000| Complete 
| 157|0x0000000750500000, 0x0000000750600000, 0x0000000750600000|100%| E|CS|TAMS 0x0000000750500000, 0x0000000750500000| Complete 
| 158|0x0000000750600000, 0x0000000750700000, 0x0000000750700000|100%| E|CS|TAMS 0x0000000750600000, 0x0000000750600000| Complete 
| 159|0x0000000750700000, 0x0000000750800000, 0x0000000750800000|100%| E|CS|TAMS 0x0000000750700000, 0x0000000750700000| Complete 
| 160|0x0000000750800000, 0x0000000750900000, 0x0000000750900000|100%| E|CS|TAMS 0x0000000750800000, 0x0000000750800000| Complete 
| 161|0x0000000750900000, 0x0000000750a00000, 0x0000000750a00000|100%| E|CS|TAMS 0x0000000750900000, 0x0000000750900000| Complete 
| 162|0x0000000750a00000, 0x0000000750b00000, 0x0000000750b00000|100%| E|CS|TAMS 0x0000000750a00000, 0x0000000750a00000| Complete 
| 163|0x0000000750b00000, 0x0000000750c00000, 0x0000000750c00000|100%| E|CS|TAMS 0x0000000750b00000, 0x0000000750b00000| Complete 
| 164|0x0000000750c00000, 0x0000000750d00000, 0x0000000750d00000|100%| E|CS|TAMS 0x0000000750c00000, 0x0000000750c00000| Complete 
| 165|0x0000000750d00000, 0x0000000750e00000, 0x0000000750e00000|100%| S|CS|TAMS 0x0000000750d00000, 0x0000000750d00000| Complete 
| 166|0x0000000750e00000, 0x0000000750f00000, 0x0000000750f00000|100%| S|CS|TAMS 0x0000000750e00000, 0x0000000750e00000| Complete 
| 167|0x0000000750f00000, 0x0000000751000000, 0x0000000751000000|100%| S|CS|TAMS 0x0000000750f00000, 0x0000000750f00000| Complete 
| 168|0x0000000751000000, 0x0000000751100000, 0x0000000751100000|100%| S|CS|TAMS 0x0000000751000000, 0x0000000751000000| Complete 
| 169|0x0000000751100000, 0x0000000751200000, 0x0000000751200000|100%| S|CS|TAMS 0x0000000751100000, 0x0000000751100000| Complete 
| 170|0x0000000751200000, 0x0000000751300000, 0x0000000751300000|100%| S|CS|TAMS 0x0000000751200000, 0x0000000751200000| Complete 
| 171|0x0000000751300000, 0x0000000751400000, 0x0000000751400000|100%| S|CS|TAMS 0x0000000751300000, 0x0000000751300000| Complete 
| 172|0x0000000751400000, 0x0000000751500000, 0x0000000751500000|100%| E|CS|TAMS 0x0000000751400000, 0x0000000751400000| Complete 
| 173|0x0000000751500000, 0x0000000751600000, 0x0000000751600000|100%| E|CS|TAMS 0x0000000751500000, 0x0000000751500000| Complete 
| 174|0x0000000751600000, 0x0000000751700000, 0x0000000751700000|100%| E|CS|TAMS 0x0000000751600000, 0x0000000751600000| Complete 
| 175|0x0000000751700000, 0x0000000751800000, 0x0000000751800000|100%| E|CS|TAMS 0x0000000751700000, 0x0000000751700000| Complete 
| 176|0x0000000751800000, 0x0000000751900000, 0x0000000751900000|100%| E|CS|TAMS 0x0000000751800000, 0x0000000751800000| Complete 
| 177|0x0000000751900000, 0x0000000751a00000, 0x0000000751a00000|100%| E|CS|TAMS 0x0000000751900000, 0x0000000751900000| Complete 
| 178|0x0000000751a00000, 0x0000000751b00000, 0x0000000751b00000|100%| E|CS|TAMS 0x0000000751a00000, 0x0000000751a00000| Complete 
| 179|0x0000000751b00000, 0x0000000751c00000, 0x0000000751c00000|100%| E|CS|TAMS 0x0000000751b00000, 0x0000000751b00000| Complete 
| 180|0x0000000751c00000, 0x0000000751d00000, 0x0000000751d00000|100%| E|CS|TAMS 0x0000000751c00000, 0x0000000751c00000| Complete 
| 181|0x0000000751d00000, 0x0000000751e00000, 0x0000000751e00000|100%| E|CS|TAMS 0x0000000751d00000, 0x0000000751d00000| Complete 
| 182|0x0000000751e00000, 0x0000000751f00000, 0x0000000751f00000|100%| E|CS|TAMS 0x0000000751e00000, 0x0000000751e00000| Complete 
| 183|0x0000000751f00000, 0x0000000752000000, 0x0000000752000000|100%| E|CS|TAMS 0x0000000751f00000, 0x0000000751f00000| Complete 
| 184|0x0000000752000000, 0x0000000752100000, 0x0000000752100000|100%| E|CS|TAMS 0x0000000752000000, 0x0000000752000000| Complete 
| 185|0x0000000752100000, 0x0000000752200000, 0x0000000752200000|100%| E|CS|TAMS 0x0000000752100000, 0x0000000752100000| Complete 
| 186|0x0000000752200000, 0x0000000752300000, 0x0000000752300000|100%| E|CS|TAMS 0x0000000752200000, 0x0000000752200000| Complete 
| 187|0x0000000752300000, 0x0000000752400000, 0x0000000752400000|100%| E|CS|TAMS 0x0000000752300000, 0x0000000752300000| Complete 
| 188|0x0000000752400000, 0x0000000752500000, 0x0000000752500000|100%| E|CS|TAMS 0x0000000752400000, 0x0000000752400000| Complete 
| 189|0x0000000752500000, 0x0000000752600000, 0x0000000752600000|100%| E|CS|TAMS 0x0000000752500000, 0x0000000752500000| Complete 
| 190|0x0000000752600000, 0x0000000752700000, 0x0000000752700000|100%| E|CS|TAMS 0x0000000752600000, 0x0000000752600000| Complete 
| 191|0x0000000752700000, 0x0000000752800000, 0x0000000752800000|100%| E|CS|TAMS 0x0000000752700000, 0x0000000752700000| Complete 
| 192|0x0000000752800000, 0x0000000752900000, 0x0000000752900000|100%| E|CS|TAMS 0x0000000752800000, 0x0000000752800000| Complete 
| 193|0x0000000752900000, 0x0000000752a00000, 0x0000000752a00000|100%| E|CS|TAMS 0x0000000752900000, 0x0000000752900000| Complete 
| 194|0x0000000752a00000, 0x0000000752b00000, 0x0000000752b00000|100%| E|CS|TAMS 0x0000000752a00000, 0x0000000752a00000| Complete 
| 195|0x0000000752b00000, 0x0000000752c00000, 0x0000000752c00000|100%| E|CS|TAMS 0x0000000752b00000, 0x0000000752b00000| Complete 
| 196|0x0000000752c00000, 0x0000000752d00000, 0x0000000752d00000|100%| E|CS|TAMS 0x0000000752c00000, 0x0000000752c00000| Complete 
| 197|0x0000000752d00000, 0x0000000752e00000, 0x0000000752e00000|100%| E|CS|TAMS 0x0000000752d00000, 0x0000000752d00000| Complete 
| 198|0x0000000752e00000, 0x0000000752f00000, 0x0000000752f00000|100%| E|CS|TAMS 0x0000000752e00000, 0x0000000752e00000| Complete 
| 199|0x0000000752f00000, 0x0000000753000000, 0x0000000753000000|100%| E|CS|TAMS 0x0000000752f00000, 0x0000000752f00000| Complete 
| 200|0x0000000753000000, 0x0000000753100000, 0x0000000753100000|100%| E|CS|TAMS 0x0000000753000000, 0x0000000753000000| Complete 
| 201|0x0000000753100000, 0x0000000753200000, 0x0000000753200000|100%| E|CS|TAMS 0x0000000753100000, 0x0000000753100000| Complete 
| 202|0x0000000753200000, 0x0000000753300000, 0x0000000753300000|100%| E|CS|TAMS 0x0000000753200000, 0x0000000753200000| Complete 
| 203|0x0000000753300000, 0x0000000753400000, 0x0000000753400000|100%| E|CS|TAMS 0x0000000753300000, 0x0000000753300000| Complete 
| 204|0x0000000753400000, 0x0000000753500000, 0x0000000753500000|100%| E|CS|TAMS 0x0000000753400000, 0x0000000753400000| Complete 
| 205|0x0000000753500000, 0x0000000753600000, 0x0000000753600000|100%| E|CS|TAMS 0x0000000753500000, 0x0000000753500000| Complete 
| 206|0x0000000753600000, 0x0000000753700000, 0x0000000753700000|100%| E|CS|TAMS 0x0000000753600000, 0x0000000753600000| Complete 
| 207|0x0000000753700000, 0x0000000753800000, 0x0000000753800000|100%| E|CS|TAMS 0x0000000753700000, 0x0000000753700000| Complete 
| 208|0x0000000753800000, 0x0000000753900000, 0x0000000753900000|100%| E|CS|TAMS 0x0000000753800000, 0x0000000753800000| Complete 
| 209|0x0000000753900000, 0x0000000753a00000, 0x0000000753a00000|100%| E|CS|TAMS 0x0000000753900000, 0x0000000753900000| Complete 
| 210|0x0000000753a00000, 0x0000000753b00000, 0x0000000753b00000|100%| E|CS|TAMS 0x0000000753a00000, 0x0000000753a00000| Complete 
| 211|0x0000000753b00000, 0x0000000753c00000, 0x0000000753c00000|100%| E|CS|TAMS 0x0000000753b00000, 0x0000000753b00000| Complete 
| 212|0x0000000753c00000, 0x0000000753d00000, 0x0000000753d00000|100%| E|CS|TAMS 0x0000000753c00000, 0x0000000753c00000| Complete 
| 213|0x0000000753d00000, 0x0000000753e00000, 0x0000000753e00000|100%| E|CS|TAMS 0x0000000753d00000, 0x0000000753d00000| Complete 
| 214|0x0000000753e00000, 0x0000000753f00000, 0x0000000753f00000|100%| E|CS|TAMS 0x0000000753e00000, 0x0000000753e00000| Complete 
| 215|0x0000000753f00000, 0x0000000754000000, 0x0000000754000000|100%| E|CS|TAMS 0x0000000753f00000, 0x0000000753f00000| Complete 
| 216|0x0000000754000000, 0x0000000754100000, 0x0000000754100000|100%| E|CS|TAMS 0x0000000754000000, 0x0000000754000000| Complete 
| 217|0x0000000754100000, 0x0000000754200000, 0x0000000754200000|100%| E|CS|TAMS 0x0000000754100000, 0x0000000754100000| Complete 
| 218|0x0000000754200000, 0x0000000754300000, 0x0000000754300000|100%| E|CS|TAMS 0x0000000754200000, 0x0000000754200000| Complete 
| 219|0x0000000754300000, 0x0000000754400000, 0x0000000754400000|100%| E|CS|TAMS 0x0000000754300000, 0x0000000754300000| Complete 
| 220|0x0000000754400000, 0x0000000754500000, 0x0000000754500000|100%| E|CS|TAMS 0x0000000754400000, 0x0000000754400000| Complete 
| 221|0x0000000754500000, 0x0000000754600000, 0x0000000754600000|100%| E|CS|TAMS 0x0000000754500000, 0x0000000754500000| Complete 
| 222|0x0000000754600000, 0x0000000754700000, 0x0000000754700000|100%| E|CS|TAMS 0x0000000754600000, 0x0000000754600000| Complete 
| 223|0x0000000754700000, 0x0000000754800000, 0x0000000754800000|100%| E|CS|TAMS 0x0000000754700000, 0x0000000754700000| Complete 
| 224|0x0000000754800000, 0x0000000754900000, 0x0000000754900000|100%| E|CS|TAMS 0x0000000754800000, 0x0000000754800000| Complete 
| 225|0x0000000754900000, 0x0000000754a00000, 0x0000000754a00000|100%| E|CS|TAMS 0x0000000754900000, 0x0000000754900000| Complete 
| 226|0x0000000754a00000, 0x0000000754b00000, 0x0000000754b00000|100%| E|CS|TAMS 0x0000000754a00000, 0x0000000754a00000| Complete 
| 227|0x0000000754b00000, 0x0000000754c00000, 0x0000000754c00000|100%| E|CS|TAMS 0x0000000754b00000, 0x0000000754b00000| Complete 
| 228|0x0000000754c00000, 0x0000000754d00000, 0x0000000754d00000|100%| E|CS|TAMS 0x0000000754c00000, 0x0000000754c00000| Complete 
| 229|0x0000000754d00000, 0x0000000754e00000, 0x0000000754e00000|100%| E|CS|TAMS 0x0000000754d00000, 0x0000000754d00000| Complete 
| 230|0x0000000754e00000, 0x0000000754f00000, 0x0000000754f00000|100%| E|CS|TAMS 0x0000000754e00000, 0x0000000754e00000| Complete 
| 231|0x0000000754f00000, 0x0000000755000000, 0x0000000755000000|100%| E|CS|TAMS 0x0000000754f00000, 0x0000000754f00000| Complete 
| 232|0x0000000755000000, 0x0000000755100000, 0x0000000755100000|100%| E|CS|TAMS 0x0000000755000000, 0x0000000755000000| Complete 
| 233|0x0000000755100000, 0x0000000755200000, 0x0000000755200000|100%| E|CS|TAMS 0x0000000755100000, 0x0000000755100000| Complete 
| 234|0x0000000755200000, 0x0000000755300000, 0x0000000755300000|100%| E|CS|TAMS 0x0000000755200000, 0x0000000755200000| Complete 
|1942|0x00000007bfe00000, 0x00000007bfe47000, 0x00000007bff00000| 27%|OA|  |TAMS 0x00000007bfe47000, 0x00000007bfe00000| Untracked 
|1943|0x00000007bff00000, 0x00000007bff6a000, 0x00000007c0000000| 41%|CA|  |TAMS 0x00000007bff6a000, 0x00000007bff00000| Untracked 

Card table byte_map: [0x00007f3955a75000,0x00007f3956041000] _byte_map_base: 0x00007f3952041000

Marking Bits (Prev, Next): (CMBitMap*) 0x00007f3950068500, (CMBitMap*) 0x00007f39500684c8
 Prev Bits: [0x00007f392e340000, 0x00007f39311a0000)
 Next Bits: [0x00007f39311a0000, 0x00007f3934000000)

Polling page: 0x00007f3956d1b000

Metaspace:

Usage:
  Non-class:     22.03 MB capacity,    21.55 MB ( 98%) used,   439.28 KB (  2%) free+waste,    54.19 KB ( <1%) overhead. 
      Class:      2.97 MB capacity,     2.75 MB ( 93%) used,   201.73 KB (  7%) free+waste,    24.19 KB ( <1%) overhead. 
       Both:     24.99 MB capacity,    24.29 MB ( 97%) used,   641.02 KB (  3%) free+waste,    78.38 KB ( <1%) overhead. 

Virtual space:
  Non-class space:       24.00 MB reserved,      22.17 MB ( 92%) committed 
      Class space:        1.00 GB reserved,       3.00 MB ( <1%) committed 
             Both:        1.02 GB reserved,      25.17 MB (  2%) committed 

Chunk freelists:
   Non-Class:  99.00 KB
       Class:  3.00 KB
        Both:  102.00 KB

MaxMetaspaceSize: unlimited
CompressedClassSpaceSize: 1.00 GB

CodeHeap 'non-profiled nmethods': size=120032Kb used=2027Kb max_used=2027Kb free=118004Kb
 bounds [0x00007f39403ca000, 0x00007f394063a000, 0x00007f3947902000]
CodeHeap 'profiled nmethods': size=120032Kb used=11059Kb max_used=11059Kb free=108972Kb
 bounds [0x00007f3938e92000, 0x00007f3939962000, 0x00007f39403ca000]
CodeHeap 'non-nmethods': size=5696Kb used=1135Kb max_used=1177Kb free=4560Kb
 bounds [0x00007f3938902000, 0x00007f3938b72000, 0x00007f3938e92000]
 total_blobs=5840 nmethods=5363 adapters=389
 compilation: enabled
              stopped_count=0, restarted_count=0
 full_count=0

Compilation events (20 events):
Event: 4.132 Thread 0x00007f395016e800 nmethod 5368 0x00007f3939947c10 code [0x00007f3939947e40, 0x00007f39399483e0]
Event: 4.132 Thread 0x00007f395016e800 5369       2       org.apache.maven.model.ReportPlugin::getReportSets (23 bytes)
Event: 4.132 Thread 0x00007f395016e800 nmethod 5369 0x00007f3939948710 code [0x00007f39399488c0, 0x00007f3939948b30]
Event: 4.133 Thread 0x00007f395016e800 5370       1       org.apache.maven.model.Parent::setArtifactId (6 bytes)
Event: 4.133 Thread 0x00007f395016e800 nmethod 5370 0x00007f39405b7d90 code [0x00007f39405b7f40, 0x00007f39405b8070]
Event: 4.133 Thread 0x00007f395016e800 5371       1       org.apache.maven.model.Parent::setGroupId (6 bytes)
Event: 4.134 Thread 0x00007f395016e800 nmethod 5371 0x00007f39405b8110 code [0x00007f39405b82c0, 0x00007f39405b83f0]
Event: 4.134 Thread 0x00007f395016e800 5372       2       org.eclipse.aether.artifact.AbstractArtifact::newInstance (27 bytes)
Event: 4.134 Thread 0x00007f395016e800 nmethod 5372 0x00007f3939948c10 code [0x00007f3939948e00, 0x00007f39399490c0]
Event: 4.134 Thread 0x00007f395016e800 5373       2       org.eclipse.aether.artifact.DefaultArtifact::<init> (59 bytes)
Event: 4.134 Thread 0x00007f395016e800 nmethod 5373 0x00007f3939949210 code [0x00007f39399493e0, 0x00007f39399497f0]
Event: 4.134 Thread 0x00007f395016e800 5374       1       org.apache.maven.model.MailingList::setName (6 bytes)
Event: 4.134 Thread 0x00007f395016e800 nmethod 5374 0x00007f39405b8490 code [0x00007f39405b8640, 0x00007f39405b8770]
Event: 4.134 Thread 0x00007f395016e800 5375       1       org.apache.maven.model.MailingList::setSubscribe (6 bytes)
Event: 4.134 Thread 0x00007f395016e800 nmethod 5375 0x00007f39405b8810 code [0x00007f39405b89c0, 0x00007f39405b8af0]
Event: 4.135 Thread 0x00007f395016e800 5376       1       org.apache.maven.model.MailingList::setUnsubscribe (6 bytes)
Event: 4.135 Thread 0x00007f395016e800 nmethod 5376 0x00007f39405b8b90 code [0x00007f39405b8d40, 0x00007f39405b8e70]
Event: 4.136 Thread 0x00007f395016e800 5377       1       org.apache.maven.model.MailingList::setArchive (6 bytes)
Event: 4.136 Thread 0x00007f395016e800 nmethod 5377 0x00007f39405b8f10 code [0x00007f39405b90c0, 0x00007f39405b91f0]
Event: 4.136 Thread 0x00007f395016e800 5378       2       org.apache.maven.model.io.xpp3.MavenXpp3Reader::parsePluginExecution (340 bytes)

GC Heap History (10 events):
Event: 0.502 GC heap before
{Heap before GC invocations=0 (full 0):
 garbage-first heap   total 192512K, used 15044K [0x0000000746800000, 0x0000000800000000)
  region size 1024K, 14 young (14336K), 0 survivors (0K)
 Metaspace       used 4096K, capacity 7153K, committed 7296K, reserved 1056768K
  class space    used 460K, capacity 792K, committed 896K, reserved 1048576K
}
Event: 0.512 GC heap after
{Heap after GC invocations=1 (full 0):
 garbage-first heap   total 192512K, used 3292K [0x0000000746800000, 0x0000000800000000)
  region size 1024K, 2 young (2048K), 2 survivors (2048K)
 Metaspace       used 4096K, capacity 7153K, committed 7296K, reserved 1056768K
  class space    used 460K, capacity 792K, committed 896K, reserved 1048576K
}
Event: 0.713 GC heap before
{Heap before GC invocations=1 (full 0):
 garbage-first heap   total 192512K, used 15580K [0x0000000746800000, 0x0000000800000000)
  region size 1024K, 14 young (14336K), 2 survivors (2048K)
 Metaspace       used 5395K, capacity 7998K, committed 8192K, reserved 1056768K
  class space    used 641K, capacity 924K, committed 1024K, reserved 1048576K
}
Event: 0.719 GC heap after
{Heap after GC invocations=2 (full 0):
 garbage-first heap   total 192512K, used 3868K [0x0000000746800000, 0x0000000800000000)
  region size 1024K, 1 young (1024K), 1 survivors (1024K)
 Metaspace       used 5395K, capacity 7998K, committed 8192K, reserved 1056768K
  class space    used 641K, capacity 924K, committed 1024K, reserved 1048576K
}
Event: 1.287 GC heap before
{Heap before GC invocations=2 (full 0):
 garbage-first heap   total 192512K, used 36636K [0x0000000746800000, 0x0000000800000000)
  region size 1024K, 33 young (33792K), 1 survivors (1024K)
 Metaspace       used 10414K, capacity 12590K, committed 12928K, reserved 1060864K
  class space    used 1287K, capacity 1550K, committed 1664K, reserved 1048576K
}
Event: 1.291 GC heap after
{Heap after GC invocations=3 (full 0):
 garbage-first heap   total 192512K, used 5561K [0x0000000746800000, 0x0000000800000000)
  region size 1024K, 3 young (3072K), 3 survivors (3072K)
 Metaspace       used 10414K, capacity 12590K, committed 12928K, reserved 1060864K
  class space    used 1287K, capacity 1550K, committed 1664K, reserved 1048576K
}
Event: 2.120 GC heap before
{Heap before GC invocations=3 (full 0):
 garbage-first heap   total 192512K, used 59833K [0x0000000746800000, 0x0000000800000000)
  region size 1024K, 56 young (57344K), 3 survivors (3072K)
 Metaspace       used 14051K, capacity 15734K, committed 16000K, reserved 1062912K
  class space    used 1622K, capacity 1843K, committed 1920K, reserved 1048576K
}
Event: 2.137 GC heap after
{Heap after GC invocations=4 (full 0):
 garbage-first heap   total 192512K, used 8599K [0x0000000746800000, 0x0000000800000000)
  region size 1024K, 6 young (6144K), 6 survivors (6144K)
 Metaspace       used 14051K, capacity 15734K, committed 16000K, reserved 1062912K
  class space    used 1622K, capacity 1843K, committed 1920K, reserved 1048576K
}
Event: 2.484 GC heap before
{Heap before GC invocations=4 (full 0):
 garbage-first heap   total 192512K, used 21911K [0x0000000746800000, 0x0000000800000000)
  region size 1024K, 20 young (20480K), 6 survivors (6144K)
 Metaspace       used 19703K, capacity 21010K, committed 21296K, reserved 1069056K
  class space    used 2349K, capacity 2568K, committed 2688K, reserved 1048576K
}
Event: 2.497 GC heap after
{Heap after GC invocations=5 (full 0):
 garbage-first heap   total 242688K, used 10471K [0x0000000746800000, 0x0000000800000000)
  region size 1024K, 7 young (7168K), 7 survivors (7168K)
 Metaspace       used 19703K, capacity 21010K, committed 21296K, reserved 1069056K
  class space    used 2349K, capacity 2568K, committed 2688K, reserved 1048576K
}

Deoptimization events (20 events):
Event: 4.096 Thread 0x00007f3950016000 Uncommon trap: trap_request=0xffffffde fr.pc=0x00007f3940560a10 relative=0x0000000000000210
Event: 4.096 Thread 0x00007f3950016000 Uncommon trap: reason=class_check action=maybe_recompile pc=0x00007f3940560a10 method=java.util.regex.Matcher.match(II)Z @ 121 c2
Event: 4.096 Thread 0x00007f3950016000 DEOPT PACKING pc=0x00007f3940560a10 sp=0x00007f3956e5cdc0
Event: 4.096 Thread 0x00007f3950016000 DEOPT UNPACKING pc=0x00007f39389288a5 sp=0x00007f3956e5cd68 mode 2
Event: 4.096 Thread 0x00007f3950016000 Uncommon trap: trap_request=0xffffffde fr.pc=0x00007f3940560a10 relative=0x0000000000000210
Event: 4.096 Thread 0x00007f3950016000 Uncommon trap: reason=class_check action=maybe_recompile pc=0x00007f3940560a10 method=java.util.regex.Matcher.match(II)Z @ 121 c2
Event: 4.096 Thread 0x00007f3950016000 DEOPT PACKING pc=0x00007f3940560a10 sp=0x00007f3956e5ce50
Event: 4.096 Thread 0x00007f3950016000 DEOPT UNPACKING pc=0x00007f39389288a5 sp=0x00007f3956e5cdf8 mode 2
Event: 4.098 Thread 0x00007f3950016000 Uncommon trap: trap_request=0xffffffde fr.pc=0x00007f3940560a10 relative=0x0000000000000210
Event: 4.098 Thread 0x00007f3950016000 Uncommon trap: reason=class_check action=maybe_recompile pc=0x00007f3940560a10 method=java.util.regex.Matcher.match(II)Z @ 121 c2
Event: 4.098 Thread 0x00007f3950016000 DEOPT PACKING pc=0x00007f3940560a10 sp=0x00007f3956e5cde0
Event: 4.098 Thread 0x00007f3950016000 DEOPT UNPACKING pc=0x00007f39389288a5 sp=0x00007f3956e5cd88 mode 2
Event: 4.132 Thread 0x00007f3950016000 Uncommon trap: trap_request=0xffffff4d fr.pc=0x00007f39404f83e4 relative=0x00000000000001e4
Event: 4.132 Thread 0x00007f3950016000 Uncommon trap: reason=unstable_if action=reinterpret pc=0x00007f39404f83e4 method=org.apache.maven.model.ConfigurationContainer.getLocation(Ljava/lang/Object;)Lorg/apache/maven/model/InputLocation; @ 18 c2
Event: 4.132 Thread 0x00007f3950016000 DEOPT PACKING pc=0x00007f39404f83e4 sp=0x00007f3956e5bfe0
Event: 4.132 Thread 0x00007f3950016000 DEOPT UNPACKING pc=0x00007f39389288a5 sp=0x00007f3956e5bfa0 mode 2
Event: 4.132 Thread 0x00007f3950016000 Uncommon trap: trap_request=0xffffff4d fr.pc=0x00007f39404fe12c relative=0x000000000000024c
Event: 4.132 Thread 0x00007f3950016000 Uncommon trap: reason=unstable_if action=reinterpret pc=0x00007f39404fe12c method=org.apache.maven.model.ConfigurationContainer.setLocation(Ljava/lang/Object;Lorg/apache/maven/model/InputLocation;)V @ 19 c2
Event: 4.132 Thread 0x00007f3950016000 DEOPT PACKING pc=0x00007f39404fe12c sp=0x00007f3956e5bfe0
Event: 4.132 Thread 0x00007f3950016000 DEOPT UNPACKING pc=0x00007f39389288a5 sp=0x00007f3956e5bf98 mode 2

Classes redefined (0 events):
No events

Internal exceptions (20 events):
Event: 1.252 Thread 0x00007f3950016000 Exception <a 'java/lang/NoClassDefFoundError'{0x0000000750288ca0}> (0x0000000750288ca0) thrown at [src/hotspot/share/prims/jvm.cpp, line 1301]
Event: 1.252 Thread 0x00007f3950016000 Exception <a 'java/lang/NoClassDefFoundError'{0x000000075028ba08}: javax/annotation/Priority> (0x000000075028ba08) thrown at [src/hotspot/share/classfile/systemDictionary.cpp, line 220]
Event: 1.693 Thread 0x00007f3950016000 Implicit null exception at 0x00007f3940438785 to 0x00007f394043896c
Event: 1.695 Thread 0x00007f3950016000 Implicit null exception at 0x00007f3940460b2f to 0x00007f3940460bad
Event: 2.327 Thread 0x00007f3950016000 Exception <a 'java/lang/NoSuchMethodError'{0x00000007517c2550}: 'int java.lang.invoke.DirectMethodHandle$Holder.invokeVirtual(java.lang.Object, java.lang.Object, java.lang.Object)'> (0x00000007517c2550) thrown at [src/hotspot/share/interpreter/linkResolver.cpp, line 772]
Event: 2.390 Thread 0x00007f3950016000 Exception <a 'java/lang/NoSuchMethodError'{0x00000007516dac40}: 'int java.lang.invoke.DirectMethodHandle$Holder.invokeStaticInit(java.lang.Object, java.lang.Object)'> (0x00000007516dac40) thrown at [src/hotspot/share/interpreter/linkResolver.cpp, line 772]
Event: 2.455 Thread 0x00007f3950016000 Exception <a 'java/lang/NoSuchMethodError'{0x00000007515a8fd0}: 'int java.lang.invoke.DirectMethodHandle$Holder.invokeVirtual(java.lang.Object, java.lang.Object)'> (0x00000007515a8fd0) thrown at [src/hotspot/share/interpreter/linkResolver.cpp, line 772]
Event: 2.462 Thread 0x00007f3950016000 Exception <a 'java/lang/NoSuchMethodError'{0x00000007515d7bb8}: 'java.lang.Object java.lang.invoke.Invokers$Holder.linkToTargetMethod(java.lang.Object, java.lang.Object, java.lang.Object, java.lang.Object, java.lang.Object, java.lang.Object)'> (0x00000007515d7bb8) thrown at [src/hotspot/share/interpreter/linkResolver.cpp, line 772]
Event: 2.741 Thread 0x00007f3950016000 Exception <a 'java/lang/NoSuchMethodError'{0x0000000754fd9b00}: 'int java.lang.invoke.DirectMethodHandle$Holder.invokeSpecial(java.lang.Object, java.lang.Object, java.lang.Object, java.lang.Object)'> (0x0000000754fd9b00) thrown at [src/hotspot/share/interpreter/linkResolver.cpp, line 772]
Event: 2.836 Thread 0x00007f3950016000 Exception <a 'java/lang/NoSuchMethodError'{0x0000000754ded300}: 'java.lang.Object java.lang.invoke.DirectMethodHandle$Holder.invokeStatic(java.lang.Object, int, java.lang.Object)'> (0x0000000754ded300) thrown at [src/hotspot/share/interpreter/linkResolver.cpp, line 772]
Event: 2.924 Thread 0x00007f3950016000 Exception <a 'java/lang/NoSuchMethodError'{0x0000000754b474b8}: 'int java.lang.invoke.DirectMethodHandle$Holder.invokeSpecial(java.lang.Object, java.lang.Object, java.lang.Object, java.lang.Object, java.lang.Object)'> (0x0000000754b474b8) thrown at [src/hotspot/share/interpreter/linkResolver.cpp, line 772]
Event: 3.338 Thread 0x00007f3950016000 Exception <a 'java/lang/NoSuchMethodError'{0x0000000752dea6f0}: 'int java.lang.invoke.DirectMethodHandle$Holder.invokeVirtual(java.lang.Object, java.lang.Object, java.lang.Object, java.lang.Object)'> (0x0000000752dea6f0) thrown at [src/hotspot/share/interpreter/linkResolver.cpp, line 772]
Event: 3.340 Thread 0x00007f3950016000 Exception <a 'java/lang/NoSuchMethodError'{0x0000000752df5580}: 'java.lang.Object java.lang.invoke.DirectMethodHandle$Holder.invokeStatic(java.lang.Object, java.lang.Object, int, java.lang.Object)'> (0x0000000752df5580) thrown at [src/hotspot/share/interpreter/linkResolver.cpp, line 772]
Event: 3.341 Thread 0x00007f3950016000 Exception <a 'java/lang/NoSuchMethodError'{0x0000000752dfc300}: 'java.lang.Object java.lang.invoke.Invokers$Holder.linkToTargetMethod(java.lang.Object, int, java.lang.Object, java.lang.Object)'> (0x0000000752dfc300) thrown at [src/hotspot/share/interpreter/linkResolver.cpp, line 772]
Event: 3.341 Thread 0x00007f3950016000 Exception <a 'java/lang/NoSuchMethodError'{0x0000000752c02220}: 'java.lang.Object java.lang.invoke.DirectMethodHandle$Holder.invokeVirtual(java.lang.Object, java.lang.Object, java.lang.Object)'> (0x0000000752c02220) thrown at [src/hotspot/share/interpreter/linkResolver.cpp, line 772]
Event: 3.379 Thread 0x00007f3950016000 Exception <a 'java/lang/NoSuchMethodError'{0x0000000752cdf6f0}: 'void java.lang.invoke.DirectMethodHandle$Holder.invokeVirtual(java.lang.Object, java.lang.Object)'> (0x0000000752cdf6f0) thrown at [src/hotspot/share/interpreter/linkResolver.cpp, line 772]
Event: 3.599 Thread 0x00007f3950016000 Exception <a 'sun/nio/fs/UnixException'{0x000000075237ca70}> (0x000000075237ca70) thrown at [src/hotspot/share/prims/jni.cpp, line 615]
Event: 3.599 Thread 0x00007f3950016000 Exception <a 'sun/nio/fs/UnixException'{0x000000075237d1a0}> (0x000000075237d1a0) thrown at [src/hotspot/share/prims/jni.cpp, line 615]
Event: 3.599 Thread 0x00007f3950016000 Exception <a 'sun/nio/fs/UnixException'{0x000000075237d898}> (0x000000075237d898) thrown at [src/hotspot/share/prims/jni.cpp, line 615]
Event: 3.599 Thread 0x00007f3950016000 Exception <a 'sun/nio/fs/UnixException'{0x000000075237df80}> (0x000000075237df80) thrown at [src/hotspot/share/prims/jni.cpp, line 615]

Events (20 events):
Event: 4.071 loading class org/apache/maven/shared/utils/io/IOUtil
Event: 4.071 loading class org/apache/maven/shared/utils/io/IOUtil done
Event: 4.072 loading class java/io/FileOutputStream$1
Event: 4.072 loading class java/io/FileOutputStream$1 done
Event: 4.079 loading class org/codehaus/plexus/component/configurator/MapOrientedComponentConfigurator
Event: 4.079 loading class org/codehaus/plexus/component/configurator/MapOrientedComponentConfigurator done
Event: 4.079 loading class org/codehaus/plexus/component/configurator/MapOrientedComponentConfigurator
Event: 4.079 loading class org/codehaus/plexus/component/configurator/MapOrientedComponentConfigurator done
Event: 4.079 loading class org/codehaus/plexus/component/configurator/BasicComponentConfigurator
Event: 4.079 loading class org/codehaus/plexus/component/configurator/BasicComponentConfigurator done
Event: 4.079 loading class org/codehaus/plexus/component/configurator/BasicComponentConfigurator
Event: 4.079 loading class org/codehaus/plexus/component/configurator/BasicComponentConfigurator done
Event: 4.087 loading class org/apache/maven/toolchain/DefaultToolchainManager
Event: 4.087 loading class org/apache/maven/toolchain/DefaultToolchainManager done
Event: 4.087 loading class org/apache/maven/toolchain/DefaultToolchainManager
Event: 4.087 loading class org/apache/maven/toolchain/DefaultToolchainManager done
Event: 4.126 loading class sun/nio/cs/ISO_8859_1$Decoder
Event: 4.126 loading class sun/nio/cs/ISO_8859_1$Decoder done
Event: 4.126 Executing VM operation: Deoptimize
Event: 4.126 Executing VM operation: Deoptimize done


Dynamic libraries:
746800000-755300000 rw-p 00000000 00:00 0 
755300000-7bfe00000 ---p 00000000 00:00 0 
7bfe00000-7bfe47000 rw-p 0110d000 08:08 1192092                          /usr/lib/jvm/java-11-openjdk-amd64/lib/server/classes.jsa
7bfe47000-7bff00000 rw-p 00000000 00:00 0 
7bff00000-7bff6a000 rw-p 010a3000 08:08 1192092                          /usr/lib/jvm/java-11-openjdk-amd64/lib/server/classes.jsa
7bff6a000-7c0000000 rw-p 00000000 00:00 0 
7c0000000-800000000 ---p 00000000 00:00 0 
800000000-800002000 rwxp 00001000 08:08 1192092                          /usr/lib/jvm/java-11-openjdk-amd64/lib/server/classes.jsa
800002000-8003b9000 rw-p 00003000 08:08 1192092                          /usr/lib/jvm/java-11-openjdk-amd64/lib/server/classes.jsa
8003b9000-800a94000 r--p 003ba000 08:08 1192092                          /usr/lib/jvm/java-11-openjdk-amd64/lib/server/classes.jsa
800a94000-800a95000 rw-p 00a95000 08:08 1192092                          /usr/lib/jvm/java-11-openjdk-amd64/lib/server/classes.jsa
800a95000-8010a2000 r--p 00a96000 08:08 1192092                          /usr/lib/jvm/java-11-openjdk-amd64/lib/server/classes.jsa
840000000-840300000 rw-p 00000000 00:00 0 
840300000-880000000 ---p 00000000 00:00 0 
5570f11a0000-5570f11a1000 r--p 00000000 08:08 1191793                    /usr/lib/jvm/java-11-openjdk-amd64/bin/java
5570f11a1000-5570f11a2000 r-xp 00001000 08:08 1191793                    /usr/lib/jvm/java-11-openjdk-amd64/bin/java
5570f11a2000-5570f11a3000 r--p 00002000 08:08 1191793                    /usr/lib/jvm/java-11-openjdk-amd64/bin/java
5570f11a3000-5570f11a4000 r--p 00002000 08:08 1191793                    /usr/lib/jvm/java-11-openjdk-amd64/bin/java
5570f11a4000-5570f11a5000 rw-p 00003000 08:08 1191793                    /usr/lib/jvm/java-11-openjdk-amd64/bin/java
5570f2727000-5570f2748000 rw-p 00000000 00:00 0                          [heap]
7f38e0000000-7f38e0021000 rw-p 00000000 00:00 0 
7f38e0021000-7f38e4000000 ---p 00000000 00:00 0 
7f38e4000000-7f38e4021000 rw-p 00000000 00:00 0 
7f38e4021000-7f38e8000000 ---p 00000000 00:00 0 
7f38e8000000-7f38e95bf000 rw-p 00000000 00:00 0 
7f38e95bf000-7f38ec000000 ---p 00000000 00:00 0 
7f38ec000000-7f38ec021000 rw-p 00000000 00:00 0 
7f38ec021000-7f38f0000000 ---p 00000000 00:00 0 
7f38f0000000-7f38f0021000 rw-p 00000000 00:00 0 
7f38f0021000-7f38f4000000 ---p 00000000 00:00 0 
7f38f4000000-7f38f4021000 rw-p 00000000 00:00 0 
7f38f4021000-7f38f8000000 ---p 00000000 00:00 0 
7f38f8000000-7f38f8021000 rw-p 00000000 00:00 0 
7f38f8021000-7f38fc000000 ---p 00000000 00:00 0 
7f38fc000000-7f38fc021000 rw-p 00000000 00:00 0 
7f38fc021000-7f3900000000 ---p 00000000 00:00 0 
7f3900000000-7f3901241000 rw-p 00000000 00:00 0 
7f3901241000-7f3904000000 ---p 00000000 00:00 0 
7f3904000000-7f3904877000 rw-p 00000000 00:00 0 
7f3904877000-7f3908000000 ---p 00000000 00:00 0 
7f3908000000-7f3908021000 rw-p 00000000 00:00 0 
7f3908021000-7f390c000000 ---p 00000000 00:00 0 
7f390df1c000-7f390df9c000 rw-p 00000000 00:00 0 
7f390df9c000-7f390e11c000 ---p 00000000 00:00 0 
7f390e11c000-7f390e31c000 rw-p 00000000 00:00 0 
7f390e31c000-7f390e508000 rw-p 00000000 00:00 0 
7f390e508000-7f390e51c000 ---p 00000000 00:00 0 
7f390e51c000-7f390e71c000 rw-p 00000000 00:00 0 
7f390e71c000-7f390e91c000 rw-p 00000000 00:00 0 
7f390e91c000-7f390eb1c000 rw-p 00000000 00:00 0 
7f390eb1c000-7f390ed1c000 rw-p 00000000 00:00 0 
7f390ed1c000-7f390ef1c000 rw-p 00000000 00:00 0 
7f390ef1c000-7f390ef1d000 ---p 00000000 00:00 0 
7f390ef1d000-7f390f01e000 rw-p 00000000 00:00 0 
7f390f01e000-7f390f01f000 ---p 00000000 00:00 0 
7f390f01f000-7f390f120000 rw-p 00000000 00:00 0 
7f390f120000-7f390f121000 ---p 00000000 00:00 0 
7f390f121000-7f390f222000 rw-p 00000000 00:00 0 
7f390f222000-7f3910000000 r--p 00000000 08:08 1186387                    /usr/lib/locale/locale-archive
7f3910000000-7f3910021000 rw-p 00000000 00:00 0 
7f3910021000-7f3914000000 ---p 00000000 00:00 0 
7f3914000000-7f3914021000 rw-p 00000000 00:00 0 
7f3914021000-7f3918000000 ---p 00000000 00:00 0 
7f3918000000-7f3918021000 rw-p 00000000 00:00 0 
7f3918021000-7f391c000000 ---p 00000000 00:00 0 
7f391c000000-7f391c037000 rw-p 00000000 00:00 0 
7f391c037000-7f3920000000 ---p 00000000 00:00 0 
7f3920000000-7f3920021000 rw-p 00000000 00:00 0 
7f3920021000-7f3924000000 ---p 00000000 00:00 0 
7f3924000000-7f3924021000 rw-p 00000000 00:00 0 
7f3924021000-7f3928000000 ---p 00000000 00:00 0 
7f3928000000-7f3928021000 rw-p 00000000 00:00 0 
7f3928021000-7f392c000000 ---p 00000000 00:00 0 
7f392c03c000-7f392c040000 ---p 00000000 00:00 0 
7f392c040000-7f392c13d000 rw-p 00000000 00:00 0 
7f392c13d000-7f392c140000 r-xp 00000000 07:06 2311                       /snap/netbeans/30/netbeans/java/maven/lib/jansi-native/linux64/libjansi.so
7f392c140000-7f392c33f000 ---p 00003000 07:06 2311                       /snap/netbeans/30/netbeans/java/maven/lib/jansi-native/linux64/libjansi.so
7f392c33f000-7f392c340000 rw-p 00002000 07:06 2311                       /snap/netbeans/30/netbeans/java/maven/lib/jansi-native/linux64/libjansi.so
7f392c340000-7f392e6ec000 rw-p 00000000 00:00 0 
7f392e6ec000-7f3930198000 ---p 00000000 00:00 0 
7f3930198000-7f39301a0000 rw-p 00000000 00:00 0 
7f39301a0000-7f39311a0000 ---p 00000000 00:00 0 
7f39311a0000-7f393154c000 rw-p 00000000 00:00 0 
7f393154c000-7f3932ff8000 ---p 00000000 00:00 0 
7f3932ff8000-7f3933000000 rw-p 00000000 00:00 0 
7f3933000000-7f3934000000 ---p 00000000 00:00 0 
7f3934000000-7f3934021000 rw-p 00000000 00:00 0 
7f3934021000-7f3938000000 ---p 00000000 00:00 0 
7f39380f9000-7f39380fd000 ---p 00000000 00:00 0 
7f39380fd000-7f39381fa000 rw-p 00000000 00:00 0 
7f39381fa000-7f39381fb000 ---p 00000000 00:00 0 
7f39381fb000-7f39382fc000 rw-p 00000000 00:00 0 
7f39382fc000-7f3938300000 ---p 00000000 00:00 0 
7f3938300000-7f39383fd000 rw-p 00000000 00:00 0 
7f39383fd000-7f3938401000 ---p 00000000 00:00 0 
7f3938401000-7f39384fe000 rw-p 00000000 00:00 0 
7f39384fe000-7f3938502000 ---p 00000000 00:00 0 
7f3938502000-7f39385ff000 rw-p 00000000 00:00 0 
7f39385ff000-7f3938603000 ---p 00000000 00:00 0 
7f3938603000-7f3938700000 rw-p 00000000 00:00 0 
7f3938700000-7f3938704000 ---p 00000000 00:00 0 
7f3938704000-7f3938801000 rw-p 00000000 00:00 0 
7f3938801000-7f3938805000 ---p 00000000 00:00 0 
7f3938805000-7f3938902000 rw-p 00000000 00:00 0 
7f3938902000-7f3938b72000 rwxp 00000000 00:00 0 
7f3938b72000-7f3938e92000 ---p 00000000 00:00 0 
7f3938e92000-7f3939972000 rwxp 00000000 00:00 0 
7f3939972000-7f39403ca000 ---p 00000000 00:00 0 
7f39403ca000-7f394063a000 rwxp 00000000 00:00 0 
7f394063a000-7f3947902000 ---p 00000000 00:00 0 
7f3947902000-7f3950000000 r--s 00000000 08:08 1191956                    /usr/lib/jvm/java-11-openjdk-amd64/lib/modules
7f3950000000-7f3951191000 rw-p 00000000 00:00 0 
7f3951191000-7f3954000000 ---p 00000000 00:00 0 
7f395407c000-7f395407d000 r--p 00000000 08:08 1188991                    /usr/lib/x86_64-linux-gnu/libutil-2.31.so
7f395407d000-7f395407e000 r-xp 00001000 08:08 1188991                    /usr/lib/x86_64-linux-gnu/libutil-2.31.so
7f395407e000-7f395407f000 r--p 00002000 08:08 1188991                    /usr/lib/x86_64-linux-gnu/libutil-2.31.so
7f395407f000-7f3954080000 r--p 00002000 08:08 1188991                    /usr/lib/x86_64-linux-gnu/libutil-2.31.so
7f3954080000-7f3954081000 rw-p 00003000 08:08 1188991                    /usr/lib/x86_64-linux-gnu/libutil-2.31.so
7f3954093000-7f39540c4000 rw-p 00000000 00:00 0 
7f39540c4000-7f39540c8000 r--p 00000000 08:08 1191946                    /usr/lib/jvm/java-11-openjdk-amd64/lib/libnet.so
7f39540c8000-7f39540d7000 r-xp 00004000 08:08 1191946                    /usr/lib/jvm/java-11-openjdk-amd64/lib/libnet.so
7f39540d7000-7f39540db000 r--p 00013000 08:08 1191946                    /usr/lib/jvm/java-11-openjdk-amd64/lib/libnet.so
7f39540db000-7f39540dc000 r--p 00016000 08:08 1191946                    /usr/lib/jvm/java-11-openjdk-amd64/lib/libnet.so
7f39540dc000-7f39540dd000 rw-p 00017000 08:08 1191946                    /usr/lib/jvm/java-11-openjdk-amd64/lib/libnet.so
7f39540dd000-7f39540e4000 r--p 00000000 08:08 1191947                    /usr/lib/jvm/java-11-openjdk-amd64/lib/libnio.so
7f39540e4000-7f39540ec000 r-xp 00007000 08:08 1191947                    /usr/lib/jvm/java-11-openjdk-amd64/lib/libnio.so
7f39540ec000-7f39540ef000 r--p 0000f000 08:08 1191947                    /usr/lib/jvm/java-11-openjdk-amd64/lib/libnio.so
7f39540ef000-7f39540f0000 r--p 00011000 08:08 1191947                    /usr/lib/jvm/java-11-openjdk-amd64/lib/libnio.so
7f39540f0000-7f39540f1000 rw-p 00012000 08:08 1191947                    /usr/lib/jvm/java-11-openjdk-amd64/lib/libnio.so
7f39540f1000-7f39540f5000 ---p 00000000 00:00 0 
7f39540f5000-7f39541f2000 rw-p 00000000 00:00 0 
7f39541f2000-7f39541f3000 ---p 00000000 00:00 0 
7f39541f3000-7f3954bf8000 rw-p 00000000 00:00 0 
7f3954bf8000-7f3954c3a000 rw-p 00000000 00:00 0 
7f3954c3a000-7f3954c3b000 ---p 00000000 00:00 0 
7f3954c3b000-7f3954d3c000 rw-p 00000000 00:00 0 
7f3954d3c000-7f3954d3d000 ---p 00000000 00:00 0 
7f3954d3d000-7f3955242000 rw-p 00000000 00:00 0 
7f3955242000-7f3955243000 ---p 00000000 00:00 0 
7f3955243000-7f3955344000 rw-p 00000000 00:00 0 
7f3955344000-7f3955345000 ---p 00000000 00:00 0 
7f3955345000-7f395551f000 rw-p 00000000 00:00 0 
7f395551f000-7f3955874000 ---p 00000000 00:00 0 
7f3955874000-7f3955875000 rw-p 00000000 00:00 0 
7f3955875000-7f3955a75000 ---p 00000000 00:00 0 
7f3955a75000-7f3955aeb000 rw-p 00000000 00:00 0 
7f3955aeb000-7f3955e40000 ---p 00000000 00:00 0 
7f3955e40000-7f3955e41000 rw-p 00000000 00:00 0 
7f3955e41000-7f3956041000 ---p 00000000 00:00 0 
7f3956041000-7f39560b7000 rw-p 00000000 00:00 0 
7f39560b7000-7f395640c000 ---p 00000000 00:00 0 
7f395640c000-7f395640d000 rw-p 00000000 00:00 0 
7f395640d000-7f395660d000 ---p 00000000 00:00 0 
7f395660d000-7f3956a11000 rw-p 00000000 00:00 0 
7f3956a11000-7f3956a12000 ---p 00000000 00:00 0 
7f3956a12000-7f3956b18000 rw-p 00000000 00:00 0 
7f3956b18000-7f3956bfe000 ---p 00000000 00:00 0 
7f3956bfe000-7f3956c14000 rw-p 00000000 00:00 0 
7f3956c14000-7f3956ce9000 ---p 00000000 00:00 0 
7f3956ce9000-7f3956cee000 rw-p 00000000 00:00 0 
7f3956cee000-7f3956cf5000 ---p 00000000 00:00 0 
7f3956cf5000-7f3956cf8000 r--p 00000000 08:08 1188578                    /usr/lib/x86_64-linux-gnu/libnss_files-2.31.so
7f3956cf8000-7f3956cff000 r-xp 00003000 08:08 1188578                    /usr/lib/x86_64-linux-gnu/libnss_files-2.31.so
7f3956cff000-7f3956d01000 r--p 0000a000 08:08 1188578                    /usr/lib/x86_64-linux-gnu/libnss_files-2.31.so
7f3956d01000-7f3956d02000 r--p 0000b000 08:08 1188578                    /usr/lib/x86_64-linux-gnu/libnss_files-2.31.so
7f3956d02000-7f3956d03000 rw-p 0000c000 08:08 1188578                    /usr/lib/x86_64-linux-gnu/libnss_files-2.31.so
7f3956d03000-7f3956d09000 rw-p 00000000 00:00 0 
7f3956d09000-7f3956d0b000 r--p 00000000 08:08 1191955                    /usr/lib/jvm/java-11-openjdk-amd64/lib/libzip.so
7f3956d0b000-7f3956d0f000 r-xp 00002000 08:08 1191955                    /usr/lib/jvm/java-11-openjdk-amd64/lib/libzip.so
7f3956d0f000-7f3956d11000 r--p 00006000 08:08 1191955                    /usr/lib/jvm/java-11-openjdk-amd64/lib/libzip.so
7f3956d11000-7f3956d12000 r--p 00007000 08:08 1191955                    /usr/lib/jvm/java-11-openjdk-amd64/lib/libzip.so
7f3956d12000-7f3956d13000 rw-p 00008000 08:08 1191955                    /usr/lib/jvm/java-11-openjdk-amd64/lib/libzip.so
7f3956d13000-7f3956d1b000 rw-s 00000000 08:08 1444460                    /tmp/hsperfdata_james/60665
7f3956d1b000-7f3956d1c000 ---p 00000000 00:00 0 
7f3956d1c000-7f3956d1d000 r--p 00000000 00:00 0 
7f3956d1d000-7f3956d1f000 r--p 00000000 08:08 1191938                    /usr/lib/jvm/java-11-openjdk-amd64/lib/libjimage.so
7f3956d1f000-7f3956d22000 r-xp 00002000 08:08 1191938                    /usr/lib/jvm/java-11-openjdk-amd64/lib/libjimage.so
7f3956d22000-7f3956d23000 r--p 00005000 08:08 1191938                    /usr/lib/jvm/java-11-openjdk-amd64/lib/libjimage.so
7f3956d23000-7f3956d24000 ---p 00006000 08:08 1191938                    /usr/lib/jvm/java-11-openjdk-amd64/lib/libjimage.so
7f3956d24000-7f3956d25000 r--p 00006000 08:08 1191938                    /usr/lib/jvm/java-11-openjdk-amd64/lib/libjimage.so
7f3956d25000-7f3956d26000 rw-p 00007000 08:08 1191938                    /usr/lib/jvm/java-11-openjdk-amd64/lib/libjimage.so
7f3956d26000-7f3956d34000 r--p 00000000 08:08 1191934                    /usr/lib/jvm/java-11-openjdk-amd64/lib/libjava.so
7f3956d34000-7f3956d4a000 r-xp 0000e000 08:08 1191934                    /usr/lib/jvm/java-11-openjdk-amd64/lib/libjava.so
7f3956d4a000-7f3956d51000 r--p 00024000 08:08 1191934                    /usr/lib/jvm/java-11-openjdk-amd64/lib/libjava.so
7f3956d51000-7f3956d52000 r--p 0002a000 08:08 1191934                    /usr/lib/jvm/java-11-openjdk-amd64/lib/libjava.so
7f3956d52000-7f3956d53000 rw-p 0002b000 08:08 1191934                    /usr/lib/jvm/java-11-openjdk-amd64/lib/libjava.so
7f3956d53000-7f3956d54000 rw-p 00000000 00:00 0 
7f3956d54000-7f3956d57000 r--p 00000000 08:08 1188780                    /usr/lib/x86_64-linux-gnu/librt-2.31.so
7f3956d57000-7f3956d5b000 r-xp 00003000 08:08 1188780                    /usr/lib/x86_64-linux-gnu/librt-2.31.so
7f3956d5b000-7f3956d5c000 r--p 00007000 08:08 1188780                    /usr/lib/x86_64-linux-gnu/librt-2.31.so
7f3956d5c000-7f3956d5d000 ---p 00008000 08:08 1188780                    /usr/lib/x86_64-linux-gnu/librt-2.31.so
7f3956d5d000-7f3956d5e000 r--p 00008000 08:08 1188780                    /usr/lib/x86_64-linux-gnu/librt-2.31.so
7f3956d5e000-7f3956d5f000 rw-p 00009000 08:08 1188780                    /usr/lib/x86_64-linux-gnu/librt-2.31.so
7f3956d5f000-7f3956d63000 ---p 00000000 00:00 0 
7f3956d63000-7f3956e60000 rw-p 00000000 00:00 0 
7f3956e60000-7f3956e63000 r--p 00000000 08:08 1188101                    /usr/lib/x86_64-linux-gnu/libgcc_s.so.1
7f3956e63000-7f3956e75000 r-xp 00003000 08:08 1188101                    /usr/lib/x86_64-linux-gnu/libgcc_s.so.1
7f3956e75000-7f3956e79000 r--p 00015000 08:08 1188101                    /usr/lib/x86_64-linux-gnu/libgcc_s.so.1
7f3956e79000-7f3956e7a000 r--p 00018000 08:08 1188101                    /usr/lib/x86_64-linux-gnu/libgcc_s.so.1
7f3956e7a000-7f3956e7b000 rw-p 00019000 08:08 1188101                    /usr/lib/x86_64-linux-gnu/libgcc_s.so.1
7f3956e7b000-7f3956e8a000 r--p 00000000 08:08 1188454                    /usr/lib/x86_64-linux-gnu/libm-2.31.so
7f3956e8a000-7f3956f31000 r-xp 0000f000 08:08 1188454                    /usr/lib/x86_64-linux-gnu/libm-2.31.so
7f3956f31000-7f3956fc8000 r--p 000b6000 08:08 1188454                    /usr/lib/x86_64-linux-gnu/libm-2.31.so
7f3956fc8000-7f3956fc9000 r--p 0014c000 08:08 1188454                    /usr/lib/x86_64-linux-gnu/libm-2.31.so
7f3956fc9000-7f3956fca000 rw-p 0014d000 08:08 1188454                    /usr/lib/x86_64-linux-gnu/libm-2.31.so
7f3956fca000-7f3957060000 r--p 00000000 08:08 1188882                    /usr/lib/x86_64-linux-gnu/libstdc++.so.6.0.28
7f3957060000-7f3957150000 r-xp 00096000 08:08 1188882                    /usr/lib/x86_64-linux-gnu/libstdc++.so.6.0.28
7f3957150000-7f3957199000 r--p 00186000 08:08 1188882                    /usr/lib/x86_64-linux-gnu/libstdc++.so.6.0.28
7f3957199000-7f395719a000 ---p 001cf000 08:08 1188882                    /usr/lib/x86_64-linux-gnu/libstdc++.so.6.0.28
7f395719a000-7f39571a5000 r--p 001cf000 08:08 1188882                    /usr/lib/x86_64-linux-gnu/libstdc++.so.6.0.28
7f39571a5000-7f39571a8000 rw-p 001da000 08:08 1188882                    /usr/lib/x86_64-linux-gnu/libstdc++.so.6.0.28
7f39571a8000-7f39571ab000 rw-p 00000000 00:00 0 
7f39571ab000-7f3957418000 r--p 00000000 08:08 1191961                    /usr/lib/jvm/java-11-openjdk-amd64/lib/server/libjvm.so
7f3957418000-7f3957fac000 r-xp 0026d000 08:08 1191961                    /usr/lib/jvm/java-11-openjdk-amd64/lib/server/libjvm.so
7f3957fac000-7f39581e3000 r--p 00e01000 08:08 1191961                    /usr/lib/jvm/java-11-openjdk-amd64/lib/server/libjvm.so
7f39581e3000-7f39582a0000 r--p 01037000 08:08 1191961                    /usr/lib/jvm/java-11-openjdk-amd64/lib/server/libjvm.so
7f39582a0000-7f39582d9000 rw-p 010f4000 08:08 1191961                    /usr/lib/jvm/java-11-openjdk-amd64/lib/server/libjvm.so
7f39582d9000-7f3958332000 rw-p 00000000 00:00 0 
7f3958332000-7f3958339000 r--p 00000000 08:08 1188719                    /usr/lib/x86_64-linux-gnu/libpthread-2.31.so
7f3958339000-7f395834a000 r-xp 00007000 08:08 1188719                    /usr/lib/x86_64-linux-gnu/libpthread-2.31.so
7f395834a000-7f395834f000 r--p 00018000 08:08 1188719                    /usr/lib/x86_64-linux-gnu/libpthread-2.31.so
7f395834f000-7f3958350000 r--p 0001c000 08:08 1188719                    /usr/lib/x86_64-linux-gnu/libpthread-2.31.so
7f3958350000-7f3958351000 rw-p 0001d000 08:08 1188719                    /usr/lib/x86_64-linux-gnu/libpthread-2.31.so
7f3958351000-7f3958355000 rw-p 00000000 00:00 0 
7f3958355000-7f3958356000 r--p 00000000 08:08 1187951                    /usr/lib/x86_64-linux-gnu/libdl-2.31.so
7f3958356000-7f3958358000 r-xp 00001000 08:08 1187951                    /usr/lib/x86_64-linux-gnu/libdl-2.31.so
7f3958358000-7f3958359000 r--p 00003000 08:08 1187951                    /usr/lib/x86_64-linux-gnu/libdl-2.31.so
7f3958359000-7f395835a000 r--p 00003000 08:08 1187951                    /usr/lib/x86_64-linux-gnu/libdl-2.31.so
7f395835a000-7f395835b000 rw-p 00004000 08:08 1187951                    /usr/lib/x86_64-linux-gnu/libdl-2.31.so
7f395835b000-7f395835d000 r--p 00000000 08:08 1189144                    /usr/lib/x86_64-linux-gnu/libz.so.1.2.11
7f395835d000-7f395836e000 r-xp 00002000 08:08 1189144                    /usr/lib/x86_64-linux-gnu/libz.so.1.2.11
7f395836e000-7f3958374000 r--p 00013000 08:08 1189144                    /usr/lib/x86_64-linux-gnu/libz.so.1.2.11
7f3958374000-7f3958375000 ---p 00019000 08:08 1189144                    /usr/lib/x86_64-linux-gnu/libz.so.1.2.11
7f3958375000-7f3958376000 r--p 00019000 08:08 1189144                    /usr/lib/x86_64-linux-gnu/libz.so.1.2.11
7f3958376000-7f3958377000 rw-p 0001a000 08:08 1189144                    /usr/lib/x86_64-linux-gnu/libz.so.1.2.11
7f3958377000-7f395839c000 r--p 00000000 08:08 1187816                    /usr/lib/x86_64-linux-gnu/libc-2.31.so
7f395839c000-7f3958514000 r-xp 00025000 08:08 1187816                    /usr/lib/x86_64-linux-gnu/libc-2.31.so
7f3958514000-7f395855e000 r--p 0019d000 08:08 1187816                    /usr/lib/x86_64-linux-gnu/libc-2.31.so
7f395855e000-7f395855f000 ---p 001e7000 08:08 1187816                    /usr/lib/x86_64-linux-gnu/libc-2.31.so
7f395855f000-7f3958562000 r--p 001e7000 08:08 1187816                    /usr/lib/x86_64-linux-gnu/libc-2.31.so
7f3958562000-7f3958565000 rw-p 001ea000 08:08 1187816                    /usr/lib/x86_64-linux-gnu/libc-2.31.so
7f3958565000-7f3958569000 rw-p 00000000 00:00 0 
7f3958569000-7f395856e000 r--p 00000000 08:08 1191954                    /usr/lib/jvm/java-11-openjdk-amd64/lib/libverify.so
7f395856e000-7f3958575000 r-xp 00005000 08:08 1191954                    /usr/lib/jvm/java-11-openjdk-amd64/lib/libverify.so
7f3958575000-7f3958577000 r--p 0000c000 08:08 1191954                    /usr/lib/jvm/java-11-openjdk-amd64/lib/libverify.so
7f3958577000-7f3958578000 ---p 0000e000 08:08 1191954                    /usr/lib/jvm/java-11-openjdk-amd64/lib/libverify.so
7f3958578000-7f395857a000 r--p 0000e000 08:08 1191954                    /usr/lib/jvm/java-11-openjdk-amd64/lib/libverify.so
7f395857a000-7f395857b000 rw-p 00010000 08:08 1191954                    /usr/lib/jvm/java-11-openjdk-amd64/lib/libverify.so
7f395857b000-7f395857e000 r--p 00000000 08:08 1191918                    /usr/lib/jvm/java-11-openjdk-amd64/lib/jli/libjli.so
7f395857e000-7f3958588000 r-xp 00003000 08:08 1191918                    /usr/lib/jvm/java-11-openjdk-amd64/lib/jli/libjli.so
7f3958588000-7f395858b000 r--p 0000d000 08:08 1191918                    /usr/lib/jvm/java-11-openjdk-amd64/lib/jli/libjli.so
7f395858b000-7f395858c000 ---p 00010000 08:08 1191918                    /usr/lib/jvm/java-11-openjdk-amd64/lib/jli/libjli.so
7f395858c000-7f395858d000 r--p 00010000 08:08 1191918                    /usr/lib/jvm/java-11-openjdk-amd64/lib/jli/libjli.so
7f395858d000-7f395858e000 rw-p 00011000 08:08 1191918                    /usr/lib/jvm/java-11-openjdk-amd64/lib/jli/libjli.so
7f395858e000-7f3958590000 rw-p 00000000 00:00 0 
7f3958590000-7f3958591000 r--p 00000000 08:08 1187603                    /usr/lib/x86_64-linux-gnu/ld-2.31.so
7f3958591000-7f39585b4000 r-xp 00001000 08:08 1187603                    /usr/lib/x86_64-linux-gnu/ld-2.31.so
7f39585b4000-7f39585bc000 r--p 00024000 08:08 1187603                    /usr/lib/x86_64-linux-gnu/ld-2.31.so
7f39585bd000-7f39585be000 r--p 0002c000 08:08 1187603                    /usr/lib/x86_64-linux-gnu/ld-2.31.so
7f39585be000-7f39585bf000 rw-p 0002d000 08:08 1187603                    /usr/lib/x86_64-linux-gnu/ld-2.31.so
7f39585bf000-7f39585c0000 rw-p 00000000 00:00 0 
7ffd0035a000-7ffd0037b000 rw-p 00000000 00:00 0                          [stack]
7ffd00393000-7ffd00396000 r--p 00000000 00:00 0                          [vvar]
7ffd00396000-7ffd00397000 r-xp 00000000 00:00 0                          [vdso]
ffffffffff600000-ffffffffff601000 --xp 00000000 00:00 0                  [vsyscall]


VM Arguments:
jvm_args: -Dclassworlds.conf=/snap/netbeans/30/netbeans/java/maven/bin/m2.conf -Dmaven.home=/snap/netbeans/30/netbeans/java/maven -Dlibrary.jansi.path=/snap/netbeans/30/netbeans/java/maven/lib/jansi-native -Dmaven.multiModuleProjectDirectory=/home/james/NetBeansProjects/proyecto1/tiendaIPC2 
java_command: org.codehaus.plexus.classworlds.launcher.Launcher -Dmaven.ext.class.path=/snap/netbeans/30/netbeans/java/maven-nblib/netbeans-eventspy.jar clean install
java_class_path (initial): /snap/netbeans/30/netbeans/java/maven/boot/plexus-classworlds-2.6.0.jar
Launcher Type: SUN_STANDARD

[Global flags]
     intx CICompilerCount                          = 3                                         {product} {ergonomic}
     uint ConcGCThreads                            = 1                                         {product} {ergonomic}
     uint G1ConcRefinementThreads                  = 4                                         {product} {ergonomic}
   size_t G1HeapRegionSize                         = 1048576                                   {product} {ergonomic}
    uintx GCDrainStackTargetSize                   = 64                                        {product} {ergonomic}
   size_t InitialHeapSize                          = 195035136                                 {product} {ergonomic}
   size_t MarkStackSize                            = 4194304                                   {product} {ergonomic}
   size_t MaxHeapSize                              = 3112173568                                {product} {ergonomic}
   size_t MaxNewSize                               = 1866465280                                {product} {ergonomic}
   size_t MinHeapDeltaBytes                        = 1048576                                   {product} {ergonomic}
    uintx NonNMethodCodeHeapSize                   = 5830732                                {pd product} {ergonomic}
    uintx NonProfiledCodeHeapSize                  = 122913754                              {pd product} {ergonomic}
    uintx ProfiledCodeHeapSize                     = 122913754                              {pd product} {ergonomic}
    uintx ReservedCodeCacheSize                    = 251658240                              {pd product} {ergonomic}
     bool SegmentedCodeCache                       = true                                      {product} {ergonomic}
     bool UseCompressedClassPointers               = true                                 {lp64_product} {ergonomic}
     bool UseCompressedOops                        = true                                 {lp64_product} {ergonomic}
     bool UseG1GC                                  = true                                      {product} {ergonomic}

Logging:
Log output configuration:
 #0: stdout all=warning uptime,level,tags
 #1: stderr all=off uptime,level,tags

Environment Variables:
JAVA_HOME=/usr/lib/jvm/java-11-openjdk-amd64
PATH=/usr/local/sbin:/usr/local/bin:/usr/sbin:/usr/bin:/sbin:/bin:/usr/games:/usr/local/games:/snap/bin
USERNAME=james
SHELL=/bin/bash
DISPLAY=:0
LANG=es_US.UTF-8

Signal Handlers:
SIGSEGV: [libjvm.so+0xd8e010], sa_mask[0]=11111111011111111101111111111110, sa_flags=SA_RESTART|SA_SIGINFO
SIGBUS: [libjvm.so+0xd8e010], sa_mask[0]=11111111011111111101111111111110, sa_flags=SA_RESTART|SA_SIGINFO
SIGFPE: [libjvm.so+0xd8e010], sa_mask[0]=11111111011111111101111111111110, sa_flags=SA_RESTART|SA_SIGINFO
SIGPIPE: [libjvm.so+0xb86b30], sa_mask[0]=11111111011111111101111111111110, sa_flags=SA_RESTART|SA_SIGINFO
SIGXFSZ: [libjvm.so+0xb86b30], sa_mask[0]=11111111011111111101111111111110, sa_flags=SA_RESTART|SA_SIGINFO
SIGILL: [libjvm.so+0xd8e010], sa_mask[0]=11111111011111111101111111111110, sa_flags=SA_RESTART|SA_SIGINFO
SIGUSR2: [libjvm.so+0xb869d0], sa_mask[0]=00100000000000000000000000000000, sa_flags=SA_RESTART|SA_SIGINFO
SIGHUP: [libjvm.so+0xb86e70], sa_mask[0]=11111111011111111101111111111110, sa_flags=SA_RESTART|SA_SIGINFO
SIGINT: SIG_IGN, sa_mask[0]=00000000000000000000000000000000, sa_flags=none
SIGTERM: [libjvm.so+0xb86e70], sa_mask[0]=11111111011111111101111111111110, sa_flags=SA_RESTART|SA_SIGINFO
SIGQUIT: [libjvm.so+0xb86e70], sa_mask[0]=11111111011111111101111111111110, sa_flags=SA_RESTART|SA_SIGINFO


---------------  S Y S T E M  ---------------

OS:DISTRIB_ID=Ubuntu
DISTRIB_RELEASE=20.04
DISTRIB_CODENAME=focal
DISTRIB_DESCRIPTION="Ubuntu 20.04.1 LTS"
uname:Linux 5.4.0-42-generic #46-Ubuntu SMP Fri Jul 10 00:24:02 UTC 2020 x86_64
OS uptime: 2 days 13:56 hours
libc:glibc 2.31 NPTL 2.31 
rlimit (soft/hard): STACK 8192k/infinity , CORE 0k/infinity , NPROC 47249/47249 , NOFILE 1048576/1048576 , AS infinity/infinity , CPU infinity/infinity , DATA infinity/infinity , FSIZE infinity/infinity , MEMLOCK 65536k/65536k
load average:2.00 1.88 2.14

/proc/meminfo:
MemTotal:       12152128 kB
MemFree:          461596 kB
MemAvailable:    5488208 kB
Buffers:         1415176 kB
Cached:          4258696 kB
SwapCached:          192 kB
Active:          7748136 kB
Inactive:        3364336 kB
Active(anon):    5118712 kB
Inactive(anon):   890108 kB
Active(file):    2629424 kB
Inactive(file):  2474228 kB
Unevictable:       76212 kB
Mlocked:              56 kB
SwapTotal:      21999612 kB
SwapFree:       21989872 kB
Dirty:              1796 kB
Writeback:             0 kB
AnonPages:       5514924 kB
Mapped:           839308 kB
Shmem:            570224 kB
KReclaimable:     247912 kB
Slab:             384028 kB
SReclaimable:     247912 kB
SUnreclaim:       136116 kB
KernelStack:       16800 kB
PageTables:        40492 kB
NFS_Unstable:          0 kB
Bounce:                0 kB
WritebackTmp:          0 kB
CommitLimit:    28075676 kB
Committed_AS:   12223592 kB
VmallocTotal:   34359738367 kB
VmallocUsed:       37672 kB
VmallocChunk:          0 kB
Percpu:             3888 kB
HardwareCorrupted:     0 kB
AnonHugePages:         0 kB
ShmemHugePages:        0 kB
ShmemPmdMapped:        0 kB
FileHugePages:         0 kB
FilePmdMapped:         0 kB
CmaTotal:              0 kB
CmaFree:               0 kB
HugePages_Total:       0
HugePages_Free:        0
HugePages_Rsvd:        0
HugePages_Surp:        0
Hugepagesize:       2048 kB
Hugetlb:               0 kB
DirectMap4k:      319092 kB
DirectMap2M:    12146688 kB
DirectMap1G:           0 kB

/sys/kernel/mm/transparent_hugepage/enabled:
always [madvise] never

/sys/kernel/mm/transparent_hugepage/defrag (defrag/compaction efforts parameter):
always defer defer+madvise [madvise] never


/proc/sys/kernel/threads-max (system-wide limit on the number of threads):
94498


/proc/sys/vm/max_map_count (maximum number of memory map areas a process may have):
65530


/proc/sys/kernel/pid_max (system-wide limit on number of process identifiers):
4194304



container (cgroup) information:
container_type: cgroupv1
cpu_cpuset_cpus: 0-3
cpu_memory_nodes: 0
active_processor_count: 4
cpu_quota: -1
cpu_period: 100000
cpu_shares: -1
memory_limit_in_bytes: -1
memory_and_swap_limit_in_bytes: -2
memory_soft_limit_in_bytes: -1
memory_usage_in_bytes: 8924749824
memory_max_usage_in_bytes: 9477156864

Steal ticks since vm start: 0
Steal ticks percentage since vm start:  0.000

CPU:total 4 (initial active 4) (2 cores per cpu, 2 threads per core) family 6 model 142 stepping 9, cmov, cx8, fxsr, mmx, sse, sse2, sse3, ssse3, sse4.1, sse4.2, popcnt, avx, avx2, aes, clmul, erms, 3dnowpref, lzcnt, ht, tsc, tscinvbit, bmi1, bmi2, adx, fma
CPU Model and flags from /proc/cpuinfo:
model name	: Intel(R) Core(TM) i5-7200U CPU @ 2.50GHz
flags		: fpu vme de pse tsc msr pae mce cx8 apic sep mtrr pge mca cmov pat pse36 clflush dts acpi mmx fxsr sse sse2 ss ht tm pbe syscall nx pdpe1gb rdtscp lm constant_tsc art arch_perfmon pebs bts rep_good nopl xtopology nonstop_tsc cpuid aperfmperf pni pclmulqdq dtes64 monitor ds_cpl vmx est tm2 ssse3 sdbg fma cx16 xtpr pdcm pcid sse4_1 sse4_2 x2apic movbe popcnt tsc_deadline_timer aes xsave avx f16c rdrand lahf_lm abm 3dnowprefetch cpuid_fault epb invpcid_single pti ssbd ibrs ibpb stibp tpr_shadow vnmi flexpriority ept vpid ept_ad fsgsbase tsc_adjust bmi1 avx2 smep bmi2 erms invpcid mpx rdseed adx smap clflushopt intel_pt xsaveopt xsavec xgetbv1 xsaves dtherm ida arat pln pts hwp hwp_notify hwp_act_window hwp_epp md_clear flush_l1d

Memory: 4k page, physical 12152128k(461596k free), swap 21999612k(21989872k free)

vm_info: OpenJDK 64-Bit Server VM (11.0.8+10-post-Ubuntu-0ubuntu120.04) for linux-amd64 JRE (11.0.8+10-post-Ubuntu-0ubuntu120.04), built on Jul 15 2020 20:45:24 by "unknown" with gcc 9.3.0

END.
