#
# A fatal error has been detected by the Java Runtime Environment:
#
#  SIGSEGV (0xb) at pc=0x00007fba849c2a2d, pid=59571, tid=59606
#
# JRE version: OpenJDK Runtime Environment (11.0.8+10) (build 11.0.8+10-post-Ubuntu-0ubuntu120.04)
# Java VM: OpenJDK 64-Bit Server VM (11.0.8+10-post-Ubuntu-0ubuntu120.04, mixed mode, sharing, tiered, compressed oops, g1 gc, linux-amd64)
# Problematic frame:
# V  [libjvm.so+0x74ea2d]
#
# Core dump will be written. Default location: Core dumps may be processed with "/usr/share/apport/apport %p %s %c %d %P %E" (or dumping to /home/james/NetBeansProjects/proyecto1/tiendaIPC2/core.59571)
#
# If you would like to submit a bug report, please visit:
#   https://bugs.launchpad.net/ubuntu/+source/openjdk-lts
#

---------------  S U M M A R Y ------------

Command Line: -Dclassworlds.conf=/snap/netbeans/30/netbeans/java/maven/bin/m2.conf -Dmaven.home=/snap/netbeans/30/netbeans/java/maven -Dlibrary.jansi.path=/snap/netbeans/30/netbeans/java/maven/lib/jansi-native -Dmaven.multiModuleProjectDirectory=/home/james/NetBeansProjects/proyecto1/tiendaIPC2 org.codehaus.plexus.classworlds.launcher.Launcher -Dexec.args=-classpath %classpath gc.tiendaipc2.Main -Dexec.executable=/usr/lib/jvm/java-11-openjdk-amd64/bin/java -Dmaven.ext.class.path=/snap/netbeans/30/netbeans/java/maven-nblib/netbeans-eventspy.jar process-classes org.codehaus.mojo:exec-maven-plugin:1.5.0:exec

Host: Intel(R) Core(TM) i5-7200U CPU @ 2.50GHz, 4 cores, 11G, Ubuntu 20.04.1 LTS
Time: Thu Aug 20 23:18:53 2020 EDT elapsed time: 1 seconds (0d 0h 0m 1s)

---------------  T H R E A D  ---------------

Current thread (0x00007fba48004000):  GCTaskThread "GC Thread#3" [stack: 0x00007fba58254000,0x00007fba58354000] [id=59606]

Stack: [0x00007fba58254000,0x00007fba58354000],  sp=0x00007fba58352b50,  free space=1018k
Native frames: (J=compiled Java code, A=aot compiled Java code, j=interpreted, Vv=VM code, C=native code)
V  [libjvm.so+0x74ea2d]
V  [libjvm.so+0x74f45b]
V  [libjvm.so+0x70d225]
V  [libjvm.so+0x714666]
V  [libjvm.so+0xdba84d]
V  [libjvm.so+0xd1f430]
V  [libjvm.so+0xb8f706]


siginfo: si_signo: 11 (SIGSEGV), si_code: 1 (SEGV_MAPERR), si_addr: 0x0000000000000000

Register to memory mapping:

RAX=0x0 is NULL
RBX=0x0000000000000009 is an unknown value
RCX=0x0000000000000014 is an unknown value
RDX=0x00000000000074cf is an unknown value
RSP=0x00007fba58352b50 points into unknown readable memory: b0 2b 35 58 ba 7f 00 00
RBP=0x00007fba58352bd0 points into unknown readable memory: 40 2c 35 58 ba 7f 00 00
RSI=0x0000000000000007 is an unknown value
RDI=0x0000000800000000 is pointing into metadata
R8 =0x0000000000000001 is an unknown value
R9 =0x0 is NULL
R10=0x0 is NULL
R11=0x0000000000000001 is an unknown value
R12=0x000000074cf188e8 is pointing into object: org.apache.maven.model.Plugin 
{0x000000074cf188b0} - klass: 'org/apache/maven/model/Plugin'
R13=0x00007fba18002170 points into unknown readable memory: 50 7f 2b 85 ba 7f 00 00
R14=0x0000000000000009 is an unknown value
R15=0x0000000000000001 is an unknown value


Registers:
RAX=0x0000000000000000, RBX=0x0000000000000009, RCX=0x0000000000000014, RDX=0x00000000000074cf
RSP=0x00007fba58352b50, RBP=0x00007fba58352bd0, RSI=0x0000000000000007, RDI=0x0000000800000000
R8 =0x0000000000000001, R9 =0x0000000000000000, R10=0x0000000000000000, R11=0x0000000000000001
R12=0x000000074cf188e8, R13=0x00007fba18002170, R14=0x0000000000000009, R15=0x0000000000000001
RIP=0x00007fba849c2a2d, EFLAGS=0x0000000000010246, CSGSFS=0x002b000000000033, ERR=0x0000000000000004
  TRAPNO=0x000000000000000e

Top of Stack: (sp=0x00007fba58352b50)
0x00007fba58352b50:   00007fba58352bb0 00007fba849c43d7
0x00007fba58352b60:   0000000000000064 0000000000000005
0x00007fba58352b70:   0000000000000001 000000074b76b801
0x00007fba58352b80:   0000000000000052 0000000700000000 

Instructions: (pc=0x00007fba849c2a2d)
0x00007fba849c292d:   b6 30 40 84 f6 0f 84 98 03 00 00 48 8d 05 d1 65
0x00007fba849c293d:   9c 00 8b 78 08 4c 8b 00 41 8b 41 08 89 f9 48 d3
0x00007fba849c294d:   e0 41 81 7c 00 08 00 00 00 c0 0f 8c 03 04 00 00
0x00007fba849c295d:   49 8b 45 08 4c 89 ca 8b 88 c0 02 00 00 48 8b 80
0x00007fba849c296d:   b0 02 00 00 48 d3 ea 48 8b 04 d0 49 89 85 90 01
0x00007fba849c297d:   00 00 41 8b 51 08 89 f9 48 d3 e2 4c 01 c2 48 63
0x00007fba849c298d:   4a 0c 4c 89 4d b8 4c 89 ce 4c 89 f7 48 8d 05 40
0x00007fba849c299d:   20 9f 00 ff 14 c8 4c 8b 4d b8 48 83 c4 58 5b 41
0x00007fba849c29ad:   5c 4c 89 c8 41 5d 41 5e 41 5f 5d c3 0f 1f 80 00
0x00007fba849c29bd:   00 00 00 0f 84 9a 00 00 00 3c 01 48 8d 05 fd b9
0x00007fba849c29cd:   9a 00 48 19 c9 8b 10 83 e1 04 89 d8 4d 63 74 0c
0x00007fba849c29dd:   0c c1 f8 10 89 d9 8d 72 ff 0f b6 c0 f7 da 48 63
0x00007fba849c29ed:   f6 49 d3 e6 48 01 f0 49 01 c6 48 63 c2 49 21 c6
0x00007fba849c29fd:   49 c1 ee 03 44 89 f3 4d 63 f6 e9 24 fd ff ff 0f
0x00007fba849c2a0d:   1f 40 00 48 8b 7a 08 e9 fd fc ff ff 0f 1f 80 00
0x00007fba849c2a1d:   00 00 00 41 f6 c2 01 75 62 4c 89 d0 48 83 e0 fd
0x00007fba849c2a2d:   4c 8b 00 49 c1 e8 03 44 89 c0 83 e0 0f 89 45 b8
0x00007fba849c2a3d:   41 3b 85 6c 01 00 00 0f 83 1b fd ff ff 41 bb 01
0x00007fba849c2a4d:   00 00 00 31 c9 b8 01 00 00 00 e9 35 fd ff ff 0f
0x00007fba849c2a5d:   1f 40 00 48 8b 07 48 8d 15 96 64 dc ff 45 31 f6
0x00007fba849c2a6d:   48 8b 80 10 01 00 00 48 39 d0 0f 84 b3 fc ff ff
0x00007fba849c2a7d:   e9 08 fe ff ff 66 0f 1f 44 00 00 4d 89 d0 49 c1
0x00007fba849c2a8d:   e8 03 44 89 c0 83 e0 0f 89 45 b8 eb a3 44 0f b6
0x00007fba849c2a9d:   45 ce 41 80 fb 01 0f 84 23 03 00 00 45 88 85 c8
0x00007fba849c2aad:   01 00 00 4c 89 e6 4c 89 ef 4c 89 d2 e8 92 fa ff
0x00007fba849c2abd:   ff 48 83 c4 58 5b 41 5c 41 5d 41 5e 41 5f 5d c3
0x00007fba849c2acd:   0f 1f 00 48 8d 35 e1 c4 9a 00 41 0f b7 c8 48 3b
0x00007fba849c2add:   0e 0f 8e 8c 00 00 00 45 0f b7 c0 41 8d 48 ff 44
0x00007fba849c2aed:   89 c6 f7 de 48 63 c9 4c 01 c9 48 63 f6 48 21 f1
0x00007fba849c2afd:   48 89 ce 48 89 4d a0 4c 29 ce 48 c1 ee 03 48 89
0x00007fba849c2b0d:   75 a8 74 5f 48 8d 0d b8 b8 9a 00 8b 31 8d 4e 01
0x00007fba849c2b1d:   f7 de 21 ce 48 63 ce 48 39 4d a8 0f 82 ce 03 00 


Stack slot to memory mapping:
stack at sp + 0 slots: 0x00007fba58352bb0 points into unknown readable memory: c4 1f 77 4b 07 00 00 00
stack at sp + 1 slots: 0x00007fba849c43d7: <offset 0x00000000007503d7> in /usr/lib/jvm/java-11-openjdk-amd64/lib/server/libjvm.so at 0x00007fba84274000
stack at sp + 2 slots: 0x0000000000000064 is an unknown value
stack at sp + 3 slots: 0x0000000000000005 is an unknown value
stack at sp + 4 slots: 0x0000000000000001 is an unknown value
stack at sp + 5 slots: 0x000000074b76b801 is pointing into object: org.eclipse.aether.repository.RemoteRepository 
{0x000000074b76b7f8} - klass: 'org/eclipse/aether/repository/RemoteRepository'
stack at sp + 6 slots: 0x0000000000000052 is an unknown value
stack at sp + 7 slots: 0x0000000700000000 is an unknown value


---------------  P R O C E S S  ---------------

Threads class SMR info:
_java_thread_list=0x00007fba7c1adbe0, length=9, elements={
0x00007fba7c016000, 0x00007fba7c162800, 0x00007fba7c164800, 0x00007fba7c16a000,
0x00007fba7c16c000, 0x00007fba7c16e000, 0x00007fba7c170800, 0x00007fba7c1a7800,
0x00007fba7c1ac800
}

Java Threads: ( => current thread )
  0x00007fba7c016000 JavaThread "main" [_thread_blocked, id=59588, stack(0x00007fba83e28000,0x00007fba83f29000)]
  0x00007fba7c162800 JavaThread "Reference Handler" daemon [_thread_blocked, id=59595, stack(0x00007fba642b4000,0x00007fba643b5000)]
  0x00007fba7c164800 JavaThread "Finalizer" daemon [_thread_blocked, id=59596, stack(0x00007fba641b3000,0x00007fba642b4000)]
  0x00007fba7c16a000 JavaThread "Signal Dispatcher" daemon [_thread_blocked, id=59597, stack(0x00007fba640b2000,0x00007fba641b3000)]
  0x00007fba7c16c000 JavaThread "C2 CompilerThread0" daemon [_thread_blocked, id=59598, stack(0x00007fba58c61000,0x00007fba58d62000)]
  0x00007fba7c16e000 JavaThread "C1 CompilerThread0" daemon [_thread_blocked, id=59599, stack(0x00007fba58b60000,0x00007fba58c61000)]
  0x00007fba7c170800 JavaThread "Sweeper thread" daemon [_thread_blocked, id=59600, stack(0x00007fba58a5f000,0x00007fba58b60000)]
  0x00007fba7c1a7800 JavaThread "Service Thread" daemon [_thread_blocked, id=59601, stack(0x00007fba5895e000,0x00007fba58a5f000)]
  0x00007fba7c1ac800 JavaThread "Common-Cleaner" daemon [_thread_blocked, id=59603, stack(0x00007fba5875b000,0x00007fba5885c000)]

Other Threads:
  0x00007fba7c15f800 VMThread "VM Thread" [stack: 0x00007fba643b7000,0x00007fba644b7000] [id=59594]
  0x00007fba7c1a9800 WatcherThread [stack: 0x00007fba5885e000,0x00007fba5895e000] [id=59602]
  0x00007fba7c02d800 GCTaskThread "GC Thread#0" [stack: 0x00007fba83adc000,0x00007fba83bdc000] [id=59589]
  0x00007fba48001000 GCTaskThread "GC Thread#1" [stack: 0x00007fba58458000,0x00007fba58558000] [id=59604]
  0x00007fba48002800 GCTaskThread "GC Thread#2" [stack: 0x00007fba58356000,0x00007fba58456000] [id=59605]
=>0x00007fba48004000 GCTaskThread "GC Thread#3" [stack: 0x00007fba58254000,0x00007fba58354000] [id=59606]
  0x00007fba7c075000 ConcurrentGCThread "G1 Main Marker" [stack: 0x00007fba8240f000,0x00007fba8250f000] [id=59590]
  0x00007fba7c076800 ConcurrentGCThread "G1 Conc#0" [stack: 0x00007fba8230d000,0x00007fba8240d000] [id=59591]
  0x00007fba7c127800 ConcurrentGCThread "G1 Refine#0" [stack: 0x00007fba64701000,0x00007fba64801000] [id=59592]
  0x00007fba7c129800 ConcurrentGCThread "G1 Young RemSet Sampling" [stack: 0x00007fba645ff000,0x00007fba646ff000] [id=59593]

Threads with active compile tasks:
C2 CompilerThread0   1955 2088       4       org.codehaus.plexus.util.xml.pull.MXParser::parseEndTag (434 bytes)
C1 CompilerThread0   1955 2945   !   2       java.net.URL::<init> (543 bytes)

VM state:at safepoint (normal execution)

VM Mutex/Monitor currently owned by a thread:  ([mutex/lock_event])
[0x00007fba7c013100] Threads_lock - owner thread: 0x00007fba7c15f800
[0x00007fba7c0138e0] Heap_lock - owner thread: 0x00007fba7c016000

Heap address: 0x0000000746800000, size: 2968 MB, Compressed Oops mode: Zero based, Oop shift amount: 3
Narrow klass base: 0x0000000800000000, Narrow klass shift: 3
Compressed class space size: 1073741824 Address: 0x0000000840000000

Heap:
 garbage-first heap   total 192512K, used 103649K [0x0000000746800000, 0x0000000800000000)
  region size 1024K, 106 young (108544K), 8 survivors (8192K)
 Metaspace       used 14101K, capacity 15787K, committed 16000K, reserved 1062912K
  class space    used 1621K, capacity 1841K, committed 1920K, reserved 1048576K
Heap Regions: E=young(eden), S=young(survivor), O=old, HS=humongous(starts), HC=humongous(continues), CS=collection set, F=free, A=archive, TAMS=top-at-mark-start (previous, next)
|   0|0x0000000746800000, 0x0000000746887400, 0x0000000746900000| 52%| O|  |TAMS 0x0000000746800000, 0x0000000746800000| Untracked 
|   1|0x0000000746900000, 0x0000000746900000, 0x0000000746a00000|  0%| F|  |TAMS 0x0000000746900000, 0x0000000746900000| Untracked 
|   2|0x0000000746a00000, 0x0000000746a00000, 0x0000000746b00000|  0%| F|  |TAMS 0x0000000746a00000, 0x0000000746a00000| Untracked 
|   3|0x0000000746b00000, 0x0000000746b00000, 0x0000000746c00000|  0%| F|  |TAMS 0x0000000746b00000, 0x0000000746b00000| Untracked 
|   4|0x0000000746c00000, 0x0000000746c00000, 0x0000000746d00000|  0%| F|  |TAMS 0x0000000746c00000, 0x0000000746c00000| Untracked 
|   5|0x0000000746d00000, 0x0000000746d00000, 0x0000000746e00000|  0%| F|  |TAMS 0x0000000746d00000, 0x0000000746d00000| Untracked 
|   6|0x0000000746e00000, 0x0000000746e00000, 0x0000000746f00000|  0%| F|  |TAMS 0x0000000746e00000, 0x0000000746e00000| Untracked 
|   7|0x0000000746f00000, 0x0000000746f00000, 0x0000000747000000|  0%| F|  |TAMS 0x0000000746f00000, 0x0000000746f00000| Untracked 
|   8|0x0000000747000000, 0x0000000747000000, 0x0000000747100000|  0%| F|  |TAMS 0x0000000747000000, 0x0000000747000000| Untracked 
|   9|0x0000000747100000, 0x0000000747100000, 0x0000000747200000|  0%| F|  |TAMS 0x0000000747100000, 0x0000000747100000| Untracked 
|  10|0x0000000747200000, 0x0000000747200000, 0x0000000747300000|  0%| F|  |TAMS 0x0000000747200000, 0x0000000747200000| Untracked 
|  11|0x0000000747300000, 0x0000000747300000, 0x0000000747400000|  0%| F|  |TAMS 0x0000000747300000, 0x0000000747300000| Untracked 
|  12|0x0000000747400000, 0x0000000747400000, 0x0000000747500000|  0%| F|  |TAMS 0x0000000747400000, 0x0000000747400000| Untracked 
|  13|0x0000000747500000, 0x0000000747500000, 0x0000000747600000|  0%| F|  |TAMS 0x0000000747500000, 0x0000000747500000| Untracked 
|  14|0x0000000747600000, 0x0000000747600000, 0x0000000747700000|  0%| F|  |TAMS 0x0000000747600000, 0x0000000747600000| Untracked 
|  15|0x0000000747700000, 0x0000000747700000, 0x0000000747800000|  0%| F|  |TAMS 0x0000000747700000, 0x0000000747700000| Untracked 
|  16|0x0000000747800000, 0x0000000747800000, 0x0000000747900000|  0%| F|  |TAMS 0x0000000747800000, 0x0000000747800000| Untracked 
|  17|0x0000000747900000, 0x0000000747900000, 0x0000000747a00000|  0%| F|  |TAMS 0x0000000747900000, 0x0000000747900000| Untracked 
|  18|0x0000000747a00000, 0x0000000747a00000, 0x0000000747b00000|  0%| F|  |TAMS 0x0000000747a00000, 0x0000000747a00000| Untracked 
|  19|0x0000000747b00000, 0x0000000747b00000, 0x0000000747c00000|  0%| F|  |TAMS 0x0000000747b00000, 0x0000000747b00000| Untracked 
|  20|0x0000000747c00000, 0x0000000747c00000, 0x0000000747d00000|  0%| F|  |TAMS 0x0000000747c00000, 0x0000000747c00000| Untracked 
|  21|0x0000000747d00000, 0x0000000747d00000, 0x0000000747e00000|  0%| F|  |TAMS 0x0000000747d00000, 0x0000000747d00000| Untracked 
|  22|0x0000000747e00000, 0x0000000747e00000, 0x0000000747f00000|  0%| F|  |TAMS 0x0000000747e00000, 0x0000000747e00000| Untracked 
|  23|0x0000000747f00000, 0x0000000747f00000, 0x0000000748000000|  0%| F|  |TAMS 0x0000000747f00000, 0x0000000747f00000| Untracked 
|  24|0x0000000748000000, 0x0000000748000000, 0x0000000748100000|  0%| F|  |TAMS 0x0000000748000000, 0x0000000748000000| Untracked 
|  25|0x0000000748100000, 0x0000000748100000, 0x0000000748200000|  0%| F|  |TAMS 0x0000000748100000, 0x0000000748100000| Untracked 
|  26|0x0000000748200000, 0x0000000748200000, 0x0000000748300000|  0%| F|  |TAMS 0x0000000748200000, 0x0000000748200000| Untracked 
|  27|0x0000000748300000, 0x0000000748300000, 0x0000000748400000|  0%| F|  |TAMS 0x0000000748300000, 0x0000000748300000| Untracked 
|  28|0x0000000748400000, 0x0000000748400000, 0x0000000748500000|  0%| F|  |TAMS 0x0000000748400000, 0x0000000748400000| Untracked 
|  29|0x0000000748500000, 0x0000000748500000, 0x0000000748600000|  0%| F|  |TAMS 0x0000000748500000, 0x0000000748500000| Untracked 
|  30|0x0000000748600000, 0x0000000748600000, 0x0000000748700000|  0%| F|  |TAMS 0x0000000748600000, 0x0000000748600000| Untracked 
|  31|0x0000000748700000, 0x0000000748700000, 0x0000000748800000|  0%| F|  |TAMS 0x0000000748700000, 0x0000000748700000| Untracked 
|  32|0x0000000748800000, 0x0000000748800000, 0x0000000748900000|  0%| F|  |TAMS 0x0000000748800000, 0x0000000748800000| Untracked 
|  33|0x0000000748900000, 0x0000000748900000, 0x0000000748a00000|  0%| F|  |TAMS 0x0000000748900000, 0x0000000748900000| Untracked 
|  34|0x0000000748a00000, 0x0000000748a00000, 0x0000000748b00000|  0%| F|  |TAMS 0x0000000748a00000, 0x0000000748a00000| Untracked 
|  35|0x0000000748b00000, 0x0000000748b00000, 0x0000000748c00000|  0%| F|  |TAMS 0x0000000748b00000, 0x0000000748b00000| Untracked 
|  36|0x0000000748c00000, 0x0000000748c00000, 0x0000000748d00000|  0%| F|  |TAMS 0x0000000748c00000, 0x0000000748c00000| Untracked 
|  37|0x0000000748d00000, 0x0000000748d00000, 0x0000000748e00000|  0%| F|  |TAMS 0x0000000748d00000, 0x0000000748d00000| Untracked 
|  38|0x0000000748e00000, 0x0000000748e00000, 0x0000000748f00000|  0%| F|  |TAMS 0x0000000748e00000, 0x0000000748e00000| Untracked 
|  39|0x0000000748f00000, 0x0000000748f00000, 0x0000000749000000|  0%| F|  |TAMS 0x0000000748f00000, 0x0000000748f00000| Untracked 
|  40|0x0000000749000000, 0x0000000749000000, 0x0000000749100000|  0%| F|  |TAMS 0x0000000749000000, 0x0000000749000000| Untracked 
|  41|0x0000000749100000, 0x0000000749100000, 0x0000000749200000|  0%| F|  |TAMS 0x0000000749100000, 0x0000000749100000| Untracked 
|  42|0x0000000749200000, 0x0000000749200000, 0x0000000749300000|  0%| F|  |TAMS 0x0000000749200000, 0x0000000749200000| Untracked 
|  43|0x0000000749300000, 0x0000000749300000, 0x0000000749400000|  0%| F|  |TAMS 0x0000000749300000, 0x0000000749300000| Untracked 
|  44|0x0000000749400000, 0x0000000749400000, 0x0000000749500000|  0%| F|  |TAMS 0x0000000749400000, 0x0000000749400000| Untracked 
|  45|0x0000000749500000, 0x0000000749500000, 0x0000000749600000|  0%| F|  |TAMS 0x0000000749500000, 0x0000000749500000| Untracked 
|  46|0x0000000749600000, 0x0000000749600000, 0x0000000749700000|  0%| F|  |TAMS 0x0000000749600000, 0x0000000749600000| Untracked 
|  47|0x0000000749700000, 0x0000000749700000, 0x0000000749800000|  0%| F|  |TAMS 0x0000000749700000, 0x0000000749700000| Untracked 
|  48|0x0000000749800000, 0x0000000749800000, 0x0000000749900000|  0%| F|  |TAMS 0x0000000749800000, 0x0000000749800000| Untracked 
|  49|0x0000000749900000, 0x0000000749900000, 0x0000000749a00000|  0%| F|  |TAMS 0x0000000749900000, 0x0000000749900000| Untracked 
|  50|0x0000000749a00000, 0x0000000749a00000, 0x0000000749b00000|  0%| F|  |TAMS 0x0000000749a00000, 0x0000000749a00000| Untracked 
|  51|0x0000000749b00000, 0x0000000749b00000, 0x0000000749c00000|  0%| F|  |TAMS 0x0000000749b00000, 0x0000000749b00000| Untracked 
|  52|0x0000000749c00000, 0x0000000749c00000, 0x0000000749d00000|  0%| F|  |TAMS 0x0000000749c00000, 0x0000000749c00000| Untracked 
|  53|0x0000000749d00000, 0x0000000749d00000, 0x0000000749e00000|  0%| F|  |TAMS 0x0000000749d00000, 0x0000000749d00000| Untracked 
|  54|0x0000000749e00000, 0x0000000749e00000, 0x0000000749f00000|  0%| F|  |TAMS 0x0000000749e00000, 0x0000000749e00000| Untracked 
|  55|0x0000000749f00000, 0x0000000749f00000, 0x000000074a000000|  0%| F|  |TAMS 0x0000000749f00000, 0x0000000749f00000| Untracked 
|  56|0x000000074a000000, 0x000000074a000000, 0x000000074a100000|  0%| F|  |TAMS 0x000000074a000000, 0x000000074a000000| Untracked 
|  57|0x000000074a100000, 0x000000074a100000, 0x000000074a200000|  0%| F|  |TAMS 0x000000074a100000, 0x000000074a100000| Untracked 
|  58|0x000000074a200000, 0x000000074a200000, 0x000000074a300000|  0%| F|  |TAMS 0x000000074a200000, 0x000000074a200000| Untracked 
|  59|0x000000074a300000, 0x000000074a300000, 0x000000074a400000|  0%| F|  |TAMS 0x000000074a300000, 0x000000074a300000| Untracked 
|  60|0x000000074a400000, 0x000000074a400000, 0x000000074a500000|  0%| F|  |TAMS 0x000000074a400000, 0x000000074a400000| Untracked 
|  61|0x000000074a500000, 0x000000074a500000, 0x000000074a600000|  0%| F|  |TAMS 0x000000074a500000, 0x000000074a500000| Untracked 
|  62|0x000000074a600000, 0x000000074a600000, 0x000000074a700000|  0%| F|  |TAMS 0x000000074a600000, 0x000000074a600000| Untracked 
|  63|0x000000074a700000, 0x000000074a700000, 0x000000074a800000|  0%| F|  |TAMS 0x000000074a700000, 0x000000074a700000| Untracked 
|  64|0x000000074a800000, 0x000000074a800000, 0x000000074a900000|  0%| F|  |TAMS 0x000000074a800000, 0x000000074a800000| Untracked 
|  65|0x000000074a900000, 0x000000074a900000, 0x000000074aa00000|  0%| F|  |TAMS 0x000000074a900000, 0x000000074a900000| Untracked 
|  66|0x000000074aa00000, 0x000000074aa00000, 0x000000074ab00000|  0%| F|  |TAMS 0x000000074aa00000, 0x000000074aa00000| Untracked 
|  67|0x000000074ab00000, 0x000000074ab00000, 0x000000074ac00000|  0%| F|  |TAMS 0x000000074ab00000, 0x000000074ab00000| Untracked 
|  68|0x000000074ac00000, 0x000000074ac00000, 0x000000074ad00000|  0%| F|  |TAMS 0x000000074ac00000, 0x000000074ac00000| Untracked 
|  69|0x000000074ad00000, 0x000000074ad00000, 0x000000074ae00000|  0%| F|  |TAMS 0x000000074ad00000, 0x000000074ad00000| Untracked 
|  70|0x000000074ae00000, 0x000000074ae00000, 0x000000074af00000|  0%| F|  |TAMS 0x000000074ae00000, 0x000000074ae00000| Untracked 
|  71|0x000000074af00000, 0x000000074af00000, 0x000000074b000000|  0%| F|  |TAMS 0x000000074af00000, 0x000000074af00000| Untracked 
|  72|0x000000074b000000, 0x000000074b000000, 0x000000074b100000|  0%| F|  |TAMS 0x000000074b000000, 0x000000074b000000| Untracked 
|  73|0x000000074b100000, 0x000000074b100000, 0x000000074b200000|  0%| F|  |TAMS 0x000000074b100000, 0x000000074b100000| Untracked 
|  74|0x000000074b200000, 0x000000074b200000, 0x000000074b300000|  0%| F|  |TAMS 0x000000074b200000, 0x000000074b200000| Untracked 
|  75|0x000000074b300000, 0x000000074b300000, 0x000000074b400000|  0%| F|  |TAMS 0x000000074b300000, 0x000000074b300000| Untracked 
|  76|0x000000074b400000, 0x000000074b400000, 0x000000074b500000|  0%| F|  |TAMS 0x000000074b400000, 0x000000074b400000| Untracked 
|  77|0x000000074b500000, 0x000000074b500000, 0x000000074b600000|  0%| F|  |TAMS 0x000000074b500000, 0x000000074b500000| Untracked 
|  78|0x000000074b600000, 0x000000074b61ae10, 0x000000074b700000| 10%| S|  |TAMS 0x000000074b600000, 0x000000074b600000| Complete 
|  79|0x000000074b700000, 0x000000074b800000, 0x000000074b800000|100%| S|  |TAMS 0x000000074b700000, 0x000000074b700000| Complete 
|  80|0x000000074b800000, 0x000000074b900000, 0x000000074b900000|100%| S|  |TAMS 0x000000074b800000, 0x000000074b800000| Complete 
|  81|0x000000074b900000, 0x000000074ba00000, 0x000000074ba00000|100%| S|  |TAMS 0x000000074b900000, 0x000000074b900000| Complete 
|  82|0x000000074ba00000, 0x000000074bb00000, 0x000000074bb00000|100%| S|  |TAMS 0x000000074ba00000, 0x000000074ba00000| Complete 
|  83|0x000000074bb00000, 0x000000074bc00000, 0x000000074bc00000|100%| S|  |TAMS 0x000000074bb00000, 0x000000074bb00000| Complete 
|  84|0x000000074bc00000, 0x000000074bd00000, 0x000000074bd00000|100%| S|  |TAMS 0x000000074bc00000, 0x000000074bc00000| Complete 
|  85|0x000000074bd00000, 0x000000074be00000, 0x000000074be00000|100%| S|  |TAMS 0x000000074bd00000, 0x000000074bd00000| Complete 
|  86|0x000000074be00000, 0x000000074bf00000, 0x000000074bf00000|100%| E|CS|TAMS 0x000000074be00000, 0x000000074be00000| Complete 
|  87|0x000000074bf00000, 0x000000074c000000, 0x000000074c000000|100%| E|CS|TAMS 0x000000074bf00000, 0x000000074bf00000| Complete 
|  88|0x000000074c000000, 0x000000074c100000, 0x000000074c100000|100%| E|CS|TAMS 0x000000074c000000, 0x000000074c000000| Complete 
|  89|0x000000074c100000, 0x000000074c200000, 0x000000074c200000|100%| E|CS|TAMS 0x000000074c100000, 0x000000074c100000| Complete 
|  90|0x000000074c200000, 0x000000074c300000, 0x000000074c300000|100%| E|CS|TAMS 0x000000074c200000, 0x000000074c200000| Complete 
|  91|0x000000074c300000, 0x000000074c400000, 0x000000074c400000|100%| E|CS|TAMS 0x000000074c300000, 0x000000074c300000| Complete 
|  92|0x000000074c400000, 0x000000074c500000, 0x000000074c500000|100%| E|CS|TAMS 0x000000074c400000, 0x000000074c400000| Complete 
|  93|0x000000074c500000, 0x000000074c600000, 0x000000074c600000|100%| E|CS|TAMS 0x000000074c500000, 0x000000074c500000| Complete 
|  94|0x000000074c600000, 0x000000074c700000, 0x000000074c700000|100%| E|CS|TAMS 0x000000074c600000, 0x000000074c600000| Complete 
|  95|0x000000074c700000, 0x000000074c800000, 0x000000074c800000|100%| E|CS|TAMS 0x000000074c700000, 0x000000074c700000| Complete 
|  96|0x000000074c800000, 0x000000074c900000, 0x000000074c900000|100%| E|CS|TAMS 0x000000074c800000, 0x000000074c800000| Complete 
|  97|0x000000074c900000, 0x000000074ca00000, 0x000000074ca00000|100%| E|CS|TAMS 0x000000074c900000, 0x000000074c900000| Complete 
|  98|0x000000074ca00000, 0x000000074cb00000, 0x000000074cb00000|100%| E|CS|TAMS 0x000000074ca00000, 0x000000074ca00000| Complete 
|  99|0x000000074cb00000, 0x000000074cc00000, 0x000000074cc00000|100%| E|CS|TAMS 0x000000074cb00000, 0x000000074cb00000| Complete 
| 100|0x000000074cc00000, 0x000000074cd00000, 0x000000074cd00000|100%| E|CS|TAMS 0x000000074cc00000, 0x000000074cc00000| Complete 
| 101|0x000000074cd00000, 0x000000074ce00000, 0x000000074ce00000|100%| E|CS|TAMS 0x000000074cd00000, 0x000000074cd00000| Complete 
| 102|0x000000074ce00000, 0x000000074cf00000, 0x000000074cf00000|100%| E|CS|TAMS 0x000000074ce00000, 0x000000074ce00000| Complete 
| 103|0x000000074cf00000, 0x000000074d000000, 0x000000074d000000|100%| E|CS|TAMS 0x000000074cf00000, 0x000000074cf00000| Complete 
| 104|0x000000074d000000, 0x000000074d100000, 0x000000074d100000|100%| E|CS|TAMS 0x000000074d000000, 0x000000074d000000| Complete 
| 105|0x000000074d100000, 0x000000074d200000, 0x000000074d200000|100%| E|CS|TAMS 0x000000074d100000, 0x000000074d100000| Complete 
| 106|0x000000074d200000, 0x000000074d300000, 0x000000074d300000|100%| E|CS|TAMS 0x000000074d200000, 0x000000074d200000| Complete 
| 107|0x000000074d300000, 0x000000074d400000, 0x000000074d400000|100%| E|CS|TAMS 0x000000074d300000, 0x000000074d300000| Complete 
| 108|0x000000074d400000, 0x000000074d500000, 0x000000074d500000|100%| E|CS|TAMS 0x000000074d400000, 0x000000074d400000| Complete 
| 109|0x000000074d500000, 0x000000074d600000, 0x000000074d600000|100%| E|CS|TAMS 0x000000074d500000, 0x000000074d500000| Complete 
| 110|0x000000074d600000, 0x000000074d700000, 0x000000074d700000|100%| E|CS|TAMS 0x000000074d600000, 0x000000074d600000| Complete 
| 111|0x000000074d700000, 0x000000074d800000, 0x000000074d800000|100%| E|CS|TAMS 0x000000074d700000, 0x000000074d700000| Complete 
| 112|0x000000074d800000, 0x000000074d900000, 0x000000074d900000|100%| E|CS|TAMS 0x000000074d800000, 0x000000074d800000| Complete 
| 113|0x000000074d900000, 0x000000074da00000, 0x000000074da00000|100%| E|CS|TAMS 0x000000074d900000, 0x000000074d900000| Complete 
| 114|0x000000074da00000, 0x000000074db00000, 0x000000074db00000|100%| E|CS|TAMS 0x000000074da00000, 0x000000074da00000| Complete 
| 115|0x000000074db00000, 0x000000074dc00000, 0x000000074dc00000|100%| E|CS|TAMS 0x000000074db00000, 0x000000074db00000| Complete 
| 116|0x000000074dc00000, 0x000000074dd00000, 0x000000074dd00000|100%| E|CS|TAMS 0x000000074dc00000, 0x000000074dc00000| Complete 
| 117|0x000000074dd00000, 0x000000074de00000, 0x000000074de00000|100%| E|CS|TAMS 0x000000074dd00000, 0x000000074dd00000| Complete 
| 118|0x000000074de00000, 0x000000074df00000, 0x000000074df00000|100%| E|CS|TAMS 0x000000074de00000, 0x000000074de00000| Complete 
| 119|0x000000074df00000, 0x000000074e000000, 0x000000074e000000|100%| E|CS|TAMS 0x000000074df00000, 0x000000074df00000| Complete 
| 120|0x000000074e000000, 0x000000074e100000, 0x000000074e100000|100%| E|CS|TAMS 0x000000074e000000, 0x000000074e000000| Complete 
| 121|0x000000074e100000, 0x000000074e200000, 0x000000074e200000|100%| E|CS|TAMS 0x000000074e100000, 0x000000074e100000| Complete 
| 122|0x000000074e200000, 0x000000074e300000, 0x000000074e300000|100%| E|CS|TAMS 0x000000074e200000, 0x000000074e200000| Complete 
| 123|0x000000074e300000, 0x000000074e400000, 0x000000074e400000|100%| E|CS|TAMS 0x000000074e300000, 0x000000074e300000| Complete 
| 124|0x000000074e400000, 0x000000074e500000, 0x000000074e500000|100%| E|CS|TAMS 0x000000074e400000, 0x000000074e400000| Complete 
| 125|0x000000074e500000, 0x000000074e600000, 0x000000074e600000|100%| E|CS|TAMS 0x000000074e500000, 0x000000074e500000| Complete 
| 126|0x000000074e600000, 0x000000074e700000, 0x000000074e700000|100%| E|CS|TAMS 0x000000074e600000, 0x000000074e600000| Complete 
| 127|0x000000074e700000, 0x000000074e800000, 0x000000074e800000|100%| E|CS|TAMS 0x000000074e700000, 0x000000074e700000| Complete 
| 128|0x000000074e800000, 0x000000074e900000, 0x000000074e900000|100%| E|CS|TAMS 0x000000074e800000, 0x000000074e800000| Complete 
| 129|0x000000074e900000, 0x000000074ea00000, 0x000000074ea00000|100%| E|CS|TAMS 0x000000074e900000, 0x000000074e900000| Complete 
| 130|0x000000074ea00000, 0x000000074eb00000, 0x000000074eb00000|100%| E|CS|TAMS 0x000000074ea00000, 0x000000074ea00000| Complete 
| 131|0x000000074eb00000, 0x000000074ec00000, 0x000000074ec00000|100%| E|CS|TAMS 0x000000074eb00000, 0x000000074eb00000| Complete 
| 132|0x000000074ec00000, 0x000000074ed00000, 0x000000074ed00000|100%| E|CS|TAMS 0x000000074ec00000, 0x000000074ec00000| Complete 
| 133|0x000000074ed00000, 0x000000074ee00000, 0x000000074ee00000|100%| E|CS|TAMS 0x000000074ed00000, 0x000000074ed00000| Complete 
| 134|0x000000074ee00000, 0x000000074ef00000, 0x000000074ef00000|100%| E|CS|TAMS 0x000000074ee00000, 0x000000074ee00000| Complete 
| 135|0x000000074ef00000, 0x000000074f000000, 0x000000074f000000|100%| E|CS|TAMS 0x000000074ef00000, 0x000000074ef00000| Complete 
| 136|0x000000074f000000, 0x000000074f100000, 0x000000074f100000|100%| E|CS|TAMS 0x000000074f000000, 0x000000074f000000| Complete 
| 137|0x000000074f100000, 0x000000074f200000, 0x000000074f200000|100%| E|CS|TAMS 0x000000074f100000, 0x000000074f100000| Complete 
| 138|0x000000074f200000, 0x000000074f300000, 0x000000074f300000|100%| E|CS|TAMS 0x000000074f200000, 0x000000074f200000| Complete 
| 139|0x000000074f300000, 0x000000074f400000, 0x000000074f400000|100%| E|CS|TAMS 0x000000074f300000, 0x000000074f300000| Complete 
| 140|0x000000074f400000, 0x000000074f500000, 0x000000074f500000|100%| E|CS|TAMS 0x000000074f400000, 0x000000074f400000| Complete 
| 141|0x000000074f500000, 0x000000074f600000, 0x000000074f600000|100%| E|CS|TAMS 0x000000074f500000, 0x000000074f500000| Complete 
| 142|0x000000074f600000, 0x000000074f700000, 0x000000074f700000|100%| E|CS|TAMS 0x000000074f600000, 0x000000074f600000| Complete 
| 143|0x000000074f700000, 0x000000074f800000, 0x000000074f800000|100%| E|CS|TAMS 0x000000074f700000, 0x000000074f700000| Complete 
| 144|0x000000074f800000, 0x000000074f900000, 0x000000074f900000|100%| E|CS|TAMS 0x000000074f800000, 0x000000074f800000| Complete 
| 145|0x000000074f900000, 0x000000074fa00000, 0x000000074fa00000|100%| E|CS|TAMS 0x000000074f900000, 0x000000074f900000| Complete 
| 146|0x000000074fa00000, 0x000000074fb00000, 0x000000074fb00000|100%| E|CS|TAMS 0x000000074fa00000, 0x000000074fa00000| Complete 
| 147|0x000000074fb00000, 0x000000074fc00000, 0x000000074fc00000|100%| E|CS|TAMS 0x000000074fb00000, 0x000000074fb00000| Complete 
| 148|0x000000074fc00000, 0x000000074fd00000, 0x000000074fd00000|100%| E|CS|TAMS 0x000000074fc00000, 0x000000074fc00000| Complete 
| 149|0x000000074fd00000, 0x000000074fe00000, 0x000000074fe00000|100%| E|CS|TAMS 0x000000074fd00000, 0x000000074fd00000| Complete 
| 150|0x000000074fe00000, 0x000000074ff00000, 0x000000074ff00000|100%| E|CS|TAMS 0x000000074fe00000, 0x000000074fe00000| Complete 
| 151|0x000000074ff00000, 0x0000000750000000, 0x0000000750000000|100%| E|CS|TAMS 0x000000074ff00000, 0x000000074ff00000| Complete 
| 152|0x0000000750000000, 0x0000000750100000, 0x0000000750100000|100%| E|CS|TAMS 0x0000000750000000, 0x0000000750000000| Complete 
| 153|0x0000000750100000, 0x0000000750200000, 0x0000000750200000|100%| E|CS|TAMS 0x0000000750100000, 0x0000000750100000| Complete 
| 154|0x0000000750200000, 0x0000000750300000, 0x0000000750300000|100%| E|CS|TAMS 0x0000000750200000, 0x0000000750200000| Complete 
| 155|0x0000000750300000, 0x0000000750400000, 0x0000000750400000|100%| E|CS|TAMS 0x0000000750300000, 0x0000000750300000| Complete 
| 156|0x0000000750400000, 0x0000000750500000, 0x0000000750500000|100%| E|CS|TAMS 0x0000000750400000, 0x0000000750400000| Complete 
| 157|0x0000000750500000, 0x0000000750600000, 0x0000000750600000|100%| E|CS|TAMS 0x0000000750500000, 0x0000000750500000| Complete 
| 158|0x0000000750600000, 0x0000000750700000, 0x0000000750700000|100%| E|CS|TAMS 0x0000000750600000, 0x0000000750600000| Complete 
| 159|0x0000000750700000, 0x0000000750800000, 0x0000000750800000|100%| E|CS|TAMS 0x0000000750700000, 0x0000000750700000| Complete 
| 160|0x0000000750800000, 0x0000000750900000, 0x0000000750900000|100%| E|CS|TAMS 0x0000000750800000, 0x0000000750800000| Complete 
| 161|0x0000000750900000, 0x0000000750a00000, 0x0000000750a00000|100%| E|CS|TAMS 0x0000000750900000, 0x0000000750900000| Complete 
| 162|0x0000000750a00000, 0x0000000750b00000, 0x0000000750b00000|100%| E|CS|TAMS 0x0000000750a00000, 0x0000000750a00000| Complete 
| 163|0x0000000750b00000, 0x0000000750c00000, 0x0000000750c00000|100%| E|CS|TAMS 0x0000000750b00000, 0x0000000750b00000| Complete 
| 164|0x0000000750c00000, 0x0000000750d00000, 0x0000000750d00000|100%| E|CS|TAMS 0x0000000750c00000, 0x0000000750c00000| Complete 
| 165|0x0000000750d00000, 0x0000000750e00000, 0x0000000750e00000|100%| E|CS|TAMS 0x0000000750d00000, 0x0000000750d00000| Complete 
| 166|0x0000000750e00000, 0x0000000750f00000, 0x0000000750f00000|100%| E|CS|TAMS 0x0000000750e00000, 0x0000000750e00000| Complete 
| 167|0x0000000750f00000, 0x0000000751000000, 0x0000000751000000|100%| E|CS|TAMS 0x0000000750f00000, 0x0000000750f00000| Complete 
| 168|0x0000000751000000, 0x0000000751100000, 0x0000000751100000|100%| E|CS|TAMS 0x0000000751000000, 0x0000000751000000| Complete 
| 169|0x0000000751100000, 0x0000000751200000, 0x0000000751200000|100%| E|CS|TAMS 0x0000000751100000, 0x0000000751100000| Complete 
| 170|0x0000000751200000, 0x0000000751300000, 0x0000000751300000|100%| E|CS|TAMS 0x0000000751200000, 0x0000000751200000| Complete 
| 171|0x0000000751300000, 0x0000000751400000, 0x0000000751400000|100%| E|CS|TAMS 0x0000000751300000, 0x0000000751300000| Complete 
| 172|0x0000000751400000, 0x0000000751500000, 0x0000000751500000|100%| E|CS|TAMS 0x0000000751400000, 0x0000000751400000| Complete 
| 173|0x0000000751500000, 0x0000000751600000, 0x0000000751600000|100%| E|CS|TAMS 0x0000000751500000, 0x0000000751500000| Complete 
| 174|0x0000000751600000, 0x0000000751700000, 0x0000000751700000|100%| E|CS|TAMS 0x0000000751600000, 0x0000000751600000| Complete 
| 175|0x0000000751700000, 0x0000000751800000, 0x0000000751800000|100%| E|CS|TAMS 0x0000000751700000, 0x0000000751700000| Complete 
| 176|0x0000000751800000, 0x0000000751900000, 0x0000000751900000|100%| E|CS|TAMS 0x0000000751800000, 0x0000000751800000| Complete 
| 177|0x0000000751900000, 0x0000000751a00000, 0x0000000751a00000|100%| E|CS|TAMS 0x0000000751900000, 0x0000000751900000| Complete 
| 178|0x0000000751a00000, 0x0000000751b00000, 0x0000000751b00000|100%| E|CS|TAMS 0x0000000751a00000, 0x0000000751a00000| Complete 
| 179|0x0000000751b00000, 0x0000000751c00000, 0x0000000751c00000|100%| E|CS|TAMS 0x0000000751b00000, 0x0000000751b00000| Complete 
| 180|0x0000000751c00000, 0x0000000751d00000, 0x0000000751d00000|100%| E|CS|TAMS 0x0000000751c00000, 0x0000000751c00000| Complete 
| 181|0x0000000751d00000, 0x0000000751e00000, 0x0000000751e00000|100%| E|CS|TAMS 0x0000000751d00000, 0x0000000751d00000| Complete 
| 182|0x0000000751e00000, 0x0000000751f00000, 0x0000000751f00000|100%| E|CS|TAMS 0x0000000751e00000, 0x0000000751e00000| Complete 
| 183|0x0000000751f00000, 0x0000000752000000, 0x0000000752000000|100%| E|CS|TAMS 0x0000000751f00000, 0x0000000751f00000| Complete 
| 184|0x0000000752000000, 0x0000000752100000, 0x0000000752100000|100%| E|CS|TAMS 0x0000000752000000, 0x0000000752000000| Complete 
| 185|0x0000000752100000, 0x0000000752200000, 0x0000000752200000|100%| E|CS|TAMS 0x0000000752100000, 0x0000000752100000| Complete 
|1942|0x00000007bfe00000, 0x00000007bfe47000, 0x00000007bff00000| 27%|OA|  |TAMS 0x00000007bfe00000, 0x00000007bfe00000| Untracked 
|1943|0x00000007bff00000, 0x00000007bff6a000, 0x00000007c0000000| 41%|CA|  |TAMS 0x00000007bff00000, 0x00000007bff00000| Untracked 

Card table byte_map: [0x00007fba82b3e000,0x00007fba8310a000] _byte_map_base: 0x00007fba7f10a000

Marking Bits (Prev, Next): (CMBitMap*) 0x00007fba7c068608, (CMBitMap*) 0x00007fba7c068640
 Prev Bits: [0x00007fba5d1a0000, 0x00007fba60000000)
 Next Bits: [0x00007fba5a340000, 0x00007fba5d1a0000)

Polling page: 0x00007fba83de4000

Metaspace:

Usage:
  Non-class:     13.62 MB capacity,    12.19 MB ( 89%) used,     1.41 MB ( 10%) free+waste,    18.31 KB ( <1%) overhead. 
      Class:      1.80 MB capacity,     1.58 MB ( 88%) used,   211.12 KB ( 11%) free+waste,     8.25 KB ( <1%) overhead. 
       Both:     15.42 MB capacity,    13.77 MB ( 89%) used,     1.62 MB ( 11%) free+waste,    26.56 KB ( <1%) overhead. 

Virtual space:
  Non-class space:       14.00 MB reserved,      13.75 MB ( 98%) committed 
      Class space:        1.00 GB reserved,       1.88 MB ( <1%) committed 
             Both:        1.01 GB reserved,      15.62 MB (  2%) committed 

Chunk freelists:
   Non-Class:  6.00 KB
       Class:  15.00 KB
        Both:  21.00 KB

MaxMetaspaceSize: unlimited
CompressedClassSpaceSize: 1.00 GB

CodeHeap 'non-profiled nmethods': size=120032Kb used=1011Kb max_used=1011Kb free=119020Kb
 bounds [0x00007fba6c3ca000, 0x00007fba6c63a000, 0x00007fba73902000]
CodeHeap 'profiled nmethods': size=120032Kb used=5535Kb max_used=5535Kb free=114497Kb
 bounds [0x00007fba64e92000, 0x00007fba65402000, 0x00007fba6c3ca000]
CodeHeap 'non-nmethods': size=5696Kb used=1110Kb max_used=1145Kb free=4586Kb
 bounds [0x00007fba64902000, 0x00007fba64b72000, 0x00007fba64e92000]
 total_blobs=3345 nmethods=2907 adapters=350
 compilation: enabled
              stopped_count=0, restarted_count=0
 full_count=0

Compilation events (20 events):
Event: 1.900 Thread 0x00007fba7c16c000 2088       4       org.codehaus.plexus.util.xml.pull.MXParser::parseEndTag (434 bytes)
Event: 1.902 Thread 0x00007fba7c16e000 2935       2       java.lang.reflect.Method::isBridge (16 bytes)
Event: 1.902 Thread 0x00007fba7c16e000 nmethod 2935 0x00007fba653f5f90 code [0x00007fba653f6140, 0x00007fba653f6270]
Event: 1.902 Thread 0x00007fba7c16e000 2936       2       com.google.common.collect.RegularImmutableSet::iterator (5 bytes)
Event: 1.902 Thread 0x00007fba7c16e000 nmethod 2936 0x00007fba653f6310 code [0x00007fba653f64e0, 0x00007fba653f67a0]
Event: 1.902 Thread 0x00007fba7c16e000 2937       2       com.google.common.collect.RegularImmutableSet::iterator (8 bytes)
Event: 1.903 Thread 0x00007fba7c16e000 nmethod 2937 0x00007fba653f6910 code [0x00007fba653f6ae0, 0x00007fba653f6da0]
Event: 1.903 Thread 0x00007fba7c16e000 2938       2       java.util.jar.Attributes$Name::hash (148 bytes)
Event: 1.904 Thread 0x00007fba7c16e000 nmethod 2938 0x00007fba653f6f10 code [0x00007fba653f7120, 0x00007fba653f77a0]
Event: 1.904 Thread 0x00007fba7c16e000 2939       2       java.util.zip.ZipFile$Source$Key::hashCode (29 bytes)
Event: 1.904 Thread 0x00007fba7c16e000 nmethod 2939 0x00007fba653f7b90 code [0x00007fba653f7d60, 0x00007fba653f7f20]
Event: 1.904 Thread 0x00007fba7c16e000 2940       2       java.nio.file.attribute.FileTime::toMillis (98 bytes)
Event: 1.904 Thread 0x00007fba7c16e000 nmethod 2940 0x00007fba653f8090 code [0x00007fba653f8260, 0x00007fba653f8560]
Event: 1.905 Thread 0x00007fba7c16e000 2941       2       java.lang.invoke.VarHandleGuards::guard_LII_Z (70 bytes)
Event: 1.906 Thread 0x00007fba7c16e000 nmethod 2941 0x00007fba653f8710 code [0x00007fba653f8960, 0x00007fba653f9000]
Event: 1.906 Thread 0x00007fba7c16e000 2942       2       java.lang.invoke.VarHandleInts$FieldInstanceReadWrite::compareAndSet (24 bytes)
Event: 1.906 Thread 0x00007fba7c16e000 nmethod 2942 0x00007fba653f9510 code [0x00007fba653f9700, 0x00007fba653f9a20]
Event: 1.906 Thread 0x00007fba7c16e000 2943       1       java.net.JarURLConnection::getEntryName (5 bytes)
Event: 1.907 Thread 0x00007fba7c16e000 nmethod 2943 0x00007fba6c4c6a90 code [0x00007fba6c4c6c40, 0x00007fba6c4c6d10]
Event: 1.907 Thread 0x00007fba7c16e000 2945   !   2       java.net.URL::<init> (543 bytes)

GC Heap History (3 events):
Event: 0.467 GC heap before
{Heap before GC invocations=0 (full 0):
 garbage-first heap   total 192512K, used 15044K [0x0000000746800000, 0x0000000800000000)
  region size 1024K, 14 young (14336K), 0 survivors (0K)
 Metaspace       used 3997K, capacity 7089K, committed 7296K, reserved 1056768K
  class space    used 451K, capacity 792K, committed 896K, reserved 1048576K
}
Event: 0.476 GC heap after
{Heap after GC invocations=1 (full 0):
 garbage-first heap   total 192512K, used 3297K [0x0000000746800000, 0x0000000800000000)
  region size 1024K, 2 young (2048K), 2 survivors (2048K)
 Metaspace       used 3997K, capacity 7089K, committed 7296K, reserved 1056768K
  class space    used 451K, capacity 792K, committed 896K, reserved 1048576K
}
Event: 1.910 GC heap before
{Heap before GC invocations=1 (full 0):
 garbage-first heap   total 192512K, used 103649K [0x0000000746800000, 0x0000000800000000)
  region size 1024K, 100 young (102400K), 2 survivors (2048K)
 Metaspace       used 14101K, capacity 15787K, committed 16000K, reserved 1062912K
  class space    used 1621K, capacity 1841K, committed 1920K, reserved 1048576K
}

Deoptimization events (20 events):
Event: 1.774 Thread 0x00007fba7c016000 DEOPT PACKING pc=0x00007fba652c0d37 sp=0x00007fba83f24cd0
Event: 1.774 Thread 0x00007fba7c016000 DEOPT UNPACKING pc=0x00007fba649286ba sp=0x00007fba83f24278 mode 0
Event: 1.783 Thread 0x00007fba7c016000 DEOPT PACKING pc=0x00007fba652af54f sp=0x00007fba83f25670
Event: 1.783 Thread 0x00007fba7c016000 DEOPT UNPACKING pc=0x00007fba649286ba sp=0x00007fba83f24b18 mode 0
Event: 1.790 Thread 0x00007fba7c016000 DEOPT PACKING pc=0x00007fba652af54f sp=0x00007fba83f254f0
Event: 1.790 Thread 0x00007fba7c016000 DEOPT UNPACKING pc=0x00007fba649286ba sp=0x00007fba83f24998 mode 0
Event: 1.794 Thread 0x00007fba7c016000 DEOPT PACKING pc=0x00007fba652af54f sp=0x00007fba83f254f0
Event: 1.794 Thread 0x00007fba7c016000 DEOPT UNPACKING pc=0x00007fba649286ba sp=0x00007fba83f24998 mode 0
Event: 1.799 Thread 0x00007fba7c016000 DEOPT PACKING pc=0x00007fba652af54f sp=0x00007fba83f25170
Event: 1.799 Thread 0x00007fba7c016000 DEOPT UNPACKING pc=0x00007fba649286ba sp=0x00007fba83f24618 mode 0
Event: 1.803 Thread 0x00007fba7c016000 DEOPT PACKING pc=0x00007fba652af54f sp=0x00007fba83f252f0
Event: 1.803 Thread 0x00007fba7c016000 DEOPT UNPACKING pc=0x00007fba649286ba sp=0x00007fba83f24798 mode 0
Event: 1.806 Thread 0x00007fba7c016000 DEOPT PACKING pc=0x00007fba652a583b sp=0x00007fba83f251a0
Event: 1.806 Thread 0x00007fba7c016000 DEOPT UNPACKING pc=0x00007fba649286ba sp=0x00007fba83f246a0 mode 0
Event: 1.813 Thread 0x00007fba7c016000 DEOPT PACKING pc=0x00007fba652af54f sp=0x00007fba83f24f70
Event: 1.813 Thread 0x00007fba7c016000 DEOPT UNPACKING pc=0x00007fba649286ba sp=0x00007fba83f24418 mode 0
Event: 1.905 Thread 0x00007fba7c016000 Uncommon trap: trap_request=0xffffff4d fr.pc=0x00007fba6c4981cc relative=0x000000000000536c
Event: 1.905 Thread 0x00007fba7c016000 Uncommon trap: reason=unstable_if action=reinterpret pc=0x00007fba6c4981cc method=sun.net.www.protocol.jar.Handler.parseURL(Ljava/net/URL;Ljava/lang/String;II)V @ 116 c2
Event: 1.905 Thread 0x00007fba7c016000 DEOPT PACKING pc=0x00007fba6c4981cc sp=0x00007fba83f25b40
Event: 1.905 Thread 0x00007fba7c016000 DEOPT UNPACKING pc=0x00007fba649288a5 sp=0x00007fba83f25a38 mode 2

Classes redefined (0 events):
No events

Internal exceptions (7 events):
Event: 0.132 Thread 0x00007fba7c016000 Exception <a 'java/lang/NoSuchMethodError'{0x0000000751fd6f60}: 'int java.lang.invoke.DirectMethodHandle$Holder.invokeSpecialIFC(java.lang.Object, java.lang.Object, int)'> (0x0000000751fd6f60) thrown at [src/hotspot/share/interpreter/linkResolver.cpp, line 772]
Event: 0.173 Thread 0x00007fba7c016000 Exception <a 'java/security/PrivilegedActionException'{0x0000000751d05268}> (0x0000000751d05268) thrown at [src/hotspot/share/prims/jvm.cpp, line 1295]
Event: 0.173 Thread 0x00007fba7c016000 Exception <a 'java/security/PrivilegedActionException'{0x0000000751d05538}> (0x0000000751d05538) thrown at [src/hotspot/share/prims/jvm.cpp, line 1295]
Event: 1.180 Thread 0x00007fba7c016000 Exception <a 'java/lang/NoClassDefFoundError'{0x000000074f566098}: com/google/inject/servlet/ServletModuleTargetVisitor> (0x000000074f566098) thrown at [src/hotspot/share/classfile/systemDictionary.cpp, line 220]
Event: 1.180 Thread 0x00007fba7c016000 Exception <a 'java/lang/NoClassDefFoundError'{0x000000074f566098}> (0x000000074f566098) thrown at [src/hotspot/share/prims/jvm.cpp, line 1301]
Event: 1.180 Thread 0x00007fba7c016000 Exception <a 'java/lang/NoClassDefFoundError'{0x000000074f568b50}: javax/annotation/Priority> (0x000000074f568b50) thrown at [src/hotspot/share/classfile/systemDictionary.cpp, line 220]
Event: 1.531 Thread 0x00007fba7c016000 Implicit null exception at 0x00007fba6c42a505 to 0x00007fba6c42a6ec

Events (20 events):
Event: 1.900 loading class org/apache/maven/plugin/Mojo done
Event: 1.900 loading class org/apache/maven/plugin/Mojo
Event: 1.900 loading class org/apache/maven/plugin/Mojo done
Event: 1.900 loading class org/apache/maven/plugin/compiler/HelpMojo
Event: 1.900 loading class org/apache/maven/plugin/compiler/HelpMojo done
Event: 1.900 loading class org/apache/maven/plugin/compiler/HelpMojo
Event: 1.900 loading class org/apache/maven/plugin/compiler/HelpMojo done
Event: 1.900 loading class org/apache/maven/plugin/compiler/HelpMojo
Event: 1.900 loading class org/apache/maven/plugin/compiler/HelpMojo done
Event: 1.900 loading class org/apache/maven/plugin/compiler/HelpMojo
Event: 1.900 loading class org/apache/maven/plugin/compiler/HelpMojo done
Event: 1.907 loading class org/codehaus/plexus/compiler/manager/CompilerManager
Event: 1.907 loading class org/codehaus/plexus/compiler/manager/CompilerManager done
Event: 1.907 loading class org/codehaus/plexus/compiler/manager/CompilerManager
Event: 1.907 loading class org/codehaus/plexus/compiler/manager/CompilerManager done
Event: 1.909 loading class org/codehaus/plexus/compiler/Compiler
Event: 1.909 loading class org/codehaus/plexus/compiler/Compiler done
Event: 1.909 loading class org/codehaus/plexus/compiler/Compiler
Event: 1.909 loading class org/codehaus/plexus/compiler/Compiler done
Event: 1.910 Executing VM operation: G1CollectForAllocation


Dynamic libraries:
746800000-752200000 rw-p 00000000 00:00 0 
752200000-7bfe00000 ---p 00000000 00:00 0 
7bfe00000-7bfe47000 rw-p 0110d000 08:08 1192092                          /usr/lib/jvm/java-11-openjdk-amd64/lib/server/classes.jsa
7bfe47000-7bff00000 rw-p 00000000 00:00 0 
7bff00000-7bff6a000 rw-p 010a3000 08:08 1192092                          /usr/lib/jvm/java-11-openjdk-amd64/lib/server/classes.jsa
7bff6a000-7c0000000 rw-p 00000000 00:00 0 
7c0000000-800000000 ---p 00000000 00:00 0 
800000000-800002000 rwxp 00001000 08:08 1192092                          /usr/lib/jvm/java-11-openjdk-amd64/lib/server/classes.jsa
800002000-8003b9000 rw-p 00003000 08:08 1192092                          /usr/lib/jvm/java-11-openjdk-amd64/lib/server/classes.jsa
8003b9000-800a94000 r--p 003ba000 08:08 1192092                          /usr/lib/jvm/java-11-openjdk-amd64/lib/server/classes.jsa
800a94000-800a95000 rw-p 00a95000 08:08 1192092                          /usr/lib/jvm/java-11-openjdk-amd64/lib/server/classes.jsa
800a95000-8010a2000 r--p 00a96000 08:08 1192092                          /usr/lib/jvm/java-11-openjdk-amd64/lib/server/classes.jsa
840000000-8401e0000 rw-p 00000000 00:00 0 
8401e0000-880000000 ---p 00000000 00:00 0 
55fa60560000-55fa60561000 r--p 00000000 08:08 1191793                    /usr/lib/jvm/java-11-openjdk-amd64/bin/java
55fa60561000-55fa60562000 r-xp 00001000 08:08 1191793                    /usr/lib/jvm/java-11-openjdk-amd64/bin/java
55fa60562000-55fa60563000 r--p 00002000 08:08 1191793                    /usr/lib/jvm/java-11-openjdk-amd64/bin/java
55fa60563000-55fa60564000 r--p 00002000 08:08 1191793                    /usr/lib/jvm/java-11-openjdk-amd64/bin/java
55fa60564000-55fa60565000 rw-p 00003000 08:08 1191793                    /usr/lib/jvm/java-11-openjdk-amd64/bin/java
55fa61557000-55fa61578000 rw-p 00000000 00:00 0                          [heap]
7fba13c00000-7fba13dc0000 rw-p 00000000 00:00 0 
7fba13dc0000-7fba13e00000 ---p 00000000 00:00 0 
7fba13e00000-7fba14000000 rw-p 00000000 00:00 0 
7fba14000000-7fba14021000 rw-p 00000000 00:00 0 
7fba14021000-7fba18000000 ---p 00000000 00:00 0 
7fba18000000-7fba18021000 rw-p 00000000 00:00 0 
7fba18021000-7fba1c000000 ---p 00000000 00:00 0 
7fba1c000000-7fba1c021000 rw-p 00000000 00:00 0 
7fba1c021000-7fba20000000 ---p 00000000 00:00 0 
7fba20000000-7fba20021000 rw-p 00000000 00:00 0 
7fba20021000-7fba24000000 ---p 00000000 00:00 0 
7fba24000000-7fba24021000 rw-p 00000000 00:00 0 
7fba24021000-7fba28000000 ---p 00000000 00:00 0 
7fba28000000-7fba28021000 rw-p 00000000 00:00 0 
7fba28021000-7fba2c000000 ---p 00000000 00:00 0 
7fba2c000000-7fba2c745000 rw-p 00000000 00:00 0 
7fba2c745000-7fba30000000 ---p 00000000 00:00 0 
7fba30000000-7fba30021000 rw-p 00000000 00:00 0 
7fba30021000-7fba34000000 ---p 00000000 00:00 0 
7fba34000000-7fba34021000 rw-p 00000000 00:00 0 
7fba34021000-7fba38000000 ---p 00000000 00:00 0 
7fba38000000-7fba38ce6000 rw-p 00000000 00:00 0 
7fba38ce6000-7fba3c000000 ---p 00000000 00:00 0 
7fba3c000000-7fba3c021000 rw-p 00000000 00:00 0 
7fba3c021000-7fba40000000 ---p 00000000 00:00 0 
7fba40000000-7fba40021000 rw-p 00000000 00:00 0 
7fba40021000-7fba44000000 ---p 00000000 00:00 0 
7fba44000000-7fba44021000 rw-p 00000000 00:00 0 
7fba44021000-7fba48000000 ---p 00000000 00:00 0 
7fba48000000-7fba48021000 rw-p 00000000 00:00 0 
7fba48021000-7fba4c000000 ---p 00000000 00:00 0 
7fba4c000000-7fba4c021000 rw-p 00000000 00:00 0 
7fba4c021000-7fba50000000 ---p 00000000 00:00 0 
7fba50000000-7fba50021000 rw-p 00000000 00:00 0 
7fba50021000-7fba54000000 ---p 00000000 00:00 0 
7fba54000000-7fba54021000 rw-p 00000000 00:00 0 
7fba54021000-7fba58000000 ---p 00000000 00:00 0 
7fba58052000-7fba58252000 rw-p 00000000 00:00 0 
7fba58252000-7fba58253000 ---p 00000000 00:00 0 
7fba58253000-7fba58354000 rw-p 00000000 00:00 0 
7fba58354000-7fba58355000 ---p 00000000 00:00 0 
7fba58355000-7fba58456000 rw-p 00000000 00:00 0 
7fba58456000-7fba58457000 ---p 00000000 00:00 0 
7fba58457000-7fba58558000 rw-p 00000000 00:00 0 
7fba58558000-7fba5855b000 r-xp 00000000 07:06 2311                       /snap/netbeans/30/netbeans/java/maven/lib/jansi-native/linux64/libjansi.so
7fba5855b000-7fba5875a000 ---p 00003000 07:06 2311                       /snap/netbeans/30/netbeans/java/maven/lib/jansi-native/linux64/libjansi.so
7fba5875a000-7fba5875b000 rw-p 00002000 07:06 2311                       /snap/netbeans/30/netbeans/java/maven/lib/jansi-native/linux64/libjansi.so
7fba5875b000-7fba5875f000 ---p 00000000 00:00 0 
7fba5875f000-7fba5885c000 rw-p 00000000 00:00 0 
7fba5885c000-7fba5885d000 ---p 00000000 00:00 0 
7fba5885d000-7fba5895e000 rw-p 00000000 00:00 0 
7fba5895e000-7fba58962000 ---p 00000000 00:00 0 
7fba58962000-7fba58a5f000 rw-p 00000000 00:00 0 
7fba58a5f000-7fba58a63000 ---p 00000000 00:00 0 
7fba58a63000-7fba58b60000 rw-p 00000000 00:00 0 
7fba58b60000-7fba58b64000 ---p 00000000 00:00 0 
7fba58b64000-7fba58c61000 rw-p 00000000 00:00 0 
7fba58c61000-7fba58c65000 ---p 00000000 00:00 0 
7fba58c65000-7fba58d62000 rw-p 00000000 00:00 0 
7fba58d62000-7fba59b40000 r--p 00000000 08:08 1186387                    /usr/lib/locale/locale-archive
7fba59b40000-7fba5a628000 rw-p 00000000 00:00 0 
7fba5a628000-7fba5c198000 ---p 00000000 00:00 0 
7fba5c198000-7fba5c1a0000 rw-p 00000000 00:00 0 
7fba5c1a0000-7fba5d1a0000 ---p 00000000 00:00 0 
7fba5d1a0000-7fba5d488000 rw-p 00000000 00:00 0 
7fba5d488000-7fba5eff8000 ---p 00000000 00:00 0 
7fba5eff8000-7fba5f000000 rw-p 00000000 00:00 0 
7fba5f000000-7fba60000000 ---p 00000000 00:00 0 
7fba60000000-7fba60021000 rw-p 00000000 00:00 0 
7fba60021000-7fba64000000 ---p 00000000 00:00 0 
7fba64054000-7fba64085000 rw-p 00000000 00:00 0 
7fba64085000-7fba64089000 r--p 00000000 08:08 1191946                    /usr/lib/jvm/java-11-openjdk-amd64/lib/libnet.so
7fba64089000-7fba64098000 r-xp 00004000 08:08 1191946                    /usr/lib/jvm/java-11-openjdk-amd64/lib/libnet.so
7fba64098000-7fba6409c000 r--p 00013000 08:08 1191946                    /usr/lib/jvm/java-11-openjdk-amd64/lib/libnet.so
7fba6409c000-7fba6409d000 r--p 00016000 08:08 1191946                    /usr/lib/jvm/java-11-openjdk-amd64/lib/libnet.so
7fba6409d000-7fba6409e000 rw-p 00017000 08:08 1191946                    /usr/lib/jvm/java-11-openjdk-amd64/lib/libnet.so
7fba6409e000-7fba640a5000 r--p 00000000 08:08 1191947                    /usr/lib/jvm/java-11-openjdk-amd64/lib/libnio.so
7fba640a5000-7fba640ad000 r-xp 00007000 08:08 1191947                    /usr/lib/jvm/java-11-openjdk-amd64/lib/libnio.so
7fba640ad000-7fba640b0000 r--p 0000f000 08:08 1191947                    /usr/lib/jvm/java-11-openjdk-amd64/lib/libnio.so
7fba640b0000-7fba640b1000 r--p 00011000 08:08 1191947                    /usr/lib/jvm/java-11-openjdk-amd64/lib/libnio.so
7fba640b1000-7fba640b2000 rw-p 00012000 08:08 1191947                    /usr/lib/jvm/java-11-openjdk-amd64/lib/libnio.so
7fba640b2000-7fba640b6000 ---p 00000000 00:00 0 
7fba640b6000-7fba641b3000 rw-p 00000000 00:00 0 
7fba641b3000-7fba641b7000 ---p 00000000 00:00 0 
7fba641b7000-7fba642b4000 rw-p 00000000 00:00 0 
7fba642b4000-7fba642b8000 ---p 00000000 00:00 0 
7fba642b8000-7fba643b5000 rw-p 00000000 00:00 0 
7fba643b5000-7fba643b6000 ---p 00000000 00:00 0 
7fba643b6000-7fba645fd000 rw-p 00000000 00:00 0 
7fba645fd000-7fba645fe000 ---p 00000000 00:00 0 
7fba645fe000-7fba646ff000 rw-p 00000000 00:00 0 
7fba646ff000-7fba64700000 ---p 00000000 00:00 0 
7fba64700000-7fba64902000 rw-p 00000000 00:00 0 
7fba64902000-7fba64b72000 rwxp 00000000 00:00 0 
7fba64b72000-7fba64e92000 ---p 00000000 00:00 0 
7fba64e92000-7fba65402000 rwxp 00000000 00:00 0 
7fba65402000-7fba6c3ca000 ---p 00000000 00:00 0 
7fba6c3ca000-7fba6c63a000 rwxp 00000000 00:00 0 
7fba6c63a000-7fba73902000 ---p 00000000 00:00 0 
7fba73902000-7fba7c000000 r--s 00000000 08:08 1191956                    /usr/lib/jvm/java-11-openjdk-amd64/lib/modules
7fba7c000000-7fba7cc7a000 rw-p 00000000 00:00 0 
7fba7cc7a000-7fba80000000 ---p 00000000 00:00 0 
7fba80003000-7fba80004000 r--p 00000000 08:08 1188991                    /usr/lib/x86_64-linux-gnu/libutil-2.31.so
7fba80004000-7fba80005000 r-xp 00001000 08:08 1188991                    /usr/lib/x86_64-linux-gnu/libutil-2.31.so
7fba80005000-7fba80006000 r--p 00002000 08:08 1188991                    /usr/lib/x86_64-linux-gnu/libutil-2.31.so
7fba80006000-7fba80007000 r--p 00002000 08:08 1188991                    /usr/lib/x86_64-linux-gnu/libutil-2.31.so
7fba80007000-7fba80008000 rw-p 00003000 08:08 1188991                    /usr/lib/x86_64-linux-gnu/libutil-2.31.so
7fba80008000-7fba8230b000 rw-p 00000000 00:00 0 
7fba8230b000-7fba8230c000 ---p 00000000 00:00 0 
7fba8230c000-7fba8240d000 rw-p 00000000 00:00 0 
7fba8240d000-7fba8240e000 ---p 00000000 00:00 0 
7fba8240e000-7fba825cf000 rw-p 00000000 00:00 0 
7fba825cf000-7fba8293d000 ---p 00000000 00:00 0 
7fba8293d000-7fba8293e000 rw-p 00000000 00:00 0 
7fba8293e000-7fba82b3e000 ---p 00000000 00:00 0 
7fba82b3e000-7fba82b9b000 rw-p 00000000 00:00 0 
7fba82b9b000-7fba82f09000 ---p 00000000 00:00 0 
7fba82f09000-7fba82f0a000 rw-p 00000000 00:00 0 
7fba82f0a000-7fba8310a000 ---p 00000000 00:00 0 
7fba8310a000-7fba83167000 rw-p 00000000 00:00 0 
7fba83167000-7fba834d5000 ---p 00000000 00:00 0 
7fba834d5000-7fba834d6000 rw-p 00000000 00:00 0 
7fba834d6000-7fba836d6000 ---p 00000000 00:00 0 
7fba836d6000-7fba83ada000 rw-p 00000000 00:00 0 
7fba83ada000-7fba83adb000 ---p 00000000 00:00 0 
7fba83adb000-7fba83be1000 rw-p 00000000 00:00 0 
7fba83be1000-7fba83cc7000 ---p 00000000 00:00 0 
7fba83cc7000-7fba83cd2000 rw-p 00000000 00:00 0 
7fba83cd2000-7fba83db2000 ---p 00000000 00:00 0 
7fba83db2000-7fba83db7000 rw-p 00000000 00:00 0 
7fba83db7000-7fba83dbe000 ---p 00000000 00:00 0 
7fba83dbe000-7fba83dc1000 r--p 00000000 08:08 1188578                    /usr/lib/x86_64-linux-gnu/libnss_files-2.31.so
7fba83dc1000-7fba83dc8000 r-xp 00003000 08:08 1188578                    /usr/lib/x86_64-linux-gnu/libnss_files-2.31.so
7fba83dc8000-7fba83dca000 r--p 0000a000 08:08 1188578                    /usr/lib/x86_64-linux-gnu/libnss_files-2.31.so
7fba83dca000-7fba83dcb000 r--p 0000b000 08:08 1188578                    /usr/lib/x86_64-linux-gnu/libnss_files-2.31.so
7fba83dcb000-7fba83dcc000 rw-p 0000c000 08:08 1188578                    /usr/lib/x86_64-linux-gnu/libnss_files-2.31.so
7fba83dcc000-7fba83dd2000 rw-p 00000000 00:00 0 
7fba83dd2000-7fba83dd4000 r--p 00000000 08:08 1191955                    /usr/lib/jvm/java-11-openjdk-amd64/lib/libzip.so
7fba83dd4000-7fba83dd8000 r-xp 00002000 08:08 1191955                    /usr/lib/jvm/java-11-openjdk-amd64/lib/libzip.so
7fba83dd8000-7fba83dda000 r--p 00006000 08:08 1191955                    /usr/lib/jvm/java-11-openjdk-amd64/lib/libzip.so
7fba83dda000-7fba83ddb000 r--p 00007000 08:08 1191955                    /usr/lib/jvm/java-11-openjdk-amd64/lib/libzip.so
7fba83ddb000-7fba83ddc000 rw-p 00008000 08:08 1191955                    /usr/lib/jvm/java-11-openjdk-amd64/lib/libzip.so
7fba83ddc000-7fba83de4000 rw-s 00000000 08:08 1444454                    /tmp/hsperfdata_james/59571
7fba83de4000-7fba83de5000 ---p 00000000 00:00 0 
7fba83de5000-7fba83de6000 r--p 00000000 00:00 0 
7fba83de6000-7fba83de8000 r--p 00000000 08:08 1191938                    /usr/lib/jvm/java-11-openjdk-amd64/lib/libjimage.so
7fba83de8000-7fba83deb000 r-xp 00002000 08:08 1191938                    /usr/lib/jvm/java-11-openjdk-amd64/lib/libjimage.so
7fba83deb000-7fba83dec000 r--p 00005000 08:08 1191938                    /usr/lib/jvm/java-11-openjdk-amd64/lib/libjimage.so
7fba83dec000-7fba83ded000 ---p 00006000 08:08 1191938                    /usr/lib/jvm/java-11-openjdk-amd64/lib/libjimage.so
7fba83ded000-7fba83dee000 r--p 00006000 08:08 1191938                    /usr/lib/jvm/java-11-openjdk-amd64/lib/libjimage.so
7fba83dee000-7fba83def000 rw-p 00007000 08:08 1191938                    /usr/lib/jvm/java-11-openjdk-amd64/lib/libjimage.so
7fba83def000-7fba83dfd000 r--p 00000000 08:08 1191934                    /usr/lib/jvm/java-11-openjdk-amd64/lib/libjava.so
7fba83dfd000-7fba83e13000 r-xp 0000e000 08:08 1191934                    /usr/lib/jvm/java-11-openjdk-amd64/lib/libjava.so
7fba83e13000-7fba83e1a000 r--p 00024000 08:08 1191934                    /usr/lib/jvm/java-11-openjdk-amd64/lib/libjava.so
7fba83e1a000-7fba83e1b000 r--p 0002a000 08:08 1191934                    /usr/lib/jvm/java-11-openjdk-amd64/lib/libjava.so
7fba83e1b000-7fba83e1c000 rw-p 0002b000 08:08 1191934                    /usr/lib/jvm/java-11-openjdk-amd64/lib/libjava.so
7fba83e1c000-7fba83e1d000 rw-p 00000000 00:00 0 
7fba83e1d000-7fba83e20000 r--p 00000000 08:08 1188780                    /usr/lib/x86_64-linux-gnu/librt-2.31.so
7fba83e20000-7fba83e24000 r-xp 00003000 08:08 1188780                    /usr/lib/x86_64-linux-gnu/librt-2.31.so
7fba83e24000-7fba83e25000 r--p 00007000 08:08 1188780                    /usr/lib/x86_64-linux-gnu/librt-2.31.so
7fba83e25000-7fba83e26000 ---p 00008000 08:08 1188780                    /usr/lib/x86_64-linux-gnu/librt-2.31.so
7fba83e26000-7fba83e27000 r--p 00008000 08:08 1188780                    /usr/lib/x86_64-linux-gnu/librt-2.31.so
7fba83e27000-7fba83e28000 rw-p 00009000 08:08 1188780                    /usr/lib/x86_64-linux-gnu/librt-2.31.so
7fba83e28000-7fba83e2c000 ---p 00000000 00:00 0 
7fba83e2c000-7fba83f29000 rw-p 00000000 00:00 0 
7fba83f29000-7fba83f2c000 r--p 00000000 08:08 1188101                    /usr/lib/x86_64-linux-gnu/libgcc_s.so.1
7fba83f2c000-7fba83f3e000 r-xp 00003000 08:08 1188101                    /usr/lib/x86_64-linux-gnu/libgcc_s.so.1
7fba83f3e000-7fba83f42000 r--p 00015000 08:08 1188101                    /usr/lib/x86_64-linux-gnu/libgcc_s.so.1
7fba83f42000-7fba83f43000 r--p 00018000 08:08 1188101                    /usr/lib/x86_64-linux-gnu/libgcc_s.so.1
7fba83f43000-7fba83f44000 rw-p 00019000 08:08 1188101                    /usr/lib/x86_64-linux-gnu/libgcc_s.so.1
7fba83f44000-7fba83f53000 r--p 00000000 08:08 1188454                    /usr/lib/x86_64-linux-gnu/libm-2.31.so
7fba83f53000-7fba83ffa000 r-xp 0000f000 08:08 1188454                    /usr/lib/x86_64-linux-gnu/libm-2.31.so
7fba83ffa000-7fba84091000 r--p 000b6000 08:08 1188454                    /usr/lib/x86_64-linux-gnu/libm-2.31.so
7fba84091000-7fba84092000 r--p 0014c000 08:08 1188454                    /usr/lib/x86_64-linux-gnu/libm-2.31.so
7fba84092000-7fba84093000 rw-p 0014d000 08:08 1188454                    /usr/lib/x86_64-linux-gnu/libm-2.31.so
7fba84093000-7fba84129000 r--p 00000000 08:08 1188882                    /usr/lib/x86_64-linux-gnu/libstdc++.so.6.0.28
7fba84129000-7fba84219000 r-xp 00096000 08:08 1188882                    /usr/lib/x86_64-linux-gnu/libstdc++.so.6.0.28
7fba84219000-7fba84262000 r--p 00186000 08:08 1188882                    /usr/lib/x86_64-linux-gnu/libstdc++.so.6.0.28
7fba84262000-7fba84263000 ---p 001cf000 08:08 1188882                    /usr/lib/x86_64-linux-gnu/libstdc++.so.6.0.28
7fba84263000-7fba8426e000 r--p 001cf000 08:08 1188882                    /usr/lib/x86_64-linux-gnu/libstdc++.so.6.0.28
7fba8426e000-7fba84271000 rw-p 001da000 08:08 1188882                    /usr/lib/x86_64-linux-gnu/libstdc++.so.6.0.28
7fba84271000-7fba84274000 rw-p 00000000 00:00 0 
7fba84274000-7fba844e1000 r--p 00000000 08:08 1191961                    /usr/lib/jvm/java-11-openjdk-amd64/lib/server/libjvm.so
7fba844e1000-7fba85075000 r-xp 0026d000 08:08 1191961                    /usr/lib/jvm/java-11-openjdk-amd64/lib/server/libjvm.so
7fba85075000-7fba852ac000 r--p 00e01000 08:08 1191961                    /usr/lib/jvm/java-11-openjdk-amd64/lib/server/libjvm.so
7fba852ac000-7fba85369000 r--p 01037000 08:08 1191961                    /usr/lib/jvm/java-11-openjdk-amd64/lib/server/libjvm.so
7fba85369000-7fba853a2000 rw-p 010f4000 08:08 1191961                    /usr/lib/jvm/java-11-openjdk-amd64/lib/server/libjvm.so
7fba853a2000-7fba853fb000 rw-p 00000000 00:00 0 
7fba853fb000-7fba85402000 r--p 00000000 08:08 1188719                    /usr/lib/x86_64-linux-gnu/libpthread-2.31.so
7fba85402000-7fba85413000 r-xp 00007000 08:08 1188719                    /usr/lib/x86_64-linux-gnu/libpthread-2.31.so
7fba85413000-7fba85418000 r--p 00018000 08:08 1188719                    /usr/lib/x86_64-linux-gnu/libpthread-2.31.so
7fba85418000-7fba85419000 r--p 0001c000 08:08 1188719                    /usr/lib/x86_64-linux-gnu/libpthread-2.31.so
7fba85419000-7fba8541a000 rw-p 0001d000 08:08 1188719                    /usr/lib/x86_64-linux-gnu/libpthread-2.31.so
7fba8541a000-7fba8541e000 rw-p 00000000 00:00 0 
7fba8541e000-7fba8541f000 r--p 00000000 08:08 1187951                    /usr/lib/x86_64-linux-gnu/libdl-2.31.so
7fba8541f000-7fba85421000 r-xp 00001000 08:08 1187951                    /usr/lib/x86_64-linux-gnu/libdl-2.31.so
7fba85421000-7fba85422000 r--p 00003000 08:08 1187951                    /usr/lib/x86_64-linux-gnu/libdl-2.31.so
7fba85422000-7fba85423000 r--p 00003000 08:08 1187951                    /usr/lib/x86_64-linux-gnu/libdl-2.31.so
7fba85423000-7fba85424000 rw-p 00004000 08:08 1187951                    /usr/lib/x86_64-linux-gnu/libdl-2.31.so
7fba85424000-7fba85426000 r--p 00000000 08:08 1189144                    /usr/lib/x86_64-linux-gnu/libz.so.1.2.11
7fba85426000-7fba85437000 r-xp 00002000 08:08 1189144                    /usr/lib/x86_64-linux-gnu/libz.so.1.2.11
7fba85437000-7fba8543d000 r--p 00013000 08:08 1189144                    /usr/lib/x86_64-linux-gnu/libz.so.1.2.11
7fba8543d000-7fba8543e000 ---p 00019000 08:08 1189144                    /usr/lib/x86_64-linux-gnu/libz.so.1.2.11
7fba8543e000-7fba8543f000 r--p 00019000 08:08 1189144                    /usr/lib/x86_64-linux-gnu/libz.so.1.2.11
7fba8543f000-7fba85440000 rw-p 0001a000 08:08 1189144                    /usr/lib/x86_64-linux-gnu/libz.so.1.2.11
7fba85440000-7fba85465000 r--p 00000000 08:08 1187816                    /usr/lib/x86_64-linux-gnu/libc-2.31.so
7fba85465000-7fba855dd000 r-xp 00025000 08:08 1187816                    /usr/lib/x86_64-linux-gnu/libc-2.31.so
7fba855dd000-7fba85627000 r--p 0019d000 08:08 1187816                    /usr/lib/x86_64-linux-gnu/libc-2.31.so
7fba85627000-7fba85628000 ---p 001e7000 08:08 1187816                    /usr/lib/x86_64-linux-gnu/libc-2.31.so
7fba85628000-7fba8562b000 r--p 001e7000 08:08 1187816                    /usr/lib/x86_64-linux-gnu/libc-2.31.so
7fba8562b000-7fba8562e000 rw-p 001ea000 08:08 1187816                    /usr/lib/x86_64-linux-gnu/libc-2.31.so
7fba8562e000-7fba85632000 rw-p 00000000 00:00 0 
7fba85632000-7fba85637000 r--p 00000000 08:08 1191954                    /usr/lib/jvm/java-11-openjdk-amd64/lib/libverify.so
7fba85637000-7fba8563e000 r-xp 00005000 08:08 1191954                    /usr/lib/jvm/java-11-openjdk-amd64/lib/libverify.so
7fba8563e000-7fba85640000 r--p 0000c000 08:08 1191954                    /usr/lib/jvm/java-11-openjdk-amd64/lib/libverify.so
7fba85640000-7fba85641000 ---p 0000e000 08:08 1191954                    /usr/lib/jvm/java-11-openjdk-amd64/lib/libverify.so
7fba85641000-7fba85643000 r--p 0000e000 08:08 1191954                    /usr/lib/jvm/java-11-openjdk-amd64/lib/libverify.so
7fba85643000-7fba85644000 rw-p 00010000 08:08 1191954                    /usr/lib/jvm/java-11-openjdk-amd64/lib/libverify.so
7fba85644000-7fba85647000 r--p 00000000 08:08 1191918                    /usr/lib/jvm/java-11-openjdk-amd64/lib/jli/libjli.so
7fba85647000-7fba85651000 r-xp 00003000 08:08 1191918                    /usr/lib/jvm/java-11-openjdk-amd64/lib/jli/libjli.so
7fba85651000-7fba85654000 r--p 0000d000 08:08 1191918                    /usr/lib/jvm/java-11-openjdk-amd64/lib/jli/libjli.so
7fba85654000-7fba85655000 ---p 00010000 08:08 1191918                    /usr/lib/jvm/java-11-openjdk-amd64/lib/jli/libjli.so
7fba85655000-7fba85656000 r--p 00010000 08:08 1191918                    /usr/lib/jvm/java-11-openjdk-amd64/lib/jli/libjli.so
7fba85656000-7fba85657000 rw-p 00011000 08:08 1191918                    /usr/lib/jvm/java-11-openjdk-amd64/lib/jli/libjli.so
7fba85657000-7fba85659000 rw-p 00000000 00:00 0 
7fba85659000-7fba8565a000 r--p 00000000 08:08 1187603                    /usr/lib/x86_64-linux-gnu/ld-2.31.so
7fba8565a000-7fba8567d000 r-xp 00001000 08:08 1187603                    /usr/lib/x86_64-linux-gnu/ld-2.31.so
7fba8567d000-7fba85685000 r--p 00024000 08:08 1187603                    /usr/lib/x86_64-linux-gnu/ld-2.31.so
7fba85686000-7fba85687000 r--p 0002c000 08:08 1187603                    /usr/lib/x86_64-linux-gnu/ld-2.31.so
7fba85687000-7fba85688000 rw-p 0002d000 08:08 1187603                    /usr/lib/x86_64-linux-gnu/ld-2.31.so
7fba85688000-7fba85689000 rw-p 00000000 00:00 0 
7ffc850e7000-7ffc85108000 rw-p 00000000 00:00 0                          [stack]
7ffc85177000-7ffc8517a000 r--p 00000000 00:00 0                          [vvar]
7ffc8517a000-7ffc8517b000 r-xp 00000000 00:00 0                          [vdso]
ffffffffff600000-ffffffffff601000 --xp 00000000 00:00 0                  [vsyscall]


VM Arguments:
jvm_args: -Dclassworlds.conf=/snap/netbeans/30/netbeans/java/maven/bin/m2.conf -Dmaven.home=/snap/netbeans/30/netbeans/java/maven -Dlibrary.jansi.path=/snap/netbeans/30/netbeans/java/maven/lib/jansi-native -Dmaven.multiModuleProjectDirectory=/home/james/NetBeansProjects/proyecto1/tiendaIPC2 
java_command: org.codehaus.plexus.classworlds.launcher.Launcher -Dexec.args=-classpath %classpath gc.tiendaipc2.Main -Dexec.executable=/usr/lib/jvm/java-11-openjdk-amd64/bin/java -Dmaven.ext.class.path=/snap/netbeans/30/netbeans/java/maven-nblib/netbeans-eventspy.jar process-classes org.codehaus.mojo:exec-maven-plugin:1.5.0:exec
java_class_path (initial): /snap/netbeans/30/netbeans/java/maven/boot/plexus-classworlds-2.6.0.jar
Launcher Type: SUN_STANDARD

[Global flags]
     intx CICompilerCount                          = 3                                         {product} {ergonomic}
     uint ConcGCThreads                            = 1                                         {product} {ergonomic}
     uint G1ConcRefinementThreads                  = 4                                         {product} {ergonomic}
   size_t G1HeapRegionSize                         = 1048576                                   {product} {ergonomic}
    uintx GCDrainStackTargetSize                   = 64                                        {product} {ergonomic}
   size_t InitialHeapSize                          = 195035136                                 {product} {ergonomic}
   size_t MarkStackSize                            = 4194304                                   {product} {ergonomic}
   size_t MaxHeapSize                              = 3112173568                                {product} {ergonomic}
   size_t MaxNewSize                               = 1866465280                                {product} {ergonomic}
   size_t MinHeapDeltaBytes                        = 1048576                                   {product} {ergonomic}
    uintx NonNMethodCodeHeapSize                   = 5830732                                {pd product} {ergonomic}
    uintx NonProfiledCodeHeapSize                  = 122913754                              {pd product} {ergonomic}
    uintx ProfiledCodeHeapSize                     = 122913754                              {pd product} {ergonomic}
    uintx ReservedCodeCacheSize                    = 251658240                              {pd product} {ergonomic}
     bool SegmentedCodeCache                       = true                                      {product} {ergonomic}
     bool UseCompressedClassPointers               = true                                 {lp64_product} {ergonomic}
     bool UseCompressedOops                        = true                                 {lp64_product} {ergonomic}
     bool UseG1GC                                  = true                                      {product} {ergonomic}

Logging:
Log output configuration:
 #0: stdout all=warning uptime,level,tags
 #1: stderr all=off uptime,level,tags

Environment Variables:
JAVA_HOME=/usr/lib/jvm/java-11-openjdk-amd64
PATH=/usr/local/sbin:/usr/local/bin:/usr/sbin:/usr/bin:/sbin:/bin:/usr/games:/usr/local/games:/snap/bin
USERNAME=james
SHELL=/bin/bash
DISPLAY=:0
LANG=es_US.UTF-8

Signal Handlers:
SIGSEGV: [libjvm.so+0xd8e010], sa_mask[0]=11111111011111111101111111111110, sa_flags=SA_RESTART|SA_SIGINFO
SIGBUS: [libjvm.so+0xd8e010], sa_mask[0]=11111111011111111101111111111110, sa_flags=SA_RESTART|SA_SIGINFO
SIGFPE: [libjvm.so+0xd8e010], sa_mask[0]=11111111011111111101111111111110, sa_flags=SA_RESTART|SA_SIGINFO
SIGPIPE: [libjvm.so+0xb86b30], sa_mask[0]=11111111011111111101111111111110, sa_flags=SA_RESTART|SA_SIGINFO
SIGXFSZ: [libjvm.so+0xb86b30], sa_mask[0]=11111111011111111101111111111110, sa_flags=SA_RESTART|SA_SIGINFO
SIGILL: [libjvm.so+0xd8e010], sa_mask[0]=11111111011111111101111111111110, sa_flags=SA_RESTART|SA_SIGINFO
SIGUSR2: [libjvm.so+0xb869d0], sa_mask[0]=00100000000000000000000000000000, sa_flags=SA_RESTART|SA_SIGINFO
SIGHUP: [libjvm.so+0xb86e70], sa_mask[0]=11111111011111111101111111111110, sa_flags=SA_RESTART|SA_SIGINFO
SIGINT: SIG_IGN, sa_mask[0]=00000000000000000000000000000000, sa_flags=none
SIGTERM: [libjvm.so+0xb86e70], sa_mask[0]=11111111011111111101111111111110, sa_flags=SA_RESTART|SA_SIGINFO
SIGQUIT: [libjvm.so+0xb86e70], sa_mask[0]=11111111011111111101111111111110, sa_flags=SA_RESTART|SA_SIGINFO


---------------  S Y S T E M  ---------------

OS:DISTRIB_ID=Ubuntu
DISTRIB_RELEASE=20.04
DISTRIB_CODENAME=focal
DISTRIB_DESCRIPTION="Ubuntu 20.04.1 LTS"
uname:Linux 5.4.0-42-generic #46-Ubuntu SMP Fri Jul 10 00:24:02 UTC 2020 x86_64
OS uptime: 2 days 13:37 hours
libc:glibc 2.31 NPTL 2.31 
rlimit (soft/hard): STACK 8192k/infinity , CORE 0k/infinity , NPROC 47249/47249 , NOFILE 1048576/1048576 , AS infinity/infinity , CPU infinity/infinity , DATA infinity/infinity , FSIZE infinity/infinity , MEMLOCK 65536k/65536k
load average:1.87 2.08 2.14

/proc/meminfo:
MemTotal:       12152128 kB
MemFree:          245532 kB
MemAvailable:    5595832 kB
Buffers:         1411460 kB
Cached:          4577120 kB
SwapCached:          168 kB
Active:          7810464 kB
Inactive:        3446988 kB
Active(anon):    5089360 kB
Inactive(anon):   747428 kB
Active(file):    2721104 kB
Inactive(file):  2699560 kB
Unevictable:      142124 kB
Mlocked:              56 kB
SwapTotal:      21999612 kB
SwapFree:       21994480 kB
Dirty:               740 kB
Writeback:             0 kB
AnonPages:       5410968 kB
Mapped:           829808 kB
Shmem:            567920 kB
KReclaimable:     254588 kB
Slab:             391692 kB
SReclaimable:     254588 kB
SUnreclaim:       137104 kB
KernelStack:       16784 kB
PageTables:        39988 kB
NFS_Unstable:          0 kB
Bounce:                0 kB
WritebackTmp:          0 kB
CommitLimit:    28075676 kB
Committed_AS:   12057668 kB
VmallocTotal:   34359738367 kB
VmallocUsed:       37704 kB
VmallocChunk:          0 kB
Percpu:             3888 kB
HardwareCorrupted:     0 kB
AnonHugePages:         0 kB
ShmemHugePages:        0 kB
ShmemPmdMapped:        0 kB
FileHugePages:         0 kB
FilePmdMapped:         0 kB
CmaTotal:              0 kB
CmaFree:               0 kB
HugePages_Total:       0
HugePages_Free:        0
HugePages_Rsvd:        0
HugePages_Surp:        0
Hugepagesize:       2048 kB
Hugetlb:               0 kB
DirectMap4k:      319092 kB
DirectMap2M:    12146688 kB
DirectMap1G:           0 kB

/sys/kernel/mm/transparent_hugepage/enabled:
always [madvise] never

/sys/kernel/mm/transparent_hugepage/defrag (defrag/compaction efforts parameter):
always defer defer+madvise [madvise] never


/proc/sys/kernel/threads-max (system-wide limit on the number of threads):
94498


/proc/sys/vm/max_map_count (maximum number of memory map areas a process may have):
65530


/proc/sys/kernel/pid_max (system-wide limit on number of process identifiers):
4194304



container (cgroup) information:
container_type: cgroupv1
cpu_cpuset_cpus: 0-3
cpu_memory_nodes: 0
active_processor_count: 4
cpu_quota: -1
cpu_period: 100000
cpu_shares: -1
memory_limit_in_bytes: -1
memory_and_swap_limit_in_bytes: -2
memory_soft_limit_in_bytes: -1
memory_usage_in_bytes: 9079406592
memory_max_usage_in_bytes: 9477156864

Steal ticks since vm start: 0
Steal ticks percentage since vm start:  0.000

CPU:total 4 (initial active 4) (2 cores per cpu, 2 threads per core) family 6 model 142 stepping 9, cmov, cx8, fxsr, mmx, sse, sse2, sse3, ssse3, sse4.1, sse4.2, popcnt, avx, avx2, aes, clmul, erms, 3dnowpref, lzcnt, ht, tsc, tscinvbit, bmi1, bmi2, adx, fma
CPU Model and flags from /proc/cpuinfo:
model name	: Intel(R) Core(TM) i5-7200U CPU @ 2.50GHz
flags		: fpu vme de pse tsc msr pae mce cx8 apic sep mtrr pge mca cmov pat pse36 clflush dts acpi mmx fxsr sse sse2 ss ht tm pbe syscall nx pdpe1gb rdtscp lm constant_tsc art arch_perfmon pebs bts rep_good nopl xtopology nonstop_tsc cpuid aperfmperf pni pclmulqdq dtes64 monitor ds_cpl vmx est tm2 ssse3 sdbg fma cx16 xtpr pdcm pcid sse4_1 sse4_2 x2apic movbe popcnt tsc_deadline_timer aes xsave avx f16c rdrand lahf_lm abm 3dnowprefetch cpuid_fault epb invpcid_single pti ssbd ibrs ibpb stibp tpr_shadow vnmi flexpriority ept vpid ept_ad fsgsbase tsc_adjust bmi1 avx2 smep bmi2 erms invpcid mpx rdseed adx smap clflushopt intel_pt xsaveopt xsavec xgetbv1 xsaves dtherm ida arat pln pts hwp hwp_notify hwp_act_window hwp_epp md_clear flush_l1d

Memory: 4k page, physical 12152128k(245532k free), swap 21999612k(21994480k free)

vm_info: OpenJDK 64-Bit Server VM (11.0.8+10-post-Ubuntu-0ubuntu120.04) for linux-amd64 JRE (11.0.8+10-post-Ubuntu-0ubuntu120.04), built on Jul 15 2020 20:45:24 by "unknown" with gcc 9.3.0

END.
