#
# A fatal error has been detected by the Java Runtime Environment:
#
#  SIGSEGV (0xb) at pc=0x00007f8ddc1dabd8, pid=65552, tid=65567
#
# JRE version: OpenJDK Runtime Environment (11.0.8+10) (build 11.0.8+10-post-Ubuntu-0ubuntu120.04)
# Java VM: OpenJDK 64-Bit Server VM (11.0.8+10-post-Ubuntu-0ubuntu120.04, mixed mode, sharing, tiered, compressed oops, g1 gc, linux-amd64)
# Problematic frame:
# V  [libjvm.so+0xb5bbd8]
#
# Core dump will be written. Default location: Core dumps may be processed with "/usr/share/apport/apport %p %s %c %d %P %E" (or dumping to /home/james/NetBeansProjects/proyecto1/tiendaIPC2/core.65552)
#
# If you would like to submit a bug report, please visit:
#   https://bugs.launchpad.net/ubuntu/+source/openjdk-lts
#

---------------  S U M M A R Y ------------

Command Line: gc.tiendaipc2.Main

Host: Intel(R) Core(TM) i5-7200U CPU @ 2.50GHz, 4 cores, 11G, Ubuntu 20.04.1 LTS
Time: Fri Aug 21 00:58:31 2020 EDT elapsed time: 0 seconds (0d 0h 0m 0s)

---------------  T H R E A D  ---------------

Current thread (0x00007f8dd4174000):  JavaThread "C2 CompilerThread0" daemon [_thread_in_native, id=65567, stack(0x00007f8dd82c2000,0x00007f8dd83c3000)]


Current CompileTask:
C2:    311  491       4       jdk.internal.org.objectweb.asm.Frame::execute (2264 bytes)

Stack: [0x00007f8dd82c2000,0x00007f8dd83c3000],  sp=0x00007f8dd83be750,  free space=1009k
Native frames: (J=compiled Java code, A=aot compiled Java code, j=interpreted, Vv=VM code, C=native code)
V  [libjvm.so+0xb5bbd8]
V  [libjvm.so+0xae3059]
V  [libjvm.so+0xae50a2]
V  [libjvm.so+0x5d9acf]
V  [libjvm.so+0x5ddac7]
V  [libjvm.so+0x505eef]
V  [libjvm.so+0x5e64c1]
V  [libjvm.so+0x5e7698]
V  [libjvm.so+0xd22dcf]
V  [libjvm.so+0xd1f430]
V  [libjvm.so+0xb8f706]


siginfo: si_signo: 11 (SIGSEGV), si_code: 128 (SI_KERNEL), si_addr: 0x0000000000000000

Register to memory mapping:

RAX=0x0000000000000013 is an unknown value
RBX=0x0080000000000000 is an unknown value
RCX=0x00007f8d84032210 points into unknown readable memory: 00 00 00 00 00 00 00 00
RDX=0x00007f8d841f3288 points into unknown readable memory: 00 00 00 00 00 00 00 00
RSP=0x00007f8dd83be750 is pointing into the stack for thread: 0x00007f8dd4174000
RBP=0x00007f8dd83be790 is pointing into the stack for thread: 0x00007f8dd4174000
RSI=0x0000000000000007 is an unknown value
RDI=0x00007f8d84031c48 points into unknown readable memory: e0 cd 76 dc 8d 7f 00 00
R8 =0x00007f8dd4175a10 points into unknown readable memory: 02 00 00 00 00 00 00 00
R9 =0x00007f8dd4175a10 points into unknown readable memory: 02 00 00 00 00 00 00 00
R10=0x00007f8d841f2e40 points into unknown readable memory: 20 bb 75 dc 8d 7f 00 00
R11=0x0000000000001000 is an unknown value
R12=0x00007f8dd83c0f50 is pointing into the stack for thread: 0x00007f8dd4174000
R13=0x00007f8d841f3258 points into unknown readable memory: e0 cd 76 dc 8d 7f 00 00
R14=0x00007f8d84031c48 points into unknown readable memory: e0 cd 76 dc 8d 7f 00 00
R15=0x0000000000000013 is an unknown value


Registers:
RAX=0x0000000000000013, RBX=0x0080000000000000, RCX=0x00007f8d84032210, RDX=0x00007f8d841f3288
RSP=0x00007f8dd83be750, RBP=0x00007f8dd83be790, RSI=0x0000000000000007, RDI=0x00007f8d84031c48
R8 =0x00007f8dd4175a10, R9 =0x00007f8dd4175a10, R10=0x00007f8d841f2e40, R11=0x0000000000001000
R12=0x00007f8dd83c0f50, R13=0x00007f8d841f3258, R14=0x00007f8d84031c48, R15=0x0000000000000013
RIP=0x00007f8ddc1dabd8, EFLAGS=0x0000000000010206, CSGSFS=0x002b000000000033, ERR=0x0000000000000000
  TRAPNO=0x000000000000000d

Top of Stack: (sp=0x00007f8dd83be750)
0x00007f8dd83be750:   00007f8dd83be790 00007f8ddc1da9f7
0x00007f8dd83be760:   00007f8dd83be790 00007f8dd83bf530
0x00007f8dd83be770:   00007f8dd83be7d0 00007f8d84031c48
0x00007f8dd83be780:   00007f8d841f28d0 0000000000000000 

Instructions: (pc=0x00007f8ddc1dabd8)
0x00007f8ddc1daad8:   66 48 8d 3d e8 94 59 00 66 66 48 e8 18 1a 71 ff
0x00007f8ddc1daae8:   4c 89 f7 48 8b 00 48 8b 80 e8 04 00 00 4c 8b a0
0x00007f8ddc1daaf8:   88 00 00 00 49 8b 06 ff 50 08 4c 89 f7 4d 8d bc
0x00007f8ddc1dab08:   24 d8 01 00 00 89 c3 49 8b 06 ff 50 08 41 8b 56
0x00007f8ddc1dab18:   1c 4d 8b ac 24 f0 01 00 00 89 c0 48 8d 34 d0 48
0x00007f8ddc1dab28:   89 f0 48 f7 d0 49 39 c5 76 1f 48 8d 15 a9 59 2a
0x00007f8ddc1dab38:   00 4c 89 ff 48 89 75 c8 e8 eb da 87 ff 4d 8b ac
0x00007f8ddc1dab48:   24 f0 01 00 00 48 8b 75 c8 49 8d 44 35 00 49 3b
0x00007f8ddc1dab58:   84 24 f8 01 00 00 0f 87 b4 01 00 00 49 89 84 24
0x00007f8ddc1dab68:   f0 01 00 00 89 da b8 00 00 00 00 48 8d 4a 07 48
0x00007f8ddc1dab78:   c1 e9 03 48 8d 34 cd 00 00 00 00 74 15 0f 1f 00
0x00007f8ddc1dab88:   49 8b 0c 06 49 89 4c 05 00 48 83 c0 08 48 39 c6
0x00007f8ddc1dab98:   75 ee 4c 01 ea 49 c7 45 10 ff ff ff ff 45 31 ff
0x00007f8ddc1daba8:   49 89 55 08 49 c7 45 20 00 00 00 00 41 8b 46 1c
0x00007f8ddc1dabb8:   85 c0 75 08 eb 43 66 90 49 8b 55 08 49 8b 4e 08
0x00007f8ddc1dabc8:   44 89 f8 48 8b 1c c1 48 89 1c c2 48 85 db 74 1f
0x00007f8ddc1dabd8:   48 8b 43 10 48 85 c0 74 16 8b 73 20 3b 73 24 0f
0x00007f8ddc1dabe8:   84 13 01 00 00 8d 56 01 89 53 20 4c 89 2c f0 41
0x00007f8ddc1dabf8:   83 c7 01 45 3b 7e 1c 72 bf 41 0f b7 46 2e a8 08
0x00007f8ddc1dac08:   0f 85 72 01 00 00 f6 c4 40 74 15 49 8b 46 08 48
0x00007f8ddc1dac18:   83 38 00 74 0b 4c 89 ee 4c 89 e7 e8 18 ba a7 ff
0x00007f8ddc1dac28:   48 8d 05 01 98 5d 00 48 8d 15 1a 0f 8d ff 48 8b
0x00007f8ddc1dac38:   00 48 8b 78 28 48 8b 07 48 8b 80 a8 00 00 00 48
0x00007f8ddc1dac48:   39 d0 0f 85 80 01 00 00 41 0f b7 45 2c 83 e0 3f
0x00007f8ddc1dac58:   66 83 f8 34 75 10 4d 85 ed 74 0b 41 80 7d 39 00
0x00007f8ddc1dac68:   0f 85 72 01 00 00 49 8b 45 00 4c 89 ef ff 10 3d
0x00007f8ddc1dac78:   da 00 00 00 0f 84 2e 01 00 00 41 8b 84 24 a8 01
0x00007f8ddc1dac88:   00 00 4c 89 ee 4c 89 e7 8d 50 01 41 89 94 24 a8
0x00007f8ddc1dac98:   01 00 00 4c 89 f2 41 89 45 28 e8 e9 1c a7 ff 41
0x00007f8ddc1daca8:   0f b7 46 2c 83 e0 03 66 83 f8 02 74 7b 41 0f b7
0x00007f8ddc1dacb8:   45 2c 89 c2 83 e2 07 66 83 fa 07 75 15 49 8b 45
0x00007f8ddc1dacc8:   00 4c 89 e6 4c 89 ef ff 90 d0 00 00 00 41 0f b7 


Stack slot to memory mapping:
stack at sp + 0 slots: 0x00007f8dd83be790 is pointing into the stack for thread: 0x00007f8dd4174000
stack at sp + 1 slots: 0x00007f8ddc1da9f7: <offset 0x0000000000b5b9f7> in /usr/lib/jvm/java-11-openjdk-amd64/lib/server/libjvm.so at 0x00007f8ddb67f000
stack at sp + 2 slots: 0x00007f8dd83be790 is pointing into the stack for thread: 0x00007f8dd4174000
stack at sp + 3 slots: 0x00007f8dd83bf530 is pointing into the stack for thread: 0x00007f8dd4174000
stack at sp + 4 slots: 0x00007f8dd83be7d0 is pointing into the stack for thread: 0x00007f8dd4174000
stack at sp + 5 slots: 0x00007f8d84031c48 points into unknown readable memory: e0 cd 76 dc 8d 7f 00 00
stack at sp + 6 slots: 0x00007f8d841f28d0 points into unknown readable memory: 28 e3 70 dc 8d 7f 00 00
stack at sp + 7 slots: 0x0 is NULL


---------------  P R O C E S S  ---------------

Threads class SMR info:
_java_thread_list=0x00007f8d882a2610, length=12, elements={
0x00007f8dd4016000, 0x00007f8dd4162000, 0x00007f8dd416c000, 0x00007f8dd4172000,
0x00007f8dd4174000, 0x00007f8dd4176000, 0x00007f8dd4178000, 0x00007f8dd41a7000,
0x00007f8dd41ac000, 0x00007f8dd42d1800, 0x00007f8dd42fb800, 0x00007f8d882a1000
}

Java Threads: ( => current thread )
  0x00007f8dd4016000 JavaThread "main" [_thread_blocked, id=65553, stack(0x00007f8ddb233000,0x00007f8ddb334000)]
  0x00007f8dd4162000 JavaThread "Reference Handler" daemon [_thread_blocked, id=65564, stack(0x00007f8dd85c5000,0x00007f8dd86c6000)]
  0x00007f8dd416c000 JavaThread "Finalizer" daemon [_thread_blocked, id=65565, stack(0x00007f8dd84c4000,0x00007f8dd85c5000)]
  0x00007f8dd4172000 JavaThread "Signal Dispatcher" daemon [_thread_blocked, id=65566, stack(0x00007f8dd83c3000,0x00007f8dd84c4000)]
=>0x00007f8dd4174000 JavaThread "C2 CompilerThread0" daemon [_thread_in_native, id=65567, stack(0x00007f8dd82c2000,0x00007f8dd83c3000)]
  0x00007f8dd4176000 JavaThread "C1 CompilerThread0" daemon [_thread_in_vm, id=65568, stack(0x00007f8dd81c1000,0x00007f8dd82c2000)]
  0x00007f8dd4178000 JavaThread "Sweeper thread" daemon [_thread_blocked, id=65569, stack(0x00007f8dd80c0000,0x00007f8dd81c1000)]
  0x00007f8dd41a7000 JavaThread "Service Thread" daemon [_thread_blocked, id=65570, stack(0x00007f8dbc801000,0x00007f8dbc902000)]
  0x00007f8dd41ac000 JavaThread "Common-Cleaner" daemon [_thread_blocked, id=65572, stack(0x00007f8dbc5fe000,0x00007f8dbc6ff000)]
  0x00007f8dd42d1800 JavaThread "Java2D Disposer" daemon [_thread_blocked, id=65576, stack(0x00007f8d91362000,0x00007f8d91463000)]
  0x00007f8dd42fb800 JavaThread "AWT-XAWT" daemon [_thread_in_native, id=65577, stack(0x00007f8d91247000,0x00007f8d91348000)]
  0x00007f8d882a1000 JavaThread "C2 CompilerThread1" daemon [_thread_in_native, id=65578, stack(0x00007f8d91146000,0x00007f8d91247000)]

Other Threads:
  0x00007f8dd415f800 VMThread "VM Thread" [stack: 0x00007f8dd86c8000,0x00007f8dd87c8000] [id=65563]
  0x00007f8dd41a9800 WatcherThread [stack: 0x00007f8dbc701000,0x00007f8dbc801000] [id=65571]
  0x00007f8dd402d800 GCTaskThread "GC Thread#0" [stack: 0x00007f8ddaee7000,0x00007f8ddafe7000] [id=65555]
  0x00007f8dd4074800 ConcurrentGCThread "G1 Main Marker" [stack: 0x00007f8dd981a000,0x00007f8dd991a000] [id=65558]
  0x00007f8dd4076800 ConcurrentGCThread "G1 Conc#0" [stack: 0x00007f8dd9718000,0x00007f8dd9818000] [id=65559]
  0x00007f8dd4127000 ConcurrentGCThread "G1 Refine#0" [stack: 0x00007f8dd9212000,0x00007f8dd9312000] [id=65561]
  0x00007f8dd4129000 ConcurrentGCThread "G1 Young RemSet Sampling" [stack: 0x00007f8dd9110000,0x00007f8dd9210000] [id=65562]

Threads with active compile tasks:
C2 CompilerThread0    315  491       4       jdk.internal.org.objectweb.asm.Frame::execute (2264 bytes)
C1 CompilerThread0    315  596       3       sun.invoke.util.VerifyAccess::isMemberAccessible (313 bytes)
C2 CompilerThread1    315  555       4       jdk.internal.org.objectweb.asm.ClassWriter::newUTF8 (70 bytes)

VM state:synchronizing (normal execution)

VM Mutex/Monitor currently owned by a thread:  ([mutex/lock_event])
[0x00007f8dd4012ba0] Threads_lock - owner thread: 0x00007f8dd415f800

Heap address: 0x0000000746800000, size: 2968 MB, Compressed Oops mode: Zero based, Oop shift amount: 3
Narrow klass base: 0x0000000800000000, Narrow klass shift: 3
Compressed class space size: 1073741824 Address: 0x0000000840000000

Heap:
 garbage-first heap   total 192512K, used 5828K [0x0000000746800000, 0x0000000800000000)
  region size 1024K, 7 young (7168K), 0 survivors (0K)
 Metaspace       used 5109K, capacity 5457K, committed 5632K, reserved 1056768K
  class space    used 573K, capacity 749K, committed 768K, reserved 1048576K
Heap Regions: E=young(eden), S=young(survivor), O=old, HS=humongous(starts), HC=humongous(continues), CS=collection set, F=free, A=archive, TAMS=top-at-mark-start (previous, next)
|   0|0x0000000746800000, 0x0000000746800000, 0x0000000746900000|  0%| F|  |TAMS 0x0000000746800000, 0x0000000746800000| Untracked 
|   1|0x0000000746900000, 0x0000000746900000, 0x0000000746a00000|  0%| F|  |TAMS 0x0000000746900000, 0x0000000746900000| Untracked 
|   2|0x0000000746a00000, 0x0000000746a00000, 0x0000000746b00000|  0%| F|  |TAMS 0x0000000746a00000, 0x0000000746a00000| Untracked 
|   3|0x0000000746b00000, 0x0000000746b00000, 0x0000000746c00000|  0%| F|  |TAMS 0x0000000746b00000, 0x0000000746b00000| Untracked 
|   4|0x0000000746c00000, 0x0000000746c00000, 0x0000000746d00000|  0%| F|  |TAMS 0x0000000746c00000, 0x0000000746c00000| Untracked 
|   5|0x0000000746d00000, 0x0000000746d00000, 0x0000000746e00000|  0%| F|  |TAMS 0x0000000746d00000, 0x0000000746d00000| Untracked 
|   6|0x0000000746e00000, 0x0000000746e00000, 0x0000000746f00000|  0%| F|  |TAMS 0x0000000746e00000, 0x0000000746e00000| Untracked 
|   7|0x0000000746f00000, 0x0000000746f00000, 0x0000000747000000|  0%| F|  |TAMS 0x0000000746f00000, 0x0000000746f00000| Untracked 
|   8|0x0000000747000000, 0x0000000747000000, 0x0000000747100000|  0%| F|  |TAMS 0x0000000747000000, 0x0000000747000000| Untracked 
|   9|0x0000000747100000, 0x0000000747100000, 0x0000000747200000|  0%| F|  |TAMS 0x0000000747100000, 0x0000000747100000| Untracked 
|  10|0x0000000747200000, 0x0000000747200000, 0x0000000747300000|  0%| F|  |TAMS 0x0000000747200000, 0x0000000747200000| Untracked 
|  11|0x0000000747300000, 0x0000000747300000, 0x0000000747400000|  0%| F|  |TAMS 0x0000000747300000, 0x0000000747300000| Untracked 
|  12|0x0000000747400000, 0x0000000747400000, 0x0000000747500000|  0%| F|  |TAMS 0x0000000747400000, 0x0000000747400000| Untracked 
|  13|0x0000000747500000, 0x0000000747500000, 0x0000000747600000|  0%| F|  |TAMS 0x0000000747500000, 0x0000000747500000| Untracked 
|  14|0x0000000747600000, 0x0000000747600000, 0x0000000747700000|  0%| F|  |TAMS 0x0000000747600000, 0x0000000747600000| Untracked 
|  15|0x0000000747700000, 0x0000000747700000, 0x0000000747800000|  0%| F|  |TAMS 0x0000000747700000, 0x0000000747700000| Untracked 
|  16|0x0000000747800000, 0x0000000747800000, 0x0000000747900000|  0%| F|  |TAMS 0x0000000747800000, 0x0000000747800000| Untracked 
|  17|0x0000000747900000, 0x0000000747900000, 0x0000000747a00000|  0%| F|  |TAMS 0x0000000747900000, 0x0000000747900000| Untracked 
|  18|0x0000000747a00000, 0x0000000747a00000, 0x0000000747b00000|  0%| F|  |TAMS 0x0000000747a00000, 0x0000000747a00000| Untracked 
|  19|0x0000000747b00000, 0x0000000747b00000, 0x0000000747c00000|  0%| F|  |TAMS 0x0000000747b00000, 0x0000000747b00000| Untracked 
|  20|0x0000000747c00000, 0x0000000747c00000, 0x0000000747d00000|  0%| F|  |TAMS 0x0000000747c00000, 0x0000000747c00000| Untracked 
|  21|0x0000000747d00000, 0x0000000747d00000, 0x0000000747e00000|  0%| F|  |TAMS 0x0000000747d00000, 0x0000000747d00000| Untracked 
|  22|0x0000000747e00000, 0x0000000747e00000, 0x0000000747f00000|  0%| F|  |TAMS 0x0000000747e00000, 0x0000000747e00000| Untracked 
|  23|0x0000000747f00000, 0x0000000747f00000, 0x0000000748000000|  0%| F|  |TAMS 0x0000000747f00000, 0x0000000747f00000| Untracked 
|  24|0x0000000748000000, 0x0000000748000000, 0x0000000748100000|  0%| F|  |TAMS 0x0000000748000000, 0x0000000748000000| Untracked 
|  25|0x0000000748100000, 0x0000000748100000, 0x0000000748200000|  0%| F|  |TAMS 0x0000000748100000, 0x0000000748100000| Untracked 
|  26|0x0000000748200000, 0x0000000748200000, 0x0000000748300000|  0%| F|  |TAMS 0x0000000748200000, 0x0000000748200000| Untracked 
|  27|0x0000000748300000, 0x0000000748300000, 0x0000000748400000|  0%| F|  |TAMS 0x0000000748300000, 0x0000000748300000| Untracked 
|  28|0x0000000748400000, 0x0000000748400000, 0x0000000748500000|  0%| F|  |TAMS 0x0000000748400000, 0x0000000748400000| Untracked 
|  29|0x0000000748500000, 0x0000000748500000, 0x0000000748600000|  0%| F|  |TAMS 0x0000000748500000, 0x0000000748500000| Untracked 
|  30|0x0000000748600000, 0x0000000748600000, 0x0000000748700000|  0%| F|  |TAMS 0x0000000748600000, 0x0000000748600000| Untracked 
|  31|0x0000000748700000, 0x0000000748700000, 0x0000000748800000|  0%| F|  |TAMS 0x0000000748700000, 0x0000000748700000| Untracked 
|  32|0x0000000748800000, 0x0000000748800000, 0x0000000748900000|  0%| F|  |TAMS 0x0000000748800000, 0x0000000748800000| Untracked 
|  33|0x0000000748900000, 0x0000000748900000, 0x0000000748a00000|  0%| F|  |TAMS 0x0000000748900000, 0x0000000748900000| Untracked 
|  34|0x0000000748a00000, 0x0000000748a00000, 0x0000000748b00000|  0%| F|  |TAMS 0x0000000748a00000, 0x0000000748a00000| Untracked 
|  35|0x0000000748b00000, 0x0000000748b00000, 0x0000000748c00000|  0%| F|  |TAMS 0x0000000748b00000, 0x0000000748b00000| Untracked 
|  36|0x0000000748c00000, 0x0000000748c00000, 0x0000000748d00000|  0%| F|  |TAMS 0x0000000748c00000, 0x0000000748c00000| Untracked 
|  37|0x0000000748d00000, 0x0000000748d00000, 0x0000000748e00000|  0%| F|  |TAMS 0x0000000748d00000, 0x0000000748d00000| Untracked 
|  38|0x0000000748e00000, 0x0000000748e00000, 0x0000000748f00000|  0%| F|  |TAMS 0x0000000748e00000, 0x0000000748e00000| Untracked 
|  39|0x0000000748f00000, 0x0000000748f00000, 0x0000000749000000|  0%| F|  |TAMS 0x0000000748f00000, 0x0000000748f00000| Untracked 
|  40|0x0000000749000000, 0x0000000749000000, 0x0000000749100000|  0%| F|  |TAMS 0x0000000749000000, 0x0000000749000000| Untracked 
|  41|0x0000000749100000, 0x0000000749100000, 0x0000000749200000|  0%| F|  |TAMS 0x0000000749100000, 0x0000000749100000| Untracked 
|  42|0x0000000749200000, 0x0000000749200000, 0x0000000749300000|  0%| F|  |TAMS 0x0000000749200000, 0x0000000749200000| Untracked 
|  43|0x0000000749300000, 0x0000000749300000, 0x0000000749400000|  0%| F|  |TAMS 0x0000000749300000, 0x0000000749300000| Untracked 
|  44|0x0000000749400000, 0x0000000749400000, 0x0000000749500000|  0%| F|  |TAMS 0x0000000749400000, 0x0000000749400000| Untracked 
|  45|0x0000000749500000, 0x0000000749500000, 0x0000000749600000|  0%| F|  |TAMS 0x0000000749500000, 0x0000000749500000| Untracked 
|  46|0x0000000749600000, 0x0000000749600000, 0x0000000749700000|  0%| F|  |TAMS 0x0000000749600000, 0x0000000749600000| Untracked 
|  47|0x0000000749700000, 0x0000000749700000, 0x0000000749800000|  0%| F|  |TAMS 0x0000000749700000, 0x0000000749700000| Untracked 
|  48|0x0000000749800000, 0x0000000749800000, 0x0000000749900000|  0%| F|  |TAMS 0x0000000749800000, 0x0000000749800000| Untracked 
|  49|0x0000000749900000, 0x0000000749900000, 0x0000000749a00000|  0%| F|  |TAMS 0x0000000749900000, 0x0000000749900000| Untracked 
|  50|0x0000000749a00000, 0x0000000749a00000, 0x0000000749b00000|  0%| F|  |TAMS 0x0000000749a00000, 0x0000000749a00000| Untracked 
|  51|0x0000000749b00000, 0x0000000749b00000, 0x0000000749c00000|  0%| F|  |TAMS 0x0000000749b00000, 0x0000000749b00000| Untracked 
|  52|0x0000000749c00000, 0x0000000749c00000, 0x0000000749d00000|  0%| F|  |TAMS 0x0000000749c00000, 0x0000000749c00000| Untracked 
|  53|0x0000000749d00000, 0x0000000749d00000, 0x0000000749e00000|  0%| F|  |TAMS 0x0000000749d00000, 0x0000000749d00000| Untracked 
|  54|0x0000000749e00000, 0x0000000749e00000, 0x0000000749f00000|  0%| F|  |TAMS 0x0000000749e00000, 0x0000000749e00000| Untracked 
|  55|0x0000000749f00000, 0x0000000749f00000, 0x000000074a000000|  0%| F|  |TAMS 0x0000000749f00000, 0x0000000749f00000| Untracked 
|  56|0x000000074a000000, 0x000000074a000000, 0x000000074a100000|  0%| F|  |TAMS 0x000000074a000000, 0x000000074a000000| Untracked 
|  57|0x000000074a100000, 0x000000074a100000, 0x000000074a200000|  0%| F|  |TAMS 0x000000074a100000, 0x000000074a100000| Untracked 
|  58|0x000000074a200000, 0x000000074a200000, 0x000000074a300000|  0%| F|  |TAMS 0x000000074a200000, 0x000000074a200000| Untracked 
|  59|0x000000074a300000, 0x000000074a300000, 0x000000074a400000|  0%| F|  |TAMS 0x000000074a300000, 0x000000074a300000| Untracked 
|  60|0x000000074a400000, 0x000000074a400000, 0x000000074a500000|  0%| F|  |TAMS 0x000000074a400000, 0x000000074a400000| Untracked 
|  61|0x000000074a500000, 0x000000074a500000, 0x000000074a600000|  0%| F|  |TAMS 0x000000074a500000, 0x000000074a500000| Untracked 
|  62|0x000000074a600000, 0x000000074a600000, 0x000000074a700000|  0%| F|  |TAMS 0x000000074a600000, 0x000000074a600000| Untracked 
|  63|0x000000074a700000, 0x000000074a700000, 0x000000074a800000|  0%| F|  |TAMS 0x000000074a700000, 0x000000074a700000| Untracked 
|  64|0x000000074a800000, 0x000000074a800000, 0x000000074a900000|  0%| F|  |TAMS 0x000000074a800000, 0x000000074a800000| Untracked 
|  65|0x000000074a900000, 0x000000074a900000, 0x000000074aa00000|  0%| F|  |TAMS 0x000000074a900000, 0x000000074a900000| Untracked 
|  66|0x000000074aa00000, 0x000000074aa00000, 0x000000074ab00000|  0%| F|  |TAMS 0x000000074aa00000, 0x000000074aa00000| Untracked 
|  67|0x000000074ab00000, 0x000000074ab00000, 0x000000074ac00000|  0%| F|  |TAMS 0x000000074ab00000, 0x000000074ab00000| Untracked 
|  68|0x000000074ac00000, 0x000000074ac00000, 0x000000074ad00000|  0%| F|  |TAMS 0x000000074ac00000, 0x000000074ac00000| Untracked 
|  69|0x000000074ad00000, 0x000000074ad00000, 0x000000074ae00000|  0%| F|  |TAMS 0x000000074ad00000, 0x000000074ad00000| Untracked 
|  70|0x000000074ae00000, 0x000000074ae00000, 0x000000074af00000|  0%| F|  |TAMS 0x000000074ae00000, 0x000000074ae00000| Untracked 
|  71|0x000000074af00000, 0x000000074af00000, 0x000000074b000000|  0%| F|  |TAMS 0x000000074af00000, 0x000000074af00000| Untracked 
|  72|0x000000074b000000, 0x000000074b000000, 0x000000074b100000|  0%| F|  |TAMS 0x000000074b000000, 0x000000074b000000| Untracked 
|  73|0x000000074b100000, 0x000000074b100000, 0x000000074b200000|  0%| F|  |TAMS 0x000000074b100000, 0x000000074b100000| Untracked 
|  74|0x000000074b200000, 0x000000074b200000, 0x000000074b300000|  0%| F|  |TAMS 0x000000074b200000, 0x000000074b200000| Untracked 
|  75|0x000000074b300000, 0x000000074b300000, 0x000000074b400000|  0%| F|  |TAMS 0x000000074b300000, 0x000000074b300000| Untracked 
|  76|0x000000074b400000, 0x000000074b400000, 0x000000074b500000|  0%| F|  |TAMS 0x000000074b400000, 0x000000074b400000| Untracked 
|  77|0x000000074b500000, 0x000000074b500000, 0x000000074b600000|  0%| F|  |TAMS 0x000000074b500000, 0x000000074b500000| Untracked 
|  78|0x000000074b600000, 0x000000074b600000, 0x000000074b700000|  0%| F|  |TAMS 0x000000074b600000, 0x000000074b600000| Untracked 
|  79|0x000000074b700000, 0x000000074b700000, 0x000000074b800000|  0%| F|  |TAMS 0x000000074b700000, 0x000000074b700000| Untracked 
|  80|0x000000074b800000, 0x000000074b800000, 0x000000074b900000|  0%| F|  |TAMS 0x000000074b800000, 0x000000074b800000| Untracked 
|  81|0x000000074b900000, 0x000000074b900000, 0x000000074ba00000|  0%| F|  |TAMS 0x000000074b900000, 0x000000074b900000| Untracked 
|  82|0x000000074ba00000, 0x000000074ba00000, 0x000000074bb00000|  0%| F|  |TAMS 0x000000074ba00000, 0x000000074ba00000| Untracked 
|  83|0x000000074bb00000, 0x000000074bb00000, 0x000000074bc00000|  0%| F|  |TAMS 0x000000074bb00000, 0x000000074bb00000| Untracked 
|  84|0x000000074bc00000, 0x000000074bc00000, 0x000000074bd00000|  0%| F|  |TAMS 0x000000074bc00000, 0x000000074bc00000| Untracked 
|  85|0x000000074bd00000, 0x000000074bd00000, 0x000000074be00000|  0%| F|  |TAMS 0x000000074bd00000, 0x000000074bd00000| Untracked 
|  86|0x000000074be00000, 0x000000074be00000, 0x000000074bf00000|  0%| F|  |TAMS 0x000000074be00000, 0x000000074be00000| Untracked 
|  87|0x000000074bf00000, 0x000000074bf00000, 0x000000074c000000|  0%| F|  |TAMS 0x000000074bf00000, 0x000000074bf00000| Untracked 
|  88|0x000000074c000000, 0x000000074c000000, 0x000000074c100000|  0%| F|  |TAMS 0x000000074c000000, 0x000000074c000000| Untracked 
|  89|0x000000074c100000, 0x000000074c100000, 0x000000074c200000|  0%| F|  |TAMS 0x000000074c100000, 0x000000074c100000| Untracked 
|  90|0x000000074c200000, 0x000000074c200000, 0x000000074c300000|  0%| F|  |TAMS 0x000000074c200000, 0x000000074c200000| Untracked 
|  91|0x000000074c300000, 0x000000074c300000, 0x000000074c400000|  0%| F|  |TAMS 0x000000074c300000, 0x000000074c300000| Untracked 
|  92|0x000000074c400000, 0x000000074c400000, 0x000000074c500000|  0%| F|  |TAMS 0x000000074c400000, 0x000000074c400000| Untracked 
|  93|0x000000074c500000, 0x000000074c500000, 0x000000074c600000|  0%| F|  |TAMS 0x000000074c500000, 0x000000074c500000| Untracked 
|  94|0x000000074c600000, 0x000000074c600000, 0x000000074c700000|  0%| F|  |TAMS 0x000000074c600000, 0x000000074c600000| Untracked 
|  95|0x000000074c700000, 0x000000074c700000, 0x000000074c800000|  0%| F|  |TAMS 0x000000074c700000, 0x000000074c700000| Untracked 
|  96|0x000000074c800000, 0x000000074c800000, 0x000000074c900000|  0%| F|  |TAMS 0x000000074c800000, 0x000000074c800000| Untracked 
|  97|0x000000074c900000, 0x000000074c900000, 0x000000074ca00000|  0%| F|  |TAMS 0x000000074c900000, 0x000000074c900000| Untracked 
|  98|0x000000074ca00000, 0x000000074ca00000, 0x000000074cb00000|  0%| F|  |TAMS 0x000000074ca00000, 0x000000074ca00000| Untracked 
|  99|0x000000074cb00000, 0x000000074cb00000, 0x000000074cc00000|  0%| F|  |TAMS 0x000000074cb00000, 0x000000074cb00000| Untracked 
| 100|0x000000074cc00000, 0x000000074cc00000, 0x000000074cd00000|  0%| F|  |TAMS 0x000000074cc00000, 0x000000074cc00000| Untracked 
| 101|0x000000074cd00000, 0x000000074cd00000, 0x000000074ce00000|  0%| F|  |TAMS 0x000000074cd00000, 0x000000074cd00000| Untracked 
| 102|0x000000074ce00000, 0x000000074ce00000, 0x000000074cf00000|  0%| F|  |TAMS 0x000000074ce00000, 0x000000074ce00000| Untracked 
| 103|0x000000074cf00000, 0x000000074cf00000, 0x000000074d000000|  0%| F|  |TAMS 0x000000074cf00000, 0x000000074cf00000| Untracked 
| 104|0x000000074d000000, 0x000000074d000000, 0x000000074d100000|  0%| F|  |TAMS 0x000000074d000000, 0x000000074d000000| Untracked 
| 105|0x000000074d100000, 0x000000074d100000, 0x000000074d200000|  0%| F|  |TAMS 0x000000074d100000, 0x000000074d100000| Untracked 
| 106|0x000000074d200000, 0x000000074d200000, 0x000000074d300000|  0%| F|  |TAMS 0x000000074d200000, 0x000000074d200000| Untracked 
| 107|0x000000074d300000, 0x000000074d300000, 0x000000074d400000|  0%| F|  |TAMS 0x000000074d300000, 0x000000074d300000| Untracked 
| 108|0x000000074d400000, 0x000000074d400000, 0x000000074d500000|  0%| F|  |TAMS 0x000000074d400000, 0x000000074d400000| Untracked 
| 109|0x000000074d500000, 0x000000074d500000, 0x000000074d600000|  0%| F|  |TAMS 0x000000074d500000, 0x000000074d500000| Untracked 
| 110|0x000000074d600000, 0x000000074d600000, 0x000000074d700000|  0%| F|  |TAMS 0x000000074d600000, 0x000000074d600000| Untracked 
| 111|0x000000074d700000, 0x000000074d700000, 0x000000074d800000|  0%| F|  |TAMS 0x000000074d700000, 0x000000074d700000| Untracked 
| 112|0x000000074d800000, 0x000000074d800000, 0x000000074d900000|  0%| F|  |TAMS 0x000000074d800000, 0x000000074d800000| Untracked 
| 113|0x000000074d900000, 0x000000074d900000, 0x000000074da00000|  0%| F|  |TAMS 0x000000074d900000, 0x000000074d900000| Untracked 
| 114|0x000000074da00000, 0x000000074da00000, 0x000000074db00000|  0%| F|  |TAMS 0x000000074da00000, 0x000000074da00000| Untracked 
| 115|0x000000074db00000, 0x000000074db00000, 0x000000074dc00000|  0%| F|  |TAMS 0x000000074db00000, 0x000000074db00000| Untracked 
| 116|0x000000074dc00000, 0x000000074dc00000, 0x000000074dd00000|  0%| F|  |TAMS 0x000000074dc00000, 0x000000074dc00000| Untracked 
| 117|0x000000074dd00000, 0x000000074dd00000, 0x000000074de00000|  0%| F|  |TAMS 0x000000074dd00000, 0x000000074dd00000| Untracked 
| 118|0x000000074de00000, 0x000000074de00000, 0x000000074df00000|  0%| F|  |TAMS 0x000000074de00000, 0x000000074de00000| Untracked 
| 119|0x000000074df00000, 0x000000074df00000, 0x000000074e000000|  0%| F|  |TAMS 0x000000074df00000, 0x000000074df00000| Untracked 
| 120|0x000000074e000000, 0x000000074e000000, 0x000000074e100000|  0%| F|  |TAMS 0x000000074e000000, 0x000000074e000000| Untracked 
| 121|0x000000074e100000, 0x000000074e100000, 0x000000074e200000|  0%| F|  |TAMS 0x000000074e100000, 0x000000074e100000| Untracked 
| 122|0x000000074e200000, 0x000000074e200000, 0x000000074e300000|  0%| F|  |TAMS 0x000000074e200000, 0x000000074e200000| Untracked 
| 123|0x000000074e300000, 0x000000074e300000, 0x000000074e400000|  0%| F|  |TAMS 0x000000074e300000, 0x000000074e300000| Untracked 
| 124|0x000000074e400000, 0x000000074e400000, 0x000000074e500000|  0%| F|  |TAMS 0x000000074e400000, 0x000000074e400000| Untracked 
| 125|0x000000074e500000, 0x000000074e500000, 0x000000074e600000|  0%| F|  |TAMS 0x000000074e500000, 0x000000074e500000| Untracked 
| 126|0x000000074e600000, 0x000000074e600000, 0x000000074e700000|  0%| F|  |TAMS 0x000000074e600000, 0x000000074e600000| Untracked 
| 127|0x000000074e700000, 0x000000074e700000, 0x000000074e800000|  0%| F|  |TAMS 0x000000074e700000, 0x000000074e700000| Untracked 
| 128|0x000000074e800000, 0x000000074e800000, 0x000000074e900000|  0%| F|  |TAMS 0x000000074e800000, 0x000000074e800000| Untracked 
| 129|0x000000074e900000, 0x000000074e900000, 0x000000074ea00000|  0%| F|  |TAMS 0x000000074e900000, 0x000000074e900000| Untracked 
| 130|0x000000074ea00000, 0x000000074ea00000, 0x000000074eb00000|  0%| F|  |TAMS 0x000000074ea00000, 0x000000074ea00000| Untracked 
| 131|0x000000074eb00000, 0x000000074eb00000, 0x000000074ec00000|  0%| F|  |TAMS 0x000000074eb00000, 0x000000074eb00000| Untracked 
| 132|0x000000074ec00000, 0x000000074ec00000, 0x000000074ed00000|  0%| F|  |TAMS 0x000000074ec00000, 0x000000074ec00000| Untracked 
| 133|0x000000074ed00000, 0x000000074ed00000, 0x000000074ee00000|  0%| F|  |TAMS 0x000000074ed00000, 0x000000074ed00000| Untracked 
| 134|0x000000074ee00000, 0x000000074ee00000, 0x000000074ef00000|  0%| F|  |TAMS 0x000000074ee00000, 0x000000074ee00000| Untracked 
| 135|0x000000074ef00000, 0x000000074ef00000, 0x000000074f000000|  0%| F|  |TAMS 0x000000074ef00000, 0x000000074ef00000| Untracked 
| 136|0x000000074f000000, 0x000000074f000000, 0x000000074f100000|  0%| F|  |TAMS 0x000000074f000000, 0x000000074f000000| Untracked 
| 137|0x000000074f100000, 0x000000074f100000, 0x000000074f200000|  0%| F|  |TAMS 0x000000074f100000, 0x000000074f100000| Untracked 
| 138|0x000000074f200000, 0x000000074f200000, 0x000000074f300000|  0%| F|  |TAMS 0x000000074f200000, 0x000000074f200000| Untracked 
| 139|0x000000074f300000, 0x000000074f300000, 0x000000074f400000|  0%| F|  |TAMS 0x000000074f300000, 0x000000074f300000| Untracked 
| 140|0x000000074f400000, 0x000000074f400000, 0x000000074f500000|  0%| F|  |TAMS 0x000000074f400000, 0x000000074f400000| Untracked 
| 141|0x000000074f500000, 0x000000074f500000, 0x000000074f600000|  0%| F|  |TAMS 0x000000074f500000, 0x000000074f500000| Untracked 
| 142|0x000000074f600000, 0x000000074f600000, 0x000000074f700000|  0%| F|  |TAMS 0x000000074f600000, 0x000000074f600000| Untracked 
| 143|0x000000074f700000, 0x000000074f700000, 0x000000074f800000|  0%| F|  |TAMS 0x000000074f700000, 0x000000074f700000| Untracked 
| 144|0x000000074f800000, 0x000000074f800000, 0x000000074f900000|  0%| F|  |TAMS 0x000000074f800000, 0x000000074f800000| Untracked 
| 145|0x000000074f900000, 0x000000074f900000, 0x000000074fa00000|  0%| F|  |TAMS 0x000000074f900000, 0x000000074f900000| Untracked 
| 146|0x000000074fa00000, 0x000000074fa00000, 0x000000074fb00000|  0%| F|  |TAMS 0x000000074fa00000, 0x000000074fa00000| Untracked 
| 147|0x000000074fb00000, 0x000000074fb00000, 0x000000074fc00000|  0%| F|  |TAMS 0x000000074fb00000, 0x000000074fb00000| Untracked 
| 148|0x000000074fc00000, 0x000000074fc00000, 0x000000074fd00000|  0%| F|  |TAMS 0x000000074fc00000, 0x000000074fc00000| Untracked 
| 149|0x000000074fd00000, 0x000000074fd00000, 0x000000074fe00000|  0%| F|  |TAMS 0x000000074fd00000, 0x000000074fd00000| Untracked 
| 150|0x000000074fe00000, 0x000000074fe00000, 0x000000074ff00000|  0%| F|  |TAMS 0x000000074fe00000, 0x000000074fe00000| Untracked 
| 151|0x000000074ff00000, 0x000000074ff00000, 0x0000000750000000|  0%| F|  |TAMS 0x000000074ff00000, 0x000000074ff00000| Untracked 
| 152|0x0000000750000000, 0x0000000750000000, 0x0000000750100000|  0%| F|  |TAMS 0x0000000750000000, 0x0000000750000000| Untracked 
| 153|0x0000000750100000, 0x0000000750100000, 0x0000000750200000|  0%| F|  |TAMS 0x0000000750100000, 0x0000000750100000| Untracked 
| 154|0x0000000750200000, 0x0000000750200000, 0x0000000750300000|  0%| F|  |TAMS 0x0000000750200000, 0x0000000750200000| Untracked 
| 155|0x0000000750300000, 0x0000000750300000, 0x0000000750400000|  0%| F|  |TAMS 0x0000000750300000, 0x0000000750300000| Untracked 
| 156|0x0000000750400000, 0x0000000750400000, 0x0000000750500000|  0%| F|  |TAMS 0x0000000750400000, 0x0000000750400000| Untracked 
| 157|0x0000000750500000, 0x0000000750500000, 0x0000000750600000|  0%| F|  |TAMS 0x0000000750500000, 0x0000000750500000| Untracked 
| 158|0x0000000750600000, 0x0000000750600000, 0x0000000750700000|  0%| F|  |TAMS 0x0000000750600000, 0x0000000750600000| Untracked 
| 159|0x0000000750700000, 0x0000000750700000, 0x0000000750800000|  0%| F|  |TAMS 0x0000000750700000, 0x0000000750700000| Untracked 
| 160|0x0000000750800000, 0x0000000750800000, 0x0000000750900000|  0%| F|  |TAMS 0x0000000750800000, 0x0000000750800000| Untracked 
| 161|0x0000000750900000, 0x0000000750900000, 0x0000000750a00000|  0%| F|  |TAMS 0x0000000750900000, 0x0000000750900000| Untracked 
| 162|0x0000000750a00000, 0x0000000750a00000, 0x0000000750b00000|  0%| F|  |TAMS 0x0000000750a00000, 0x0000000750a00000| Untracked 
| 163|0x0000000750b00000, 0x0000000750b00000, 0x0000000750c00000|  0%| F|  |TAMS 0x0000000750b00000, 0x0000000750b00000| Untracked 
| 164|0x0000000750c00000, 0x0000000750c00000, 0x0000000750d00000|  0%| F|  |TAMS 0x0000000750c00000, 0x0000000750c00000| Untracked 
| 165|0x0000000750d00000, 0x0000000750d00000, 0x0000000750e00000|  0%| F|  |TAMS 0x0000000750d00000, 0x0000000750d00000| Untracked 
| 166|0x0000000750e00000, 0x0000000750e00000, 0x0000000750f00000|  0%| F|  |TAMS 0x0000000750e00000, 0x0000000750e00000| Untracked 
| 167|0x0000000750f00000, 0x0000000750f00000, 0x0000000751000000|  0%| F|  |TAMS 0x0000000750f00000, 0x0000000750f00000| Untracked 
| 168|0x0000000751000000, 0x0000000751000000, 0x0000000751100000|  0%| F|  |TAMS 0x0000000751000000, 0x0000000751000000| Untracked 
| 169|0x0000000751100000, 0x0000000751100000, 0x0000000751200000|  0%| F|  |TAMS 0x0000000751100000, 0x0000000751100000| Untracked 
| 170|0x0000000751200000, 0x0000000751200000, 0x0000000751300000|  0%| F|  |TAMS 0x0000000751200000, 0x0000000751200000| Untracked 
| 171|0x0000000751300000, 0x0000000751300000, 0x0000000751400000|  0%| F|  |TAMS 0x0000000751300000, 0x0000000751300000| Untracked 
| 172|0x0000000751400000, 0x0000000751400000, 0x0000000751500000|  0%| F|  |TAMS 0x0000000751400000, 0x0000000751400000| Untracked 
| 173|0x0000000751500000, 0x0000000751500000, 0x0000000751600000|  0%| F|  |TAMS 0x0000000751500000, 0x0000000751500000| Untracked 
| 174|0x0000000751600000, 0x0000000751600000, 0x0000000751700000|  0%| F|  |TAMS 0x0000000751600000, 0x0000000751600000| Untracked 
| 175|0x0000000751700000, 0x0000000751700000, 0x0000000751800000|  0%| F|  |TAMS 0x0000000751700000, 0x0000000751700000| Untracked 
| 176|0x0000000751800000, 0x0000000751800000, 0x0000000751900000|  0%| F|  |TAMS 0x0000000751800000, 0x0000000751800000| Untracked 
| 177|0x0000000751900000, 0x0000000751900000, 0x0000000751a00000|  0%| F|  |TAMS 0x0000000751900000, 0x0000000751900000| Untracked 
| 178|0x0000000751a00000, 0x0000000751a00000, 0x0000000751b00000|  0%| F|  |TAMS 0x0000000751a00000, 0x0000000751a00000| Untracked 
| 179|0x0000000751b00000, 0x0000000751b901e0, 0x0000000751c00000| 56%| E|  |TAMS 0x0000000751b00000, 0x0000000751b00000| Complete 
| 180|0x0000000751c00000, 0x0000000751d00000, 0x0000000751d00000|100%| E|CS|TAMS 0x0000000751c00000, 0x0000000751c00000| Complete 
| 181|0x0000000751d00000, 0x0000000751e00000, 0x0000000751e00000|100%| E|CS|TAMS 0x0000000751d00000, 0x0000000751d00000| Complete 
| 182|0x0000000751e00000, 0x0000000751f00000, 0x0000000751f00000|100%| E|CS|TAMS 0x0000000751e00000, 0x0000000751e00000| Complete 
| 183|0x0000000751f00000, 0x0000000752000000, 0x0000000752000000|100%| E|CS|TAMS 0x0000000751f00000, 0x0000000751f00000| Complete 
| 184|0x0000000752000000, 0x0000000752100000, 0x0000000752100000|100%| E|CS|TAMS 0x0000000752000000, 0x0000000752000000| Complete 
| 185|0x0000000752100000, 0x0000000752200000, 0x0000000752200000|100%| E|  |TAMS 0x0000000752100000, 0x0000000752100000| Complete 
|1942|0x00000007bfe00000, 0x00000007bfe47000, 0x00000007bff00000| 27%|OA|  |TAMS 0x00000007bfe00000, 0x00000007bfe00000| Untracked 
|1943|0x00000007bff00000, 0x00000007bff6a000, 0x00000007c0000000| 41%|CA|  |TAMS 0x00000007bff00000, 0x00000007bff00000| Untracked 

Card table byte_map: [0x00007f8dd9f49000,0x00007f8dda515000] _byte_map_base: 0x00007f8dd6515000

Marking Bits (Prev, Next): (CMBitMap*) 0x00007f8dd40680a8, (CMBitMap*) 0x00007f8dd40680e0
 Prev Bits: [0x00007f8db51a0000, 0x00007f8db8000000)
 Next Bits: [0x00007f8db2340000, 0x00007f8db51a0000)

Polling page: 0x00007f8ddb1ef000

Metaspace:

Usage:
  Non-class:      4.72 MB capacity,     4.56 MB ( 96%) used,   142.48 KB (  3%) free+waste,    29.06 KB ( <1%) overhead. 
      Class:    781.00 KB capacity,   593.40 KB ( 76%) used,   168.91 KB ( 22%) free+waste,    18.69 KB (  2%) overhead. 
       Both:      5.49 MB capacity,     5.13 MB ( 94%) used,   311.39 KB (  6%) free+waste,    47.75 KB ( <1%) overhead. 

Virtual space:
  Non-class space:        8.00 MB reserved,       5.00 MB ( 62%) committed 
      Class space:        1.00 GB reserved,     896.00 KB ( <1%) committed 
             Both:        1.01 GB reserved,       5.88 MB ( <1%) committed 

Chunk freelists:
   Non-Class:  44.00 KB
       Class:  19.00 KB
        Both:  63.00 KB

MaxMetaspaceSize: unlimited
CompressedClassSpaceSize: 1.00 GB

CodeHeap 'non-profiled nmethods': size=120032Kb used=165Kb max_used=165Kb free=119866Kb
 bounds [0x00007f8dc43ca000, 0x00007f8dc463a000, 0x00007f8dcb902000]
CodeHeap 'profiled nmethods': size=120032Kb used=951Kb max_used=951Kb free=119080Kb
 bounds [0x00007f8dbce92000, 0x00007f8dbd102000, 0x00007f8dc43ca000]
CodeHeap 'non-nmethods': size=5696Kb used=1166Kb max_used=1181Kb free=4529Kb
 bounds [0x00007f8dbc902000, 0x00007f8dbcb72000, 0x00007f8dbce92000]
 total_blobs=1122 nmethods=595 adapters=440
 compilation: enabled
              stopped_count=0, restarted_count=0
 full_count=0

Compilation events (20 events):
Event: 0.276 Thread 0x00007f8d882a1000  555       4       jdk.internal.org.objectweb.asm.ClassWriter::newUTF8 (70 bytes)
Event: 0.276 Thread 0x00007f8dd4176000  556       3       java.util.Objects::requireNonNull (15 bytes)
Event: 0.276 Thread 0x00007f8dd4176000 nmethod 556 0x00007f8dbcf61b90 code [0x00007f8dbcf61d60, 0x00007f8dbcf61f40]
Event: 0.276 Thread 0x00007f8dd4176000  558       3       jdk.internal.org.objectweb.asm.MethodVisitor::<init> (35 bytes)
Event: 0.277 Thread 0x00007f8dd4176000 nmethod 558 0x00007f8dbcf62010 code [0x00007f8dbcf621e0, 0x00007f8dbcf62500]
Event: 0.277 Thread 0x00007f8dd4176000  560       1       java.lang.invoke.InfoFromMemberName::getReferenceKind (5 bytes)
Event: 0.277 Thread 0x00007f8dd4176000 nmethod 560 0x00007f8dc43f0210 code [0x00007f8dc43f03c0, 0x00007f8dc43f0490]
Event: 0.278 Thread 0x00007f8dd4176000  562       3       sun.invoke.util.VerifyAccess::isClassAccessible (182 bytes)
Event: 0.281 Thread 0x00007f8dd4176000 nmethod 562 0x00007f8dbcf62610 code [0x00007f8dbcf629c0, 0x00007f8dbcf63f70]
Event: 0.281 Thread 0x00007f8dd4176000  564       3       java.lang.invoke.MethodHandles$Lookup::lookupClassOrNull (17 bytes)
Event: 0.281 Thread 0x00007f8dd4176000 nmethod 564 0x00007f8dbcf64610 code [0x00007f8dbcf647c0, 0x00007f8dbcf64950]
Event: 0.281 Thread 0x00007f8dd4176000  565       3       java.lang.invoke.LambdaForm::editor (5 bytes)
Event: 0.281 Thread 0x00007f8dd4176000 nmethod 565 0x00007f8dbcf64a10 code [0x00007f8dbcf64be0, 0x00007f8dbcf64f20]
Event: 0.281 Thread 0x00007f8dd4176000  566       3       java.lang.invoke.LambdaFormEditor::lambdaFormEditor (12 bytes)
Event: 0.282 Thread 0x00007f8dd4176000 nmethod 566 0x00007f8dbcf65090 code [0x00007f8dbcf65260, 0x00007f8dbcf65500]
Event: 0.282 Thread 0x00007f8dd4176000  567       3       java.lang.invoke.LambdaFormEditor$Transform::inRange (36 bytes)
Event: 0.282 Thread 0x00007f8dd4176000 nmethod 567 0x00007f8dbcf65690 code [0x00007f8dbcf65840, 0x00007f8dbcf65990]
Event: 0.282 Thread 0x00007f8dd4176000  568       3       jdk.internal.org.objectweb.asm.MethodWriter::visitMaxs (1144 bytes)
Event: 0.287 Thread 0x00007f8dd4176000 nmethod 568 0x00007f8dbcf65a10 code [0x00007f8dbcf65f20, 0x00007f8dbcf689c0]
Event: 0.287 Thread 0x00007f8dd4176000  571       3       jdk.internal.org.objectweb.asm.MethodWriter::put (1602 bytes)

GC Heap History (0 events):
No events

Deoptimization events (0 events):
No events

Classes redefined (0 events):
No events

Internal exceptions (16 events):
Event: 0.066 Thread 0x00007f8dd4016000 Exception <a 'java/security/PrivilegedActionException'{0x00000007521b7940}> (0x00000007521b7940) thrown at [src/hotspot/share/prims/jvm.cpp, line 1295]
Event: 0.066 Thread 0x00007f8dd4016000 Exception <a 'java/security/PrivilegedActionException'{0x00000007521b7c10}> (0x00000007521b7c10) thrown at [src/hotspot/share/prims/jvm.cpp, line 1295]
Event: 0.077 Thread 0x00007f8dd4016000 Exception <a 'java/lang/ClassNotFoundException'{0x00000007521f3840}: sun/awt/resources/spi/awtProvider> (0x00000007521f3840) thrown at [src/hotspot/share/classfile/systemDictionary.cpp, line 231]
Event: 0.120 Thread 0x00007f8dd4016000 Exception <a 'java/io/FileNotFoundException'{0x00000007520a3ef0}> (0x00000007520a3ef0) thrown at [src/hotspot/share/prims/jni.cpp, line 615]
Event: 0.137 Thread 0x00007f8dd4016000 Exception <a 'java/lang/NoSuchMethodError'{0x00000007520fecf0}: 'java.lang.Object java.lang.invoke.DirectMethodHandle$Holder.invokeStatic(java.lang.Object, java.lang.Object, java.lang.Object, java.lang.Object, java.lang.Object, java.lang.Object, java.lang.Object, java.lang.Object, java.lang.Object, java.lang.Object, java.lang.Object, java.lang.Object, java.lang.Object, java.lang.Object, java.lang.Object)'> (0x00000007520fecf0) thrown at [src/hotspot/share/interpreter/linkResolver.cpp, line 772]
Event: 0.139 Thread 0x00007f8dd4016000 Exception <a 'java/lang/NoSuchMethodError'{0x0000000751f0ce98}: 'java.lang.Object java.lang.invoke.DirectMethodHandle$Holder.invokeStatic(java.lang.Object, java.lang.Object, java.lang.Object, java.lang.Object, java.lang.Object, java.lang.Object, java.lang.Object, java.lang.Object, java.lang.Object, java.lang.Object, java.lang.Object, java.lang.Object, java.lang.Object, java.lang.Object, java.lang.Object, java.lang.Object)'> (0x0000000751f0ce98) thrown at [src/hotspot/share/interpreter/linkResolver.cpp, lin
Event: 0.141 Thread 0x00007f8dd4016000 Exception <a 'java/lang/NoSuchMethodError'{0x0000000751f1ab08}: 'java.lang.Object java.lang.invoke.DirectMethodHandle$Holder.invokeSpecial(java.lang.Object, java.lang.Object, int, int, java.lang.Object, java.lang.Object, java.lang.Object)'> (0x0000000751f1ab08) thrown at [src/hotspot/share/interpreter/linkResolver.cpp, line 772]
Event: 0.141 Thread 0x00007f8dd4016000 Exception <a 'java/lang/NoSuchMethodError'{0x0000000751f1e098}: 'java.lang.Object java.lang.invoke.DelegatingMethodHandle$Holder.reinvoke_L(java.lang.Object, int, int, java.lang.Object, java.lang.Object, java.lang.Object)'> (0x0000000751f1e098) thrown at [src/hotspot/share/interpreter/linkResolver.cpp, line 772]
Event: 0.142 Thread 0x00007f8dd4016000 Exception <a 'java/lang/NoSuchMethodError'{0x0000000751f22178}: 'java.lang.Object java.lang.invoke.DirectMethodHandle$Holder.invokeStatic(java.lang.Object, java.lang.Object, java.lang.Object, java.lang.Object, int)'> (0x0000000751f22178) thrown at [src/hotspot/share/interpreter/linkResolver.cpp, line 772]
Event: 0.225 Thread 0x00007f8dd4016000 Exception <a 'java/lang/NoSuchMethodError'{0x0000000751ea40f8}: 'java.lang.Object java.lang.invoke.DirectMethodHandle$Holder.invokeStatic(java.lang.Object, java.lang.Object, java.lang.Object, java.lang.Object, java.lang.Object, java.lang.Object, java.lang.Object, java.lang.Object, int)'> (0x0000000751ea40f8) thrown at [src/hotspot/share/interpreter/linkResolver.cpp, line 772]
Event: 0.227 Thread 0x00007f8dd4016000 Exception <a 'java/lang/NoSuchMethodError'{0x0000000751ebe058}: 'java.lang.Object java.lang.invoke.DirectMethodHandle$Holder.invokeStatic(java.lang.Object, java.lang.Object, java.lang.Object, java.lang.Object, java.lang.Object, java.lang.Object, java.lang.Object, java.lang.Object, int, int)'> (0x0000000751ebe058) thrown at [src/hotspot/share/interpreter/linkResolver.cpp, line 772]
Event: 0.229 Thread 0x00007f8dd4016000 Exception <a 'java/lang/NoSuchMethodError'{0x0000000751eca1e0}: 'void java.lang.invoke.DirectMethodHandle$Holder.invokeSpecial(java.lang.Object, java.lang.Object)'> (0x0000000751eca1e0) thrown at [src/hotspot/share/interpreter/linkResolver.cpp, line 772]
Event: 0.261 Thread 0x00007f8dd4016000 Exception <a 'java/lang/NoSuchMethodError'{0x0000000751dd54d8}: 'java.lang.Object java.lang.invoke.DirectMethodHandle$Holder.invokeStatic(java.lang.Object, int, java.lang.Object, java.lang.Object, java.lang.Object, java.lang.Object)'> (0x0000000751dd54d8) thrown at [src/hotspot/share/interpreter/linkResolver.cpp, line 772]
Event: 0.262 Thread 0x00007f8dd4016000 Exception <a 'java/lang/NoSuchMethodError'{0x0000000751ddc7d8}: 'java.lang.Object java.lang.invoke.DirectMethodHandle$Holder.invokeStatic(java.lang.Object, int, java.lang.Object, java.lang.Object, java.lang.Object)'> (0x0000000751ddc7d8) thrown at [src/hotspot/share/interpreter/linkResolver.cpp, line 772]
Event: 0.263 Thread 0x00007f8dd4016000 Exception <a 'java/lang/NoSuchMethodError'{0x0000000751de0320}: 'java.lang.Object java.lang.invoke.DirectMethodHandle$Holder.invokeSpecial(java.lang.Object, java.lang.Object, int, java.lang.Object, java.lang.Object, java.lang.Object)'> (0x0000000751de0320) thrown at [src/hotspot/share/interpreter/linkResolver.cpp, line 772]
Event: 0.266 Thread 0x00007f8dd4016000 Exception <a 'java/lang/NoSuchMethodError'{0x0000000751df7bd0}: 'java.lang.Object java.lang.invoke.DirectMethodHandle$Holder.invokeStatic(java.lang.Object, int, java.lang.Object)'> (0x0000000751df7bd0) thrown at [src/hotspot/share/interpreter/linkResolver.cpp, line 772]

Events (20 events):
Event: 0.268 loading class javax/swing/UIDefaults$LazyInputMap
Event: 0.268 loading class javax/swing/UIDefaults$LazyInputMap done
Event: 0.276 loading class javax/swing/plaf/metal/MetalLookAndFeel$FontActiveValue
Event: 0.276 loading class javax/swing/plaf/metal/MetalLookAndFeel$FontActiveValue done
Event: 0.288 loading class sun/awt/HeadlessToolkit
Event: 0.289 loading class sun/awt/HeadlessToolkit done
Event: 0.289 loading class java/beans/PropertyChangeEvent
Event: 0.289 loading class java/beans/PropertyChangeEvent done
Event: 0.290 loading class sun/awt/X11/XAWTXSettings
Event: 0.290 loading class sun/awt/X11/XMSelectionListener
Event: 0.290 loading class sun/awt/X11/XMSelectionListener done
Event: 0.290 loading class sun/awt/XSettings
Event: 0.290 loading class sun/awt/XSettings done
Event: 0.290 loading class sun/awt/X11/XAWTXSettings done
Event: 0.290 loading class sun/awt/X11/XMSelection
Event: 0.290 loading class sun/awt/X11/XMSelection done
Event: 0.290 loading class sun/awt/X11/XWindowAttributes
Event: 0.291 loading class sun/awt/X11/XWindowAttributes done
Event: 0.291 loading class sun/awt/X11/XMSelection$1
Event: 0.291 loading class sun/awt/X11/XMSelection$1 done


Dynamic libraries:
746800000-752200000 rw-p 00000000 00:00 0 
752200000-7bfe00000 ---p 00000000 00:00 0 
7bfe00000-7bfe47000 rw-p 0110d000 08:08 1192092                          /usr/lib/jvm/java-11-openjdk-amd64/lib/server/classes.jsa
7bfe47000-7bff00000 rw-p 00000000 00:00 0 
7bff00000-7bff6a000 rw-p 010a3000 08:08 1192092                          /usr/lib/jvm/java-11-openjdk-amd64/lib/server/classes.jsa
7bff6a000-7c0000000 rw-p 00000000 00:00 0 
7c0000000-800000000 ---p 00000000 00:00 0 
800000000-800002000 rwxp 00001000 08:08 1192092                          /usr/lib/jvm/java-11-openjdk-amd64/lib/server/classes.jsa
800002000-8003b9000 rw-p 00003000 08:08 1192092                          /usr/lib/jvm/java-11-openjdk-amd64/lib/server/classes.jsa
8003b9000-800a94000 r--p 003ba000 08:08 1192092                          /usr/lib/jvm/java-11-openjdk-amd64/lib/server/classes.jsa
800a94000-800a95000 rw-p 00a95000 08:08 1192092                          /usr/lib/jvm/java-11-openjdk-amd64/lib/server/classes.jsa
800a95000-8010a2000 r--p 00a96000 08:08 1192092                          /usr/lib/jvm/java-11-openjdk-amd64/lib/server/classes.jsa
840000000-8400e0000 rw-p 00000000 00:00 0 
8400e0000-880000000 ---p 00000000 00:00 0 
55beeb744000-55beeb745000 r--p 00000000 08:08 1191793                    /usr/lib/jvm/java-11-openjdk-amd64/bin/java
55beeb745000-55beeb746000 r-xp 00001000 08:08 1191793                    /usr/lib/jvm/java-11-openjdk-amd64/bin/java
55beeb746000-55beeb747000 r--p 00002000 08:08 1191793                    /usr/lib/jvm/java-11-openjdk-amd64/bin/java
55beeb747000-55beeb748000 r--p 00002000 08:08 1191793                    /usr/lib/jvm/java-11-openjdk-amd64/bin/java
55beeb748000-55beeb749000 rw-p 00003000 08:08 1191793                    /usr/lib/jvm/java-11-openjdk-amd64/bin/java
55beecb20000-55beecb41000 rw-p 00000000 00:00 0                          [heap]
7f8d5c000000-7f8d5c021000 rw-p 00000000 00:00 0 
7f8d5c021000-7f8d60000000 ---p 00000000 00:00 0 
7f8d60000000-7f8d60242000 rw-p 00000000 00:00 0 
7f8d60242000-7f8d64000000 ---p 00000000 00:00 0 
7f8d64000000-7f8d64021000 rw-p 00000000 00:00 0 
7f8d64021000-7f8d68000000 ---p 00000000 00:00 0 
7f8d68000000-7f8d68021000 rw-p 00000000 00:00 0 
7f8d68021000-7f8d6c000000 ---p 00000000 00:00 0 
7f8d6c000000-7f8d6c021000 rw-p 00000000 00:00 0 
7f8d6c021000-7f8d70000000 ---p 00000000 00:00 0 
7f8d70000000-7f8d70021000 rw-p 00000000 00:00 0 
7f8d70021000-7f8d74000000 ---p 00000000 00:00 0 
7f8d74000000-7f8d74021000 rw-p 00000000 00:00 0 
7f8d74021000-7f8d78000000 ---p 00000000 00:00 0 
7f8d78000000-7f8d78021000 rw-p 00000000 00:00 0 
7f8d78021000-7f8d7c000000 ---p 00000000 00:00 0 
7f8d7c000000-7f8d7c021000 rw-p 00000000 00:00 0 
7f8d7c021000-7f8d80000000 ---p 00000000 00:00 0 
7f8d80000000-7f8d80021000 rw-p 00000000 00:00 0 
7f8d80021000-7f8d84000000 ---p 00000000 00:00 0 
7f8d84000000-7f8d84328000 rw-p 00000000 00:00 0 
7f8d84328000-7f8d88000000 ---p 00000000 00:00 0 
7f8d88000000-7f8d88390000 rw-p 00000000 00:00 0 
7f8d88390000-7f8d8c000000 ---p 00000000 00:00 0 
7f8d8c000000-7f8d8c021000 rw-p 00000000 00:00 0 
7f8d8c021000-7f8d90000000 ---p 00000000 00:00 0 
7f8d91146000-7f8d9114a000 ---p 00000000 00:00 0 
7f8d9114a000-7f8d91247000 rw-p 00000000 00:00 0 
7f8d91247000-7f8d9124b000 ---p 00000000 00:00 0 
7f8d9124b000-7f8d91348000 rw-p 00000000 00:00 0 
7f8d91348000-7f8d9134a000 r--p 00000000 08:08 1187660                    /usr/lib/x86_64-linux-gnu/libXfixes.so.3.1.0
7f8d9134a000-7f8d9134d000 r-xp 00002000 08:08 1187660                    /usr/lib/x86_64-linux-gnu/libXfixes.so.3.1.0
7f8d9134d000-7f8d9134e000 r--p 00005000 08:08 1187660                    /usr/lib/x86_64-linux-gnu/libXfixes.so.3.1.0
7f8d9134e000-7f8d9134f000 r--p 00005000 08:08 1187660                    /usr/lib/x86_64-linux-gnu/libXfixes.so.3.1.0
7f8d9134f000-7f8d91350000 rw-p 00006000 08:08 1187660                    /usr/lib/x86_64-linux-gnu/libXfixes.so.3.1.0
7f8d91362000-7f8d91366000 ---p 00000000 00:00 0 
7f8d91366000-7f8d91463000 rw-p 00000000 00:00 0 
7f8d91463000-7f8d91464000 ---p 00000000 00:00 0 
7f8d91464000-7f8d91c64000 rw-p 00000000 00:00 0 
7f8d91c64000-7f8d91c65000 ---p 00000000 00:00 0 
7f8d91c65000-7f8d92465000 rw-p 00000000 00:00 0 
7f8d92465000-7f8d92466000 ---p 00000000 00:00 0 
7f8d92466000-7f8d92c66000 rw-p 00000000 00:00 0 
7f8d92c66000-7f8d92c97000 r--p 00000000 08:08 1838306                    /usr/share/glib-2.0/schemas/gschemas.compiled
7f8d92c97000-7f8d92cb7000 r--p 00000000 08:08 2236563                    /usr/share/locale-langpack/es/LC_MESSAGES/glib20.mo
7f8d92cb7000-7f8d92cb9000 r--p 00000000 08:08 1188662                    /usr/lib/x86_64-linux-gnu/libpcre2-8.so.0.9.0
7f8d92cb9000-7f8d92d1d000 r-xp 00002000 08:08 1188662                    /usr/lib/x86_64-linux-gnu/libpcre2-8.so.0.9.0
7f8d92d1d000-7f8d92d45000 r--p 00066000 08:08 1188662                    /usr/lib/x86_64-linux-gnu/libpcre2-8.so.0.9.0
7f8d92d45000-7f8d92d46000 r--p 0008d000 08:08 1188662                    /usr/lib/x86_64-linux-gnu/libpcre2-8.so.0.9.0
7f8d92d46000-7f8d92d47000 rw-p 0008e000 08:08 1188662                    /usr/lib/x86_64-linux-gnu/libpcre2-8.so.0.9.0
7f8d92d47000-7f8d92d51000 r--p 00000000 08:08 1187793                    /usr/lib/x86_64-linux-gnu/libblkid.so.1.1.0
7f8d92d51000-7f8d92d87000 r-xp 0000a000 08:08 1187793                    /usr/lib/x86_64-linux-gnu/libblkid.so.1.1.0
7f8d92d87000-7f8d92d97000 r--p 00040000 08:08 1187793                    /usr/lib/x86_64-linux-gnu/libblkid.so.1.1.0
7f8d92d97000-7f8d92d98000 ---p 00050000 08:08 1187793                    /usr/lib/x86_64-linux-gnu/libblkid.so.1.1.0
7f8d92d98000-7f8d92d9d000 r--p 00050000 08:08 1187793                    /usr/lib/x86_64-linux-gnu/libblkid.so.1.1.0
7f8d92d9d000-7f8d92d9e000 rw-p 00055000 08:08 1187793                    /usr/lib/x86_64-linux-gnu/libblkid.so.1.1.0
7f8d92d9e000-7f8d92da0000 r--p 00000000 08:08 1188658                    /usr/lib/x86_64-linux-gnu/libpcre.so.3.13.3
7f8d92da0000-7f8d92df1000 r-xp 00002000 08:08 1188658                    /usr/lib/x86_64-linux-gnu/libpcre.so.3.13.3
7f8d92df1000-7f8d92e0f000 r--p 00053000 08:08 1188658                    /usr/lib/x86_64-linux-gnu/libpcre.so.3.13.3
7f8d92e0f000-7f8d92e10000 r--p 00070000 08:08 1188658                    /usr/lib/x86_64-linux-gnu/libpcre.so.3.13.3
7f8d92e10000-7f8d92e11000 rw-p 00071000 08:08 1188658                    /usr/lib/x86_64-linux-gnu/libpcre.so.3.13.3
7f8d92e11000-7f8d92e15000 r--p 00000000 08:08 1188760                    /usr/lib/x86_64-linux-gnu/libresolv-2.31.so
7f8d92e15000-7f8d92e25000 r-xp 00004000 08:08 1188760                    /usr/lib/x86_64-linux-gnu/libresolv-2.31.so
7f8d92e25000-7f8d92e28000 r--p 00014000 08:08 1188760                    /usr/lib/x86_64-linux-gnu/libresolv-2.31.so
7f8d92e28000-7f8d92e29000 ---p 00017000 08:08 1188760                    /usr/lib/x86_64-linux-gnu/libresolv-2.31.so
7f8d92e29000-7f8d92e2a000 r--p 00017000 08:08 1188760                    /usr/lib/x86_64-linux-gnu/libresolv-2.31.so
7f8d92e2a000-7f8d92e2b000 rw-p 00018000 08:08 1188760                    /usr/lib/x86_64-linux-gnu/libresolv-2.31.so
7f8d92e2b000-7f8d92e2d000 rw-p 00000000 00:00 0 
7f8d92e2d000-7f8d92e33000 r--p 00000000 08:08 1188816                    /usr/lib/x86_64-linux-gnu/libselinux.so.1
7f8d92e33000-7f8d92e4c000 r-xp 00006000 08:08 1188816                    /usr/lib/x86_64-linux-gnu/libselinux.so.1
7f8d92e4c000-7f8d92e53000 r--p 0001f000 08:08 1188816                    /usr/lib/x86_64-linux-gnu/libselinux.so.1
7f8d92e53000-7f8d92e54000 ---p 00026000 08:08 1188816                    /usr/lib/x86_64-linux-gnu/libselinux.so.1
7f8d92e54000-7f8d92e55000 r--p 00026000 08:08 1188816                    /usr/lib/x86_64-linux-gnu/libselinux.so.1
7f8d92e55000-7f8d92e56000 rw-p 00027000 08:08 1188816                    /usr/lib/x86_64-linux-gnu/libselinux.so.1
7f8d92e56000-7f8d92e58000 rw-p 00000000 00:00 0 
7f8d92e58000-7f8d92e63000 r--p 00000000 08:08 1188479                    /usr/lib/x86_64-linux-gnu/libmount.so.1.1.0
7f8d92e63000-7f8d92ea1000 r-xp 0000b000 08:08 1188479                    /usr/lib/x86_64-linux-gnu/libmount.so.1.1.0
7f8d92ea1000-7f8d92eb4000 r--p 00049000 08:08 1188479                    /usr/lib/x86_64-linux-gnu/libmount.so.1.1.0
7f8d92eb4000-7f8d92eb7000 r--p 0005b000 08:08 1188479                    /usr/lib/x86_64-linux-gnu/libmount.so.1.1.0
7f8d92eb7000-7f8d92eb8000 rw-p 0005e000 08:08 1188479                    /usr/lib/x86_64-linux-gnu/libmount.so.1.1.0
7f8d92eb8000-7f8d92ec6000 r--p 00000000 08:08 1186305                    /usr/lib/x86_64-linux-gnu/libgobject-2.0.so.0.6400.3
7f8d92ec6000-7f8d92efc000 r-xp 0000e000 08:08 1186305                    /usr/lib/x86_64-linux-gnu/libgobject-2.0.so.0.6400.3
7f8d92efc000-7f8d92f14000 r--p 00044000 08:08 1186305                    /usr/lib/x86_64-linux-gnu/libgobject-2.0.so.0.6400.3
7f8d92f14000-7f8d92f17000 r--p 0005b000 08:08 1186305                    /usr/lib/x86_64-linux-gnu/libgobject-2.0.so.0.6400.3
7f8d92f17000-7f8d92f18000 rw-p 0005e000 08:08 1186305                    /usr/lib/x86_64-linux-gnu/libgobject-2.0.so.0.6400.3
7f8d92f18000-7f8d92f34000 r--p 00000000 08:08 1186303                    /usr/lib/x86_64-linux-gnu/libglib-2.0.so.0.6400.3
7f8d92f34000-7f8d92fb8000 r-xp 0001c000 08:08 1186303                    /usr/lib/x86_64-linux-gnu/libglib-2.0.so.0.6400.3
7f8d92fb8000-7f8d9303d000 r--p 000a0000 08:08 1186303                    /usr/lib/x86_64-linux-gnu/libglib-2.0.so.0.6400.3
7f8d9303d000-7f8d9303e000 ---p 00125000 08:08 1186303                    /usr/lib/x86_64-linux-gnu/libglib-2.0.so.0.6400.3
7f8d9303e000-7f8d9303f000 r--p 00125000 08:08 1186303                    /usr/lib/x86_64-linux-gnu/libglib-2.0.so.0.6400.3
7f8d9303f000-7f8d93040000 rw-p 00126000 08:08 1186303                    /usr/lib/x86_64-linux-gnu/libglib-2.0.so.0.6400.3
7f8d93040000-7f8d93041000 rw-p 00000000 00:00 0 
7f8d93041000-7f8d93079000 r--p 00000000 08:08 1186302                    /usr/lib/x86_64-linux-gnu/libgio-2.0.so.0.6400.3
7f8d93079000-7f8d9318c000 r-xp 00038000 08:08 1186302                    /usr/lib/x86_64-linux-gnu/libgio-2.0.so.0.6400.3
7f8d9318c000-7f8d93215000 r--p 0014b000 08:08 1186302                    /usr/lib/x86_64-linux-gnu/libgio-2.0.so.0.6400.3
7f8d93215000-7f8d93216000 ---p 001d4000 08:08 1186302                    /usr/lib/x86_64-linux-gnu/libgio-2.0.so.0.6400.3
7f8d93216000-7f8d9321f000 r--p 001d4000 08:08 1186302                    /usr/lib/x86_64-linux-gnu/libgio-2.0.so.0.6400.3
7f8d9321f000-7f8d93220000 rw-p 001dd000 08:08 1186302                    /usr/lib/x86_64-linux-gnu/libgio-2.0.so.0.6400.3
7f8d93220000-7f8d93222000 rw-p 00000000 00:00 0 
7f8d93222000-7f8d94000000 r--p 00000000 08:08 1186387                    /usr/lib/locale/locale-archive
7f8d94000000-7f8d94021000 rw-p 00000000 00:00 0 
7f8d94021000-7f8d98000000 ---p 00000000 00:00 0 
7f8d98000000-7f8d98021000 rw-p 00000000 00:00 0 
7f8d98021000-7f8d9c000000 ---p 00000000 00:00 0 
7f8d9c000000-7f8d9c021000 rw-p 00000000 00:00 0 
7f8d9c021000-7f8da0000000 ---p 00000000 00:00 0 
7f8da0000000-7f8da0021000 rw-p 00000000 00:00 0 
7f8da0021000-7f8da4000000 ---p 00000000 00:00 0 
7f8da4000000-7f8da4021000 rw-p 00000000 00:00 0 
7f8da4021000-7f8da8000000 ---p 00000000 00:00 0 
7f8da8000000-7f8da8021000 rw-p 00000000 00:00 0 
7f8da8021000-7f8dac000000 ---p 00000000 00:00 0 
7f8dac000000-7f8dac021000 rw-p 00000000 00:00 0 
7f8dac021000-7f8db0000000 ---p 00000000 00:00 0 
7f8db0005000-7f8db0009000 r--p 00000000 08:08 1191928                    /usr/lib/jvm/java-11-openjdk-amd64/lib/libfontmanager.so
7f8db0009000-7f8db00f4000 r-xp 00004000 08:08 1191928                    /usr/lib/jvm/java-11-openjdk-amd64/lib/libfontmanager.so
7f8db00f4000-7f8db0134000 r--p 000ef000 08:08 1191928                    /usr/lib/jvm/java-11-openjdk-amd64/lib/libfontmanager.so
7f8db0134000-7f8db0135000 ---p 0012f000 08:08 1191928                    /usr/lib/jvm/java-11-openjdk-amd64/lib/libfontmanager.so
7f8db0135000-7f8db0136000 r--p 0012f000 08:08 1191928                    /usr/lib/jvm/java-11-openjdk-amd64/lib/libfontmanager.so
7f8db0136000-7f8db0137000 rw-p 00130000 08:08 1191928                    /usr/lib/jvm/java-11-openjdk-amd64/lib/libfontmanager.so
7f8db0137000-7f8db013a000 rw-p 00000000 00:00 0 
7f8db013a000-7f8db013f000 r-xp 00000000 08:08 1187684                    /usr/lib/x86_64-linux-gnu/libXtst.so.6.1.0
7f8db013f000-7f8db033e000 ---p 00005000 08:08 1187684                    /usr/lib/x86_64-linux-gnu/libXtst.so.6.1.0
7f8db033e000-7f8db033f000 r--p 00004000 08:08 1187684                    /usr/lib/x86_64-linux-gnu/libXtst.so.6.1.0
7f8db033f000-7f8db0340000 rw-p 00005000 08:08 1187684                    /usr/lib/x86_64-linux-gnu/libXtst.so.6.1.0
7f8db0340000-7f8db2628000 rw-p 00000000 00:00 0 
7f8db2628000-7f8db4198000 ---p 00000000 00:00 0 
7f8db4198000-7f8db41a0000 rw-p 00000000 00:00 0 
7f8db41a0000-7f8db51a0000 ---p 00000000 00:00 0 
7f8db51a0000-7f8db5488000 rw-p 00000000 00:00 0 
7f8db5488000-7f8db6ff8000 ---p 00000000 00:00 0 
7f8db6ff8000-7f8db7000000 rw-p 00000000 00:00 0 
7f8db7000000-7f8db8000000 ---p 00000000 00:00 0 
7f8db8000000-7f8db8021000 rw-p 00000000 00:00 0 
7f8db8021000-7f8dbc000000 ---p 00000000 00:00 0 
7f8dbc001000-7f8dbc004000 r--p 00000000 08:08 1187652                    /usr/lib/x86_64-linux-gnu/libXcursor.so.1.0.2
7f8dbc004000-7f8dbc00a000 r-xp 00003000 08:08 1187652                    /usr/lib/x86_64-linux-gnu/libXcursor.so.1.0.2
7f8dbc00a000-7f8dbc00c000 r--p 00009000 08:08 1187652                    /usr/lib/x86_64-linux-gnu/libXcursor.so.1.0.2
7f8dbc00c000-7f8dbc00d000 r--p 0000a000 08:08 1187652                    /usr/lib/x86_64-linux-gnu/libXcursor.so.1.0.2
7f8dbc00d000-7f8dbc00e000 rw-p 0000b000 08:08 1187652                    /usr/lib/x86_64-linux-gnu/libXcursor.so.1.0.2
7f8dbc00e000-7f8dbc010000 r--p 00000000 08:08 1188046                    /usr/lib/x86_64-linux-gnu/libffi.so.7.1.0
7f8dbc010000-7f8dbc016000 r-xp 00002000 08:08 1188046                    /usr/lib/x86_64-linux-gnu/libffi.so.7.1.0
7f8dbc016000-7f8dbc017000 r--p 00008000 08:08 1188046                    /usr/lib/x86_64-linux-gnu/libffi.so.7.1.0
7f8dbc017000-7f8dbc018000 ---p 00009000 08:08 1188046                    /usr/lib/x86_64-linux-gnu/libffi.so.7.1.0
7f8dbc018000-7f8dbc019000 r--p 00009000 08:08 1188046                    /usr/lib/x86_64-linux-gnu/libffi.so.7.1.0
7f8dbc019000-7f8dbc01a000 rw-p 0000a000 08:08 1188046                    /usr/lib/x86_64-linux-gnu/libffi.so.7.1.0
7f8dbc01a000-7f8dbc01c000 r--p 00000000 08:08 1187676                    /usr/lib/x86_64-linux-gnu/libXrandr.so.2.2.0
7f8dbc01c000-7f8dbc023000 r-xp 00002000 08:08 1187676                    /usr/lib/x86_64-linux-gnu/libXrandr.so.2.2.0
7f8dbc023000-7f8dbc025000 r--p 00009000 08:08 1187676                    /usr/lib/x86_64-linux-gnu/libXrandr.so.2.2.0
7f8dbc025000-7f8dbc026000 r--p 0000a000 08:08 1187676                    /usr/lib/x86_64-linux-gnu/libXrandr.so.2.2.0
7f8dbc026000-7f8dbc027000 rw-p 0000b000 08:08 1187676                    /usr/lib/x86_64-linux-gnu/libXrandr.so.2.2.0
7f8dbc027000-7f8dbc02c000 r--p 00000000 08:08 1188696                    /usr/lib/x86_64-linux-gnu/libpng16.so.16.37.0
7f8dbc02c000-7f8dbc051000 r-xp 00005000 08:08 1188696                    /usr/lib/x86_64-linux-gnu/libpng16.so.16.37.0
7f8dbc051000-7f8dbc05d000 r--p 0002a000 08:08 1188696                    /usr/lib/x86_64-linux-gnu/libpng16.so.16.37.0
7f8dbc05d000-7f8dbc05e000 r--p 00035000 08:08 1188696                    /usr/lib/x86_64-linux-gnu/libpng16.so.16.37.0
7f8dbc05e000-7f8dbc05f000 rw-p 00036000 08:08 1188696                    /usr/lib/x86_64-linux-gnu/libpng16.so.16.37.0
7f8dbc05f000-7f8dbc06b000 r--p 00000000 08:08 1188077                    /usr/lib/x86_64-linux-gnu/libfreetype.so.6.17.1
7f8dbc06b000-7f8dbc0eb000 r-xp 0000c000 08:08 1188077                    /usr/lib/x86_64-linux-gnu/libfreetype.so.6.17.1
7f8dbc0eb000-7f8dbc115000 r--p 0008c000 08:08 1188077                    /usr/lib/x86_64-linux-gnu/libfreetype.so.6.17.1
7f8dbc115000-7f8dbc116000 ---p 000b6000 08:08 1188077                    /usr/lib/x86_64-linux-gnu/libfreetype.so.6.17.1
7f8dbc116000-7f8dbc11d000 r--p 000b6000 08:08 1188077                    /usr/lib/x86_64-linux-gnu/libfreetype.so.6.17.1
7f8dbc11d000-7f8dbc11e000 rw-p 000bd000 08:08 1188077                    /usr/lib/x86_64-linux-gnu/libfreetype.so.6.17.1
7f8dbc11e000-7f8dbc122000 r--p 00000000 08:08 1707614                    /usr/lib/x86_64-linux-gnu/gio/modules/libdconfsettings.so
7f8dbc122000-7f8dbc12a000 r-xp 00004000 08:08 1707614                    /usr/lib/x86_64-linux-gnu/gio/modules/libdconfsettings.so
7f8dbc12a000-7f8dbc12d000 r--p 0000c000 08:08 1707614                    /usr/lib/x86_64-linux-gnu/gio/modules/libdconfsettings.so
7f8dbc12d000-7f8dbc12e000 ---p 0000f000 08:08 1707614                    /usr/lib/x86_64-linux-gnu/gio/modules/libdconfsettings.so
7f8dbc12e000-7f8dbc12f000 r--p 0000f000 08:08 1707614                    /usr/lib/x86_64-linux-gnu/gio/modules/libdconfsettings.so
7f8dbc12f000-7f8dbc130000 rw-p 00010000 08:08 1707614                    /usr/lib/x86_64-linux-gnu/gio/modules/libdconfsettings.so
7f8dbc130000-7f8dbc154000 r--p 00000000 08:08 2233907                    /usr/share/locale-langpack/es/LC_MESSAGES/libc.mo
7f8dbc154000-7f8dbc15f000 r--p 00000000 08:08 1189114                    /usr/lib/x86_64-linux-gnu/libxcb.so.1.1.0
7f8dbc15f000-7f8dbc173000 r-xp 0000b000 08:08 1189114                    /usr/lib/x86_64-linux-gnu/libxcb.so.1.1.0
7f8dbc173000-7f8dbc17c000 r--p 0001f000 08:08 1189114                    /usr/lib/x86_64-linux-gnu/libxcb.so.1.1.0
7f8dbc17c000-7f8dbc17d000 r--p 00027000 08:08 1189114                    /usr/lib/x86_64-linux-gnu/libxcb.so.1.1.0
7f8dbc17d000-7f8dbc17e000 rw-p 00028000 08:08 1189114                    /usr/lib/x86_64-linux-gnu/libxcb.so.1.1.0
7f8dbc17e000-7f8dbc187000 r-xp 00000000 08:08 1187678                    /usr/lib/x86_64-linux-gnu/libXrender.so.1.3.0
7f8dbc187000-7f8dbc386000 ---p 00009000 08:08 1187678                    /usr/lib/x86_64-linux-gnu/libXrender.so.1.3.0
7f8dbc386000-7f8dbc387000 r--p 00008000 08:08 1187678                    /usr/lib/x86_64-linux-gnu/libXrender.so.1.3.0
7f8dbc387000-7f8dbc388000 rw-p 00009000 08:08 1187678                    /usr/lib/x86_64-linux-gnu/libXrender.so.1.3.0
7f8dbc388000-7f8dbc3a0000 r--p 00000000 08:08 1187641                    /usr/lib/x86_64-linux-gnu/libX11.so.6.3.0
7f8dbc3a0000-7f8dbc42b000 r-xp 00018000 08:08 1187641                    /usr/lib/x86_64-linux-gnu/libX11.so.6.3.0
7f8dbc42b000-7f8dbc4bf000 r--p 000a3000 08:08 1187641                    /usr/lib/x86_64-linux-gnu/libX11.so.6.3.0
7f8dbc4bf000-7f8dbc4c0000 ---p 00137000 08:08 1187641                    /usr/lib/x86_64-linux-gnu/libX11.so.6.3.0
7f8dbc4c0000-7f8dbc4c1000 r--p 00137000 08:08 1187641                    /usr/lib/x86_64-linux-gnu/libX11.so.6.3.0
7f8dbc4c1000-7f8dbc4c5000 rw-p 00138000 08:08 1187641                    /usr/lib/x86_64-linux-gnu/libX11.so.6.3.0
7f8dbc4c5000-7f8dbc4d5000 r--p 00000000 08:08 1191925                    /usr/lib/jvm/java-11-openjdk-amd64/lib/libawt_xawt.so
7f8dbc4d5000-7f8dbc514000 r-xp 00010000 08:08 1191925                    /usr/lib/jvm/java-11-openjdk-amd64/lib/libawt_xawt.so
7f8dbc514000-7f8dbc526000 r--p 0004f000 08:08 1191925                    /usr/lib/jvm/java-11-openjdk-amd64/lib/libawt_xawt.so
7f8dbc526000-7f8dbc527000 r--p 00060000 08:08 1191925                    /usr/lib/jvm/java-11-openjdk-amd64/lib/libawt_xawt.so
7f8dbc527000-7f8dbc529000 rw-p 00061000 08:08 1191925                    /usr/lib/jvm/java-11-openjdk-amd64/lib/libawt_xawt.so
7f8dbc529000-7f8dbc52b000 rw-p 00000000 00:00 0 
7f8dbc52b000-7f8dbc557000 r--p 00000000 08:08 1191923                    /usr/lib/jvm/java-11-openjdk-amd64/lib/libawt.so
7f8dbc557000-7f8dbc5c0000 r-xp 0002c000 08:08 1191923                    /usr/lib/jvm/java-11-openjdk-amd64/lib/libawt.so
7f8dbc5c0000-7f8dbc5cc000 r--p 00095000 08:08 1191923                    /usr/lib/jvm/java-11-openjdk-amd64/lib/libawt.so
7f8dbc5cc000-7f8dbc5cd000 ---p 000a1000 08:08 1191923                    /usr/lib/jvm/java-11-openjdk-amd64/lib/libawt.so
7f8dbc5cd000-7f8dbc5ce000 r--p 000a1000 08:08 1191923                    /usr/lib/jvm/java-11-openjdk-amd64/lib/libawt.so
7f8dbc5ce000-7f8dbc5d9000 rw-p 000a2000 08:08 1191923                    /usr/lib/jvm/java-11-openjdk-amd64/lib/libawt.so
7f8dbc5d9000-7f8dbc5fe000 rw-p 00000000 00:00 0 
7f8dbc5fe000-7f8dbc602000 ---p 00000000 00:00 0 
7f8dbc602000-7f8dbc6ff000 rw-p 00000000 00:00 0 
7f8dbc6ff000-7f8dbc700000 ---p 00000000 00:00 0 
7f8dbc700000-7f8dbc801000 rw-p 00000000 00:00 0 
7f8dbc801000-7f8dbc805000 ---p 00000000 00:00 0 
7f8dbc805000-7f8dbc902000 rw-p 00000000 00:00 0 
7f8dbc902000-7f8dbcb72000 rwxp 00000000 00:00 0 
7f8dbcb72000-7f8dbce92000 ---p 00000000 00:00 0 
7f8dbce92000-7f8dbd102000 rwxp 00000000 00:00 0 
7f8dbd102000-7f8dc43ca000 ---p 00000000 00:00 0 
7f8dc43ca000-7f8dc463a000 rwxp 00000000 00:00 0 
7f8dc463a000-7f8dcb902000 ---p 00000000 00:00 0 
7f8dcb902000-7f8dd4000000 r--s 00000000 08:08 1191956                    /usr/lib/jvm/java-11-openjdk-amd64/lib/modules
7f8dd4000000-7f8dd44e9000 rw-p 00000000 00:00 0 
7f8dd44e9000-7f8dd8000000 ---p 00000000 00:00 0 
7f8dd8001000-7f8dd8005000 r--p 00000000 08:08 1187812                    /usr/lib/x86_64-linux-gnu/libbsd.so.0.10.0
7f8dd8005000-7f8dd8014000 r-xp 00004000 08:08 1187812                    /usr/lib/x86_64-linux-gnu/libbsd.so.0.10.0
7f8dd8014000-7f8dd8017000 r--p 00013000 08:08 1187812                    /usr/lib/x86_64-linux-gnu/libbsd.so.0.10.0
7f8dd8017000-7f8dd8018000 ---p 00016000 08:08 1187812                    /usr/lib/x86_64-linux-gnu/libbsd.so.0.10.0
7f8dd8018000-7f8dd8019000 r--p 00016000 08:08 1187812                    /usr/lib/x86_64-linux-gnu/libbsd.so.0.10.0
7f8dd8019000-7f8dd801a000 rw-p 00017000 08:08 1187812                    /usr/lib/x86_64-linux-gnu/libbsd.so.0.10.0
7f8dd801a000-7f8dd801b000 rw-p 00000000 00:00 0 
7f8dd801b000-7f8dd801d000 r--p 00000000 08:08 1187656                    /usr/lib/x86_64-linux-gnu/libXdmcp.so.6.0.0
7f8dd801d000-7f8dd801f000 r-xp 00002000 08:08 1187656                    /usr/lib/x86_64-linux-gnu/libXdmcp.so.6.0.0
7f8dd801f000-7f8dd8021000 r--p 00004000 08:08 1187656                    /usr/lib/x86_64-linux-gnu/libXdmcp.so.6.0.0
7f8dd8021000-7f8dd8022000 r--p 00005000 08:08 1187656                    /usr/lib/x86_64-linux-gnu/libXdmcp.so.6.0.0
7f8dd8022000-7f8dd8023000 rw-p 00006000 08:08 1187656                    /usr/lib/x86_64-linux-gnu/libXdmcp.so.6.0.0
7f8dd8023000-7f8dd8024000 r--p 00000000 08:08 1187645                    /usr/lib/x86_64-linux-gnu/libXau.so.6.0.0
7f8dd8024000-7f8dd8026000 r-xp 00001000 08:08 1187645                    /usr/lib/x86_64-linux-gnu/libXau.so.6.0.0
7f8dd8026000-7f8dd8027000 r--p 00003000 08:08 1187645                    /usr/lib/x86_64-linux-gnu/libXau.so.6.0.0
7f8dd8027000-7f8dd8028000 r--p 00003000 08:08 1187645                    /usr/lib/x86_64-linux-gnu/libXau.so.6.0.0
7f8dd8028000-7f8dd8029000 rw-p 00004000 08:08 1187645                    /usr/lib/x86_64-linux-gnu/libXau.so.6.0.0
7f8dd8029000-7f8dd802b000 r--p 00000000 08:08 1187666                    /usr/lib/x86_64-linux-gnu/libXi.so.6.1.0
7f8dd802b000-7f8dd8036000 r-xp 00002000 08:08 1187666                    /usr/lib/x86_64-linux-gnu/libXi.so.6.1.0
7f8dd8036000-7f8dd8039000 r--p 0000d000 08:08 1187666                    /usr/lib/x86_64-linux-gnu/libXi.so.6.1.0
7f8dd8039000-7f8dd803a000 r--p 0000f000 08:08 1187666                    /usr/lib/x86_64-linux-gnu/libXi.so.6.1.0
7f8dd803a000-7f8dd803b000 rw-p 00010000 08:08 1187666                    /usr/lib/x86_64-linux-gnu/libXi.so.6.1.0
7f8dd803b000-7f8dd803f000 r--p 00000000 08:08 1187658                    /usr/lib/x86_64-linux-gnu/libXext.so.6.4.0
7f8dd803f000-7f8dd804a000 r-xp 00004000 08:08 1187658                    /usr/lib/x86_64-linux-gnu/libXext.so.6.4.0
7f8dd804a000-7f8dd804e000 r--p 0000f000 08:08 1187658                    /usr/lib/x86_64-linux-gnu/libXext.so.6.4.0
7f8dd804e000-7f8dd804f000 r--p 00012000 08:08 1187658                    /usr/lib/x86_64-linux-gnu/libXext.so.6.4.0
7f8dd804f000-7f8dd8050000 rw-p 00013000 08:08 1187658                    /usr/lib/x86_64-linux-gnu/libXext.so.6.4.0
7f8dd8052000-7f8dd8055000 r--p 00000000 08:04 9577392                    /home/james/.config/dconf/user
7f8dd8055000-7f8dd8056000 r--p 00000000 08:08 1186304                    /usr/lib/x86_64-linux-gnu/libgmodule-2.0.so.0.6400.3
7f8dd8056000-7f8dd8058000 r-xp 00001000 08:08 1186304                    /usr/lib/x86_64-linux-gnu/libgmodule-2.0.so.0.6400.3
7f8dd8058000-7f8dd8059000 r--p 00003000 08:08 1186304                    /usr/lib/x86_64-linux-gnu/libgmodule-2.0.so.0.6400.3
7f8dd8059000-7f8dd805a000 r--p 00003000 08:08 1186304                    /usr/lib/x86_64-linux-gnu/libgmodule-2.0.so.0.6400.3
7f8dd805a000-7f8dd805b000 rw-p 00004000 08:08 1186304                    /usr/lib/x86_64-linux-gnu/libgmodule-2.0.so.0.6400.3
7f8dd805b000-7f8dd8062000 r--s 00000000 08:08 1707488                    /usr/lib/x86_64-linux-gnu/gconv/gconv-modules.cache
7f8dd8062000-7f8dd8093000 rw-p 00000000 00:00 0 
7f8dd8093000-7f8dd8097000 r--p 00000000 08:08 1191946                    /usr/lib/jvm/java-11-openjdk-amd64/lib/libnet.so
7f8dd8097000-7f8dd80a6000 r-xp 00004000 08:08 1191946                    /usr/lib/jvm/java-11-openjdk-amd64/lib/libnet.so
7f8dd80a6000-7f8dd80aa000 r--p 00013000 08:08 1191946                    /usr/lib/jvm/java-11-openjdk-amd64/lib/libnet.so
7f8dd80aa000-7f8dd80ab000 r--p 00016000 08:08 1191946                    /usr/lib/jvm/java-11-openjdk-amd64/lib/libnet.so
7f8dd80ab000-7f8dd80ac000 rw-p 00017000 08:08 1191946                    /usr/lib/jvm/java-11-openjdk-amd64/lib/libnet.so
7f8dd80ac000-7f8dd80b3000 r--p 00000000 08:08 1191947                    /usr/lib/jvm/java-11-openjdk-amd64/lib/libnio.so
7f8dd80b3000-7f8dd80bb000 r-xp 00007000 08:08 1191947                    /usr/lib/jvm/java-11-openjdk-amd64/lib/libnio.so
7f8dd80bb000-7f8dd80be000 r--p 0000f000 08:08 1191947                    /usr/lib/jvm/java-11-openjdk-amd64/lib/libnio.so
7f8dd80be000-7f8dd80bf000 r--p 00011000 08:08 1191947                    /usr/lib/jvm/java-11-openjdk-amd64/lib/libnio.so
7f8dd80bf000-7f8dd80c0000 rw-p 00012000 08:08 1191947                    /usr/lib/jvm/java-11-openjdk-amd64/lib/libnio.so
7f8dd80c0000-7f8dd80c4000 ---p 00000000 00:00 0 
7f8dd80c4000-7f8dd81c1000 rw-p 00000000 00:00 0 
7f8dd81c1000-7f8dd81c5000 ---p 00000000 00:00 0 
7f8dd81c5000-7f8dd82c2000 rw-p 00000000 00:00 0 
7f8dd82c2000-7f8dd82c6000 ---p 00000000 00:00 0 
7f8dd82c6000-7f8dd83c3000 rw-p 00000000 00:00 0 
7f8dd83c3000-7f8dd83c7000 ---p 00000000 00:00 0 
7f8dd83c7000-7f8dd84c4000 rw-p 00000000 00:00 0 
7f8dd84c4000-7f8dd84c8000 ---p 00000000 00:00 0 
7f8dd84c8000-7f8dd85c5000 rw-p 00000000 00:00 0 
7f8dd85c5000-7f8dd85c9000 ---p 00000000 00:00 0 
7f8dd85c9000-7f8dd86c6000 rw-p 00000000 00:00 0 
7f8dd86c6000-7f8dd86c7000 ---p 00000000 00:00 0 
7f8dd86c7000-7f8dd8dcc000 rw-p 00000000 00:00 0 
7f8dd8dcc000-7f8dd90cc000 ---p 00000000 00:00 0 
7f8dd90cc000-7f8dd910e000 rw-p 00000000 00:00 0 
7f8dd910e000-7f8dd910f000 ---p 00000000 00:00 0 
7f8dd910f000-7f8dd9210000 rw-p 00000000 00:00 0 
7f8dd9210000-7f8dd9211000 ---p 00000000 00:00 0 
7f8dd9211000-7f8dd9716000 rw-p 00000000 00:00 0 
7f8dd9716000-7f8dd9717000 ---p 00000000 00:00 0 
7f8dd9717000-7f8dd9818000 rw-p 00000000 00:00 0 
7f8dd9818000-7f8dd9819000 ---p 00000000 00:00 0 
7f8dd9819000-7f8dd99da000 rw-p 00000000 00:00 0 
7f8dd99da000-7f8dd9d48000 ---p 00000000 00:00 0 
7f8dd9d48000-7f8dd9d49000 rw-p 00000000 00:00 0 
7f8dd9d49000-7f8dd9f49000 ---p 00000000 00:00 0 
7f8dd9f49000-7f8dd9fa6000 rw-p 00000000 00:00 0 
7f8dd9fa6000-7f8dda314000 ---p 00000000 00:00 0 
7f8dda314000-7f8dda315000 rw-p 00000000 00:00 0 
7f8dda315000-7f8dda515000 ---p 00000000 00:00 0 
7f8dda515000-7f8dda572000 rw-p 00000000 00:00 0 
7f8dda572000-7f8dda8e0000 ---p 00000000 00:00 0 
7f8dda8e0000-7f8dda8e1000 rw-p 00000000 00:00 0 
7f8dda8e1000-7f8ddaae1000 ---p 00000000 00:00 0 
7f8ddaae1000-7f8ddaee5000 rw-p 00000000 00:00 0 
7f8ddaee5000-7f8ddaee6000 ---p 00000000 00:00 0 
7f8ddaee6000-7f8ddafec000 rw-p 00000000 00:00 0 
7f8ddafec000-7f8ddb0d2000 ---p 00000000 00:00 0 
7f8ddb0d2000-7f8ddb0d7000 rw-p 00000000 00:00 0 
7f8ddb0d7000-7f8ddb1bd000 ---p 00000000 00:00 0 
7f8ddb1bd000-7f8ddb1c2000 rw-p 00000000 00:00 0 
7f8ddb1c2000-7f8ddb1c9000 ---p 00000000 00:00 0 
7f8ddb1c9000-7f8ddb1cc000 r--p 00000000 08:08 1188578                    /usr/lib/x86_64-linux-gnu/libnss_files-2.31.so
7f8ddb1cc000-7f8ddb1d3000 r-xp 00003000 08:08 1188578                    /usr/lib/x86_64-linux-gnu/libnss_files-2.31.so
7f8ddb1d3000-7f8ddb1d5000 r--p 0000a000 08:08 1188578                    /usr/lib/x86_64-linux-gnu/libnss_files-2.31.so
7f8ddb1d5000-7f8ddb1d6000 r--p 0000b000 08:08 1188578                    /usr/lib/x86_64-linux-gnu/libnss_files-2.31.so
7f8ddb1d6000-7f8ddb1d7000 rw-p 0000c000 08:08 1188578                    /usr/lib/x86_64-linux-gnu/libnss_files-2.31.so
7f8ddb1d7000-7f8ddb1dd000 rw-p 00000000 00:00 0 
7f8ddb1dd000-7f8ddb1df000 r--p 00000000 08:08 1191955                    /usr/lib/jvm/java-11-openjdk-amd64/lib/libzip.so
7f8ddb1df000-7f8ddb1e3000 r-xp 00002000 08:08 1191955                    /usr/lib/jvm/java-11-openjdk-amd64/lib/libzip.so
7f8ddb1e3000-7f8ddb1e5000 r--p 00006000 08:08 1191955                    /usr/lib/jvm/java-11-openjdk-amd64/lib/libzip.so
7f8ddb1e5000-7f8ddb1e6000 r--p 00007000 08:08 1191955                    /usr/lib/jvm/java-11-openjdk-amd64/lib/libzip.so
7f8ddb1e6000-7f8ddb1e7000 rw-p 00008000 08:08 1191955                    /usr/lib/jvm/java-11-openjdk-amd64/lib/libzip.so
7f8ddb1e7000-7f8ddb1ef000 rw-s 00000000 08:08 1444460                    /tmp/hsperfdata_james/65552
7f8ddb1ef000-7f8ddb1f0000 ---p 00000000 00:00 0 
7f8ddb1f0000-7f8ddb1f1000 r--p 00000000 00:00 0 
7f8ddb1f1000-7f8ddb1f3000 r--p 00000000 08:08 1191938                    /usr/lib/jvm/java-11-openjdk-amd64/lib/libjimage.so
7f8ddb1f3000-7f8ddb1f6000 r-xp 00002000 08:08 1191938                    /usr/lib/jvm/java-11-openjdk-amd64/lib/libjimage.so
7f8ddb1f6000-7f8ddb1f7000 r--p 00005000 08:08 1191938                    /usr/lib/jvm/java-11-openjdk-amd64/lib/libjimage.so
7f8ddb1f7000-7f8ddb1f8000 ---p 00006000 08:08 1191938                    /usr/lib/jvm/java-11-openjdk-amd64/lib/libjimage.so
7f8ddb1f8000-7f8ddb1f9000 r--p 00006000 08:08 1191938                    /usr/lib/jvm/java-11-openjdk-amd64/lib/libjimage.so
7f8ddb1f9000-7f8ddb1fa000 rw-p 00007000 08:08 1191938                    /usr/lib/jvm/java-11-openjdk-amd64/lib/libjimage.so
7f8ddb1fa000-7f8ddb208000 r--p 00000000 08:08 1191934                    /usr/lib/jvm/java-11-openjdk-amd64/lib/libjava.so
7f8ddb208000-7f8ddb21e000 r-xp 0000e000 08:08 1191934                    /usr/lib/jvm/java-11-openjdk-amd64/lib/libjava.so
7f8ddb21e000-7f8ddb225000 r--p 00024000 08:08 1191934                    /usr/lib/jvm/java-11-openjdk-amd64/lib/libjava.so
7f8ddb225000-7f8ddb226000 r--p 0002a000 08:08 1191934                    /usr/lib/jvm/java-11-openjdk-amd64/lib/libjava.so
7f8ddb226000-7f8ddb227000 rw-p 0002b000 08:08 1191934                    /usr/lib/jvm/java-11-openjdk-amd64/lib/libjava.so
7f8ddb227000-7f8ddb228000 rw-p 00000000 00:00 0 
7f8ddb228000-7f8ddb22b000 r--p 00000000 08:08 1188780                    /usr/lib/x86_64-linux-gnu/librt-2.31.so
7f8ddb22b000-7f8ddb22f000 r-xp 00003000 08:08 1188780                    /usr/lib/x86_64-linux-gnu/librt-2.31.so
7f8ddb22f000-7f8ddb230000 r--p 00007000 08:08 1188780                    /usr/lib/x86_64-linux-gnu/librt-2.31.so
7f8ddb230000-7f8ddb231000 ---p 00008000 08:08 1188780                    /usr/lib/x86_64-linux-gnu/librt-2.31.so
7f8ddb231000-7f8ddb232000 r--p 00008000 08:08 1188780                    /usr/lib/x86_64-linux-gnu/librt-2.31.so
7f8ddb232000-7f8ddb233000 rw-p 00009000 08:08 1188780                    /usr/lib/x86_64-linux-gnu/librt-2.31.so
7f8ddb233000-7f8ddb237000 ---p 00000000 00:00 0 
7f8ddb237000-7f8ddb334000 rw-p 00000000 00:00 0 
7f8ddb334000-7f8ddb337000 r--p 00000000 08:08 1188101                    /usr/lib/x86_64-linux-gnu/libgcc_s.so.1
7f8ddb337000-7f8ddb349000 r-xp 00003000 08:08 1188101                    /usr/lib/x86_64-linux-gnu/libgcc_s.so.1
7f8ddb349000-7f8ddb34d000 r--p 00015000 08:08 1188101                    /usr/lib/x86_64-linux-gnu/libgcc_s.so.1
7f8ddb34d000-7f8ddb34e000 r--p 00018000 08:08 1188101                    /usr/lib/x86_64-linux-gnu/libgcc_s.so.1
7f8ddb34e000-7f8ddb34f000 rw-p 00019000 08:08 1188101                    /usr/lib/x86_64-linux-gnu/libgcc_s.so.1
7f8ddb34f000-7f8ddb35e000 r--p 00000000 08:08 1188454                    /usr/lib/x86_64-linux-gnu/libm-2.31.so
7f8ddb35e000-7f8ddb405000 r-xp 0000f000 08:08 1188454                    /usr/lib/x86_64-linux-gnu/libm-2.31.so
7f8ddb405000-7f8ddb49c000 r--p 000b6000 08:08 1188454                    /usr/lib/x86_64-linux-gnu/libm-2.31.so
7f8ddb49c000-7f8ddb49d000 r--p 0014c000 08:08 1188454                    /usr/lib/x86_64-linux-gnu/libm-2.31.so
7f8ddb49d000-7f8ddb49e000 rw-p 0014d000 08:08 1188454                    /usr/lib/x86_64-linux-gnu/libm-2.31.so
7f8ddb49e000-7f8ddb534000 r--p 00000000 08:08 1188882                    /usr/lib/x86_64-linux-gnu/libstdc++.so.6.0.28
7f8ddb534000-7f8ddb624000 r-xp 00096000 08:08 1188882                    /usr/lib/x86_64-linux-gnu/libstdc++.so.6.0.28
7f8ddb624000-7f8ddb66d000 r--p 00186000 08:08 1188882                    /usr/lib/x86_64-linux-gnu/libstdc++.so.6.0.28
7f8ddb66d000-7f8ddb66e000 ---p 001cf000 08:08 1188882                    /usr/lib/x86_64-linux-gnu/libstdc++.so.6.0.28
7f8ddb66e000-7f8ddb679000 r--p 001cf000 08:08 1188882                    /usr/lib/x86_64-linux-gnu/libstdc++.so.6.0.28
7f8ddb679000-7f8ddb67c000 rw-p 001da000 08:08 1188882                    /usr/lib/x86_64-linux-gnu/libstdc++.so.6.0.28
7f8ddb67c000-7f8ddb67f000 rw-p 00000000 00:00 0 
7f8ddb67f000-7f8ddb8ec000 r--p 00000000 08:08 1191961                    /usr/lib/jvm/java-11-openjdk-amd64/lib/server/libjvm.so
7f8ddb8ec000-7f8ddc480000 r-xp 0026d000 08:08 1191961                    /usr/lib/jvm/java-11-openjdk-amd64/lib/server/libjvm.so
7f8ddc480000-7f8ddc6b7000 r--p 00e01000 08:08 1191961                    /usr/lib/jvm/java-11-openjdk-amd64/lib/server/libjvm.so
7f8ddc6b7000-7f8ddc774000 r--p 01037000 08:08 1191961                    /usr/lib/jvm/java-11-openjdk-amd64/lib/server/libjvm.so
7f8ddc774000-7f8ddc7ad000 rw-p 010f4000 08:08 1191961                    /usr/lib/jvm/java-11-openjdk-amd64/lib/server/libjvm.so
7f8ddc7ad000-7f8ddc806000 rw-p 00000000 00:00 0 
7f8ddc806000-7f8ddc80d000 r--p 00000000 08:08 1188719                    /usr/lib/x86_64-linux-gnu/libpthread-2.31.so
7f8ddc80d000-7f8ddc81e000 r-xp 00007000 08:08 1188719                    /usr/lib/x86_64-linux-gnu/libpthread-2.31.so
7f8ddc81e000-7f8ddc823000 r--p 00018000 08:08 1188719                    /usr/lib/x86_64-linux-gnu/libpthread-2.31.so
7f8ddc823000-7f8ddc824000 r--p 0001c000 08:08 1188719                    /usr/lib/x86_64-linux-gnu/libpthread-2.31.so
7f8ddc824000-7f8ddc825000 rw-p 0001d000 08:08 1188719                    /usr/lib/x86_64-linux-gnu/libpthread-2.31.so
7f8ddc825000-7f8ddc829000 rw-p 00000000 00:00 0 
7f8ddc829000-7f8ddc82a000 r--p 00000000 08:08 1187951                    /usr/lib/x86_64-linux-gnu/libdl-2.31.so
7f8ddc82a000-7f8ddc82c000 r-xp 00001000 08:08 1187951                    /usr/lib/x86_64-linux-gnu/libdl-2.31.so
7f8ddc82c000-7f8ddc82d000 r--p 00003000 08:08 1187951                    /usr/lib/x86_64-linux-gnu/libdl-2.31.so
7f8ddc82d000-7f8ddc82e000 r--p 00003000 08:08 1187951                    /usr/lib/x86_64-linux-gnu/libdl-2.31.so
7f8ddc82e000-7f8ddc82f000 rw-p 00004000 08:08 1187951                    /usr/lib/x86_64-linux-gnu/libdl-2.31.so
7f8ddc82f000-7f8ddc831000 r--p 00000000 08:08 1189144                    /usr/lib/x86_64-linux-gnu/libz.so.1.2.11
7f8ddc831000-7f8ddc842000 r-xp 00002000 08:08 1189144                    /usr/lib/x86_64-linux-gnu/libz.so.1.2.11
7f8ddc842000-7f8ddc848000 r--p 00013000 08:08 1189144                    /usr/lib/x86_64-linux-gnu/libz.so.1.2.11
7f8ddc848000-7f8ddc849000 ---p 00019000 08:08 1189144                    /usr/lib/x86_64-linux-gnu/libz.so.1.2.11
7f8ddc849000-7f8ddc84a000 r--p 00019000 08:08 1189144                    /usr/lib/x86_64-linux-gnu/libz.so.1.2.11
7f8ddc84a000-7f8ddc84b000 rw-p 0001a000 08:08 1189144                    /usr/lib/x86_64-linux-gnu/libz.so.1.2.11
7f8ddc84b000-7f8ddc870000 r--p 00000000 08:08 1187816                    /usr/lib/x86_64-linux-gnu/libc-2.31.so
7f8ddc870000-7f8ddc9e8000 r-xp 00025000 08:08 1187816                    /usr/lib/x86_64-linux-gnu/libc-2.31.so
7f8ddc9e8000-7f8ddca32000 r--p 0019d000 08:08 1187816                    /usr/lib/x86_64-linux-gnu/libc-2.31.so
7f8ddca32000-7f8ddca33000 ---p 001e7000 08:08 1187816                    /usr/lib/x86_64-linux-gnu/libc-2.31.so
7f8ddca33000-7f8ddca36000 r--p 001e7000 08:08 1187816                    /usr/lib/x86_64-linux-gnu/libc-2.31.so
7f8ddca36000-7f8ddca39000 rw-p 001ea000 08:08 1187816                    /usr/lib/x86_64-linux-gnu/libc-2.31.so
7f8ddca39000-7f8ddca3d000 rw-p 00000000 00:00 0 
7f8ddca3d000-7f8ddca42000 r--p 00000000 08:08 1191954                    /usr/lib/jvm/java-11-openjdk-amd64/lib/libverify.so
7f8ddca42000-7f8ddca49000 r-xp 00005000 08:08 1191954                    /usr/lib/jvm/java-11-openjdk-amd64/lib/libverify.so
7f8ddca49000-7f8ddca4b000 r--p 0000c000 08:08 1191954                    /usr/lib/jvm/java-11-openjdk-amd64/lib/libverify.so
7f8ddca4b000-7f8ddca4c000 ---p 0000e000 08:08 1191954                    /usr/lib/jvm/java-11-openjdk-amd64/lib/libverify.so
7f8ddca4c000-7f8ddca4e000 r--p 0000e000 08:08 1191954                    /usr/lib/jvm/java-11-openjdk-amd64/lib/libverify.so
7f8ddca4e000-7f8ddca4f000 rw-p 00010000 08:08 1191954                    /usr/lib/jvm/java-11-openjdk-amd64/lib/libverify.so
7f8ddca4f000-7f8ddca52000 r--p 00000000 08:08 1191918                    /usr/lib/jvm/java-11-openjdk-amd64/lib/jli/libjli.so
7f8ddca52000-7f8ddca5c000 r-xp 00003000 08:08 1191918                    /usr/lib/jvm/java-11-openjdk-amd64/lib/jli/libjli.so
7f8ddca5c000-7f8ddca5f000 r--p 0000d000 08:08 1191918                    /usr/lib/jvm/java-11-openjdk-amd64/lib/jli/libjli.so
7f8ddca5f000-7f8ddca60000 ---p 00010000 08:08 1191918                    /usr/lib/jvm/java-11-openjdk-amd64/lib/jli/libjli.so
7f8ddca60000-7f8ddca61000 r--p 00010000 08:08 1191918                    /usr/lib/jvm/java-11-openjdk-amd64/lib/jli/libjli.so
7f8ddca61000-7f8ddca62000 rw-p 00011000 08:08 1191918                    /usr/lib/jvm/java-11-openjdk-amd64/lib/jli/libjli.so
7f8ddca62000-7f8ddca64000 rw-p 00000000 00:00 0 
7f8ddca64000-7f8ddca65000 r--p 00000000 08:08 1187603                    /usr/lib/x86_64-linux-gnu/ld-2.31.so
7f8ddca65000-7f8ddca88000 r-xp 00001000 08:08 1187603                    /usr/lib/x86_64-linux-gnu/ld-2.31.so
7f8ddca88000-7f8ddca90000 r--p 00024000 08:08 1187603                    /usr/lib/x86_64-linux-gnu/ld-2.31.so
7f8ddca90000-7f8ddca91000 r--s 00000000 00:34 98                         /run/user/1000/snap.netbeans/dconf/user
7f8ddca91000-7f8ddca92000 r--p 0002c000 08:08 1187603                    /usr/lib/x86_64-linux-gnu/ld-2.31.so
7f8ddca92000-7f8ddca93000 rw-p 0002d000 08:08 1187603                    /usr/lib/x86_64-linux-gnu/ld-2.31.so
7f8ddca93000-7f8ddca94000 rw-p 00000000 00:00 0 
7ffed01d8000-7ffed01f9000 rw-p 00000000 00:00 0                          [stack]
7ffed01fc000-7ffed01ff000 r--p 00000000 00:00 0                          [vvar]
7ffed01ff000-7ffed0200000 r-xp 00000000 00:00 0                          [vdso]
ffffffffff600000-ffffffffff601000 --xp 00000000 00:00 0                  [vsyscall]


VM Arguments:
java_command: gc.tiendaipc2.Main
java_class_path (initial): /home/james/NetBeansProjects/proyecto1/tiendaIPC2/target/classes:/home/james/.m2/repository/mysql/mysql-connector-java/8.0.21/mysql-connector-java-8.0.21.jar:/home/james/.m2/repository/com/google/protobuf/protobuf-java/3.11.4/protobuf-java-3.11.4.jar
Launcher Type: SUN_STANDARD

[Global flags]
     intx CICompilerCount                          = 3                                         {product} {ergonomic}
     uint ConcGCThreads                            = 1                                         {product} {ergonomic}
     uint G1ConcRefinementThreads                  = 4                                         {product} {ergonomic}
   size_t G1HeapRegionSize                         = 1048576                                   {product} {ergonomic}
    uintx GCDrainStackTargetSize                   = 64                                        {product} {ergonomic}
   size_t InitialHeapSize                          = 195035136                                 {product} {ergonomic}
   size_t MarkStackSize                            = 4194304                                   {product} {ergonomic}
   size_t MaxHeapSize                              = 3112173568                                {product} {ergonomic}
   size_t MaxNewSize                               = 1866465280                                {product} {ergonomic}
   size_t MinHeapDeltaBytes                        = 1048576                                   {product} {ergonomic}
    uintx NonNMethodCodeHeapSize                   = 5830732                                {pd product} {ergonomic}
    uintx NonProfiledCodeHeapSize                  = 122913754                              {pd product} {ergonomic}
    uintx ProfiledCodeHeapSize                     = 122913754                              {pd product} {ergonomic}
    uintx ReservedCodeCacheSize                    = 251658240                              {pd product} {ergonomic}
     bool SegmentedCodeCache                       = true                                      {product} {ergonomic}
     bool UseCompressedClassPointers               = true                                 {lp64_product} {ergonomic}
     bool UseCompressedOops                        = true                                 {lp64_product} {ergonomic}
     bool UseG1GC                                  = true                                      {product} {ergonomic}

Logging:
Log output configuration:
 #0: stdout all=warning uptime,level,tags
 #1: stderr all=off uptime,level,tags

Environment Variables:
JAVA_HOME=/usr/lib/jvm/java-11-openjdk-amd64
PATH=/usr/local/sbin:/usr/local/bin:/usr/sbin:/usr/bin:/sbin:/bin:/usr/games:/usr/local/games:/snap/bin
USERNAME=james
SHELL=/bin/bash
DISPLAY=:0
LANG=es_US.UTF-8

Signal Handlers:
SIGSEGV: [libjvm.so+0xd8e010], sa_mask[0]=11111111011111111101111111111110, sa_flags=SA_RESTART|SA_SIGINFO
SIGBUS: [libjvm.so+0xd8e010], sa_mask[0]=11111111011111111101111111111110, sa_flags=SA_RESTART|SA_SIGINFO
SIGFPE: [libjvm.so+0xd8e010], sa_mask[0]=11111111011111111101111111111110, sa_flags=SA_RESTART|SA_SIGINFO
SIGPIPE: SIG_IGN, sa_mask[0]=00000000000010000000000000000000, sa_flags=SA_RESTART
SIGXFSZ: [libjvm.so+0xb86b30], sa_mask[0]=11111111011111111101111111111110, sa_flags=SA_RESTART|SA_SIGINFO
SIGILL: [libjvm.so+0xd8e010], sa_mask[0]=11111111011111111101111111111110, sa_flags=SA_RESTART|SA_SIGINFO
SIGUSR2: [libjvm.so+0xb869d0], sa_mask[0]=00100000000000000000000000000000, sa_flags=SA_RESTART|SA_SIGINFO
SIGHUP: [libjvm.so+0xb86e70], sa_mask[0]=11111111011111111101111111111110, sa_flags=SA_RESTART|SA_SIGINFO
SIGINT: SIG_IGN, sa_mask[0]=00000000000000000000000000000000, sa_flags=none
SIGTERM: [libjvm.so+0xb86e70], sa_mask[0]=11111111011111111101111111111110, sa_flags=SA_RESTART|SA_SIGINFO
SIGQUIT: [libjvm.so+0xb86e70], sa_mask[0]=11111111011111111101111111111110, sa_flags=SA_RESTART|SA_SIGINFO


---------------  S Y S T E M  ---------------

OS:DISTRIB_ID=Ubuntu
DISTRIB_RELEASE=20.04
DISTRIB_CODENAME=focal
DISTRIB_DESCRIPTION="Ubuntu 20.04.1 LTS"
uname:Linux 5.4.0-42-generic #46-Ubuntu SMP Fri Jul 10 00:24:02 UTC 2020 x86_64
OS uptime: 2 days 15:17 hours
libc:glibc 2.31 NPTL 2.31 
rlimit (soft/hard): STACK 8192k/infinity , CORE 0k/infinity , NPROC 47249/47249 , NOFILE 1048576/1048576 , AS infinity/infinity , CPU infinity/infinity , DATA infinity/infinity , FSIZE infinity/infinity , MEMLOCK 65536k/65536k
load average:1.81 1.72 1.52

/proc/meminfo:
MemTotal:       12152128 kB
MemFree:          817300 kB
MemAvailable:    5739380 kB
Buffers:         1433196 kB
Cached:          4113244 kB
SwapCached:          128 kB
Active:          7612700 kB
Inactive:        3144152 kB
Active(anon):    4834708 kB
Inactive(anon):   925740 kB
Active(file):    2777992 kB
Inactive(file):  2218412 kB
Unevictable:       72740 kB
Mlocked:              56 kB
SwapTotal:      21999612 kB
SwapFree:       21987056 kB
Dirty:              1216 kB
Writeback:             0 kB
AnonPages:       5282784 kB
Mapped:           826268 kB
Shmem:            550040 kB
KReclaimable:     250628 kB
Slab:             386916 kB
SReclaimable:     250628 kB
SUnreclaim:       136288 kB
KernelStack:       17040 kB
PageTables:        40732 kB
NFS_Unstable:          0 kB
Bounce:                0 kB
WritebackTmp:          0 kB
CommitLimit:    28075676 kB
Committed_AS:   12390208 kB
VmallocTotal:   34359738367 kB
VmallocUsed:       38040 kB
VmallocChunk:          0 kB
Percpu:             3888 kB
HardwareCorrupted:     0 kB
AnonHugePages:         0 kB
ShmemHugePages:        0 kB
ShmemPmdMapped:        0 kB
FileHugePages:         0 kB
FilePmdMapped:         0 kB
CmaTotal:              0 kB
CmaFree:               0 kB
HugePages_Total:       0
HugePages_Free:        0
HugePages_Rsvd:        0
HugePages_Surp:        0
Hugepagesize:       2048 kB
Hugetlb:               0 kB
DirectMap4k:      321140 kB
DirectMap2M:    12144640 kB
DirectMap1G:           0 kB

/sys/kernel/mm/transparent_hugepage/enabled:
always [madvise] never

/sys/kernel/mm/transparent_hugepage/defrag (defrag/compaction efforts parameter):
always defer defer+madvise [madvise] never


/proc/sys/kernel/threads-max (system-wide limit on the number of threads):
94498


/proc/sys/vm/max_map_count (maximum number of memory map areas a process may have):
65530


/proc/sys/kernel/pid_max (system-wide limit on number of process identifiers):
4194304



container (cgroup) information:
container_type: cgroupv1
cpu_cpuset_cpus: 0-3
cpu_memory_nodes: 0
active_processor_count: 4
cpu_quota: -1
cpu_period: 100000
cpu_shares: -1
memory_limit_in_bytes: -1
memory_and_swap_limit_in_bytes: -2
memory_soft_limit_in_bytes: -1
memory_usage_in_bytes: 8467910656
memory_max_usage_in_bytes: 9477156864

Steal ticks since vm start: 0
Steal ticks percentage since vm start:  0.000

CPU:total 4 (initial active 4) (2 cores per cpu, 2 threads per core) family 6 model 142 stepping 9, cmov, cx8, fxsr, mmx, sse, sse2, sse3, ssse3, sse4.1, sse4.2, popcnt, avx, avx2, aes, clmul, erms, 3dnowpref, lzcnt, ht, tsc, tscinvbit, bmi1, bmi2, adx, fma
CPU Model and flags from /proc/cpuinfo:
model name	: Intel(R) Core(TM) i5-7200U CPU @ 2.50GHz
flags		: fpu vme de pse tsc msr pae mce cx8 apic sep mtrr pge mca cmov pat pse36 clflush dts acpi mmx fxsr sse sse2 ss ht tm pbe syscall nx pdpe1gb rdtscp lm constant_tsc art arch_perfmon pebs bts rep_good nopl xtopology nonstop_tsc cpuid aperfmperf pni pclmulqdq dtes64 monitor ds_cpl vmx est tm2 ssse3 sdbg fma cx16 xtpr pdcm pcid sse4_1 sse4_2 x2apic movbe popcnt tsc_deadline_timer aes xsave avx f16c rdrand lahf_lm abm 3dnowprefetch cpuid_fault epb invpcid_single pti ssbd ibrs ibpb stibp tpr_shadow vnmi flexpriority ept vpid ept_ad fsgsbase tsc_adjust bmi1 avx2 smep bmi2 erms invpcid mpx rdseed adx smap clflushopt intel_pt xsaveopt xsavec xgetbv1 xsaves dtherm ida arat pln pts hwp hwp_notify hwp_act_window hwp_epp md_clear flush_l1d

Memory: 4k page, physical 12152128k(817048k free), swap 21999612k(21987056k free)

vm_info: OpenJDK 64-Bit Server VM (11.0.8+10-post-Ubuntu-0ubuntu120.04) for linux-amd64 JRE (11.0.8+10-post-Ubuntu-0ubuntu120.04), built on Jul 15 2020 20:45:24 by "unknown" with gcc 9.3.0

END.
