#
# A fatal error has been detected by the Java Runtime Environment:
#
#  SIGSEGV (0xb) at pc=0x00007f08471ee24c, pid=46059, tid=46080
#
# JRE version: OpenJDK Runtime Environment (11.0.8+10) (build 11.0.8+10-post-Ubuntu-0ubuntu120.04)
# Java VM: OpenJDK 64-Bit Server VM (11.0.8+10-post-Ubuntu-0ubuntu120.04, mixed mode, sharing, tiered, compressed oops, g1 gc, linux-amd64)
# Problematic frame:
# V  [libjvm.so+0x55424c]
#
# Core dump will be written. Default location: Core dumps may be processed with "/usr/share/apport/apport %p %s %c %d %P %E" (or dumping to /home/james/NetBeansProjects/proyecto1/tiendaIPC2/core.46059)
#
# If you would like to submit a bug report, please visit:
#   https://bugs.launchpad.net/ubuntu/+source/openjdk-lts
#

---------------  S U M M A R Y ------------

Command Line: gc.tiendaipc2.Main

Host: Intel(R) Core(TM) i5-7200U CPU @ 2.50GHz, 4 cores, 11G, Ubuntu 20.04.1 LTS
Time: Thu Aug 20 15:40:52 2020 EDT elapsed time: 0 seconds (0d 0h 0m 0s)

---------------  T H R E A D  ---------------

Current thread (0x00007f07f4213000):  JavaThread "C2 CompilerThread1" daemon [_thread_in_vm, id=46080, stack(0x00007f07fe75a000,0x00007f07fe85b000)]


Current CompileTask:
C2:    496  721       4       java.lang.invoke.InvokerBytecodeGenerator::emitImplicitConversion (159 bytes)

Stack: [0x00007f07fe75a000,0x00007f07fe85b000],  sp=0x00007f07fe8599f0,  free space=1022k
Native frames: (J=compiled Java code, A=aot compiled Java code, j=interpreted, Vv=VM code, C=native code)
V  [libjvm.so+0x55424c]
V  [libjvm.so+0x52e7e3]
V  [libjvm.so+0x5e658e]
V  [libjvm.so+0x5e7698]
V  [libjvm.so+0xd22dcf]
V  [libjvm.so+0xd1f430]
V  [libjvm.so+0xb8f706]


siginfo: si_signo: 11 (SIGSEGV), si_code: 128 (SI_KERNEL), si_addr: 0x0000000000000000

Register to memory mapping:

RAX=0x00407f08403a54f0 is an unknown value
RBX=0x000000000000012b is an unknown value
RCX=0x0000000000000018 is an unknown value
RDX=0x00000000000003dc is an unknown value
RSP=0x00007f07fe8599f0 is pointing into the stack for thread: 0x00007f07f4213000
RBP=0x00007f07fe859a00 is pointing into the stack for thread: 0x00007f07f4213000
RSI=0x0000000000000040 is an unknown value
RDI=0x00000008003dd198 is pointing into metadata
R8 =0x00007f07f42145d0 points into unknown readable memory: 02 00 00 00 00 00 00 00
R9 =0x00007f07f42145d0 points into unknown readable memory: 02 00 00 00 00 00 00 00
R10=0x00007f07fe8599e0 is pointing into the stack for thread: 0x00007f07f4213000
R11=0x00000000000291f2 is an unknown value
R12=0x00007f07f42584c0 points into unknown readable memory: 98 9b 85 fe 07 7f 00 00
R13=0x00007f07f4213000 is a thread
R14=0x000000004015af00 is an unknown value
R15=0x00007f0847d94fb3: <offset 0x00000000010fafb3> in /usr/lib/jvm/java-11-openjdk-amd64/lib/server/libjvm.so at 0x00007f0846c9a000


Registers:
RAX=0x00407f08403a54f0, RBX=0x000000000000012b, RCX=0x0000000000000018, RDX=0x00000000000003dc
RSP=0x00007f07fe8599f0, RBP=0x00007f07fe859a00, RSI=0x0000000000000040, RDI=0x00000008003dd198
R8 =0x00007f07f42145d0, R9 =0x00007f07f42145d0, R10=0x00007f07fe8599e0, R11=0x00000000000291f2
R12=0x00007f07f42584c0, R13=0x00007f07f4213000, R14=0x000000004015af00, R15=0x00007f0847d94fb3
RIP=0x00007f08471ee24c, EFLAGS=0x0000000000010206, CSGSFS=0x002b000000000033, ERR=0x0000000000000000
  TRAPNO=0x000000000000000d

Top of Stack: (sp=0x00007f07fe8599f0)
0x00007f07fe8599f0:   00007f07f4213000 00007f07fe859b90
0x00007f07fe859a00:   00007f07fe859a40 00007f08471c87e3
0x00007f07fe859a10:   00007f07fe859b00 00007f084017c6c0
0x00007f07fe859a20:   00007f07f4213000 00007f07fe859b90 

Instructions: (pc=0x00007f08471ee24c)
0x00007f08471ee14c:   0c 0f 1f 00 01 c0 39 c2 7d fa 89 43 04 be 08 00
0x00007f08471ee15c:   00 00 48 89 df e8 9a 09 26 00 31 c9 31 d2 49 89
0x00007f08471ee16c:   c4 8b 03 85 c0 7e 26 0f 1f 44 00 00 4c 89 e6 48
0x00007f08471ee17c:   01 ce 74 60 48 8b 43 18 83 c2 01 48 8b 04 08 49
0x00007f08471ee18c:   89 04 0c 8b 03 48 83 c1 08 39 c2 7c df 8b 43 04
0x00007f08471ee19c:   48 63 ca 49 8d 0c cc 39 c2 7d 23 66 0f 1f 84 00
0x00007f08471ee1ac:   00 00 00 00 48 85 c9 74 3b 48 c7 01 00 00 00 00
0x00007f08471ee1bc:   8b 43 04 83 c2 01 48 83 c1 08 39 c2 7c e6 48 83
0x00007f08471ee1cc:   7b 08 01 74 2f 4c 89 63 18 48 63 13 e9 47 ff ff
0x00007f08471ee1dc:   ff 0f 1f 00 83 c2 01 48 83 c1 08 39 c2 7c 8d eb
0x00007f08471ee1ec:   ac 0f 1f 00 83 c2 01 39 c2 7d d3 b9 08 00 00 00
0x00007f08471ee1fc:   eb b7 66 90 48 8b 73 18 48 85 f6 74 c8 48 89 df
0x00007f08471ee20c:   e8 9f 09 26 00 eb be 90 66 66 2e 0f 1f 84 00 00
0x00007f08471ee21c:   00 00 00 90 f3 0f 1e fa 48 8b 47 30 8b 10 85 d2
0x00007f08471ee22c:   7e 3a 55 48 89 e5 41 54 49 89 fc 53 31 db 66 0f
0x00007f08471ee23c:   1f 44 00 00 48 8b 40 18 48 8b 04 d8 48 83 c3 01
0x00007f08471ee24c:   48 8b 78 10 e8 6b 87 78 00 49 8b 44 24 30 39 18
0x00007f08471ee25c:   7f e2 5b 41 5c 5d c3 0f 1f 44 00 00 c3 90 66 0f
0x00007f08471ee26c:   1f 44 00 00 f3 0f 1e fa 48 8b 16 b8 ff ff ff ff
0x00007f08471ee27c:   48 8b 4a 10 48 39 0f 72 06 0f 97 c0 0f b6 c0 c3
0x00007f08471ee28c:   0f 1f 40 00 f3 0f 1e fa 55 48 89 e5 41 57 41 56
0x00007f08471ee29c:   41 55 49 89 fd 41 54 49 89 f4 53 48 83 ec 18 66
0x00007f08471ee2ac:   48 8d 3d 15 0d ba 00 66 66 48 e8 45 92 d1 ff 48
0x00007f08471ee2bc:   8d 1d 6a d5 be 00 80 3b 00 48 8b 30 0f 84 3a 01
0x00007f08471ee2cc:   00 00 48 8d 15 3b 0c bc 00 41 8b 44 24 08 8b 4a
0x00007f08471ee2dc:   08 48 d3 e0 48 03 02 8b 40 08 85 c0 0f 8f 92 00
0x00007f08471ee2ec:   00 00 3d 00 00 00 c0 0f 8c 1f 01 00 00 3d ff ff
0x00007f08471ee2fc:   ff bf 0f 86 5c 02 00 00 4c 89 e2 48 8d 7d c8 e8
0x00007f08471ee30c:   e0 0c e8 ff 49 8b 75 00 bf 28 00 00 00 4c 8b 75
0x00007f08471ee31c:   c8 e8 be 8b e7 ff 49 89 c4 48 85 c0 74 40 48 89
0x00007f08471ee32c:   c7 4c 89 f6 e8 bb ee ff ff 48 8d 05 0c b7 ae 00
0x00007f08471ee33c:   48 83 c0 10 49 89 04 24 4d 85 f6 74 03 4d 8b 36 


Stack slot to memory mapping:
stack at sp + 0 slots: 0x00007f07f4213000 is a thread
stack at sp + 1 slots: 0x00007f07fe859b90 is pointing into the stack for thread: 0x00007f07f4213000
stack at sp + 2 slots: 0x00007f07fe859a40 is pointing into the stack for thread: 0x00007f07f4213000
stack at sp + 3 slots: 0x00007f08471c87e3: <offset 0x000000000052e7e3> in /usr/lib/jvm/java-11-openjdk-amd64/lib/server/libjvm.so at 0x00007f0846c9a000
stack at sp + 4 slots: 0x00007f07fe859b00 is pointing into the stack for thread: 0x00007f07f4213000
stack at sp + 5 slots: 0x00007f084017c6c0 points into unknown readable memory: 50 c7 17 40 08 7f 00 00
stack at sp + 6 slots: 0x00007f07f4213000 is a thread
stack at sp + 7 slots: 0x00007f07fe859b90 is pointing into the stack for thread: 0x00007f07f4213000


---------------  P R O C E S S  ---------------

Threads class SMR info:
_java_thread_list=0x00007f08404e5490, length=14, elements={
0x00007f0840016000, 0x00007f0840162000, 0x00007f084016c000, 0x00007f0840171800,
0x00007f0840174000, 0x00007f0840176000, 0x00007f0840178000, 0x00007f08401a7800,
0x00007f08401ac000, 0x00007f07f4213000, 0x00007f08402d1000, 0x00007f084033b800,
0x00007f08404e2800, 0x00007f08404e4000
}

Java Threads: ( => current thread )
  0x00007f0840016000 JavaThread "main" [_thread_in_Java, id=46060, stack(0x00007f084684e000,0x00007f084694f000)]
  0x00007f0840162000 JavaThread "Reference Handler" daemon [_thread_blocked, id=46071, stack(0x00007f08443e0000,0x00007f08444e1000)]
  0x00007f084016c000 JavaThread "Finalizer" daemon [_thread_blocked, id=46072, stack(0x00007f08442df000,0x00007f08443e0000)]
  0x00007f0840171800 JavaThread "Signal Dispatcher" daemon [_thread_blocked, id=46073, stack(0x00007f08441de000,0x00007f08442df000)]
  0x00007f0840174000 JavaThread "C2 CompilerThread0" daemon [_thread_in_native, id=46074, stack(0x00007f08440dd000,0x00007f08441de000)]
  0x00007f0840176000 JavaThread "C1 CompilerThread0" daemon [_thread_blocked, id=46075, stack(0x00007f0828001000,0x00007f0828102000)]
  0x00007f0840178000 JavaThread "Sweeper thread" daemon [_thread_blocked, id=46076, stack(0x00007f081c23f000,0x00007f081c340000)]
  0x00007f08401a7800 JavaThread "Service Thread" daemon [_thread_blocked, id=46077, stack(0x00007f081c13e000,0x00007f081c23f000)]
  0x00007f08401ac000 JavaThread "Common-Cleaner" daemon [_thread_blocked, id=46079, stack(0x00007f07ff121000,0x00007f07ff222000)]
=>0x00007f07f4213000 JavaThread "C2 CompilerThread1" daemon [_thread_in_vm, id=46080, stack(0x00007f07fe75a000,0x00007f07fe85b000)]
  0x00007f08402d1000 JavaThread "Java2D Disposer" daemon [_thread_blocked, id=46084, stack(0x00007f07fc88e000,0x00007f07fc98f000)]
  0x00007f084033b800 JavaThread "AWT-XAWT" daemon [_thread_in_native, id=46085, stack(0x00007f07fc766000,0x00007f07fc867000)]
  0x00007f08404e2800 JavaThread "AWT-Shutdown" [_thread_blocked, id=46086, stack(0x00007f07fc665000,0x00007f07fc766000)]
  0x00007f08404e4000 JavaThread "AWT-EventQueue-0" [_thread_blocked, id=46087, stack(0x00007f07fc564000,0x00007f07fc665000)]

Other Threads:
  0x00007f084015f800 VMThread "VM Thread" [stack: 0x00007f08444e3000,0x00007f08445e3000] [id=46070]
  0x00007f08401aa000 WatcherThread [stack: 0x00007f081c03e000,0x00007f081c13e000] [id=46078]
  0x00007f084002d800 GCTaskThread "GC Thread#0" [stack: 0x00007f0846502000,0x00007f0846602000] [id=46061]
  0x00007f0840074800 ConcurrentGCThread "G1 Main Marker" [stack: 0x00007f0844e35000,0x00007f0844f35000] [id=46062]
  0x00007f0840076800 ConcurrentGCThread "G1 Conc#0" [stack: 0x00007f0844d33000,0x00007f0844e33000] [id=46063]
  0x00007f0840127000 ConcurrentGCThread "G1 Refine#0" [stack: 0x00007f084482d000,0x00007f084492d000] [id=46065]
  0x00007f0840129000 ConcurrentGCThread "G1 Young RemSet Sampling" [stack: 0x00007f084472b000,0x00007f084482b000] [id=46066]

Threads with active compile tasks:
C2 CompilerThread0    501  722       4       java.lang.invoke.InvokerBytecodeGenerator::emitPushArgument (120 bytes)
C2 CompilerThread1    501  721       4       java.lang.invoke.InvokerBytecodeGenerator::emitImplicitConversion (159 bytes)

VM state:not at safepoint (normal execution)

VM Mutex/Monitor currently owned by a thread: None

Heap address: 0x0000000746800000, size: 2968 MB, Compressed Oops mode: Zero based, Oop shift amount: 3
Narrow klass base: 0x0000000800000000, Narrow klass shift: 3
Compressed class space size: 1073741824 Address: 0x0000000840000000

Heap:
 garbage-first heap   total 192512K, used 11972K [0x0000000746800000, 0x0000000800000000)
  region size 1024K, 12 young (12288K), 0 survivors (0K)
 Metaspace       used 8792K, capacity 9332K, committed 9600K, reserved 1056768K
  class space    used 1039K, capacity 1293K, committed 1408K, reserved 1048576K
Heap Regions: E=young(eden), S=young(survivor), O=old, HS=humongous(starts), HC=humongous(continues), CS=collection set, F=free, A=archive, TAMS=top-at-mark-start (previous, next)
|   0|0x0000000746800000, 0x0000000746800000, 0x0000000746900000|  0%| F|  |TAMS 0x0000000746800000, 0x0000000746800000| Untracked 
|   1|0x0000000746900000, 0x0000000746900000, 0x0000000746a00000|  0%| F|  |TAMS 0x0000000746900000, 0x0000000746900000| Untracked 
|   2|0x0000000746a00000, 0x0000000746a00000, 0x0000000746b00000|  0%| F|  |TAMS 0x0000000746a00000, 0x0000000746a00000| Untracked 
|   3|0x0000000746b00000, 0x0000000746b00000, 0x0000000746c00000|  0%| F|  |TAMS 0x0000000746b00000, 0x0000000746b00000| Untracked 
|   4|0x0000000746c00000, 0x0000000746c00000, 0x0000000746d00000|  0%| F|  |TAMS 0x0000000746c00000, 0x0000000746c00000| Untracked 
|   5|0x0000000746d00000, 0x0000000746d00000, 0x0000000746e00000|  0%| F|  |TAMS 0x0000000746d00000, 0x0000000746d00000| Untracked 
|   6|0x0000000746e00000, 0x0000000746e00000, 0x0000000746f00000|  0%| F|  |TAMS 0x0000000746e00000, 0x0000000746e00000| Untracked 
|   7|0x0000000746f00000, 0x0000000746f00000, 0x0000000747000000|  0%| F|  |TAMS 0x0000000746f00000, 0x0000000746f00000| Untracked 
|   8|0x0000000747000000, 0x0000000747000000, 0x0000000747100000|  0%| F|  |TAMS 0x0000000747000000, 0x0000000747000000| Untracked 
|   9|0x0000000747100000, 0x0000000747100000, 0x0000000747200000|  0%| F|  |TAMS 0x0000000747100000, 0x0000000747100000| Untracked 
|  10|0x0000000747200000, 0x0000000747200000, 0x0000000747300000|  0%| F|  |TAMS 0x0000000747200000, 0x0000000747200000| Untracked 
|  11|0x0000000747300000, 0x0000000747300000, 0x0000000747400000|  0%| F|  |TAMS 0x0000000747300000, 0x0000000747300000| Untracked 
|  12|0x0000000747400000, 0x0000000747400000, 0x0000000747500000|  0%| F|  |TAMS 0x0000000747400000, 0x0000000747400000| Untracked 
|  13|0x0000000747500000, 0x0000000747500000, 0x0000000747600000|  0%| F|  |TAMS 0x0000000747500000, 0x0000000747500000| Untracked 
|  14|0x0000000747600000, 0x0000000747600000, 0x0000000747700000|  0%| F|  |TAMS 0x0000000747600000, 0x0000000747600000| Untracked 
|  15|0x0000000747700000, 0x0000000747700000, 0x0000000747800000|  0%| F|  |TAMS 0x0000000747700000, 0x0000000747700000| Untracked 
|  16|0x0000000747800000, 0x0000000747800000, 0x0000000747900000|  0%| F|  |TAMS 0x0000000747800000, 0x0000000747800000| Untracked 
|  17|0x0000000747900000, 0x0000000747900000, 0x0000000747a00000|  0%| F|  |TAMS 0x0000000747900000, 0x0000000747900000| Untracked 
|  18|0x0000000747a00000, 0x0000000747a00000, 0x0000000747b00000|  0%| F|  |TAMS 0x0000000747a00000, 0x0000000747a00000| Untracked 
|  19|0x0000000747b00000, 0x0000000747b00000, 0x0000000747c00000|  0%| F|  |TAMS 0x0000000747b00000, 0x0000000747b00000| Untracked 
|  20|0x0000000747c00000, 0x0000000747c00000, 0x0000000747d00000|  0%| F|  |TAMS 0x0000000747c00000, 0x0000000747c00000| Untracked 
|  21|0x0000000747d00000, 0x0000000747d00000, 0x0000000747e00000|  0%| F|  |TAMS 0x0000000747d00000, 0x0000000747d00000| Untracked 
|  22|0x0000000747e00000, 0x0000000747e00000, 0x0000000747f00000|  0%| F|  |TAMS 0x0000000747e00000, 0x0000000747e00000| Untracked 
|  23|0x0000000747f00000, 0x0000000747f00000, 0x0000000748000000|  0%| F|  |TAMS 0x0000000747f00000, 0x0000000747f00000| Untracked 
|  24|0x0000000748000000, 0x0000000748000000, 0x0000000748100000|  0%| F|  |TAMS 0x0000000748000000, 0x0000000748000000| Untracked 
|  25|0x0000000748100000, 0x0000000748100000, 0x0000000748200000|  0%| F|  |TAMS 0x0000000748100000, 0x0000000748100000| Untracked 
|  26|0x0000000748200000, 0x0000000748200000, 0x0000000748300000|  0%| F|  |TAMS 0x0000000748200000, 0x0000000748200000| Untracked 
|  27|0x0000000748300000, 0x0000000748300000, 0x0000000748400000|  0%| F|  |TAMS 0x0000000748300000, 0x0000000748300000| Untracked 
|  28|0x0000000748400000, 0x0000000748400000, 0x0000000748500000|  0%| F|  |TAMS 0x0000000748400000, 0x0000000748400000| Untracked 
|  29|0x0000000748500000, 0x0000000748500000, 0x0000000748600000|  0%| F|  |TAMS 0x0000000748500000, 0x0000000748500000| Untracked 
|  30|0x0000000748600000, 0x0000000748600000, 0x0000000748700000|  0%| F|  |TAMS 0x0000000748600000, 0x0000000748600000| Untracked 
|  31|0x0000000748700000, 0x0000000748700000, 0x0000000748800000|  0%| F|  |TAMS 0x0000000748700000, 0x0000000748700000| Untracked 
|  32|0x0000000748800000, 0x0000000748800000, 0x0000000748900000|  0%| F|  |TAMS 0x0000000748800000, 0x0000000748800000| Untracked 
|  33|0x0000000748900000, 0x0000000748900000, 0x0000000748a00000|  0%| F|  |TAMS 0x0000000748900000, 0x0000000748900000| Untracked 
|  34|0x0000000748a00000, 0x0000000748a00000, 0x0000000748b00000|  0%| F|  |TAMS 0x0000000748a00000, 0x0000000748a00000| Untracked 
|  35|0x0000000748b00000, 0x0000000748b00000, 0x0000000748c00000|  0%| F|  |TAMS 0x0000000748b00000, 0x0000000748b00000| Untracked 
|  36|0x0000000748c00000, 0x0000000748c00000, 0x0000000748d00000|  0%| F|  |TAMS 0x0000000748c00000, 0x0000000748c00000| Untracked 
|  37|0x0000000748d00000, 0x0000000748d00000, 0x0000000748e00000|  0%| F|  |TAMS 0x0000000748d00000, 0x0000000748d00000| Untracked 
|  38|0x0000000748e00000, 0x0000000748e00000, 0x0000000748f00000|  0%| F|  |TAMS 0x0000000748e00000, 0x0000000748e00000| Untracked 
|  39|0x0000000748f00000, 0x0000000748f00000, 0x0000000749000000|  0%| F|  |TAMS 0x0000000748f00000, 0x0000000748f00000| Untracked 
|  40|0x0000000749000000, 0x0000000749000000, 0x0000000749100000|  0%| F|  |TAMS 0x0000000749000000, 0x0000000749000000| Untracked 
|  41|0x0000000749100000, 0x0000000749100000, 0x0000000749200000|  0%| F|  |TAMS 0x0000000749100000, 0x0000000749100000| Untracked 
|  42|0x0000000749200000, 0x0000000749200000, 0x0000000749300000|  0%| F|  |TAMS 0x0000000749200000, 0x0000000749200000| Untracked 
|  43|0x0000000749300000, 0x0000000749300000, 0x0000000749400000|  0%| F|  |TAMS 0x0000000749300000, 0x0000000749300000| Untracked 
|  44|0x0000000749400000, 0x0000000749400000, 0x0000000749500000|  0%| F|  |TAMS 0x0000000749400000, 0x0000000749400000| Untracked 
|  45|0x0000000749500000, 0x0000000749500000, 0x0000000749600000|  0%| F|  |TAMS 0x0000000749500000, 0x0000000749500000| Untracked 
|  46|0x0000000749600000, 0x0000000749600000, 0x0000000749700000|  0%| F|  |TAMS 0x0000000749600000, 0x0000000749600000| Untracked 
|  47|0x0000000749700000, 0x0000000749700000, 0x0000000749800000|  0%| F|  |TAMS 0x0000000749700000, 0x0000000749700000| Untracked 
|  48|0x0000000749800000, 0x0000000749800000, 0x0000000749900000|  0%| F|  |TAMS 0x0000000749800000, 0x0000000749800000| Untracked 
|  49|0x0000000749900000, 0x0000000749900000, 0x0000000749a00000|  0%| F|  |TAMS 0x0000000749900000, 0x0000000749900000| Untracked 
|  50|0x0000000749a00000, 0x0000000749a00000, 0x0000000749b00000|  0%| F|  |TAMS 0x0000000749a00000, 0x0000000749a00000| Untracked 
|  51|0x0000000749b00000, 0x0000000749b00000, 0x0000000749c00000|  0%| F|  |TAMS 0x0000000749b00000, 0x0000000749b00000| Untracked 
|  52|0x0000000749c00000, 0x0000000749c00000, 0x0000000749d00000|  0%| F|  |TAMS 0x0000000749c00000, 0x0000000749c00000| Untracked 
|  53|0x0000000749d00000, 0x0000000749d00000, 0x0000000749e00000|  0%| F|  |TAMS 0x0000000749d00000, 0x0000000749d00000| Untracked 
|  54|0x0000000749e00000, 0x0000000749e00000, 0x0000000749f00000|  0%| F|  |TAMS 0x0000000749e00000, 0x0000000749e00000| Untracked 
|  55|0x0000000749f00000, 0x0000000749f00000, 0x000000074a000000|  0%| F|  |TAMS 0x0000000749f00000, 0x0000000749f00000| Untracked 
|  56|0x000000074a000000, 0x000000074a000000, 0x000000074a100000|  0%| F|  |TAMS 0x000000074a000000, 0x000000074a000000| Untracked 
|  57|0x000000074a100000, 0x000000074a100000, 0x000000074a200000|  0%| F|  |TAMS 0x000000074a100000, 0x000000074a100000| Untracked 
|  58|0x000000074a200000, 0x000000074a200000, 0x000000074a300000|  0%| F|  |TAMS 0x000000074a200000, 0x000000074a200000| Untracked 
|  59|0x000000074a300000, 0x000000074a300000, 0x000000074a400000|  0%| F|  |TAMS 0x000000074a300000, 0x000000074a300000| Untracked 
|  60|0x000000074a400000, 0x000000074a400000, 0x000000074a500000|  0%| F|  |TAMS 0x000000074a400000, 0x000000074a400000| Untracked 
|  61|0x000000074a500000, 0x000000074a500000, 0x000000074a600000|  0%| F|  |TAMS 0x000000074a500000, 0x000000074a500000| Untracked 
|  62|0x000000074a600000, 0x000000074a600000, 0x000000074a700000|  0%| F|  |TAMS 0x000000074a600000, 0x000000074a600000| Untracked 
|  63|0x000000074a700000, 0x000000074a700000, 0x000000074a800000|  0%| F|  |TAMS 0x000000074a700000, 0x000000074a700000| Untracked 
|  64|0x000000074a800000, 0x000000074a800000, 0x000000074a900000|  0%| F|  |TAMS 0x000000074a800000, 0x000000074a800000| Untracked 
|  65|0x000000074a900000, 0x000000074a900000, 0x000000074aa00000|  0%| F|  |TAMS 0x000000074a900000, 0x000000074a900000| Untracked 
|  66|0x000000074aa00000, 0x000000074aa00000, 0x000000074ab00000|  0%| F|  |TAMS 0x000000074aa00000, 0x000000074aa00000| Untracked 
|  67|0x000000074ab00000, 0x000000074ab00000, 0x000000074ac00000|  0%| F|  |TAMS 0x000000074ab00000, 0x000000074ab00000| Untracked 
|  68|0x000000074ac00000, 0x000000074ac00000, 0x000000074ad00000|  0%| F|  |TAMS 0x000000074ac00000, 0x000000074ac00000| Untracked 
|  69|0x000000074ad00000, 0x000000074ad00000, 0x000000074ae00000|  0%| F|  |TAMS 0x000000074ad00000, 0x000000074ad00000| Untracked 
|  70|0x000000074ae00000, 0x000000074ae00000, 0x000000074af00000|  0%| F|  |TAMS 0x000000074ae00000, 0x000000074ae00000| Untracked 
|  71|0x000000074af00000, 0x000000074af00000, 0x000000074b000000|  0%| F|  |TAMS 0x000000074af00000, 0x000000074af00000| Untracked 
|  72|0x000000074b000000, 0x000000074b000000, 0x000000074b100000|  0%| F|  |TAMS 0x000000074b000000, 0x000000074b000000| Untracked 
|  73|0x000000074b100000, 0x000000074b100000, 0x000000074b200000|  0%| F|  |TAMS 0x000000074b100000, 0x000000074b100000| Untracked 
|  74|0x000000074b200000, 0x000000074b200000, 0x000000074b300000|  0%| F|  |TAMS 0x000000074b200000, 0x000000074b200000| Untracked 
|  75|0x000000074b300000, 0x000000074b300000, 0x000000074b400000|  0%| F|  |TAMS 0x000000074b300000, 0x000000074b300000| Untracked 
|  76|0x000000074b400000, 0x000000074b400000, 0x000000074b500000|  0%| F|  |TAMS 0x000000074b400000, 0x000000074b400000| Untracked 
|  77|0x000000074b500000, 0x000000074b500000, 0x000000074b600000|  0%| F|  |TAMS 0x000000074b500000, 0x000000074b500000| Untracked 
|  78|0x000000074b600000, 0x000000074b600000, 0x000000074b700000|  0%| F|  |TAMS 0x000000074b600000, 0x000000074b600000| Untracked 
|  79|0x000000074b700000, 0x000000074b700000, 0x000000074b800000|  0%| F|  |TAMS 0x000000074b700000, 0x000000074b700000| Untracked 
|  80|0x000000074b800000, 0x000000074b800000, 0x000000074b900000|  0%| F|  |TAMS 0x000000074b800000, 0x000000074b800000| Untracked 
|  81|0x000000074b900000, 0x000000074b900000, 0x000000074ba00000|  0%| F|  |TAMS 0x000000074b900000, 0x000000074b900000| Untracked 
|  82|0x000000074ba00000, 0x000000074ba00000, 0x000000074bb00000|  0%| F|  |TAMS 0x000000074ba00000, 0x000000074ba00000| Untracked 
|  83|0x000000074bb00000, 0x000000074bb00000, 0x000000074bc00000|  0%| F|  |TAMS 0x000000074bb00000, 0x000000074bb00000| Untracked 
|  84|0x000000074bc00000, 0x000000074bc00000, 0x000000074bd00000|  0%| F|  |TAMS 0x000000074bc00000, 0x000000074bc00000| Untracked 
|  85|0x000000074bd00000, 0x000000074bd00000, 0x000000074be00000|  0%| F|  |TAMS 0x000000074bd00000, 0x000000074bd00000| Untracked 
|  86|0x000000074be00000, 0x000000074be00000, 0x000000074bf00000|  0%| F|  |TAMS 0x000000074be00000, 0x000000074be00000| Untracked 
|  87|0x000000074bf00000, 0x000000074bf00000, 0x000000074c000000|  0%| F|  |TAMS 0x000000074bf00000, 0x000000074bf00000| Untracked 
|  88|0x000000074c000000, 0x000000074c000000, 0x000000074c100000|  0%| F|  |TAMS 0x000000074c000000, 0x000000074c000000| Untracked 
|  89|0x000000074c100000, 0x000000074c100000, 0x000000074c200000|  0%| F|  |TAMS 0x000000074c100000, 0x000000074c100000| Untracked 
|  90|0x000000074c200000, 0x000000074c200000, 0x000000074c300000|  0%| F|  |TAMS 0x000000074c200000, 0x000000074c200000| Untracked 
|  91|0x000000074c300000, 0x000000074c300000, 0x000000074c400000|  0%| F|  |TAMS 0x000000074c300000, 0x000000074c300000| Untracked 
|  92|0x000000074c400000, 0x000000074c400000, 0x000000074c500000|  0%| F|  |TAMS 0x000000074c400000, 0x000000074c400000| Untracked 
|  93|0x000000074c500000, 0x000000074c500000, 0x000000074c600000|  0%| F|  |TAMS 0x000000074c500000, 0x000000074c500000| Untracked 
|  94|0x000000074c600000, 0x000000074c600000, 0x000000074c700000|  0%| F|  |TAMS 0x000000074c600000, 0x000000074c600000| Untracked 
|  95|0x000000074c700000, 0x000000074c700000, 0x000000074c800000|  0%| F|  |TAMS 0x000000074c700000, 0x000000074c700000| Untracked 
|  96|0x000000074c800000, 0x000000074c800000, 0x000000074c900000|  0%| F|  |TAMS 0x000000074c800000, 0x000000074c800000| Untracked 
|  97|0x000000074c900000, 0x000000074c900000, 0x000000074ca00000|  0%| F|  |TAMS 0x000000074c900000, 0x000000074c900000| Untracked 
|  98|0x000000074ca00000, 0x000000074ca00000, 0x000000074cb00000|  0%| F|  |TAMS 0x000000074ca00000, 0x000000074ca00000| Untracked 
|  99|0x000000074cb00000, 0x000000074cb00000, 0x000000074cc00000|  0%| F|  |TAMS 0x000000074cb00000, 0x000000074cb00000| Untracked 
| 100|0x000000074cc00000, 0x000000074cc00000, 0x000000074cd00000|  0%| F|  |TAMS 0x000000074cc00000, 0x000000074cc00000| Untracked 
| 101|0x000000074cd00000, 0x000000074cd00000, 0x000000074ce00000|  0%| F|  |TAMS 0x000000074cd00000, 0x000000074cd00000| Untracked 
| 102|0x000000074ce00000, 0x000000074ce00000, 0x000000074cf00000|  0%| F|  |TAMS 0x000000074ce00000, 0x000000074ce00000| Untracked 
| 103|0x000000074cf00000, 0x000000074cf00000, 0x000000074d000000|  0%| F|  |TAMS 0x000000074cf00000, 0x000000074cf00000| Untracked 
| 104|0x000000074d000000, 0x000000074d000000, 0x000000074d100000|  0%| F|  |TAMS 0x000000074d000000, 0x000000074d000000| Untracked 
| 105|0x000000074d100000, 0x000000074d100000, 0x000000074d200000|  0%| F|  |TAMS 0x000000074d100000, 0x000000074d100000| Untracked 
| 106|0x000000074d200000, 0x000000074d200000, 0x000000074d300000|  0%| F|  |TAMS 0x000000074d200000, 0x000000074d200000| Untracked 
| 107|0x000000074d300000, 0x000000074d300000, 0x000000074d400000|  0%| F|  |TAMS 0x000000074d300000, 0x000000074d300000| Untracked 
| 108|0x000000074d400000, 0x000000074d400000, 0x000000074d500000|  0%| F|  |TAMS 0x000000074d400000, 0x000000074d400000| Untracked 
| 109|0x000000074d500000, 0x000000074d500000, 0x000000074d600000|  0%| F|  |TAMS 0x000000074d500000, 0x000000074d500000| Untracked 
| 110|0x000000074d600000, 0x000000074d600000, 0x000000074d700000|  0%| F|  |TAMS 0x000000074d600000, 0x000000074d600000| Untracked 
| 111|0x000000074d700000, 0x000000074d700000, 0x000000074d800000|  0%| F|  |TAMS 0x000000074d700000, 0x000000074d700000| Untracked 
| 112|0x000000074d800000, 0x000000074d800000, 0x000000074d900000|  0%| F|  |TAMS 0x000000074d800000, 0x000000074d800000| Untracked 
| 113|0x000000074d900000, 0x000000074d900000, 0x000000074da00000|  0%| F|  |TAMS 0x000000074d900000, 0x000000074d900000| Untracked 
| 114|0x000000074da00000, 0x000000074da00000, 0x000000074db00000|  0%| F|  |TAMS 0x000000074da00000, 0x000000074da00000| Untracked 
| 115|0x000000074db00000, 0x000000074db00000, 0x000000074dc00000|  0%| F|  |TAMS 0x000000074db00000, 0x000000074db00000| Untracked 
| 116|0x000000074dc00000, 0x000000074dc00000, 0x000000074dd00000|  0%| F|  |TAMS 0x000000074dc00000, 0x000000074dc00000| Untracked 
| 117|0x000000074dd00000, 0x000000074dd00000, 0x000000074de00000|  0%| F|  |TAMS 0x000000074dd00000, 0x000000074dd00000| Untracked 
| 118|0x000000074de00000, 0x000000074de00000, 0x000000074df00000|  0%| F|  |TAMS 0x000000074de00000, 0x000000074de00000| Untracked 
| 119|0x000000074df00000, 0x000000074df00000, 0x000000074e000000|  0%| F|  |TAMS 0x000000074df00000, 0x000000074df00000| Untracked 
| 120|0x000000074e000000, 0x000000074e000000, 0x000000074e100000|  0%| F|  |TAMS 0x000000074e000000, 0x000000074e000000| Untracked 
| 121|0x000000074e100000, 0x000000074e100000, 0x000000074e200000|  0%| F|  |TAMS 0x000000074e100000, 0x000000074e100000| Untracked 
| 122|0x000000074e200000, 0x000000074e200000, 0x000000074e300000|  0%| F|  |TAMS 0x000000074e200000, 0x000000074e200000| Untracked 
| 123|0x000000074e300000, 0x000000074e300000, 0x000000074e400000|  0%| F|  |TAMS 0x000000074e300000, 0x000000074e300000| Untracked 
| 124|0x000000074e400000, 0x000000074e400000, 0x000000074e500000|  0%| F|  |TAMS 0x000000074e400000, 0x000000074e400000| Untracked 
| 125|0x000000074e500000, 0x000000074e500000, 0x000000074e600000|  0%| F|  |TAMS 0x000000074e500000, 0x000000074e500000| Untracked 
| 126|0x000000074e600000, 0x000000074e600000, 0x000000074e700000|  0%| F|  |TAMS 0x000000074e600000, 0x000000074e600000| Untracked 
| 127|0x000000074e700000, 0x000000074e700000, 0x000000074e800000|  0%| F|  |TAMS 0x000000074e700000, 0x000000074e700000| Untracked 
| 128|0x000000074e800000, 0x000000074e800000, 0x000000074e900000|  0%| F|  |TAMS 0x000000074e800000, 0x000000074e800000| Untracked 
| 129|0x000000074e900000, 0x000000074e900000, 0x000000074ea00000|  0%| F|  |TAMS 0x000000074e900000, 0x000000074e900000| Untracked 
| 130|0x000000074ea00000, 0x000000074ea00000, 0x000000074eb00000|  0%| F|  |TAMS 0x000000074ea00000, 0x000000074ea00000| Untracked 
| 131|0x000000074eb00000, 0x000000074eb00000, 0x000000074ec00000|  0%| F|  |TAMS 0x000000074eb00000, 0x000000074eb00000| Untracked 
| 132|0x000000074ec00000, 0x000000074ec00000, 0x000000074ed00000|  0%| F|  |TAMS 0x000000074ec00000, 0x000000074ec00000| Untracked 
| 133|0x000000074ed00000, 0x000000074ed00000, 0x000000074ee00000|  0%| F|  |TAMS 0x000000074ed00000, 0x000000074ed00000| Untracked 
| 134|0x000000074ee00000, 0x000000074ee00000, 0x000000074ef00000|  0%| F|  |TAMS 0x000000074ee00000, 0x000000074ee00000| Untracked 
| 135|0x000000074ef00000, 0x000000074ef00000, 0x000000074f000000|  0%| F|  |TAMS 0x000000074ef00000, 0x000000074ef00000| Untracked 
| 136|0x000000074f000000, 0x000000074f000000, 0x000000074f100000|  0%| F|  |TAMS 0x000000074f000000, 0x000000074f000000| Untracked 
| 137|0x000000074f100000, 0x000000074f100000, 0x000000074f200000|  0%| F|  |TAMS 0x000000074f100000, 0x000000074f100000| Untracked 
| 138|0x000000074f200000, 0x000000074f200000, 0x000000074f300000|  0%| F|  |TAMS 0x000000074f200000, 0x000000074f200000| Untracked 
| 139|0x000000074f300000, 0x000000074f300000, 0x000000074f400000|  0%| F|  |TAMS 0x000000074f300000, 0x000000074f300000| Untracked 
| 140|0x000000074f400000, 0x000000074f400000, 0x000000074f500000|  0%| F|  |TAMS 0x000000074f400000, 0x000000074f400000| Untracked 
| 141|0x000000074f500000, 0x000000074f500000, 0x000000074f600000|  0%| F|  |TAMS 0x000000074f500000, 0x000000074f500000| Untracked 
| 142|0x000000074f600000, 0x000000074f600000, 0x000000074f700000|  0%| F|  |TAMS 0x000000074f600000, 0x000000074f600000| Untracked 
| 143|0x000000074f700000, 0x000000074f700000, 0x000000074f800000|  0%| F|  |TAMS 0x000000074f700000, 0x000000074f700000| Untracked 
| 144|0x000000074f800000, 0x000000074f800000, 0x000000074f900000|  0%| F|  |TAMS 0x000000074f800000, 0x000000074f800000| Untracked 
| 145|0x000000074f900000, 0x000000074f900000, 0x000000074fa00000|  0%| F|  |TAMS 0x000000074f900000, 0x000000074f900000| Untracked 
| 146|0x000000074fa00000, 0x000000074fa00000, 0x000000074fb00000|  0%| F|  |TAMS 0x000000074fa00000, 0x000000074fa00000| Untracked 
| 147|0x000000074fb00000, 0x000000074fb00000, 0x000000074fc00000|  0%| F|  |TAMS 0x000000074fb00000, 0x000000074fb00000| Untracked 
| 148|0x000000074fc00000, 0x000000074fc00000, 0x000000074fd00000|  0%| F|  |TAMS 0x000000074fc00000, 0x000000074fc00000| Untracked 
| 149|0x000000074fd00000, 0x000000074fd00000, 0x000000074fe00000|  0%| F|  |TAMS 0x000000074fd00000, 0x000000074fd00000| Untracked 
| 150|0x000000074fe00000, 0x000000074fe00000, 0x000000074ff00000|  0%| F|  |TAMS 0x000000074fe00000, 0x000000074fe00000| Untracked 
| 151|0x000000074ff00000, 0x000000074ff00000, 0x0000000750000000|  0%| F|  |TAMS 0x000000074ff00000, 0x000000074ff00000| Untracked 
| 152|0x0000000750000000, 0x0000000750000000, 0x0000000750100000|  0%| F|  |TAMS 0x0000000750000000, 0x0000000750000000| Untracked 
| 153|0x0000000750100000, 0x0000000750100000, 0x0000000750200000|  0%| F|  |TAMS 0x0000000750100000, 0x0000000750100000| Untracked 
| 154|0x0000000750200000, 0x0000000750200000, 0x0000000750300000|  0%| F|  |TAMS 0x0000000750200000, 0x0000000750200000| Untracked 
| 155|0x0000000750300000, 0x0000000750300000, 0x0000000750400000|  0%| F|  |TAMS 0x0000000750300000, 0x0000000750300000| Untracked 
| 156|0x0000000750400000, 0x0000000750400000, 0x0000000750500000|  0%| F|  |TAMS 0x0000000750400000, 0x0000000750400000| Untracked 
| 157|0x0000000750500000, 0x0000000750500000, 0x0000000750600000|  0%| F|  |TAMS 0x0000000750500000, 0x0000000750500000| Untracked 
| 158|0x0000000750600000, 0x0000000750600000, 0x0000000750700000|  0%| F|  |TAMS 0x0000000750600000, 0x0000000750600000| Untracked 
| 159|0x0000000750700000, 0x0000000750700000, 0x0000000750800000|  0%| F|  |TAMS 0x0000000750700000, 0x0000000750700000| Untracked 
| 160|0x0000000750800000, 0x0000000750800000, 0x0000000750900000|  0%| F|  |TAMS 0x0000000750800000, 0x0000000750800000| Untracked 
| 161|0x0000000750900000, 0x0000000750900000, 0x0000000750a00000|  0%| F|  |TAMS 0x0000000750900000, 0x0000000750900000| Untracked 
| 162|0x0000000750a00000, 0x0000000750a00000, 0x0000000750b00000|  0%| F|  |TAMS 0x0000000750a00000, 0x0000000750a00000| Untracked 
| 163|0x0000000750b00000, 0x0000000750b00000, 0x0000000750c00000|  0%| F|  |TAMS 0x0000000750b00000, 0x0000000750b00000| Untracked 
| 164|0x0000000750c00000, 0x0000000750c00000, 0x0000000750d00000|  0%| F|  |TAMS 0x0000000750c00000, 0x0000000750c00000| Untracked 
| 165|0x0000000750d00000, 0x0000000750d00000, 0x0000000750e00000|  0%| F|  |TAMS 0x0000000750d00000, 0x0000000750d00000| Untracked 
| 166|0x0000000750e00000, 0x0000000750e00000, 0x0000000750f00000|  0%| F|  |TAMS 0x0000000750e00000, 0x0000000750e00000| Untracked 
| 167|0x0000000750f00000, 0x0000000750f00000, 0x0000000751000000|  0%| F|  |TAMS 0x0000000750f00000, 0x0000000750f00000| Untracked 
| 168|0x0000000751000000, 0x0000000751000000, 0x0000000751100000|  0%| F|  |TAMS 0x0000000751000000, 0x0000000751000000| Untracked 
| 169|0x0000000751100000, 0x0000000751100000, 0x0000000751200000|  0%| F|  |TAMS 0x0000000751100000, 0x0000000751100000| Untracked 
| 170|0x0000000751200000, 0x0000000751200000, 0x0000000751300000|  0%| F|  |TAMS 0x0000000751200000, 0x0000000751200000| Untracked 
| 171|0x0000000751300000, 0x0000000751300000, 0x0000000751400000|  0%| F|  |TAMS 0x0000000751300000, 0x0000000751300000| Untracked 
| 172|0x0000000751400000, 0x0000000751400000, 0x0000000751500000|  0%| F|  |TAMS 0x0000000751400000, 0x0000000751400000| Untracked 
| 173|0x0000000751500000, 0x0000000751500000, 0x0000000751600000|  0%| F|  |TAMS 0x0000000751500000, 0x0000000751500000| Untracked 
| 174|0x0000000751600000, 0x000000075168fe10, 0x0000000751700000| 56%| E|  |TAMS 0x0000000751600000, 0x0000000751600000| Complete 
| 175|0x0000000751700000, 0x0000000751800000, 0x0000000751800000|100%| E|CS|TAMS 0x0000000751700000, 0x0000000751700000| Complete 
| 176|0x0000000751800000, 0x0000000751900000, 0x0000000751900000|100%| E|CS|TAMS 0x0000000751800000, 0x0000000751800000| Complete 
| 177|0x0000000751900000, 0x0000000751a00000, 0x0000000751a00000|100%| E|CS|TAMS 0x0000000751900000, 0x0000000751900000| Complete 
| 178|0x0000000751a00000, 0x0000000751b00000, 0x0000000751b00000|100%| E|CS|TAMS 0x0000000751a00000, 0x0000000751a00000| Complete 
| 179|0x0000000751b00000, 0x0000000751c00000, 0x0000000751c00000|100%| E|CS|TAMS 0x0000000751b00000, 0x0000000751b00000| Complete 
| 180|0x0000000751c00000, 0x0000000751d00000, 0x0000000751d00000|100%| E|CS|TAMS 0x0000000751c00000, 0x0000000751c00000| Complete 
| 181|0x0000000751d00000, 0x0000000751e00000, 0x0000000751e00000|100%| E|CS|TAMS 0x0000000751d00000, 0x0000000751d00000| Complete 
| 182|0x0000000751e00000, 0x0000000751f00000, 0x0000000751f00000|100%| E|CS|TAMS 0x0000000751e00000, 0x0000000751e00000| Complete 
| 183|0x0000000751f00000, 0x0000000752000000, 0x0000000752000000|100%| E|CS|TAMS 0x0000000751f00000, 0x0000000751f00000| Complete 
| 184|0x0000000752000000, 0x0000000752100000, 0x0000000752100000|100%| E|CS|TAMS 0x0000000752000000, 0x0000000752000000| Complete 
| 185|0x0000000752100000, 0x0000000752200000, 0x0000000752200000|100%| E|CS|TAMS 0x0000000752100000, 0x0000000752100000| Complete 
|1942|0x00000007bfe00000, 0x00000007bfe47000, 0x00000007bff00000| 27%|OA|  |TAMS 0x00000007bfe00000, 0x00000007bfe00000| Untracked 
|1943|0x00000007bff00000, 0x00000007bff6a000, 0x00000007c0000000| 41%|CA|  |TAMS 0x00000007bff00000, 0x00000007bff00000| Untracked 

Card table byte_map: [0x00007f0845564000,0x00007f0845b30000] _byte_map_base: 0x00007f0841b30000

Marking Bits (Prev, Next): (CMBitMap*) 0x00007f08400680a8, (CMBitMap*) 0x00007f08400680e0
 Prev Bits: [0x00007f08211a0000, 0x00007f0824000000)
 Next Bits: [0x00007f081e340000, 0x00007f08211a0000)

Polling page: 0x00007f084680a000

Metaspace:

Usage:
  Non-class:      7.85 MB capacity,     7.57 MB ( 96%) used,   234.61 KB (  3%) free+waste,    51.50 KB ( <1%) overhead. 
      Class:      1.26 MB capacity,     1.02 MB ( 80%) used,   223.78 KB ( 17%) free+waste,    29.38 KB (  2%) overhead. 
       Both:      9.11 MB capacity,     8.59 MB ( 94%) used,   458.39 KB (  5%) free+waste,    80.88 KB ( <1%) overhead. 

Virtual space:
  Non-class space:        8.00 MB reserved,       8.00 MB (100%) committed 
      Class space:        1.00 GB reserved,       1.38 MB ( <1%) committed 
             Both:        1.01 GB reserved,       9.38 MB ( <1%) committed 

Chunk freelists:
   Non-Class:  17.00 KB
       Class:  0 bytes
        Both:  17.00 KB

MaxMetaspaceSize: unlimited
CompressedClassSpaceSize: 1.00 GB

CodeHeap 'non-profiled nmethods': size=120032Kb used=278Kb max_used=278Kb free=119753Kb
 bounds [0x00007f08303ca000, 0x00007f083063a000, 0x00007f0837902000]
CodeHeap 'profiled nmethods': size=120032Kb used=1393Kb max_used=1393Kb free=118639Kb
 bounds [0x00007f0828e92000, 0x00007f0829102000, 0x00007f08303ca000]
CodeHeap 'non-nmethods': size=5696Kb used=1216Kb max_used=1233Kb free=4479Kb
 bounds [0x00007f0828902000, 0x00007f0828b72000, 0x00007f0828e92000]
 total_blobs=1419 nmethods=814 adapters=518
 compilation: enabled
              stopped_count=0, restarted_count=0
 full_count=0

Compilation events (20 events):
Event: 0.475 Thread 0x00007f0840176000  775       3       java.lang.String::<init> (74 bytes)
Event: 0.476 Thread 0x00007f0840176000 nmethod 775 0x00007f0828fd4790 code [0x00007f0828fd49a0, 0x00007f0828fd5050]
Event: 0.476 Thread 0x00007f0840176000  777       3       java.lang.StringUTF16::compress (20 bytes)
Event: 0.476 Thread 0x00007f0840176000 nmethod 777 0x00007f0828fd5310 code [0x00007f0828fd54e0, 0x00007f0828fd5700]
Event: 0.476 Thread 0x00007f0840176000  778       3       java.lang.String::<init> (14 bytes)
Event: 0.476 Thread 0x00007f0840176000 nmethod 778 0x00007f0828fd5810 code [0x00007f0828fd59e0, 0x00007f0828fd5bf0]
Event: 0.476 Thread 0x00007f0840176000  779       3       java.lang.String::rangeCheck (9 bytes)
Event: 0.476 Thread 0x00007f0840176000 nmethod 779 0x00007f0828fd5d10 code [0x00007f0828fd5ec0, 0x00007f0828fd5fe0]
Event: 0.476 Thread 0x00007f0840176000  781       3       java.util.concurrent.ConcurrentHashMap::put (8 bytes)
Event: 0.476 Thread 0x00007f0840176000 nmethod 781 0x00007f0828fd6090 code [0x00007f0828fd6240, 0x00007f0828fd6380]
Event: 0.476 Thread 0x00007f0840176000  782  s    3       java.util.Properties::put (10 bytes)
Event: 0.476 Thread 0x00007f0840176000 nmethod 782 0x00007f0828fd6410 code [0x00007f0828fd65e0, 0x00007f0828fd6940]
Event: 0.476 Thread 0x00007f0840176000  765       3       java.lang.invoke.ClassSpecializer::className (33 bytes)
Event: 0.477 Thread 0x00007f0840176000 nmethod 765 0x00007f0828fd6a90 code [0x00007f0828fd6c60, 0x00007f0828fd6e40]
Event: 0.477 Thread 0x00007f0840176000  766       3       java.lang.invoke.ClassSpecializer::classSig (94 bytes)
Event: 0.477 Thread 0x00007f0840174000 nmethod 767 0x00007f083040ae90 code [0x00007f083040b040, 0x00007f083040b2d8]
Event: 0.477 Thread 0x00007f0840174000  780       4       java.lang.StringUTF16::compress (50 bytes)
Event: 0.477 Thread 0x00007f0840176000 nmethod 766 0x00007f0828fd6f10 code [0x00007f0828fd7180, 0x00007f0828fd79b0]
Event: 0.477 Thread 0x00007f0840176000  771       3       java.lang.invoke.InvokerBytecodeGenerator::lookupPregenerated (292 bytes)
Event: 0.479 Thread 0x00007f07f4213000 nmethod 721 0x00007f083040b490 code [0x00007f083040b7a0, 0x00007f083040cd88]

GC Heap History (0 events):
No events

Deoptimization events (0 events):
No events

Classes redefined (0 events):
No events

Internal exceptions (20 events):
Event: 0.153 Thread 0x00007f0840016000 Exception <a 'java/lang/NoSuchMethodError'{0x0000000751f65f40}: 'java.lang.Object java.lang.invoke.DelegatingMethodHandle$Holder.reinvoke_L(java.lang.Object, int, int, java.lang.Object, java.lang.Object, java.lang.Object)'> (0x0000000751f65f40) thrown at [src/hotspot/share/interpreter/linkResolver.cpp, line 772]
Event: 0.154 Thread 0x00007f0840016000 Exception <a 'java/lang/NoSuchMethodError'{0x0000000751f6a020}: 'java.lang.Object java.lang.invoke.DirectMethodHandle$Holder.invokeStatic(java.lang.Object, java.lang.Object, java.lang.Object, java.lang.Object, int)'> (0x0000000751f6a020) thrown at [src/hotspot/share/interpreter/linkResolver.cpp, line 772]
Event: 0.229 Thread 0x00007f0840016000 Exception <a 'java/lang/NoSuchMethodError'{0x0000000751eebf68}: 'java.lang.Object java.lang.invoke.DirectMethodHandle$Holder.invokeStatic(java.lang.Object, java.lang.Object, java.lang.Object, java.lang.Object, java.lang.Object, java.lang.Object, java.lang.Object, java.lang.Object, int)'> (0x0000000751eebf68) thrown at [src/hotspot/share/interpreter/linkResolver.cpp, line 772]
Event: 0.232 Thread 0x00007f0840016000 Exception <a 'java/lang/NoSuchMethodError'{0x0000000751d06738}: 'java.lang.Object java.lang.invoke.DirectMethodHandle$Holder.invokeStatic(java.lang.Object, java.lang.Object, java.lang.Object, java.lang.Object, java.lang.Object, java.lang.Object, java.lang.Object, java.lang.Object, int, int)'> (0x0000000751d06738) thrown at [src/hotspot/share/interpreter/linkResolver.cpp, line 772]
Event: 0.234 Thread 0x00007f0840016000 Exception <a 'java/lang/NoSuchMethodError'{0x0000000751d128c0}: 'void java.lang.invoke.DirectMethodHandle$Holder.invokeSpecial(java.lang.Object, java.lang.Object)'> (0x0000000751d128c0) thrown at [src/hotspot/share/interpreter/linkResolver.cpp, line 772]
Event: 0.275 Thread 0x00007f0840016000 Exception <a 'java/lang/NoSuchMethodError'{0x0000000751c1d5f0}: 'java.lang.Object java.lang.invoke.DirectMethodHandle$Holder.invokeStatic(java.lang.Object, int, java.lang.Object, java.lang.Object, java.lang.Object, java.lang.Object)'> (0x0000000751c1d5f0) thrown at [src/hotspot/share/interpreter/linkResolver.cpp, line 772]
Event: 0.276 Thread 0x00007f0840016000 Exception <a 'java/lang/NoSuchMethodError'{0x0000000751c246b0}: 'java.lang.Object java.lang.invoke.DirectMethodHandle$Holder.invokeStatic(java.lang.Object, int, java.lang.Object, java.lang.Object, java.lang.Object)'> (0x0000000751c246b0) thrown at [src/hotspot/share/interpreter/linkResolver.cpp, line 772]
Event: 0.277 Thread 0x00007f0840016000 Exception <a 'java/lang/NoSuchMethodError'{0x0000000751c281f8}: 'java.lang.Object java.lang.invoke.DirectMethodHandle$Holder.invokeSpecial(java.lang.Object, java.lang.Object, int, java.lang.Object, java.lang.Object, java.lang.Object)'> (0x0000000751c281f8) thrown at [src/hotspot/share/interpreter/linkResolver.cpp, line 772]
Event: 0.280 Thread 0x00007f0840016000 Exception <a 'java/lang/NoSuchMethodError'{0x0000000751c3faa8}: 'java.lang.Object java.lang.invoke.DirectMethodHandle$Holder.invokeStatic(java.lang.Object, int, java.lang.Object)'> (0x0000000751c3faa8) thrown at [src/hotspot/share/interpreter/linkResolver.cpp, line 772]
Event: 0.318 Thread 0x00007f0840016000 Exception <a 'java/lang/NoSuchMethodError'{0x0000000751b31688}: 'java.lang.Object java.lang.invoke.Invokers$Holder.linkToTargetMethod(java.lang.Object, int, java.lang.Object)'> (0x0000000751b31688) thrown at [src/hotspot/share/interpreter/linkResolver.cpp, line 772]
Event: 0.329 Thread 0x00007f0840016000 Exception <a 'java/lang/ClassNotFoundException'{0x0000000751b72348}: com/sun/swing/internal/plaf/metal/resources/spi/metalProvider> (0x0000000751b72348) thrown at [src/hotspot/share/classfile/systemDictionary.cpp, line 231]
Event: 0.330 Thread 0x00007f0840016000 Exception <a 'java/lang/ClassNotFoundException'{0x0000000751b770d0}: com/sun/swing/internal/plaf/basic/resources/spi/basicProvider> (0x0000000751b770d0) thrown at [src/hotspot/share/classfile/systemDictionary.cpp, line 231]
Event: 0.384 Thread 0x00007f0840016000 Exception <a 'java/lang/NoSuchMethodError'{0x0000000751a44eb8}: 'void java.lang.invoke.DirectMethodHandle$Holder.invokeStaticInit(java.lang.Object)'> (0x0000000751a44eb8) thrown at [src/hotspot/share/interpreter/linkResolver.cpp, line 772]
Event: 0.390 Thread 0x00007f0840016000 Exception <a 'java/lang/NoSuchMethodError'{0x0000000751abeb90}: 'java.lang.Object java.lang.invoke.DirectMethodHandle$Holder.invokeStatic(java.lang.Object, java.lang.Object, java.lang.Object, java.lang.Object, java.lang.Object, java.lang.Object, java.lang.Object, java.lang.Object, java.lang.Object, java.lang.Object, java.lang.Object, java.lang.Object, java.lang.Object, int)'> (0x0000000751abeb90) thrown at [src/hotspot/share/interpreter/linkResolver.cpp, line 772]
Event: 0.391 Thread 0x00007f0840016000 Exception <a 'java/lang/NoSuchMethodError'{0x0000000751acb2e0}: 'java.lang.Object java.lang.invoke.DirectMethodHandle$Holder.invokeStatic(java.lang.Object, java.lang.Object, java.lang.Object, java.lang.Object, java.lang.Object, java.lang.Object, java.lang.Object, java.lang.Object, java.lang.Object, java.lang.Object, java.lang.Object, java.lang.Object, java.lang.Object, int, int)'> (0x0000000751acb2e0) thrown at [src/hotspot/share/interpreter/linkResolver.cpp, line 772]
Event: 0.434 Thread 0x00007f0840016000 Exception <a 'java/lang/NoSuchMethodError'{0x000000075199c510}: 'java.lang.Object java.lang.invoke.DirectMethodHandle$Holder.invokeSpecial(java.lang.Object, java.lang.Object, int, int, java.lang.Object, java.lang.Object, java.lang.Object, java.lang.Object, java.lang.Object)'> (0x000000075199c510) thrown at [src/hotspot/share/interpreter/linkResolver.cpp, line 772]
Event: 0.435 Thread 0x00007f0840016000 Exception <a 'java/lang/NoSuchMethodError'{0x00000007519a0448}: 'java.lang.Object java.lang.invoke.DelegatingMethodHandle$Holder.reinvoke_L(java.lang.Object, int, int, java.lang.Object, java.lang.Object, java.lang.Object, java.lang.Object, java.lang.Object)'> (0x00000007519a0448) thrown at [src/hotspot/share/interpreter/linkResolver.cpp, line 772]
Event: 0.450 Thread 0x00007f0840016000 Exception <a 'java/lang/NoSuchMethodError'{0x00000007518434c0}: 'java.lang.Object java.lang.invoke.Invokers$Holder.linkToTargetMethod(java.lang.Object, java.lang.Object, java.lang.Object, java.lang.Object, java.lang.Object, java.lang.Object)'> (0x00000007518434c0) thrown at [src/hotspot/share/interpreter/linkResolver.cpp, line 772]
Event: 0.456 Thread 0x00007f0840016000 Exception <a 'java/lang/NoSuchMethodError'{0x00000007518b0320}: 'java.lang.Object java.lang.invoke.DirectMethodHandle$Holder.invokeSpecial(java.lang.Object, java.lang.Object, int, int, java.lang.Object, java.lang.Object, java.lang.Object, java.lang.Object)'> (0x00000007518b0320) thrown at [src/hotspot/share/interpreter/linkResolver.cpp, line 772]
Event: 0.457 Thread 0x00007f0840016000 Exception <a 'java/lang/NoSuchMethodError'{0x00000007518b3fa8}: 'java.lang.Object java.lang.invoke.DelegatingMethodHandle$Holder.reinvoke_L(java.lang.Object, int, int, java.lang.Object, java.lang.Object, java.lang.Object, java.lang.Object)'> (0x00000007518b3fa8) thrown at [src/hotspot/share/interpreter/linkResolver.cpp, line 772]

Events (20 events):
Event: 0.443 Executing VM operation: RevokeBias
Event: 0.443 Executing VM operation: RevokeBias done
Event: 0.443 Executing VM operation: RevokeBias
Event: 0.443 Executing VM operation: RevokeBias done
Event: 0.443 Executing VM operation: RevokeBias
Event: 0.443 Executing VM operation: RevokeBias done
Event: 0.443 Executing VM operation: RevokeBias
Event: 0.443 Executing VM operation: RevokeBias done
Event: 0.445 loading class java/lang/invoke/BoundMethodHandle$Species_LLLLLLLIILLL
Event: 0.445 loading class java/lang/invoke/BoundMethodHandle$Species_LLLLLLLIILLL done
Event: 0.447 loading class java/lang/invoke/BoundMethodHandle$Species_LLLLLLLIILLLL
Event: 0.447 loading class java/lang/invoke/BoundMethodHandle$Species_LLLLLLLIILLLL done
Event: 0.462 loading class java/lang/invoke/BoundMethodHandle$Species_LLLLLLLLLLLI
Event: 0.462 loading class java/lang/invoke/BoundMethodHandle$Species_LLLLLLLLLLLI done
Event: 0.465 loading class java/lang/invoke/BoundMethodHandle$Species_LLLLLLLLLLLII
Event: 0.465 loading class java/lang/invoke/BoundMethodHandle$Species_LLLLLLLLLLLII done
Event: 0.477 loading class sun/font/FontConfigManager$FcCompFont
Event: 0.477 loading class sun/font/FontConfigManager$FcCompFont done
Event: 0.477 loading class sun/font/FontConfigManager$FontConfigFont
Event: 0.477 loading class sun/font/FontConfigManager$FontConfigFont done


Dynamic libraries:
746800000-752200000 rw-p 00000000 00:00 0 
752200000-7bfe00000 ---p 00000000 00:00 0 
7bfe00000-7bfe47000 rw-p 0110d000 08:08 1192092                          /usr/lib/jvm/java-11-openjdk-amd64/lib/server/classes.jsa
7bfe47000-7bff00000 rw-p 00000000 00:00 0 
7bff00000-7bff6a000 rw-p 010a3000 08:08 1192092                          /usr/lib/jvm/java-11-openjdk-amd64/lib/server/classes.jsa
7bff6a000-7c0000000 rw-p 00000000 00:00 0 
7c0000000-800000000 ---p 00000000 00:00 0 
800000000-800002000 rwxp 00001000 08:08 1192092                          /usr/lib/jvm/java-11-openjdk-amd64/lib/server/classes.jsa
800002000-8003b9000 rw-p 00003000 08:08 1192092                          /usr/lib/jvm/java-11-openjdk-amd64/lib/server/classes.jsa
8003b9000-800a94000 r--p 003ba000 08:08 1192092                          /usr/lib/jvm/java-11-openjdk-amd64/lib/server/classes.jsa
800a94000-800a95000 rw-p 00a95000 08:08 1192092                          /usr/lib/jvm/java-11-openjdk-amd64/lib/server/classes.jsa
800a95000-8010a2000 r--p 00a96000 08:08 1192092                          /usr/lib/jvm/java-11-openjdk-amd64/lib/server/classes.jsa
840000000-840160000 rw-p 00000000 00:00 0 
840160000-880000000 ---p 00000000 00:00 0 
56447704b000-56447704c000 r--p 00000000 08:08 1191793                    /usr/lib/jvm/java-11-openjdk-amd64/bin/java
56447704c000-56447704d000 r-xp 00001000 08:08 1191793                    /usr/lib/jvm/java-11-openjdk-amd64/bin/java
56447704d000-56447704e000 r--p 00002000 08:08 1191793                    /usr/lib/jvm/java-11-openjdk-amd64/bin/java
56447704e000-56447704f000 r--p 00002000 08:08 1191793                    /usr/lib/jvm/java-11-openjdk-amd64/bin/java
56447704f000-564477050000 rw-p 00003000 08:08 1191793                    /usr/lib/jvm/java-11-openjdk-amd64/bin/java
56447739a000-5644773bb000 rw-p 00000000 00:00 0                          [heap]
7f07c0000000-7f07c0021000 rw-p 00000000 00:00 0 
7f07c0021000-7f07c4000000 ---p 00000000 00:00 0 
7f07c4000000-7f07c4021000 rw-p 00000000 00:00 0 
7f07c4021000-7f07c8000000 ---p 00000000 00:00 0 
7f07c8000000-7f07c8021000 rw-p 00000000 00:00 0 
7f07c8021000-7f07cc000000 ---p 00000000 00:00 0 
7f07cc000000-7f07cc021000 rw-p 00000000 00:00 0 
7f07cc021000-7f07d0000000 ---p 00000000 00:00 0 
7f07d0000000-7f07d0021000 rw-p 00000000 00:00 0 
7f07d0021000-7f07d4000000 ---p 00000000 00:00 0 
7f07d4000000-7f07d4021000 rw-p 00000000 00:00 0 
7f07d4021000-7f07d8000000 ---p 00000000 00:00 0 
7f07d8000000-7f07d85d3000 rw-p 00000000 00:00 0 
7f07d85d3000-7f07dc000000 ---p 00000000 00:00 0 
7f07dc000000-7f07dc021000 rw-p 00000000 00:00 0 
7f07dc021000-7f07e0000000 ---p 00000000 00:00 0 
7f07e0000000-7f07e0021000 rw-p 00000000 00:00 0 
7f07e0021000-7f07e4000000 ---p 00000000 00:00 0 
7f07e4000000-7f07e4021000 rw-p 00000000 00:00 0 
7f07e4021000-7f07e8000000 ---p 00000000 00:00 0 
7f07e8000000-7f07e8021000 rw-p 00000000 00:00 0 
7f07e8021000-7f07ec000000 ---p 00000000 00:00 0 
7f07ec000000-7f07ec021000 rw-p 00000000 00:00 0 
7f07ec021000-7f07f0000000 ---p 00000000 00:00 0 
7f07f0000000-7f07f03bc000 rw-p 00000000 00:00 0 
7f07f03bc000-7f07f4000000 ---p 00000000 00:00 0 
7f07f4000000-7f07f432b000 rw-p 00000000 00:00 0 
7f07f432b000-7f07f8000000 ---p 00000000 00:00 0 
7f07f8000000-7f07f8021000 rw-p 00000000 00:00 0 
7f07f8021000-7f07fc000000 ---p 00000000 00:00 0 
7f07fc564000-7f07fc568000 ---p 00000000 00:00 0 
7f07fc568000-7f07fc665000 rw-p 00000000 00:00 0 
7f07fc665000-7f07fc669000 ---p 00000000 00:00 0 
7f07fc669000-7f07fc766000 rw-p 00000000 00:00 0 
7f07fc766000-7f07fc76a000 ---p 00000000 00:00 0 
7f07fc76a000-7f07fc867000 rw-p 00000000 00:00 0 
7f07fc867000-7f07fc869000 r--p 00000000 08:08 1187660                    /usr/lib/x86_64-linux-gnu/libXfixes.so.3.1.0
7f07fc869000-7f07fc86c000 r-xp 00002000 08:08 1187660                    /usr/lib/x86_64-linux-gnu/libXfixes.so.3.1.0
7f07fc86c000-7f07fc86d000 r--p 00005000 08:08 1187660                    /usr/lib/x86_64-linux-gnu/libXfixes.so.3.1.0
7f07fc86d000-7f07fc86e000 r--p 00005000 08:08 1187660                    /usr/lib/x86_64-linux-gnu/libXfixes.so.3.1.0
7f07fc86e000-7f07fc86f000 rw-p 00006000 08:08 1187660                    /usr/lib/x86_64-linux-gnu/libXfixes.so.3.1.0
7f07fc86f000-7f07fc872000 r--p 00000000 08:08 1187652                    /usr/lib/x86_64-linux-gnu/libXcursor.so.1.0.2
7f07fc872000-7f07fc878000 r-xp 00003000 08:08 1187652                    /usr/lib/x86_64-linux-gnu/libXcursor.so.1.0.2
7f07fc878000-7f07fc87a000 r--p 00009000 08:08 1187652                    /usr/lib/x86_64-linux-gnu/libXcursor.so.1.0.2
7f07fc87a000-7f07fc87b000 r--p 0000a000 08:08 1187652                    /usr/lib/x86_64-linux-gnu/libXcursor.so.1.0.2
7f07fc87b000-7f07fc87c000 rw-p 0000b000 08:08 1187652                    /usr/lib/x86_64-linux-gnu/libXcursor.so.1.0.2
7f07fc88e000-7f07fc892000 ---p 00000000 00:00 0 
7f07fc892000-7f07fc98f000 rw-p 00000000 00:00 0 
7f07fc98f000-7f07fc990000 ---p 00000000 00:00 0 
7f07fc990000-7f07fd190000 rw-p 00000000 00:00 0 
7f07fd190000-7f07fd191000 ---p 00000000 00:00 0 
7f07fd191000-7f07fd991000 rw-p 00000000 00:00 0 
7f07fd991000-7f07fd992000 ---p 00000000 00:00 0 
7f07fd992000-7f07fe192000 rw-p 00000000 00:00 0 
7f07fe192000-7f07fe1c3000 r--p 00000000 08:08 1838306                    /usr/share/glib-2.0/schemas/gschemas.compiled
7f07fe1c3000-7f07fe1e3000 r--p 00000000 08:08 2236563                    /usr/share/locale-langpack/es/LC_MESSAGES/glib20.mo
7f07fe1e3000-7f07fe1e5000 r--p 00000000 08:08 1188662                    /usr/lib/x86_64-linux-gnu/libpcre2-8.so.0.9.0
7f07fe1e5000-7f07fe249000 r-xp 00002000 08:08 1188662                    /usr/lib/x86_64-linux-gnu/libpcre2-8.so.0.9.0
7f07fe249000-7f07fe271000 r--p 00066000 08:08 1188662                    /usr/lib/x86_64-linux-gnu/libpcre2-8.so.0.9.0
7f07fe271000-7f07fe272000 r--p 0008d000 08:08 1188662                    /usr/lib/x86_64-linux-gnu/libpcre2-8.so.0.9.0
7f07fe272000-7f07fe273000 rw-p 0008e000 08:08 1188662                    /usr/lib/x86_64-linux-gnu/libpcre2-8.so.0.9.0
7f07fe273000-7f07fe27d000 r--p 00000000 08:08 1187793                    /usr/lib/x86_64-linux-gnu/libblkid.so.1.1.0
7f07fe27d000-7f07fe2b3000 r-xp 0000a000 08:08 1187793                    /usr/lib/x86_64-linux-gnu/libblkid.so.1.1.0
7f07fe2b3000-7f07fe2c3000 r--p 00040000 08:08 1187793                    /usr/lib/x86_64-linux-gnu/libblkid.so.1.1.0
7f07fe2c3000-7f07fe2c4000 ---p 00050000 08:08 1187793                    /usr/lib/x86_64-linux-gnu/libblkid.so.1.1.0
7f07fe2c4000-7f07fe2c9000 r--p 00050000 08:08 1187793                    /usr/lib/x86_64-linux-gnu/libblkid.so.1.1.0
7f07fe2c9000-7f07fe2ca000 rw-p 00055000 08:08 1187793                    /usr/lib/x86_64-linux-gnu/libblkid.so.1.1.0
7f07fe2ca000-7f07fe2cc000 r--p 00000000 08:08 1188046                    /usr/lib/x86_64-linux-gnu/libffi.so.7.1.0
7f07fe2cc000-7f07fe2d2000 r-xp 00002000 08:08 1188046                    /usr/lib/x86_64-linux-gnu/libffi.so.7.1.0
7f07fe2d2000-7f07fe2d3000 r--p 00008000 08:08 1188046                    /usr/lib/x86_64-linux-gnu/libffi.so.7.1.0
7f07fe2d3000-7f07fe2d4000 ---p 00009000 08:08 1188046                    /usr/lib/x86_64-linux-gnu/libffi.so.7.1.0
7f07fe2d4000-7f07fe2d5000 r--p 00009000 08:08 1188046                    /usr/lib/x86_64-linux-gnu/libffi.so.7.1.0
7f07fe2d5000-7f07fe2d6000 rw-p 0000a000 08:08 1188046                    /usr/lib/x86_64-linux-gnu/libffi.so.7.1.0
7f07fe2d6000-7f07fe2d8000 r--p 00000000 08:08 1188658                    /usr/lib/x86_64-linux-gnu/libpcre.so.3.13.3
7f07fe2d8000-7f07fe329000 r-xp 00002000 08:08 1188658                    /usr/lib/x86_64-linux-gnu/libpcre.so.3.13.3
7f07fe329000-7f07fe347000 r--p 00053000 08:08 1188658                    /usr/lib/x86_64-linux-gnu/libpcre.so.3.13.3
7f07fe347000-7f07fe348000 r--p 00070000 08:08 1188658                    /usr/lib/x86_64-linux-gnu/libpcre.so.3.13.3
7f07fe348000-7f07fe349000 rw-p 00071000 08:08 1188658                    /usr/lib/x86_64-linux-gnu/libpcre.so.3.13.3
7f07fe349000-7f07fe34d000 r--p 00000000 08:08 1188760                    /usr/lib/x86_64-linux-gnu/libresolv-2.31.so
7f07fe34d000-7f07fe35d000 r-xp 00004000 08:08 1188760                    /usr/lib/x86_64-linux-gnu/libresolv-2.31.so
7f07fe35d000-7f07fe360000 r--p 00014000 08:08 1188760                    /usr/lib/x86_64-linux-gnu/libresolv-2.31.so
7f07fe360000-7f07fe361000 ---p 00017000 08:08 1188760                    /usr/lib/x86_64-linux-gnu/libresolv-2.31.so
7f07fe361000-7f07fe362000 r--p 00017000 08:08 1188760                    /usr/lib/x86_64-linux-gnu/libresolv-2.31.so
7f07fe362000-7f07fe363000 rw-p 00018000 08:08 1188760                    /usr/lib/x86_64-linux-gnu/libresolv-2.31.so
7f07fe363000-7f07fe365000 rw-p 00000000 00:00 0 
7f07fe365000-7f07fe36b000 r--p 00000000 08:08 1188816                    /usr/lib/x86_64-linux-gnu/libselinux.so.1
7f07fe36b000-7f07fe384000 r-xp 00006000 08:08 1188816                    /usr/lib/x86_64-linux-gnu/libselinux.so.1
7f07fe384000-7f07fe38b000 r--p 0001f000 08:08 1188816                    /usr/lib/x86_64-linux-gnu/libselinux.so.1
7f07fe38b000-7f07fe38c000 ---p 00026000 08:08 1188816                    /usr/lib/x86_64-linux-gnu/libselinux.so.1
7f07fe38c000-7f07fe38d000 r--p 00026000 08:08 1188816                    /usr/lib/x86_64-linux-gnu/libselinux.so.1
7f07fe38d000-7f07fe38e000 rw-p 00027000 08:08 1188816                    /usr/lib/x86_64-linux-gnu/libselinux.so.1
7f07fe38e000-7f07fe390000 rw-p 00000000 00:00 0 
7f07fe390000-7f07fe39b000 r--p 00000000 08:08 1188479                    /usr/lib/x86_64-linux-gnu/libmount.so.1.1.0
7f07fe39b000-7f07fe3d9000 r-xp 0000b000 08:08 1188479                    /usr/lib/x86_64-linux-gnu/libmount.so.1.1.0
7f07fe3d9000-7f07fe3ec000 r--p 00049000 08:08 1188479                    /usr/lib/x86_64-linux-gnu/libmount.so.1.1.0
7f07fe3ec000-7f07fe3ef000 r--p 0005b000 08:08 1188479                    /usr/lib/x86_64-linux-gnu/libmount.so.1.1.0
7f07fe3ef000-7f07fe3f0000 rw-p 0005e000 08:08 1188479                    /usr/lib/x86_64-linux-gnu/libmount.so.1.1.0
7f07fe3f0000-7f07fe3fe000 r--p 00000000 08:08 1186305                    /usr/lib/x86_64-linux-gnu/libgobject-2.0.so.0.6400.3
7f07fe3fe000-7f07fe434000 r-xp 0000e000 08:08 1186305                    /usr/lib/x86_64-linux-gnu/libgobject-2.0.so.0.6400.3
7f07fe434000-7f07fe44c000 r--p 00044000 08:08 1186305                    /usr/lib/x86_64-linux-gnu/libgobject-2.0.so.0.6400.3
7f07fe44c000-7f07fe44f000 r--p 0005b000 08:08 1186305                    /usr/lib/x86_64-linux-gnu/libgobject-2.0.so.0.6400.3
7f07fe44f000-7f07fe450000 rw-p 0005e000 08:08 1186305                    /usr/lib/x86_64-linux-gnu/libgobject-2.0.so.0.6400.3
7f07fe450000-7f07fe46c000 r--p 00000000 08:08 1186303                    /usr/lib/x86_64-linux-gnu/libglib-2.0.so.0.6400.3
7f07fe46c000-7f07fe4f0000 r-xp 0001c000 08:08 1186303                    /usr/lib/x86_64-linux-gnu/libglib-2.0.so.0.6400.3
7f07fe4f0000-7f07fe575000 r--p 000a0000 08:08 1186303                    /usr/lib/x86_64-linux-gnu/libglib-2.0.so.0.6400.3
7f07fe575000-7f07fe576000 ---p 00125000 08:08 1186303                    /usr/lib/x86_64-linux-gnu/libglib-2.0.so.0.6400.3
7f07fe576000-7f07fe577000 r--p 00125000 08:08 1186303                    /usr/lib/x86_64-linux-gnu/libglib-2.0.so.0.6400.3
7f07fe577000-7f07fe578000 rw-p 00126000 08:08 1186303                    /usr/lib/x86_64-linux-gnu/libglib-2.0.so.0.6400.3
7f07fe578000-7f07fe579000 rw-p 00000000 00:00 0 
7f07fe579000-7f07fe5b1000 r--p 00000000 08:08 1186302                    /usr/lib/x86_64-linux-gnu/libgio-2.0.so.0.6400.3
7f07fe5b1000-7f07fe6c4000 r-xp 00038000 08:08 1186302                    /usr/lib/x86_64-linux-gnu/libgio-2.0.so.0.6400.3
7f07fe6c4000-7f07fe74d000 r--p 0014b000 08:08 1186302                    /usr/lib/x86_64-linux-gnu/libgio-2.0.so.0.6400.3
7f07fe74d000-7f07fe74e000 ---p 001d4000 08:08 1186302                    /usr/lib/x86_64-linux-gnu/libgio-2.0.so.0.6400.3
7f07fe74e000-7f07fe757000 r--p 001d4000 08:08 1186302                    /usr/lib/x86_64-linux-gnu/libgio-2.0.so.0.6400.3
7f07fe757000-7f07fe758000 rw-p 001dd000 08:08 1186302                    /usr/lib/x86_64-linux-gnu/libgio-2.0.so.0.6400.3
7f07fe758000-7f07fe75a000 rw-p 00000000 00:00 0 
7f07fe75a000-7f07fe75e000 ---p 00000000 00:00 0 
7f07fe75e000-7f07fe85b000 rw-p 00000000 00:00 0 
7f07fe85b000-7f07fe860000 r--p 00000000 08:08 1188696                    /usr/lib/x86_64-linux-gnu/libpng16.so.16.37.0
7f07fe860000-7f07fe885000 r-xp 00005000 08:08 1188696                    /usr/lib/x86_64-linux-gnu/libpng16.so.16.37.0
7f07fe885000-7f07fe891000 r--p 0002a000 08:08 1188696                    /usr/lib/x86_64-linux-gnu/libpng16.so.16.37.0
7f07fe891000-7f07fe892000 r--p 00035000 08:08 1188696                    /usr/lib/x86_64-linux-gnu/libpng16.so.16.37.0
7f07fe892000-7f07fe893000 rw-p 00036000 08:08 1188696                    /usr/lib/x86_64-linux-gnu/libpng16.so.16.37.0
7f07fe893000-7f07fe89f000 r--p 00000000 08:08 1188077                    /usr/lib/x86_64-linux-gnu/libfreetype.so.6.17.1
7f07fe89f000-7f07fe91f000 r-xp 0000c000 08:08 1188077                    /usr/lib/x86_64-linux-gnu/libfreetype.so.6.17.1
7f07fe91f000-7f07fe949000 r--p 0008c000 08:08 1188077                    /usr/lib/x86_64-linux-gnu/libfreetype.so.6.17.1
7f07fe949000-7f07fe94a000 ---p 000b6000 08:08 1188077                    /usr/lib/x86_64-linux-gnu/libfreetype.so.6.17.1
7f07fe94a000-7f07fe951000 r--p 000b6000 08:08 1188077                    /usr/lib/x86_64-linux-gnu/libfreetype.so.6.17.1
7f07fe951000-7f07fe952000 rw-p 000bd000 08:08 1188077                    /usr/lib/x86_64-linux-gnu/libfreetype.so.6.17.1
7f07fe952000-7f07fe956000 r--p 00000000 08:08 1707614                    /usr/lib/x86_64-linux-gnu/gio/modules/libdconfsettings.so
7f07fe956000-7f07fe95e000 r-xp 00004000 08:08 1707614                    /usr/lib/x86_64-linux-gnu/gio/modules/libdconfsettings.so
7f07fe95e000-7f07fe961000 r--p 0000c000 08:08 1707614                    /usr/lib/x86_64-linux-gnu/gio/modules/libdconfsettings.so
7f07fe961000-7f07fe962000 ---p 0000f000 08:08 1707614                    /usr/lib/x86_64-linux-gnu/gio/modules/libdconfsettings.so
7f07fe962000-7f07fe963000 r--p 0000f000 08:08 1707614                    /usr/lib/x86_64-linux-gnu/gio/modules/libdconfsettings.so
7f07fe963000-7f07fe964000 rw-p 00010000 08:08 1707614                    /usr/lib/x86_64-linux-gnu/gio/modules/libdconfsettings.so
7f07fe964000-7f07fe968000 r--p 00000000 08:08 1191928                    /usr/lib/jvm/java-11-openjdk-amd64/lib/libfontmanager.so
7f07fe968000-7f07fea53000 r-xp 00004000 08:08 1191928                    /usr/lib/jvm/java-11-openjdk-amd64/lib/libfontmanager.so
7f07fea53000-7f07fea93000 r--p 000ef000 08:08 1191928                    /usr/lib/jvm/java-11-openjdk-amd64/lib/libfontmanager.so
7f07fea93000-7f07fea94000 ---p 0012f000 08:08 1191928                    /usr/lib/jvm/java-11-openjdk-amd64/lib/libfontmanager.so
7f07fea94000-7f07fea95000 r--p 0012f000 08:08 1191928                    /usr/lib/jvm/java-11-openjdk-amd64/lib/libfontmanager.so
7f07fea95000-7f07fea96000 rw-p 00130000 08:08 1191928                    /usr/lib/jvm/java-11-openjdk-amd64/lib/libfontmanager.so
7f07fea96000-7f07fea99000 rw-p 00000000 00:00 0 
7f07fea99000-7f07feabd000 r--p 00000000 08:08 2233907                    /usr/share/locale-langpack/es/LC_MESSAGES/libc.mo
7f07feabd000-7f07feac1000 r--p 00000000 08:08 1187812                    /usr/lib/x86_64-linux-gnu/libbsd.so.0.10.0
7f07feac1000-7f07fead0000 r-xp 00004000 08:08 1187812                    /usr/lib/x86_64-linux-gnu/libbsd.so.0.10.0
7f07fead0000-7f07fead3000 r--p 00013000 08:08 1187812                    /usr/lib/x86_64-linux-gnu/libbsd.so.0.10.0
7f07fead3000-7f07fead4000 ---p 00016000 08:08 1187812                    /usr/lib/x86_64-linux-gnu/libbsd.so.0.10.0
7f07fead4000-7f07fead5000 r--p 00016000 08:08 1187812                    /usr/lib/x86_64-linux-gnu/libbsd.so.0.10.0
7f07fead5000-7f07fead6000 rw-p 00017000 08:08 1187812                    /usr/lib/x86_64-linux-gnu/libbsd.so.0.10.0
7f07fead6000-7f07fead7000 rw-p 00000000 00:00 0 
7f07fead7000-7f07feae2000 r--p 00000000 08:08 1189114                    /usr/lib/x86_64-linux-gnu/libxcb.so.1.1.0
7f07feae2000-7f07feaf6000 r-xp 0000b000 08:08 1189114                    /usr/lib/x86_64-linux-gnu/libxcb.so.1.1.0
7f07feaf6000-7f07feaff000 r--p 0001f000 08:08 1189114                    /usr/lib/x86_64-linux-gnu/libxcb.so.1.1.0
7f07feaff000-7f07feb00000 r--p 00027000 08:08 1189114                    /usr/lib/x86_64-linux-gnu/libxcb.so.1.1.0
7f07feb00000-7f07feb01000 rw-p 00028000 08:08 1189114                    /usr/lib/x86_64-linux-gnu/libxcb.so.1.1.0
7f07feb01000-7f07feb06000 r-xp 00000000 08:08 1187684                    /usr/lib/x86_64-linux-gnu/libXtst.so.6.1.0
7f07feb06000-7f07fed05000 ---p 00005000 08:08 1187684                    /usr/lib/x86_64-linux-gnu/libXtst.so.6.1.0
7f07fed05000-7f07fed06000 r--p 00004000 08:08 1187684                    /usr/lib/x86_64-linux-gnu/libXtst.so.6.1.0
7f07fed06000-7f07fed07000 rw-p 00005000 08:08 1187684                    /usr/lib/x86_64-linux-gnu/libXtst.so.6.1.0
7f07fed07000-7f07fed10000 r-xp 00000000 08:08 1187678                    /usr/lib/x86_64-linux-gnu/libXrender.so.1.3.0
7f07fed10000-7f07fef0f000 ---p 00009000 08:08 1187678                    /usr/lib/x86_64-linux-gnu/libXrender.so.1.3.0
7f07fef0f000-7f07fef10000 r--p 00008000 08:08 1187678                    /usr/lib/x86_64-linux-gnu/libXrender.so.1.3.0
7f07fef10000-7f07fef11000 rw-p 00009000 08:08 1187678                    /usr/lib/x86_64-linux-gnu/libXrender.so.1.3.0
7f07fef11000-7f07fef29000 r--p 00000000 08:08 1187641                    /usr/lib/x86_64-linux-gnu/libX11.so.6.3.0
7f07fef29000-7f07fefb4000 r-xp 00018000 08:08 1187641                    /usr/lib/x86_64-linux-gnu/libX11.so.6.3.0
7f07fefb4000-7f07ff048000 r--p 000a3000 08:08 1187641                    /usr/lib/x86_64-linux-gnu/libX11.so.6.3.0
7f07ff048000-7f07ff049000 ---p 00137000 08:08 1187641                    /usr/lib/x86_64-linux-gnu/libX11.so.6.3.0
7f07ff049000-7f07ff04a000 r--p 00137000 08:08 1187641                    /usr/lib/x86_64-linux-gnu/libX11.so.6.3.0
7f07ff04a000-7f07ff04e000 rw-p 00138000 08:08 1187641                    /usr/lib/x86_64-linux-gnu/libX11.so.6.3.0
7f07ff04e000-7f07ff07a000 r--p 00000000 08:08 1191923                    /usr/lib/jvm/java-11-openjdk-amd64/lib/libawt.so
7f07ff07a000-7f07ff0e3000 r-xp 0002c000 08:08 1191923                    /usr/lib/jvm/java-11-openjdk-amd64/lib/libawt.so
7f07ff0e3000-7f07ff0ef000 r--p 00095000 08:08 1191923                    /usr/lib/jvm/java-11-openjdk-amd64/lib/libawt.so
7f07ff0ef000-7f07ff0f0000 ---p 000a1000 08:08 1191923                    /usr/lib/jvm/java-11-openjdk-amd64/lib/libawt.so
7f07ff0f0000-7f07ff0f1000 r--p 000a1000 08:08 1191923                    /usr/lib/jvm/java-11-openjdk-amd64/lib/libawt.so
7f07ff0f1000-7f07ff0fc000 rw-p 000a2000 08:08 1191923                    /usr/lib/jvm/java-11-openjdk-amd64/lib/libawt.so
7f07ff0fc000-7f07ff121000 rw-p 00000000 00:00 0 
7f07ff121000-7f07ff125000 ---p 00000000 00:00 0 
7f07ff125000-7f07ff222000 rw-p 00000000 00:00 0 
7f07ff222000-7f0800000000 r--p 00000000 08:08 1186387                    /usr/lib/locale/locale-archive
7f0800000000-7f0800021000 rw-p 00000000 00:00 0 
7f0800021000-7f0804000000 ---p 00000000 00:00 0 
7f0804000000-7f0804021000 rw-p 00000000 00:00 0 
7f0804021000-7f0808000000 ---p 00000000 00:00 0 
7f0808000000-7f0808021000 rw-p 00000000 00:00 0 
7f0808021000-7f080c000000 ---p 00000000 00:00 0 
7f080c000000-7f080c021000 rw-p 00000000 00:00 0 
7f080c021000-7f0810000000 ---p 00000000 00:00 0 
7f0810000000-7f0810021000 rw-p 00000000 00:00 0 
7f0810021000-7f0814000000 ---p 00000000 00:00 0 
7f0814000000-7f0814021000 rw-p 00000000 00:00 0 
7f0814021000-7f0818000000 ---p 00000000 00:00 0 
7f0818000000-7f0818021000 rw-p 00000000 00:00 0 
7f0818021000-7f081c000000 ---p 00000000 00:00 0 
7f081c000000-7f081c002000 r--p 00000000 08:08 1187676                    /usr/lib/x86_64-linux-gnu/libXrandr.so.2.2.0
7f081c002000-7f081c009000 r-xp 00002000 08:08 1187676                    /usr/lib/x86_64-linux-gnu/libXrandr.so.2.2.0
7f081c009000-7f081c00b000 r--p 00009000 08:08 1187676                    /usr/lib/x86_64-linux-gnu/libXrandr.so.2.2.0
7f081c00b000-7f081c00c000 r--p 0000a000 08:08 1187676                    /usr/lib/x86_64-linux-gnu/libXrandr.so.2.2.0
7f081c00c000-7f081c00d000 rw-p 0000b000 08:08 1187676                    /usr/lib/x86_64-linux-gnu/libXrandr.so.2.2.0
7f081c00d000-7f081c00f000 r--p 00000000 08:08 1187656                    /usr/lib/x86_64-linux-gnu/libXdmcp.so.6.0.0
7f081c00f000-7f081c011000 r-xp 00002000 08:08 1187656                    /usr/lib/x86_64-linux-gnu/libXdmcp.so.6.0.0
7f081c011000-7f081c013000 r--p 00004000 08:08 1187656                    /usr/lib/x86_64-linux-gnu/libXdmcp.so.6.0.0
7f081c013000-7f081c014000 r--p 00005000 08:08 1187656                    /usr/lib/x86_64-linux-gnu/libXdmcp.so.6.0.0
7f081c014000-7f081c015000 rw-p 00006000 08:08 1187656                    /usr/lib/x86_64-linux-gnu/libXdmcp.so.6.0.0
7f081c015000-7f081c017000 r--p 00000000 08:08 1187666                    /usr/lib/x86_64-linux-gnu/libXi.so.6.1.0
7f081c017000-7f081c022000 r-xp 00002000 08:08 1187666                    /usr/lib/x86_64-linux-gnu/libXi.so.6.1.0
7f081c022000-7f081c025000 r--p 0000d000 08:08 1187666                    /usr/lib/x86_64-linux-gnu/libXi.so.6.1.0
7f081c025000-7f081c026000 r--p 0000f000 08:08 1187666                    /usr/lib/x86_64-linux-gnu/libXi.so.6.1.0
7f081c026000-7f081c027000 rw-p 00010000 08:08 1187666                    /usr/lib/x86_64-linux-gnu/libXi.so.6.1.0
7f081c027000-7f081c02b000 r--p 00000000 08:08 1187658                    /usr/lib/x86_64-linux-gnu/libXext.so.6.4.0
7f081c02b000-7f081c036000 r-xp 00004000 08:08 1187658                    /usr/lib/x86_64-linux-gnu/libXext.so.6.4.0
7f081c036000-7f081c03a000 r--p 0000f000 08:08 1187658                    /usr/lib/x86_64-linux-gnu/libXext.so.6.4.0
7f081c03a000-7f081c03b000 r--p 00012000 08:08 1187658                    /usr/lib/x86_64-linux-gnu/libXext.so.6.4.0
7f081c03b000-7f081c03c000 rw-p 00013000 08:08 1187658                    /usr/lib/x86_64-linux-gnu/libXext.so.6.4.0
7f081c03c000-7f081c03d000 ---p 00000000 00:00 0 
7f081c03d000-7f081c13e000 rw-p 00000000 00:00 0 
7f081c13e000-7f081c142000 ---p 00000000 00:00 0 
7f081c142000-7f081c23f000 rw-p 00000000 00:00 0 
7f081c23f000-7f081c243000 ---p 00000000 00:00 0 
7f081c243000-7f081e628000 rw-p 00000000 00:00 0 
7f081e628000-7f0820198000 ---p 00000000 00:00 0 
7f0820198000-7f08201a0000 rw-p 00000000 00:00 0 
7f08201a0000-7f08211a0000 ---p 00000000 00:00 0 
7f08211a0000-7f0821488000 rw-p 00000000 00:00 0 
7f0821488000-7f0822ff8000 ---p 00000000 00:00 0 
7f0822ff8000-7f0823000000 rw-p 00000000 00:00 0 
7f0823000000-7f0824000000 ---p 00000000 00:00 0 
7f0824000000-7f0824021000 rw-p 00000000 00:00 0 
7f0824021000-7f0828000000 ---p 00000000 00:00 0 
7f0828001000-7f0828005000 ---p 00000000 00:00 0 
7f0828005000-7f0828902000 rw-p 00000000 00:00 0 
7f0828902000-7f0828b72000 rwxp 00000000 00:00 0 
7f0828b72000-7f0828e92000 ---p 00000000 00:00 0 
7f0828e92000-7f0829102000 rwxp 00000000 00:00 0 
7f0829102000-7f08303ca000 ---p 00000000 00:00 0 
7f08303ca000-7f083063a000 rwxp 00000000 00:00 0 
7f083063a000-7f0837902000 ---p 00000000 00:00 0 
7f0837902000-7f0840000000 r--s 00000000 08:08 1191956                    /usr/lib/jvm/java-11-openjdk-amd64/lib/modules
7f0840000000-7f0840539000 rw-p 00000000 00:00 0 
7f0840539000-7f0844000000 ---p 00000000 00:00 0 
7f0844001000-7f0844002000 r--p 00000000 08:08 1187645                    /usr/lib/x86_64-linux-gnu/libXau.so.6.0.0
7f0844002000-7f0844004000 r-xp 00001000 08:08 1187645                    /usr/lib/x86_64-linux-gnu/libXau.so.6.0.0
7f0844004000-7f0844005000 r--p 00003000 08:08 1187645                    /usr/lib/x86_64-linux-gnu/libXau.so.6.0.0
7f0844005000-7f0844006000 r--p 00003000 08:08 1187645                    /usr/lib/x86_64-linux-gnu/libXau.so.6.0.0
7f0844006000-7f0844007000 rw-p 00004000 08:08 1187645                    /usr/lib/x86_64-linux-gnu/libXau.so.6.0.0
7f0844009000-7f084400c000 r--p 00000000 08:04 9577392                    /home/james/.config/dconf/user
7f084400c000-7f084400d000 r--p 00000000 08:08 1186304                    /usr/lib/x86_64-linux-gnu/libgmodule-2.0.so.0.6400.3
7f084400d000-7f084400f000 r-xp 00001000 08:08 1186304                    /usr/lib/x86_64-linux-gnu/libgmodule-2.0.so.0.6400.3
7f084400f000-7f0844010000 r--p 00003000 08:08 1186304                    /usr/lib/x86_64-linux-gnu/libgmodule-2.0.so.0.6400.3
7f0844010000-7f0844011000 r--p 00003000 08:08 1186304                    /usr/lib/x86_64-linux-gnu/libgmodule-2.0.so.0.6400.3
7f0844011000-7f0844012000 rw-p 00004000 08:08 1186304                    /usr/lib/x86_64-linux-gnu/libgmodule-2.0.so.0.6400.3
7f0844012000-7f0844019000 r--s 00000000 08:08 1707488                    /usr/lib/x86_64-linux-gnu/gconv/gconv-modules.cache
7f0844019000-7f0844029000 r--p 00000000 08:08 1191925                    /usr/lib/jvm/java-11-openjdk-amd64/lib/libawt_xawt.so
7f0844029000-7f0844068000 r-xp 00010000 08:08 1191925                    /usr/lib/jvm/java-11-openjdk-amd64/lib/libawt_xawt.so
7f0844068000-7f084407a000 r--p 0004f000 08:08 1191925                    /usr/lib/jvm/java-11-openjdk-amd64/lib/libawt_xawt.so
7f084407a000-7f084407b000 r--p 00060000 08:08 1191925                    /usr/lib/jvm/java-11-openjdk-amd64/lib/libawt_xawt.so
7f084407b000-7f084407d000 rw-p 00061000 08:08 1191925                    /usr/lib/jvm/java-11-openjdk-amd64/lib/libawt_xawt.so
7f084407d000-7f08440b0000 rw-p 00000000 00:00 0 
7f08440b0000-7f08440b4000 r--p 00000000 08:08 1191946                    /usr/lib/jvm/java-11-openjdk-amd64/lib/libnet.so
7f08440b4000-7f08440c3000 r-xp 00004000 08:08 1191946                    /usr/lib/jvm/java-11-openjdk-amd64/lib/libnet.so
7f08440c3000-7f08440c7000 r--p 00013000 08:08 1191946                    /usr/lib/jvm/java-11-openjdk-amd64/lib/libnet.so
7f08440c7000-7f08440c8000 r--p 00016000 08:08 1191946                    /usr/lib/jvm/java-11-openjdk-amd64/lib/libnet.so
7f08440c8000-7f08440c9000 rw-p 00017000 08:08 1191946                    /usr/lib/jvm/java-11-openjdk-amd64/lib/libnet.so
7f08440c9000-7f08440d0000 r--p 00000000 08:08 1191947                    /usr/lib/jvm/java-11-openjdk-amd64/lib/libnio.so
7f08440d0000-7f08440d8000 r-xp 00007000 08:08 1191947                    /usr/lib/jvm/java-11-openjdk-amd64/lib/libnio.so
7f08440d8000-7f08440db000 r--p 0000f000 08:08 1191947                    /usr/lib/jvm/java-11-openjdk-amd64/lib/libnio.so
7f08440db000-7f08440dc000 r--p 00011000 08:08 1191947                    /usr/lib/jvm/java-11-openjdk-amd64/lib/libnio.so
7f08440dc000-7f08440dd000 rw-p 00012000 08:08 1191947                    /usr/lib/jvm/java-11-openjdk-amd64/lib/libnio.so
7f08440dd000-7f08440e1000 ---p 00000000 00:00 0 
7f08440e1000-7f08441de000 rw-p 00000000 00:00 0 
7f08441de000-7f08441e2000 ---p 00000000 00:00 0 
7f08441e2000-7f08442df000 rw-p 00000000 00:00 0 
7f08442df000-7f08442e3000 ---p 00000000 00:00 0 
7f08442e3000-7f08443e0000 rw-p 00000000 00:00 0 
7f08443e0000-7f08443e4000 ---p 00000000 00:00 0 
7f08443e4000-7f08444e1000 rw-p 00000000 00:00 0 
7f08444e1000-7f08444e2000 ---p 00000000 00:00 0 
7f08444e2000-7f0844729000 rw-p 00000000 00:00 0 
7f0844729000-7f084472a000 ---p 00000000 00:00 0 
7f084472a000-7f084482b000 rw-p 00000000 00:00 0 
7f084482b000-7f084482c000 ---p 00000000 00:00 0 
7f084482c000-7f0844d31000 rw-p 00000000 00:00 0 
7f0844d31000-7f0844d32000 ---p 00000000 00:00 0 
7f0844d32000-7f0844e33000 rw-p 00000000 00:00 0 
7f0844e33000-7f0844e34000 ---p 00000000 00:00 0 
7f0844e34000-7f0844ff5000 rw-p 00000000 00:00 0 
7f0844ff5000-7f0845363000 ---p 00000000 00:00 0 
7f0845363000-7f0845364000 rw-p 00000000 00:00 0 
7f0845364000-7f0845564000 ---p 00000000 00:00 0 
7f0845564000-7f08455c1000 rw-p 00000000 00:00 0 
7f08455c1000-7f084592f000 ---p 00000000 00:00 0 
7f084592f000-7f0845930000 rw-p 00000000 00:00 0 
7f0845930000-7f0845b30000 ---p 00000000 00:00 0 
7f0845b30000-7f0845b8d000 rw-p 00000000 00:00 0 
7f0845b8d000-7f0845efb000 ---p 00000000 00:00 0 
7f0845efb000-7f0845efc000 rw-p 00000000 00:00 0 
7f0845efc000-7f08460fc000 ---p 00000000 00:00 0 
7f08460fc000-7f0846500000 rw-p 00000000 00:00 0 
7f0846500000-7f0846501000 ---p 00000000 00:00 0 
7f0846501000-7f0846607000 rw-p 00000000 00:00 0 
7f0846607000-7f08466ed000 ---p 00000000 00:00 0 
7f08466ed000-7f08466f2000 rw-p 00000000 00:00 0 
7f08466f2000-7f08467d8000 ---p 00000000 00:00 0 
7f08467d8000-7f08467dd000 rw-p 00000000 00:00 0 
7f08467dd000-7f08467e4000 ---p 00000000 00:00 0 
7f08467e4000-7f08467e7000 r--p 00000000 08:08 1188578                    /usr/lib/x86_64-linux-gnu/libnss_files-2.31.so
7f08467e7000-7f08467ee000 r-xp 00003000 08:08 1188578                    /usr/lib/x86_64-linux-gnu/libnss_files-2.31.so
7f08467ee000-7f08467f0000 r--p 0000a000 08:08 1188578                    /usr/lib/x86_64-linux-gnu/libnss_files-2.31.so
7f08467f0000-7f08467f1000 r--p 0000b000 08:08 1188578                    /usr/lib/x86_64-linux-gnu/libnss_files-2.31.so
7f08467f1000-7f08467f2000 rw-p 0000c000 08:08 1188578                    /usr/lib/x86_64-linux-gnu/libnss_files-2.31.so
7f08467f2000-7f08467f8000 rw-p 00000000 00:00 0 
7f08467f8000-7f08467fa000 r--p 00000000 08:08 1191955                    /usr/lib/jvm/java-11-openjdk-amd64/lib/libzip.so
7f08467fa000-7f08467fe000 r-xp 00002000 08:08 1191955                    /usr/lib/jvm/java-11-openjdk-amd64/lib/libzip.so
7f08467fe000-7f0846800000 r--p 00006000 08:08 1191955                    /usr/lib/jvm/java-11-openjdk-amd64/lib/libzip.so
7f0846800000-7f0846801000 r--p 00007000 08:08 1191955                    /usr/lib/jvm/java-11-openjdk-amd64/lib/libzip.so
7f0846801000-7f0846802000 rw-p 00008000 08:08 1191955                    /usr/lib/jvm/java-11-openjdk-amd64/lib/libzip.so
7f0846802000-7f084680a000 rw-s 00000000 08:08 1444472                    /tmp/hsperfdata_james/46059
7f084680a000-7f084680b000 ---p 00000000 00:00 0 
7f084680b000-7f084680c000 r--p 00000000 00:00 0 
7f084680c000-7f084680e000 r--p 00000000 08:08 1191938                    /usr/lib/jvm/java-11-openjdk-amd64/lib/libjimage.so
7f084680e000-7f0846811000 r-xp 00002000 08:08 1191938                    /usr/lib/jvm/java-11-openjdk-amd64/lib/libjimage.so
7f0846811000-7f0846812000 r--p 00005000 08:08 1191938                    /usr/lib/jvm/java-11-openjdk-amd64/lib/libjimage.so
7f0846812000-7f0846813000 ---p 00006000 08:08 1191938                    /usr/lib/jvm/java-11-openjdk-amd64/lib/libjimage.so
7f0846813000-7f0846814000 r--p 00006000 08:08 1191938                    /usr/lib/jvm/java-11-openjdk-amd64/lib/libjimage.so
7f0846814000-7f0846815000 rw-p 00007000 08:08 1191938                    /usr/lib/jvm/java-11-openjdk-amd64/lib/libjimage.so
7f0846815000-7f0846823000 r--p 00000000 08:08 1191934                    /usr/lib/jvm/java-11-openjdk-amd64/lib/libjava.so
7f0846823000-7f0846839000 r-xp 0000e000 08:08 1191934                    /usr/lib/jvm/java-11-openjdk-amd64/lib/libjava.so
7f0846839000-7f0846840000 r--p 00024000 08:08 1191934                    /usr/lib/jvm/java-11-openjdk-amd64/lib/libjava.so
7f0846840000-7f0846841000 r--p 0002a000 08:08 1191934                    /usr/lib/jvm/java-11-openjdk-amd64/lib/libjava.so
7f0846841000-7f0846842000 rw-p 0002b000 08:08 1191934                    /usr/lib/jvm/java-11-openjdk-amd64/lib/libjava.so
7f0846842000-7f0846843000 rw-p 00000000 00:00 0 
7f0846843000-7f0846846000 r--p 00000000 08:08 1188780                    /usr/lib/x86_64-linux-gnu/librt-2.31.so
7f0846846000-7f084684a000 r-xp 00003000 08:08 1188780                    /usr/lib/x86_64-linux-gnu/librt-2.31.so
7f084684a000-7f084684b000 r--p 00007000 08:08 1188780                    /usr/lib/x86_64-linux-gnu/librt-2.31.so
7f084684b000-7f084684c000 ---p 00008000 08:08 1188780                    /usr/lib/x86_64-linux-gnu/librt-2.31.so
7f084684c000-7f084684d000 r--p 00008000 08:08 1188780                    /usr/lib/x86_64-linux-gnu/librt-2.31.so
7f084684d000-7f084684e000 rw-p 00009000 08:08 1188780                    /usr/lib/x86_64-linux-gnu/librt-2.31.so
7f084684e000-7f0846852000 ---p 00000000 00:00 0 
7f0846852000-7f084694f000 rw-p 00000000 00:00 0 
7f084694f000-7f0846952000 r--p 00000000 08:08 1188101                    /usr/lib/x86_64-linux-gnu/libgcc_s.so.1
7f0846952000-7f0846964000 r-xp 00003000 08:08 1188101                    /usr/lib/x86_64-linux-gnu/libgcc_s.so.1
7f0846964000-7f0846968000 r--p 00015000 08:08 1188101                    /usr/lib/x86_64-linux-gnu/libgcc_s.so.1
7f0846968000-7f0846969000 r--p 00018000 08:08 1188101                    /usr/lib/x86_64-linux-gnu/libgcc_s.so.1
7f0846969000-7f084696a000 rw-p 00019000 08:08 1188101                    /usr/lib/x86_64-linux-gnu/libgcc_s.so.1
7f084696a000-7f0846979000 r--p 00000000 08:08 1188454                    /usr/lib/x86_64-linux-gnu/libm-2.31.so
7f0846979000-7f0846a20000 r-xp 0000f000 08:08 1188454                    /usr/lib/x86_64-linux-gnu/libm-2.31.so
7f0846a20000-7f0846ab7000 r--p 000b6000 08:08 1188454                    /usr/lib/x86_64-linux-gnu/libm-2.31.so
7f0846ab7000-7f0846ab8000 r--p 0014c000 08:08 1188454                    /usr/lib/x86_64-linux-gnu/libm-2.31.so
7f0846ab8000-7f0846ab9000 rw-p 0014d000 08:08 1188454                    /usr/lib/x86_64-linux-gnu/libm-2.31.so
7f0846ab9000-7f0846b4f000 r--p 00000000 08:08 1188882                    /usr/lib/x86_64-linux-gnu/libstdc++.so.6.0.28
7f0846b4f000-7f0846c3f000 r-xp 00096000 08:08 1188882                    /usr/lib/x86_64-linux-gnu/libstdc++.so.6.0.28
7f0846c3f000-7f0846c88000 r--p 00186000 08:08 1188882                    /usr/lib/x86_64-linux-gnu/libstdc++.so.6.0.28
7f0846c88000-7f0846c89000 ---p 001cf000 08:08 1188882                    /usr/lib/x86_64-linux-gnu/libstdc++.so.6.0.28
7f0846c89000-7f0846c94000 r--p 001cf000 08:08 1188882                    /usr/lib/x86_64-linux-gnu/libstdc++.so.6.0.28
7f0846c94000-7f0846c97000 rw-p 001da000 08:08 1188882                    /usr/lib/x86_64-linux-gnu/libstdc++.so.6.0.28
7f0846c97000-7f0846c9a000 rw-p 00000000 00:00 0 
7f0846c9a000-7f0846f07000 r--p 00000000 08:08 1191961                    /usr/lib/jvm/java-11-openjdk-amd64/lib/server/libjvm.so
7f0846f07000-7f0847a9b000 r-xp 0026d000 08:08 1191961                    /usr/lib/jvm/java-11-openjdk-amd64/lib/server/libjvm.so
7f0847a9b000-7f0847cd2000 r--p 00e01000 08:08 1191961                    /usr/lib/jvm/java-11-openjdk-amd64/lib/server/libjvm.so
7f0847cd2000-7f0847d8f000 r--p 01037000 08:08 1191961                    /usr/lib/jvm/java-11-openjdk-amd64/lib/server/libjvm.so
7f0847d8f000-7f0847dc8000 rw-p 010f4000 08:08 1191961                    /usr/lib/jvm/java-11-openjdk-amd64/lib/server/libjvm.so
7f0847dc8000-7f0847e21000 rw-p 00000000 00:00 0 
7f0847e21000-7f0847e28000 r--p 00000000 08:08 1188719                    /usr/lib/x86_64-linux-gnu/libpthread-2.31.so
7f0847e28000-7f0847e39000 r-xp 00007000 08:08 1188719                    /usr/lib/x86_64-linux-gnu/libpthread-2.31.so
7f0847e39000-7f0847e3e000 r--p 00018000 08:08 1188719                    /usr/lib/x86_64-linux-gnu/libpthread-2.31.so
7f0847e3e000-7f0847e3f000 r--p 0001c000 08:08 1188719                    /usr/lib/x86_64-linux-gnu/libpthread-2.31.so
7f0847e3f000-7f0847e40000 rw-p 0001d000 08:08 1188719                    /usr/lib/x86_64-linux-gnu/libpthread-2.31.so
7f0847e40000-7f0847e44000 rw-p 00000000 00:00 0 
7f0847e44000-7f0847e45000 r--p 00000000 08:08 1187951                    /usr/lib/x86_64-linux-gnu/libdl-2.31.so
7f0847e45000-7f0847e47000 r-xp 00001000 08:08 1187951                    /usr/lib/x86_64-linux-gnu/libdl-2.31.so
7f0847e47000-7f0847e48000 r--p 00003000 08:08 1187951                    /usr/lib/x86_64-linux-gnu/libdl-2.31.so
7f0847e48000-7f0847e49000 r--p 00003000 08:08 1187951                    /usr/lib/x86_64-linux-gnu/libdl-2.31.so
7f0847e49000-7f0847e4a000 rw-p 00004000 08:08 1187951                    /usr/lib/x86_64-linux-gnu/libdl-2.31.so
7f0847e4a000-7f0847e4c000 r--p 00000000 08:08 1189144                    /usr/lib/x86_64-linux-gnu/libz.so.1.2.11
7f0847e4c000-7f0847e5d000 r-xp 00002000 08:08 1189144                    /usr/lib/x86_64-linux-gnu/libz.so.1.2.11
7f0847e5d000-7f0847e63000 r--p 00013000 08:08 1189144                    /usr/lib/x86_64-linux-gnu/libz.so.1.2.11
7f0847e63000-7f0847e64000 ---p 00019000 08:08 1189144                    /usr/lib/x86_64-linux-gnu/libz.so.1.2.11
7f0847e64000-7f0847e65000 r--p 00019000 08:08 1189144                    /usr/lib/x86_64-linux-gnu/libz.so.1.2.11
7f0847e65000-7f0847e66000 rw-p 0001a000 08:08 1189144                    /usr/lib/x86_64-linux-gnu/libz.so.1.2.11
7f0847e66000-7f0847e8b000 r--p 00000000 08:08 1187816                    /usr/lib/x86_64-linux-gnu/libc-2.31.so
7f0847e8b000-7f0848003000 r-xp 00025000 08:08 1187816                    /usr/lib/x86_64-linux-gnu/libc-2.31.so
7f0848003000-7f084804d000 r--p 0019d000 08:08 1187816                    /usr/lib/x86_64-linux-gnu/libc-2.31.so
7f084804d000-7f084804e000 ---p 001e7000 08:08 1187816                    /usr/lib/x86_64-linux-gnu/libc-2.31.so
7f084804e000-7f0848051000 r--p 001e7000 08:08 1187816                    /usr/lib/x86_64-linux-gnu/libc-2.31.so
7f0848051000-7f0848054000 rw-p 001ea000 08:08 1187816                    /usr/lib/x86_64-linux-gnu/libc-2.31.so
7f0848054000-7f0848058000 rw-p 00000000 00:00 0 
7f0848058000-7f084805d000 r--p 00000000 08:08 1191954                    /usr/lib/jvm/java-11-openjdk-amd64/lib/libverify.so
7f084805d000-7f0848064000 r-xp 00005000 08:08 1191954                    /usr/lib/jvm/java-11-openjdk-amd64/lib/libverify.so
7f0848064000-7f0848066000 r--p 0000c000 08:08 1191954                    /usr/lib/jvm/java-11-openjdk-amd64/lib/libverify.so
7f0848066000-7f0848067000 ---p 0000e000 08:08 1191954                    /usr/lib/jvm/java-11-openjdk-amd64/lib/libverify.so
7f0848067000-7f0848069000 r--p 0000e000 08:08 1191954                    /usr/lib/jvm/java-11-openjdk-amd64/lib/libverify.so
7f0848069000-7f084806a000 rw-p 00010000 08:08 1191954                    /usr/lib/jvm/java-11-openjdk-amd64/lib/libverify.so
7f084806a000-7f084806d000 r--p 00000000 08:08 1191918                    /usr/lib/jvm/java-11-openjdk-amd64/lib/jli/libjli.so
7f084806d000-7f0848077000 r-xp 00003000 08:08 1191918                    /usr/lib/jvm/java-11-openjdk-amd64/lib/jli/libjli.so
7f0848077000-7f084807a000 r--p 0000d000 08:08 1191918                    /usr/lib/jvm/java-11-openjdk-amd64/lib/jli/libjli.so
7f084807a000-7f084807b000 ---p 00010000 08:08 1191918                    /usr/lib/jvm/java-11-openjdk-amd64/lib/jli/libjli.so
7f084807b000-7f084807c000 r--p 00010000 08:08 1191918                    /usr/lib/jvm/java-11-openjdk-amd64/lib/jli/libjli.so
7f084807c000-7f084807d000 rw-p 00011000 08:08 1191918                    /usr/lib/jvm/java-11-openjdk-amd64/lib/jli/libjli.so
7f084807d000-7f084807f000 rw-p 00000000 00:00 0 
7f084807f000-7f0848080000 r--p 00000000 08:08 1187603                    /usr/lib/x86_64-linux-gnu/ld-2.31.so
7f0848080000-7f08480a3000 r-xp 00001000 08:08 1187603                    /usr/lib/x86_64-linux-gnu/ld-2.31.so
7f08480a3000-7f08480ab000 r--p 00024000 08:08 1187603                    /usr/lib/x86_64-linux-gnu/ld-2.31.so
7f08480ab000-7f08480ac000 r--s 00000000 00:34 98                         /run/user/1000/snap.netbeans/dconf/user
7f08480ac000-7f08480ad000 r--p 0002c000 08:08 1187603                    /usr/lib/x86_64-linux-gnu/ld-2.31.so
7f08480ad000-7f08480ae000 rw-p 0002d000 08:08 1187603                    /usr/lib/x86_64-linux-gnu/ld-2.31.so
7f08480ae000-7f08480af000 rw-p 00000000 00:00 0 
7fff763c7000-7fff763e8000 rw-p 00000000 00:00 0                          [stack]
7fff763f3000-7fff763f6000 r--p 00000000 00:00 0                          [vvar]
7fff763f6000-7fff763f7000 r-xp 00000000 00:00 0                          [vdso]
ffffffffff600000-ffffffffff601000 --xp 00000000 00:00 0                  [vsyscall]


VM Arguments:
java_command: gc.tiendaipc2.Main
java_class_path (initial): /home/james/NetBeansProjects/proyecto1/tiendaIPC2/target/classes:/home/james/.m2/repository/mysql/mysql-connector-java/8.0.21/mysql-connector-java-8.0.21.jar:/home/james/.m2/repository/com/google/protobuf/protobuf-java/3.11.4/protobuf-java-3.11.4.jar
Launcher Type: SUN_STANDARD

[Global flags]
     intx CICompilerCount                          = 3                                         {product} {ergonomic}
     uint ConcGCThreads                            = 1                                         {product} {ergonomic}
     uint G1ConcRefinementThreads                  = 4                                         {product} {ergonomic}
   size_t G1HeapRegionSize                         = 1048576                                   {product} {ergonomic}
    uintx GCDrainStackTargetSize                   = 64                                        {product} {ergonomic}
   size_t InitialHeapSize                          = 195035136                                 {product} {ergonomic}
   size_t MarkStackSize                            = 4194304                                   {product} {ergonomic}
   size_t MaxHeapSize                              = 3112173568                                {product} {ergonomic}
   size_t MaxNewSize                               = 1866465280                                {product} {ergonomic}
   size_t MinHeapDeltaBytes                        = 1048576                                   {product} {ergonomic}
    uintx NonNMethodCodeHeapSize                   = 5830732                                {pd product} {ergonomic}
    uintx NonProfiledCodeHeapSize                  = 122913754                              {pd product} {ergonomic}
    uintx ProfiledCodeHeapSize                     = 122913754                              {pd product} {ergonomic}
    uintx ReservedCodeCacheSize                    = 251658240                              {pd product} {ergonomic}
     bool SegmentedCodeCache                       = true                                      {product} {ergonomic}
     bool UseCompressedClassPointers               = true                                 {lp64_product} {ergonomic}
     bool UseCompressedOops                        = true                                 {lp64_product} {ergonomic}
     bool UseG1GC                                  = true                                      {product} {ergonomic}

Logging:
Log output configuration:
 #0: stdout all=warning uptime,level,tags
 #1: stderr all=off uptime,level,tags

Environment Variables:
JAVA_HOME=/usr/lib/jvm/java-11-openjdk-amd64
PATH=/usr/local/sbin:/usr/local/bin:/usr/sbin:/usr/bin:/sbin:/bin:/usr/games:/usr/local/games:/snap/bin
USERNAME=james
SHELL=/bin/bash
DISPLAY=:0
LANG=es_US.UTF-8

Signal Handlers:
SIGSEGV: [libjvm.so+0xd8e010], sa_mask[0]=11111111011111111101111111111110, sa_flags=SA_RESTART|SA_SIGINFO
SIGBUS: [libjvm.so+0xd8e010], sa_mask[0]=11111111011111111101111111111110, sa_flags=SA_RESTART|SA_SIGINFO
SIGFPE: [libjvm.so+0xd8e010], sa_mask[0]=11111111011111111101111111111110, sa_flags=SA_RESTART|SA_SIGINFO
SIGPIPE: SIG_IGN, sa_mask[0]=00000000000010000000000000000000, sa_flags=SA_RESTART
SIGXFSZ: [libjvm.so+0xb86b30], sa_mask[0]=11111111011111111101111111111110, sa_flags=SA_RESTART|SA_SIGINFO
SIGILL: [libjvm.so+0xd8e010], sa_mask[0]=11111111011111111101111111111110, sa_flags=SA_RESTART|SA_SIGINFO
SIGUSR2: [libjvm.so+0xb869d0], sa_mask[0]=00100000000000000000000000000000, sa_flags=SA_RESTART|SA_SIGINFO
SIGHUP: [libjvm.so+0xb86e70], sa_mask[0]=11111111011111111101111111111110, sa_flags=SA_RESTART|SA_SIGINFO
SIGINT: SIG_IGN, sa_mask[0]=00000000000000000000000000000000, sa_flags=none
SIGTERM: [libjvm.so+0xb86e70], sa_mask[0]=11111111011111111101111111111110, sa_flags=SA_RESTART|SA_SIGINFO
SIGQUIT: [libjvm.so+0xb86e70], sa_mask[0]=11111111011111111101111111111110, sa_flags=SA_RESTART|SA_SIGINFO


---------------  S Y S T E M  ---------------

OS:DISTRIB_ID=Ubuntu
DISTRIB_RELEASE=20.04
DISTRIB_CODENAME=focal
DISTRIB_DESCRIPTION="Ubuntu 20.04.1 LTS"
uname:Linux 5.4.0-42-generic #46-Ubuntu SMP Fri Jul 10 00:24:02 UTC 2020 x86_64
OS uptime: 2 days 5:59 hours
libc:glibc 2.31 NPTL 2.31 
rlimit (soft/hard): STACK 8192k/infinity , CORE 0k/infinity , NPROC 47249/47249 , NOFILE 1048576/1048576 , AS infinity/infinity , CPU infinity/infinity , DATA infinity/infinity , FSIZE infinity/infinity , MEMLOCK 65536k/65536k
load average:2.53 1.96 1.66

/proc/meminfo:
MemTotal:       12152128 kB
MemFree:          439320 kB
MemAvailable:    5078212 kB
Buffers:         1264860 kB
Cached:          3782972 kB
SwapCached:            8 kB
Active:          8657776 kB
Inactive:        2397680 kB
Active(anon):    6074504 kB
Inactive(anon):   290536 kB
Active(file):    2583272 kB
Inactive(file):  2107144 kB
Unevictable:      124268 kB
Mlocked:              56 kB
SwapTotal:      21999612 kB
SwapFree:       21999600 kB
Dirty:              1260 kB
Writeback:             0 kB
AnonPages:       6132016 kB
Mapped:           808388 kB
Shmem:            357424 kB
KReclaimable:     273428 kB
Slab:             407996 kB
SReclaimable:     273428 kB
SUnreclaim:       134568 kB
KernelStack:       17888 kB
PageTables:        44944 kB
NFS_Unstable:          0 kB
Bounce:                0 kB
WritebackTmp:          0 kB
CommitLimit:    28075676 kB
Committed_AS:   13279052 kB
VmallocTotal:   34359738367 kB
VmallocUsed:       38800 kB
VmallocChunk:          0 kB
Percpu:             3888 kB
HardwareCorrupted:     0 kB
AnonHugePages:         0 kB
ShmemHugePages:        0 kB
ShmemPmdMapped:        0 kB
FileHugePages:         0 kB
FilePmdMapped:         0 kB
CmaTotal:              0 kB
CmaFree:               0 kB
HugePages_Total:       0
HugePages_Free:        0
HugePages_Rsvd:        0
HugePages_Surp:        0
Hugepagesize:       2048 kB
Hugetlb:               0 kB
DirectMap4k:      319092 kB
DirectMap2M:    12146688 kB
DirectMap1G:           0 kB

/sys/kernel/mm/transparent_hugepage/enabled:
always [madvise] never

/sys/kernel/mm/transparent_hugepage/defrag (defrag/compaction efforts parameter):
always defer defer+madvise [madvise] never


/proc/sys/kernel/threads-max (system-wide limit on the number of threads):
94498


/proc/sys/vm/max_map_count (maximum number of memory map areas a process may have):
65530


/proc/sys/kernel/pid_max (system-wide limit on number of process identifiers):
4194304



container (cgroup) information:
container_type: cgroupv1
cpu_cpuset_cpus: 0-3
cpu_memory_nodes: 0
active_processor_count: 4
cpu_quota: -1
cpu_period: 100000
cpu_shares: -1
memory_limit_in_bytes: -1
memory_and_swap_limit_in_bytes: -2
memory_soft_limit_in_bytes: -1
memory_usage_in_bytes: 8863391744
memory_max_usage_in_bytes: 9477156864

Steal ticks since vm start: 0
Steal ticks percentage since vm start:  0.000

CPU:total 4 (initial active 4) (2 cores per cpu, 2 threads per core) family 6 model 142 stepping 9, cmov, cx8, fxsr, mmx, sse, sse2, sse3, ssse3, sse4.1, sse4.2, popcnt, avx, avx2, aes, clmul, erms, 3dnowpref, lzcnt, ht, tsc, tscinvbit, bmi1, bmi2, adx, fma
CPU Model and flags from /proc/cpuinfo:
model name	: Intel(R) Core(TM) i5-7200U CPU @ 2.50GHz
flags		: fpu vme de pse tsc msr pae mce cx8 apic sep mtrr pge mca cmov pat pse36 clflush dts acpi mmx fxsr sse sse2 ss ht tm pbe syscall nx pdpe1gb rdtscp lm constant_tsc art arch_perfmon pebs bts rep_good nopl xtopology nonstop_tsc cpuid aperfmperf pni pclmulqdq dtes64 monitor ds_cpl vmx est tm2 ssse3 sdbg fma cx16 xtpr pdcm pcid sse4_1 sse4_2 x2apic movbe popcnt tsc_deadline_timer aes xsave avx f16c rdrand lahf_lm abm 3dnowprefetch cpuid_fault epb invpcid_single pti ssbd ibrs ibpb stibp tpr_shadow vnmi flexpriority ept vpid ept_ad fsgsbase tsc_adjust bmi1 avx2 smep bmi2 erms invpcid mpx rdseed adx smap clflushopt intel_pt xsaveopt xsavec xgetbv1 xsaves dtherm ida arat pln pts hwp hwp_notify hwp_act_window hwp_epp md_clear flush_l1d

Memory: 4k page, physical 12152128k(439320k free), swap 21999612k(21999600k free)

vm_info: OpenJDK 64-Bit Server VM (11.0.8+10-post-Ubuntu-0ubuntu120.04) for linux-amd64 JRE (11.0.8+10-post-Ubuntu-0ubuntu120.04), built on Jul 15 2020 20:45:24 by "unknown" with gcc 9.3.0

END.
