#
# A fatal error has been detected by the Java Runtime Environment:
#
#  SIGSEGV (0xb) at pc=0x00007f7d9c047325, pid=60841, tid=60859
#
# JRE version: OpenJDK Runtime Environment (11.0.8+10) (build 11.0.8+10-post-Ubuntu-0ubuntu120.04)
# Java VM: OpenJDK 64-Bit Server VM (11.0.8+10-post-Ubuntu-0ubuntu120.04, mixed mode, sharing, tiered, compressed oops, g1 gc, linux-amd64)
# Problematic frame:
# V  [libjvm.so+0x7f7325]
#
# Core dump will be written. Default location: Core dumps may be processed with "/usr/share/apport/apport %p %s %c %d %P %E" (or dumping to /home/james/NetBeansProjects/proyecto1/tiendaIPC2/core.60841)
#
# If you would like to submit a bug report, please visit:
#   https://bugs.launchpad.net/ubuntu/+source/openjdk-lts
#

---------------  S U M M A R Y ------------

Command Line: -Dclassworlds.conf=/snap/netbeans/30/netbeans/java/maven/bin/m2.conf -Dmaven.home=/snap/netbeans/30/netbeans/java/maven -Dlibrary.jansi.path=/snap/netbeans/30/netbeans/java/maven/lib/jansi-native -Dmaven.multiModuleProjectDirectory=/home/james/NetBeansProjects/proyecto1/tiendaIPC2 org.codehaus.plexus.classworlds.launcher.Launcher -Dexec.args=-classpath %classpath gc.tiendaipc2.Main -Dexec.executable=/usr/lib/jvm/java-11-openjdk-amd64/bin/java -Dmaven.ext.class.path=/snap/netbeans/30/netbeans/java/maven-nblib/netbeans-eventspy.jar process-classes org.codehaus.mojo:exec-maven-plugin:1.5.0:exec

Host: Intel(R) Core(TM) i5-7200U CPU @ 2.50GHz, 4 cores, 11G, Ubuntu 20.04.1 LTS
Time: Mon Aug 24 12:54:30 2020 EDT elapsed time: 4 seconds (0d 0h 0m 4s)

---------------  T H R E A D  ---------------

Current thread (0x00007f7d94016000):  JavaThread "main" [_thread_in_vm, id=60859, stack(0x00007f7d9b404000,0x00007f7d9b505000)]

Stack: [0x00007f7d9b404000,0x00007f7d9b505000],  sp=0x00007f7d9b5021a0,  free space=1016k
Native frames: (J=compiled Java code, A=aot compiled Java code, j=interpreted, Vv=VM code, C=native code)
V  [libjvm.so+0x7f7325]
V  [libjvm.so+0x7f76f0]
V  [libjvm.so+0xa0f0f0]
V  [libjvm.so+0xa110b2]
V  [libjvm.so+0xa12f2d]
V  [libjvm.so+0xa130d6]
V  [libjvm.so+0xa15ae6]
V  [libjvm.so+0x81dca3]
V  [libjvm.so+0x81e311]
j  org.apache.maven.shared.incremental.IncrementalBuildHelper.afterRebuildExecution(Lorg/apache/maven/shared/incremental/IncrementalBuildHelperRequest;)V+43
j  org.apache.maven.plugin.compiler.AbstractCompilerMojo.execute()V+2086
j  org.apache.maven.plugin.compiler.CompilerMojo.execute()V+20
j  org.apache.maven.plugin.DefaultBuildPluginManager.executeMojo(Lorg/apache/maven/execution/MavenSession;Lorg/apache/maven/plugin/MojoExecution;)V+152
j  org.apache.maven.lifecycle.internal.MojoExecutor.execute(Lorg/apache/maven/execution/MavenSession;Lorg/apache/maven/plugin/MojoExecution;Lorg/apache/maven/lifecycle/internal/ProjectIndex;Lorg/apache/maven/lifecycle/internal/DependencyContext;)V+215
j  org.apache.maven.lifecycle.internal.MojoExecutor.execute(Lorg/apache/maven/execution/MavenSession;Lorg/apache/maven/plugin/MojoExecution;Lorg/apache/maven/lifecycle/internal/ProjectIndex;Lorg/apache/maven/lifecycle/internal/DependencyContext;Lorg/apache/maven/lifecycle/internal/PhaseRecorder;)V+6
j  org.apache.maven.lifecycle.internal.MojoExecutor.execute(Lorg/apache/maven/execution/MavenSession;Ljava/util/List;Lorg/apache/maven/lifecycle/internal/ProjectIndex;)V+60
j  org.apache.maven.lifecycle.internal.LifecycleModuleBuilder.buildProject(Lorg/apache/maven/execution/MavenSession;Lorg/apache/maven/execution/MavenSession;Lorg/apache/maven/lifecycle/internal/ReactorContext;Lorg/apache/maven/project/MavenProject;Lorg/apache/maven/lifecycle/internal/TaskSegment;)V+179
j  org.apache.maven.lifecycle.internal.LifecycleModuleBuilder.buildProject(Lorg/apache/maven/execution/MavenSession;Lorg/apache/maven/lifecycle/internal/ReactorContext;Lorg/apache/maven/project/MavenProject;Lorg/apache/maven/lifecycle/internal/TaskSegment;)V+7
j  org.apache.maven.lifecycle.internal.builder.singlethreaded.SingleThreadedBuilder.build(Lorg/apache/maven/execution/MavenSession;Lorg/apache/maven/lifecycle/internal/ReactorContext;Lorg/apache/maven/lifecycle/internal/ProjectBuildList;Ljava/util/List;Lorg/apache/maven/lifecycle/internal/ReactorBuildStatus;)V+77
j  org.apache.maven.lifecycle.internal.LifecycleStarter.execute(Lorg/apache/maven/execution/MavenSession;)V+348
j  org.apache.maven.DefaultMaven.doExecute(Lorg/apache/maven/execution/MavenExecutionRequest;Lorg/apache/maven/execution/MavenSession;Lorg/apache/maven/execution/MavenExecutionResult;Lorg/eclipse/aether/DefaultRepositorySystemSession;)Lorg/apache/maven/execution/MavenExecutionResult;+425
j  org.apache.maven.DefaultMaven.doExecute(Lorg/apache/maven/execution/MavenExecutionRequest;)Lorg/apache/maven/execution/MavenExecutionResult;+98
j  org.apache.maven.DefaultMaven.execute(Lorg/apache/maven/execution/MavenExecutionRequest;)Lorg/apache/maven/execution/MavenExecutionResult;+2
j  org.apache.maven.cli.MavenCli.execute(Lorg/apache/maven/cli/CliRequest;)I+27
j  org.apache.maven.cli.MavenCli.doMain(Lorg/apache/maven/cli/CliRequest;)I+66
j  org.apache.maven.cli.MavenCli.main([Ljava/lang/String;Lorg/codehaus/plexus/classworlds/ClassWorld;)I+24
v  ~StubRoutines::call_stub
V  [libjvm.so+0x824499]
V  [libjvm.so+0xc267d1]
V  [libjvm.so+0xc270e4]
V  [libjvm.so+0x8d6de0]  JVM_InvokeMethod+0x140
j  jdk.internal.reflect.NativeMethodAccessorImpl.invoke0(Ljava/lang/reflect/Method;Ljava/lang/Object;[Ljava/lang/Object;)Ljava/lang/Object;+0 java.base@11.0.8
j  jdk.internal.reflect.NativeMethodAccessorImpl.invoke(Ljava/lang/Object;[Ljava/lang/Object;)Ljava/lang/Object;+100 java.base@11.0.8
j  jdk.internal.reflect.DelegatingMethodAccessorImpl.invoke(Ljava/lang/Object;[Ljava/lang/Object;)Ljava/lang/Object;+6 java.base@11.0.8
j  java.lang.reflect.Method.invoke(Ljava/lang/Object;[Ljava/lang/Object;)Ljava/lang/Object;+59 java.base@11.0.8
j  org.codehaus.plexus.classworlds.launcher.Launcher.launchEnhanced([Ljava/lang/String;)V+45
j  org.codehaus.plexus.classworlds.launcher.Launcher.launch([Ljava/lang/String;)V+2
j  org.codehaus.plexus.classworlds.launcher.Launcher.mainWithExitCode([Ljava/lang/String;)I+101
j  org.codehaus.plexus.classworlds.launcher.Launcher.main([Ljava/lang/String;)V+1
v  ~StubRoutines::call_stub
V  [libjvm.so+0x824499]
V  [libjvm.so+0x89c7b6]
V  [libjvm.so+0x89f170]
C  [libjli.so+0x5a6a]
C  [libjli.so+0x9ce1]

Java frames: (J=compiled Java code, j=interpreted, Vv=VM code)
j  org.apache.maven.shared.incremental.IncrementalBuildHelper.afterRebuildExecution(Lorg/apache/maven/shared/incremental/IncrementalBuildHelperRequest;)V+43
j  org.apache.maven.plugin.compiler.AbstractCompilerMojo.execute()V+2086
j  org.apache.maven.plugin.compiler.CompilerMojo.execute()V+20
j  org.apache.maven.plugin.DefaultBuildPluginManager.executeMojo(Lorg/apache/maven/execution/MavenSession;Lorg/apache/maven/plugin/MojoExecution;)V+152
j  org.apache.maven.lifecycle.internal.MojoExecutor.execute(Lorg/apache/maven/execution/MavenSession;Lorg/apache/maven/plugin/MojoExecution;Lorg/apache/maven/lifecycle/internal/ProjectIndex;Lorg/apache/maven/lifecycle/internal/DependencyContext;)V+215
j  org.apache.maven.lifecycle.internal.MojoExecutor.execute(Lorg/apache/maven/execution/MavenSession;Lorg/apache/maven/plugin/MojoExecution;Lorg/apache/maven/lifecycle/internal/ProjectIndex;Lorg/apache/maven/lifecycle/internal/DependencyContext;Lorg/apache/maven/lifecycle/internal/PhaseRecorder;)V+6
j  org.apache.maven.lifecycle.internal.MojoExecutor.execute(Lorg/apache/maven/execution/MavenSession;Ljava/util/List;Lorg/apache/maven/lifecycle/internal/ProjectIndex;)V+60
j  org.apache.maven.lifecycle.internal.LifecycleModuleBuilder.buildProject(Lorg/apache/maven/execution/MavenSession;Lorg/apache/maven/execution/MavenSession;Lorg/apache/maven/lifecycle/internal/ReactorContext;Lorg/apache/maven/project/MavenProject;Lorg/apache/maven/lifecycle/internal/TaskSegment;)V+179
j  org.apache.maven.lifecycle.internal.LifecycleModuleBuilder.buildProject(Lorg/apache/maven/execution/MavenSession;Lorg/apache/maven/lifecycle/internal/ReactorContext;Lorg/apache/maven/project/MavenProject;Lorg/apache/maven/lifecycle/internal/TaskSegment;)V+7
j  org.apache.maven.lifecycle.internal.builder.singlethreaded.SingleThreadedBuilder.build(Lorg/apache/maven/execution/MavenSession;Lorg/apache/maven/lifecycle/internal/ReactorContext;Lorg/apache/maven/lifecycle/internal/ProjectBuildList;Ljava/util/List;Lorg/apache/maven/lifecycle/internal/ReactorBuildStatus;)V+77
j  org.apache.maven.lifecycle.internal.LifecycleStarter.execute(Lorg/apache/maven/execution/MavenSession;)V+348
j  org.apache.maven.DefaultMaven.doExecute(Lorg/apache/maven/execution/MavenExecutionRequest;Lorg/apache/maven/execution/MavenSession;Lorg/apache/maven/execution/MavenExecutionResult;Lorg/eclipse/aether/DefaultRepositorySystemSession;)Lorg/apache/maven/execution/MavenExecutionResult;+425
j  org.apache.maven.DefaultMaven.doExecute(Lorg/apache/maven/execution/MavenExecutionRequest;)Lorg/apache/maven/execution/MavenExecutionResult;+98
j  org.apache.maven.DefaultMaven.execute(Lorg/apache/maven/execution/MavenExecutionRequest;)Lorg/apache/maven/execution/MavenExecutionResult;+2
j  org.apache.maven.cli.MavenCli.execute(Lorg/apache/maven/cli/CliRequest;)I+27
j  org.apache.maven.cli.MavenCli.doMain(Lorg/apache/maven/cli/CliRequest;)I+66
j  org.apache.maven.cli.MavenCli.main([Ljava/lang/String;Lorg/codehaus/plexus/classworlds/ClassWorld;)I+24
v  ~StubRoutines::call_stub
j  jdk.internal.reflect.NativeMethodAccessorImpl.invoke0(Ljava/lang/reflect/Method;Ljava/lang/Object;[Ljava/lang/Object;)Ljava/lang/Object;+0 java.base@11.0.8
j  jdk.internal.reflect.NativeMethodAccessorImpl.invoke(Ljava/lang/Object;[Ljava/lang/Object;)Ljava/lang/Object;+100 java.base@11.0.8
j  jdk.internal.reflect.DelegatingMethodAccessorImpl.invoke(Ljava/lang/Object;[Ljava/lang/Object;)Ljava/lang/Object;+6 java.base@11.0.8
j  java.lang.reflect.Method.invoke(Ljava/lang/Object;[Ljava/lang/Object;)Ljava/lang/Object;+59 java.base@11.0.8
j  org.codehaus.plexus.classworlds.launcher.Launcher.launchEnhanced([Ljava/lang/String;)V+45
j  org.codehaus.plexus.classworlds.launcher.Launcher.launch([Ljava/lang/String;)V+2
j  org.codehaus.plexus.classworlds.launcher.Launcher.mainWithExitCode([Ljava/lang/String;)I+101
j  org.codehaus.plexus.classworlds.launcher.Launcher.main([Ljava/lang/String;)V+1
v  ~StubRoutines::call_stub

siginfo: si_signo: 11 (SIGSEGV), si_code: 128 (SI_KERNEL), si_addr: 0x0000000000000000

Register to memory mapping:

RAX=0x0000000000000021 is an unknown value
RBX=0x00417f7d53003f88 is an unknown value
RCX=0x0000000000000001 is an unknown value
RDX=0x00007f7d94bed860 points into unknown readable memory: 24 00 02 00 72 8f 28 4c
RSP=0x00007f7d9b5021a0 is pointing into the stack for thread: 0x00007f7d94016000
RBP=0x00007f7d9b5021c0 is pointing into the stack for thread: 0x00007f7d94016000
RSI=0x00007f7d94bee9a0 points into unknown readable memory: 0e 00 02 00 6c 54 66 69
RDI=0x00007f7d53005c58 is pointing into metadata
R8 =0x0 is NULL
R9 =0x00007f7d53008f68 is pointing into metadata
R10=0x0000000000000043 is an unknown value
R11=0x0 is NULL
R12={method} {0x00007f7d53009038} 
[error occurred during error reporting (printing register info), id 0xb, SIGSEGV (0xb) at pc=0x00007f7d9c36994b]

Registers:
RAX=0x0000000000000021, RBX=0x00417f7d53003f88, RCX=0x0000000000000001, RDX=0x00007f7d94bed860
RSP=0x00007f7d9b5021a0, RBP=0x00007f7d9b5021c0, RSI=0x00007f7d94bee9a0, RDI=0x00007f7d53005c58
R8 =0x0000000000000000, R9 =0x00007f7d53008f68, R10=0x0000000000000043, R11=0x0000000000000000
R12=0x00007f7d53009038, R13=0x000000000000021f, R14=0x0000000000000044, R15=0x00007f7d94bed860
RIP=0x00007f7d9c047325, EFLAGS=0x0000000000010207, CSGSFS=0x002b000000000033, ERR=0x0000000000000000
  TRAPNO=0x000000000000000d

Top of Stack: (sp=0x00007f7d9b5021a0)
0x00007f7d9b5021a0:   0000000000000000 00000008401dbaa8
0x00007f7d9b5021b0:   00000008401dbaa8 00007f7d94bee9a0
0x00007f7d9b5021c0:   00007f7d9b5021e0 00007f7d9c0476f0
0x00007f7d9b5021d0:   0000000000000000 0000000000000001 

Instructions: (pc=0x00007f7d9c047325)
0x00007f7d9c047225:   78 48 85 c0 74 45 48 39 c7 74 2e 48 8b b0 b0 01
0x00007f7d9c047235:   00 00 44 8b 06 45 85 c0 7e 31 41 83 e8 01 48 8d
0x00007f7d9c047245:   46 08 4a 8d 74 c6 10 eb 0b 66 90 48 83 c0 08 48
0x00007f7d9c047255:   39 c6 74 17 48 3b 38 75 f2 83 c3 01 39 cb 7c ab
0x00007f7d9c047265:   48 83 c4 08 5b 41 5c 41 5d 5d c3 4c 89 ee 83 c3
0x00007f7d9c047275:   01 e8 d5 fe ff ff 49 8b 94 24 a8 01 00 00 8b 0a
0x00007f7d9c047285:   39 cb 0f 8c 83 ff ff ff eb d6 90 41 f6 84 24 a5
0x00007f7d9c047295:   00 00 00 02 0f 84 61 ff ff ff 4c 89 e7 e8 a9 8b
0x00007f7d9c0472a5:   1e 00 49 63 94 24 34 01 00 00 49 89 c0 49 63 84
0x00007f7d9c0472b5:   24 c4 00 00 00 48 01 d0 41 8b 94 24 30 01 00 00
0x00007f7d9c0472c5:   48 01 d0 49 8d 04 c0 48 85 c0 0f 84 2b ff ff ff
0x00007f7d9c0472d5:   4c 89 28 e9 23 ff ff ff 90 66 90 55 48 89 e5 41
0x00007f7d9c0472e5:   56 44 8b 37 41 55 45 89 f2 41 54 53 41 83 ea 01
0x00007f7d9c0472f5:   78 40 45 31 db eb 0d 0f 1f 40 00 44 8d 58 01 45
0x00007f7d9c047305:   39 d3 7f 2e 43 8d 04 13 d1 f8 4c 63 c8 4e 8b 64
0x00007f7d9c047315:   cf 08 4d 8b 4c 24 08 49 8b 59 08 45 0f b7 69 2a
0x00007f7d9c047325:   4a 39 74 eb 40 72 d4 74 22 44 8d 50 ff 45 39 d3
0x00007f7d9c047335:   7e d2 41 b9 ff ff ff ff 5b 44 89 c8 41 5c 41 5d
0x00007f7d9c047345:   41 5e 5d c3 0f 1f 80 00 00 00 00 45 0f b7 51 2c
0x00007f7d9c047355:   4a 3b 54 d3 40 0f 84 b8 01 00 00 44 8d 48 ff 85
0x00007f7d9c047365:   c0 0f 84 29 03 00 00 41 83 f8 01 0f 84 ea 00 00
0x00007f7d9c047375:   00 83 f9 01 49 63 c9 0f 84 ab 00 00 00 eb 19 0f
0x00007f7d9c047385:   1f 40 00 45 0f b7 40 2c 4b 3b 54 c2 40 74 a9 48
0x00007f7d9c047395:   83 e9 01 83 f9 ff 74 1c 4c 8b 44 cf 08 41 89 c9
0x00007f7d9c0473a5:   4d 8b 40 08 4d 8b 50 08 45 0f b7 58 2a 4b 3b 74
0x00007f7d9c0473b5:   da 40 74 cf 83 c0 01 44 39 f0 0f 8d 72 ff ff ff
0x00007f7d9c0473c5:   48 98 eb 23 0f 1f 80 00 00 00 00 0f b7 49 2c 49
0x00007f7d9c0473d5:   3b 54 c8 40 0f 84 5e ff ff ff 48 83 c0 01 41 39
0x00007f7d9c0473e5:   c6 0f 8e 4b ff ff ff 48 8b 4c c7 08 41 89 c1 48
0x00007f7d9c0473f5:   8b 49 08 4c 8b 41 08 44 0f b7 51 2a 4b 3b 74 d0
0x00007f7d9c047405:   40 74 c8 e9 2a ff ff ff 0f 1f 00 41 f6 40 24 40
0x00007f7d9c047415:   0f 84 22 ff ff ff 0f 1f 44 00 00 48 83 e9 01 83 


Stack slot to memory mapping:
stack at sp + 0 slots: 0x0 is NULL
stack at sp + 1 slots: 0x00000008401dbaa8 is a pointer to class: 
org.apache.maven.shared.utils.io.FileUtils {0x00000008401dbaa8}
stack at sp + 2 slots: 0x00000008401dbaa8 is a pointer to class: 
org.apache.maven.shared.utils.io.FileUtils {0x00000008401dbaa8}
stack at sp + 3 slots: 0x00007f7d94bee9a0 points into unknown readable memory: 0e 00 02 00 6c 54 66 69
stack at sp + 4 slots: 0x00007f7d9b5021e0 is pointing into the stack for thread: 0x00007f7d94016000
stack at sp + 5 slots: 0x00007f7d9c0476f0: <offset 0x00000000007f76f0> in /usr/lib/jvm/java-11-openjdk-amd64/lib/server/libjvm.so at 0x00007f7d9b850000
stack at sp + 6 slots: 0x0 is NULL
stack at sp + 7 slots: 0x0000000000000001 is an unknown value


---------------  P R O C E S S  ---------------

Threads class SMR info:
_java_thread_list=0x00007f7d48399ea0, length=10, elements={
0x00007f7d94016000, 0x00007f7d94162800, 0x00007f7d94164800, 0x00007f7d9416a000,
0x00007f7d9416c000, 0x00007f7d9416e800, 0x00007f7d94170800, 0x00007f7d941a7800,
0x00007f7d941ac800, 0x00007f7d48398800
}

Java Threads: ( => current thread )
=>0x00007f7d94016000 JavaThread "main" [_thread_in_vm, id=60859, stack(0x00007f7d9b404000,0x00007f7d9b505000)]
  0x00007f7d94162800 JavaThread "Reference Handler" daemon [_thread_blocked, id=60866, stack(0x00007f7d98796000,0x00007f7d98897000)]
  0x00007f7d94164800 JavaThread "Finalizer" daemon [_thread_blocked, id=60867, stack(0x00007f7d98695000,0x00007f7d98796000)]
  0x00007f7d9416a000 JavaThread "Signal Dispatcher" daemon [_thread_blocked, id=60868, stack(0x00007f7d98594000,0x00007f7d98695000)]
  0x00007f7d9416c000 JavaThread "C2 CompilerThread0" daemon [_thread_in_native, id=60869, stack(0x00007f7d98493000,0x00007f7d98594000)]
  0x00007f7d9416e800 JavaThread "C1 CompilerThread0" daemon [_thread_blocked, id=60870, stack(0x00007f7d98392000,0x00007f7d98493000)]
  0x00007f7d94170800 JavaThread "Sweeper thread" daemon [_thread_blocked, id=60871, stack(0x00007f7d98291000,0x00007f7d98392000)]
  0x00007f7d941a7800 JavaThread "Service Thread" daemon [_thread_blocked, id=60872, stack(0x00007f7d98190000,0x00007f7d98291000)]
  0x00007f7d941ac800 JavaThread "Common-Cleaner" daemon [_thread_blocked, id=60874, stack(0x00007f7d7c801000,0x00007f7d7c902000)]
  0x00007f7d48398800 JavaThread "C2 CompilerThread1" daemon [_thread_in_native, id=60903, stack(0x00007f7d7c1f7000,0x00007f7d7c2f8000)]

Other Threads:
  0x00007f7d9415f800 VMThread "VM Thread" [stack: 0x00007f7d98899000,0x00007f7d98999000] [id=60865]
  0x00007f7d941aa000 WatcherThread [stack: 0x00007f7d98090000,0x00007f7d98190000] [id=60873]
  0x00007f7d9402d800 GCTaskThread "GC Thread#0" [stack: 0x00007f7d9b0b8000,0x00007f7d9b1b8000] [id=60860]
  0x00007f7d60001000 GCTaskThread "GC Thread#1" [stack: 0x00007f7d7c4fe000,0x00007f7d7c5fe000] [id=60900]
  0x00007f7d60002800 GCTaskThread "GC Thread#2" [stack: 0x00007f7d7c3fc000,0x00007f7d7c4fc000] [id=60901]
  0x00007f7d60004000 GCTaskThread "GC Thread#3" [stack: 0x00007f7d7c2fa000,0x00007f7d7c3fa000] [id=60902]
  0x00007f7d94075000 ConcurrentGCThread "G1 Main Marker" [stack: 0x00007f7d999eb000,0x00007f7d99aeb000] [id=60861]
  0x00007f7d94076800 ConcurrentGCThread "G1 Conc#0" [stack: 0x00007f7d998e9000,0x00007f7d999e9000] [id=60862]
  0x00007f7d94127800 ConcurrentGCThread "G1 Refine#0" [stack: 0x00007f7d993e3000,0x00007f7d994e3000] [id=60863]
  0x00007f7d68001800 ConcurrentGCThread "G1 Refine#1" [stack: 0x00007f7d7c0f7000,0x00007f7d7c1f7000] [id=60904]
  0x00007f7d94129800 ConcurrentGCThread "G1 Young RemSet Sampling" [stack: 0x00007f7d992e1000,0x00007f7d993e1000] [id=60864]

Threads with active compile tasks:
C2 CompilerThread0   4501 5300       4       com.sun.tools.javac.code.Types::capture (556 bytes)
C2 CompilerThread1   4501 5486       4       com.sun.tools.javac.comp.Check::checkType (168 bytes)

VM state:not at safepoint (normal execution)

VM Mutex/Monitor currently owned by a thread: None

Heap address: 0x0000000746800000, size: 2968 MB, Compressed Oops mode: Zero based, Oop shift amount: 3
Narrow klass base: 0x0000000800000000, Narrow klass shift: 3
Compressed class space size: 1073741824 Address: 0x0000000840000000

Heap:
 garbage-first heap   total 192512K, used 68545K [0x0000000746800000, 0x0000000800000000)
  region size 1024K, 48 young (49152K), 2 survivors (2048K)
 Metaspace       used 24903K, capacity 25680K, committed 25852K, reserved 1073152K
  class space    used 2788K, capacity 3022K, committed 3072K, reserved 1048576K
Heap Regions: E=young(eden), S=young(survivor), O=old, HS=humongous(starts), HC=humongous(continues), CS=collection set, F=free, A=archive, TAMS=top-at-mark-start (previous, next)
|   0|0x0000000746800000, 0x0000000746900000, 0x0000000746900000|100%| O|  |TAMS 0x0000000746887800, 0x0000000746800000| Untracked 
|   1|0x0000000746900000, 0x0000000746a00000, 0x0000000746a00000|100%|HS|  |TAMS 0x0000000746900000, 0x0000000746900000| Complete 
|   2|0x0000000746a00000, 0x0000000746b00000, 0x0000000746b00000|100%| O|  |TAMS 0x0000000746a00000, 0x0000000746a00000| Untracked 
|   3|0x0000000746b00000, 0x0000000746c00000, 0x0000000746c00000|100%| O|  |TAMS 0x0000000746b00000, 0x0000000746b00000| Untracked 
|   4|0x0000000746c00000, 0x0000000746d00000, 0x0000000746d00000|100%| O|  |TAMS 0x0000000746c00000, 0x0000000746c00000| Untracked 
|   5|0x0000000746d00000, 0x0000000746e00000, 0x0000000746e00000|100%| O|  |TAMS 0x0000000746d00000, 0x0000000746d00000| Untracked 
|   6|0x0000000746e00000, 0x0000000746f00000, 0x0000000746f00000|100%| O|  |TAMS 0x0000000746e00000, 0x0000000746e00000| Untracked 
|   7|0x0000000746f00000, 0x0000000747000000, 0x0000000747000000|100%| O|  |TAMS 0x0000000746f00000, 0x0000000746f00000| Untracked 
|   8|0x0000000747000000, 0x0000000747100000, 0x0000000747100000|100%| O|  |TAMS 0x0000000747000000, 0x0000000747000000| Untracked 
|   9|0x0000000747100000, 0x0000000747200000, 0x0000000747200000|100%| O|  |TAMS 0x0000000747100000, 0x0000000747100000| Untracked 
|  10|0x0000000747200000, 0x0000000747300000, 0x0000000747300000|100%| O|  |TAMS 0x0000000747200000, 0x0000000747200000| Untracked 
|  11|0x0000000747300000, 0x0000000747400000, 0x0000000747400000|100%| O|  |TAMS 0x0000000747300000, 0x0000000747300000| Untracked 
|  12|0x0000000747400000, 0x0000000747500000, 0x0000000747500000|100%| O|  |TAMS 0x0000000747400000, 0x0000000747400000| Untracked 
|  13|0x0000000747500000, 0x0000000747600000, 0x0000000747600000|100%| O|  |TAMS 0x0000000747500000, 0x0000000747500000| Untracked 
|  14|0x0000000747600000, 0x0000000747700000, 0x0000000747700000|100%| O|  |TAMS 0x0000000747600000, 0x0000000747600000| Untracked 
|  15|0x0000000747700000, 0x0000000747800000, 0x0000000747800000|100%| O|  |TAMS 0x0000000747700000, 0x0000000747700000| Untracked 
|  16|0x0000000747800000, 0x0000000747900000, 0x0000000747900000|100%| O|  |TAMS 0x0000000747800000, 0x0000000747800000| Untracked 
|  17|0x0000000747900000, 0x0000000747a00000, 0x0000000747a00000|100%| O|  |TAMS 0x0000000747900000, 0x0000000747900000| Untracked 
|  18|0x0000000747a00000, 0x0000000747b00000, 0x0000000747b00000|100%| O|  |TAMS 0x0000000747a00000, 0x0000000747a00000| Untracked 
|  19|0x0000000747b00000, 0x0000000747be4800, 0x0000000747c00000| 89%| O|  |TAMS 0x0000000747b00000, 0x0000000747b00000| Untracked 
|  20|0x0000000747c00000, 0x0000000747c00000, 0x0000000747d00000|  0%| F|  |TAMS 0x0000000747c00000, 0x0000000747c00000| Untracked 
|  21|0x0000000747d00000, 0x0000000747d00000, 0x0000000747e00000|  0%| F|  |TAMS 0x0000000747d00000, 0x0000000747d00000| Untracked 
|  22|0x0000000747e00000, 0x0000000747e00000, 0x0000000747f00000|  0%| F|  |TAMS 0x0000000747e00000, 0x0000000747e00000| Untracked 
|  23|0x0000000747f00000, 0x0000000747f00000, 0x0000000748000000|  0%| F|  |TAMS 0x0000000747f00000, 0x0000000747f00000| Untracked 
|  24|0x0000000748000000, 0x0000000748000000, 0x0000000748100000|  0%| F|  |TAMS 0x0000000748000000, 0x0000000748000000| Untracked 
|  25|0x0000000748100000, 0x0000000748100000, 0x0000000748200000|  0%| F|  |TAMS 0x0000000748100000, 0x0000000748100000| Untracked 
|  26|0x0000000748200000, 0x0000000748200000, 0x0000000748300000|  0%| F|  |TAMS 0x0000000748200000, 0x0000000748200000| Untracked 
|  27|0x0000000748300000, 0x0000000748300000, 0x0000000748400000|  0%| F|  |TAMS 0x0000000748300000, 0x0000000748300000| Untracked 
|  28|0x0000000748400000, 0x0000000748400000, 0x0000000748500000|  0%| F|  |TAMS 0x0000000748400000, 0x0000000748400000| Untracked 
|  29|0x0000000748500000, 0x0000000748500000, 0x0000000748600000|  0%| F|  |TAMS 0x0000000748500000, 0x0000000748500000| Untracked 
|  30|0x0000000748600000, 0x0000000748600000, 0x0000000748700000|  0%| F|  |TAMS 0x0000000748600000, 0x0000000748600000| Untracked 
|  31|0x0000000748700000, 0x0000000748700000, 0x0000000748800000|  0%| F|  |TAMS 0x0000000748700000, 0x0000000748700000| Untracked 
|  32|0x0000000748800000, 0x0000000748800000, 0x0000000748900000|  0%| F|  |TAMS 0x0000000748800000, 0x0000000748800000| Untracked 
|  33|0x0000000748900000, 0x0000000748900000, 0x0000000748a00000|  0%| F|  |TAMS 0x0000000748900000, 0x0000000748900000| Untracked 
|  34|0x0000000748a00000, 0x0000000748a00000, 0x0000000748b00000|  0%| F|  |TAMS 0x0000000748a00000, 0x0000000748a00000| Untracked 
|  35|0x0000000748b00000, 0x0000000748b00000, 0x0000000748c00000|  0%| F|  |TAMS 0x0000000748b00000, 0x0000000748b00000| Untracked 
|  36|0x0000000748c00000, 0x0000000748c00000, 0x0000000748d00000|  0%| F|  |TAMS 0x0000000748c00000, 0x0000000748c00000| Untracked 
|  37|0x0000000748d00000, 0x0000000748d00000, 0x0000000748e00000|  0%| F|  |TAMS 0x0000000748d00000, 0x0000000748d00000| Untracked 
|  38|0x0000000748e00000, 0x0000000748e00000, 0x0000000748f00000|  0%| F|  |TAMS 0x0000000748e00000, 0x0000000748e00000| Untracked 
|  39|0x0000000748f00000, 0x0000000748f00000, 0x0000000749000000|  0%| F|  |TAMS 0x0000000748f00000, 0x0000000748f00000| Untracked 
|  40|0x0000000749000000, 0x0000000749000000, 0x0000000749100000|  0%| F|  |TAMS 0x0000000749000000, 0x0000000749000000| Untracked 
|  41|0x0000000749100000, 0x0000000749100000, 0x0000000749200000|  0%| F|  |TAMS 0x0000000749100000, 0x0000000749100000| Untracked 
|  42|0x0000000749200000, 0x0000000749200000, 0x0000000749300000|  0%| F|  |TAMS 0x0000000749200000, 0x0000000749200000| Untracked 
|  43|0x0000000749300000, 0x0000000749300000, 0x0000000749400000|  0%| F|  |TAMS 0x0000000749300000, 0x0000000749300000| Untracked 
|  44|0x0000000749400000, 0x0000000749400000, 0x0000000749500000|  0%| F|  |TAMS 0x0000000749400000, 0x0000000749400000| Untracked 
|  45|0x0000000749500000, 0x0000000749500000, 0x0000000749600000|  0%| F|  |TAMS 0x0000000749500000, 0x0000000749500000| Untracked 
|  46|0x0000000749600000, 0x0000000749600000, 0x0000000749700000|  0%| F|  |TAMS 0x0000000749600000, 0x0000000749600000| Untracked 
|  47|0x0000000749700000, 0x0000000749700000, 0x0000000749800000|  0%| F|  |TAMS 0x0000000749700000, 0x0000000749700000| Untracked 
|  48|0x0000000749800000, 0x0000000749800000, 0x0000000749900000|  0%| F|  |TAMS 0x0000000749800000, 0x0000000749800000| Untracked 
|  49|0x0000000749900000, 0x0000000749900000, 0x0000000749a00000|  0%| F|  |TAMS 0x0000000749900000, 0x0000000749900000| Untracked 
|  50|0x0000000749a00000, 0x0000000749a00000, 0x0000000749b00000|  0%| F|  |TAMS 0x0000000749a00000, 0x0000000749a00000| Untracked 
|  51|0x0000000749b00000, 0x0000000749b00000, 0x0000000749c00000|  0%| F|  |TAMS 0x0000000749b00000, 0x0000000749b00000| Untracked 
|  52|0x0000000749c00000, 0x0000000749c00000, 0x0000000749d00000|  0%| F|  |TAMS 0x0000000749c00000, 0x0000000749c00000| Untracked 
|  53|0x0000000749d00000, 0x0000000749d00000, 0x0000000749e00000|  0%| F|  |TAMS 0x0000000749d00000, 0x0000000749d00000| Untracked 
|  54|0x0000000749e00000, 0x0000000749e00000, 0x0000000749f00000|  0%| F|  |TAMS 0x0000000749e00000, 0x0000000749e00000| Untracked 
|  55|0x0000000749f00000, 0x0000000749f00000, 0x000000074a000000|  0%| F|  |TAMS 0x0000000749f00000, 0x0000000749f00000| Untracked 
|  56|0x000000074a000000, 0x000000074a000000, 0x000000074a100000|  0%| F|  |TAMS 0x000000074a000000, 0x000000074a000000| Untracked 
|  57|0x000000074a100000, 0x000000074a100000, 0x000000074a200000|  0%| F|  |TAMS 0x000000074a100000, 0x000000074a100000| Untracked 
|  58|0x000000074a200000, 0x000000074a200000, 0x000000074a300000|  0%| F|  |TAMS 0x000000074a200000, 0x000000074a200000| Untracked 
|  59|0x000000074a300000, 0x000000074a300000, 0x000000074a400000|  0%| F|  |TAMS 0x000000074a300000, 0x000000074a300000| Untracked 
|  60|0x000000074a400000, 0x000000074a400000, 0x000000074a500000|  0%| F|  |TAMS 0x000000074a400000, 0x000000074a400000| Untracked 
|  61|0x000000074a500000, 0x000000074a500000, 0x000000074a600000|  0%| F|  |TAMS 0x000000074a500000, 0x000000074a500000| Untracked 
|  62|0x000000074a600000, 0x000000074a600000, 0x000000074a700000|  0%| F|  |TAMS 0x000000074a600000, 0x000000074a600000| Untracked 
|  63|0x000000074a700000, 0x000000074a700000, 0x000000074a800000|  0%| F|  |TAMS 0x000000074a700000, 0x000000074a700000| Untracked 
|  64|0x000000074a800000, 0x000000074a800000, 0x000000074a900000|  0%| F|  |TAMS 0x000000074a800000, 0x000000074a800000| Untracked 
|  65|0x000000074a900000, 0x000000074a900000, 0x000000074aa00000|  0%| F|  |TAMS 0x000000074a900000, 0x000000074a900000| Untracked 
|  66|0x000000074aa00000, 0x000000074aa00000, 0x000000074ab00000|  0%| F|  |TAMS 0x000000074aa00000, 0x000000074aa00000| Untracked 
|  67|0x000000074ab00000, 0x000000074ab00000, 0x000000074ac00000|  0%| F|  |TAMS 0x000000074ab00000, 0x000000074ab00000| Untracked 
|  68|0x000000074ac00000, 0x000000074ac00000, 0x000000074ad00000|  0%| F|  |TAMS 0x000000074ac00000, 0x000000074ac00000| Untracked 
|  69|0x000000074ad00000, 0x000000074ad00000, 0x000000074ae00000|  0%| F|  |TAMS 0x000000074ad00000, 0x000000074ad00000| Untracked 
|  70|0x000000074ae00000, 0x000000074ae00000, 0x000000074af00000|  0%| F|  |TAMS 0x000000074ae00000, 0x000000074ae00000| Untracked 
|  71|0x000000074af00000, 0x000000074af00000, 0x000000074b000000|  0%| F|  |TAMS 0x000000074af00000, 0x000000074af00000| Untracked 
|  72|0x000000074b000000, 0x000000074b000000, 0x000000074b100000|  0%| F|  |TAMS 0x000000074b000000, 0x000000074b000000| Untracked 
|  73|0x000000074b100000, 0x000000074b100000, 0x000000074b200000|  0%| F|  |TAMS 0x000000074b100000, 0x000000074b100000| Untracked 
|  74|0x000000074b200000, 0x000000074b200000, 0x000000074b300000|  0%| F|  |TAMS 0x000000074b200000, 0x000000074b200000| Untracked 
|  75|0x000000074b300000, 0x000000074b300000, 0x000000074b400000|  0%| F|  |TAMS 0x000000074b300000, 0x000000074b300000| Untracked 
|  76|0x000000074b400000, 0x000000074b400000, 0x000000074b500000|  0%| F|  |TAMS 0x000000074b400000, 0x000000074b400000| Untracked 
|  77|0x000000074b500000, 0x000000074b500000, 0x000000074b600000|  0%| F|  |TAMS 0x000000074b500000, 0x000000074b500000| Untracked 
|  78|0x000000074b600000, 0x000000074b600000, 0x000000074b700000|  0%| F|  |TAMS 0x000000074b600000, 0x000000074b600000| Untracked 
|  79|0x000000074b700000, 0x000000074b700000, 0x000000074b800000|  0%| F|  |TAMS 0x000000074b700000, 0x000000074b700000| Untracked 
|  80|0x000000074b800000, 0x000000074b800000, 0x000000074b900000|  0%| F|  |TAMS 0x000000074b800000, 0x000000074b800000| Untracked 
|  81|0x000000074b900000, 0x000000074b900000, 0x000000074ba00000|  0%| F|  |TAMS 0x000000074b900000, 0x000000074b900000| Untracked 
|  82|0x000000074ba00000, 0x000000074ba00000, 0x000000074bb00000|  0%| F|  |TAMS 0x000000074ba00000, 0x000000074ba00000| Untracked 
|  83|0x000000074bb00000, 0x000000074bb00000, 0x000000074bc00000|  0%| F|  |TAMS 0x000000074bb00000, 0x000000074bb00000| Untracked 
|  84|0x000000074bc00000, 0x000000074bc00000, 0x000000074bd00000|  0%| F|  |TAMS 0x000000074bc00000, 0x000000074bc00000| Untracked 
|  85|0x000000074bd00000, 0x000000074bd00000, 0x000000074be00000|  0%| F|  |TAMS 0x000000074bd00000, 0x000000074bd00000| Untracked 
|  86|0x000000074be00000, 0x000000074be00000, 0x000000074bf00000|  0%| F|  |TAMS 0x000000074be00000, 0x000000074be00000| Untracked 
|  87|0x000000074bf00000, 0x000000074bf00000, 0x000000074c000000|  0%| F|  |TAMS 0x000000074bf00000, 0x000000074bf00000| Untracked 
|  88|0x000000074c000000, 0x000000074c000000, 0x000000074c100000|  0%| F|  |TAMS 0x000000074c000000, 0x000000074c000000| Untracked 
|  89|0x000000074c100000, 0x000000074c100000, 0x000000074c200000|  0%| F|  |TAMS 0x000000074c100000, 0x000000074c100000| Untracked 
|  90|0x000000074c200000, 0x000000074c200000, 0x000000074c300000|  0%| F|  |TAMS 0x000000074c200000, 0x000000074c200000| Untracked 
|  91|0x000000074c300000, 0x000000074c300000, 0x000000074c400000|  0%| F|  |TAMS 0x000000074c300000, 0x000000074c300000| Untracked 
|  92|0x000000074c400000, 0x000000074c400000, 0x000000074c500000|  0%| F|  |TAMS 0x000000074c400000, 0x000000074c400000| Untracked 
|  93|0x000000074c500000, 0x000000074c500000, 0x000000074c600000|  0%| F|  |TAMS 0x000000074c500000, 0x000000074c500000| Untracked 
|  94|0x000000074c600000, 0x000000074c600000, 0x000000074c700000|  0%| F|  |TAMS 0x000000074c600000, 0x000000074c600000| Untracked 
|  95|0x000000074c700000, 0x000000074c700000, 0x000000074c800000|  0%| F|  |TAMS 0x000000074c700000, 0x000000074c700000| Untracked 
|  96|0x000000074c800000, 0x000000074c800000, 0x000000074c900000|  0%| F|  |TAMS 0x000000074c800000, 0x000000074c800000| Untracked 
|  97|0x000000074c900000, 0x000000074c900000, 0x000000074ca00000|  0%| F|  |TAMS 0x000000074c900000, 0x000000074c900000| Untracked 
|  98|0x000000074ca00000, 0x000000074ca00000, 0x000000074cb00000|  0%| F|  |TAMS 0x000000074ca00000, 0x000000074ca00000| Untracked 
|  99|0x000000074cb00000, 0x000000074cb00000, 0x000000074cc00000|  0%| F|  |TAMS 0x000000074cb00000, 0x000000074cb00000| Untracked 
| 100|0x000000074cc00000, 0x000000074cc00000, 0x000000074cd00000|  0%| F|  |TAMS 0x000000074cc00000, 0x000000074cc00000| Untracked 
| 101|0x000000074cd00000, 0x000000074cd00000, 0x000000074ce00000|  0%| F|  |TAMS 0x000000074cd00000, 0x000000074cd00000| Untracked 
| 102|0x000000074ce00000, 0x000000074ce00000, 0x000000074cf00000|  0%| F|  |TAMS 0x000000074ce00000, 0x000000074ce00000| Untracked 
| 103|0x000000074cf00000, 0x000000074cf00000, 0x000000074d000000|  0%| F|  |TAMS 0x000000074cf00000, 0x000000074cf00000| Untracked 
| 104|0x000000074d000000, 0x000000074d000000, 0x000000074d100000|  0%| F|  |TAMS 0x000000074d000000, 0x000000074d000000| Untracked 
| 105|0x000000074d100000, 0x000000074d100000, 0x000000074d200000|  0%| F|  |TAMS 0x000000074d100000, 0x000000074d100000| Untracked 
| 106|0x000000074d200000, 0x000000074d200000, 0x000000074d300000|  0%| F|  |TAMS 0x000000074d200000, 0x000000074d200000| Untracked 
| 107|0x000000074d300000, 0x000000074d300000, 0x000000074d400000|  0%| F|  |TAMS 0x000000074d300000, 0x000000074d300000| Untracked 
| 108|0x000000074d400000, 0x000000074d400000, 0x000000074d500000|  0%| F|  |TAMS 0x000000074d400000, 0x000000074d400000| Untracked 
| 109|0x000000074d500000, 0x000000074d500000, 0x000000074d600000|  0%| F|  |TAMS 0x000000074d500000, 0x000000074d500000| Untracked 
| 110|0x000000074d600000, 0x000000074d600000, 0x000000074d700000|  0%| F|  |TAMS 0x000000074d600000, 0x000000074d600000| Untracked 
| 111|0x000000074d700000, 0x000000074d700000, 0x000000074d800000|  0%| F|  |TAMS 0x000000074d700000, 0x000000074d700000| Untracked 
| 112|0x000000074d800000, 0x000000074d800000, 0x000000074d900000|  0%| F|  |TAMS 0x000000074d800000, 0x000000074d800000| Untracked 
| 113|0x000000074d900000, 0x000000074d900000, 0x000000074da00000|  0%| F|  |TAMS 0x000000074d900000, 0x000000074d900000| Untracked 
| 114|0x000000074da00000, 0x000000074da00000, 0x000000074db00000|  0%| F|  |TAMS 0x000000074da00000, 0x000000074da00000| Untracked 
| 115|0x000000074db00000, 0x000000074db00000, 0x000000074dc00000|  0%| F|  |TAMS 0x000000074db00000, 0x000000074db00000| Untracked 
| 116|0x000000074dc00000, 0x000000074dc00000, 0x000000074dd00000|  0%| F|  |TAMS 0x000000074dc00000, 0x000000074dc00000| Untracked 
| 117|0x000000074dd00000, 0x000000074dd00000, 0x000000074de00000|  0%| F|  |TAMS 0x000000074dd00000, 0x000000074dd00000| Untracked 
| 118|0x000000074de00000, 0x000000074de00000, 0x000000074df00000|  0%| F|  |TAMS 0x000000074de00000, 0x000000074de00000| Untracked 
| 119|0x000000074df00000, 0x000000074df00000, 0x000000074e000000|  0%| F|  |TAMS 0x000000074df00000, 0x000000074df00000| Untracked 
| 120|0x000000074e000000, 0x000000074e000000, 0x000000074e100000|  0%| F|  |TAMS 0x000000074e000000, 0x000000074e000000| Untracked 
| 121|0x000000074e100000, 0x000000074e100000, 0x000000074e200000|  0%| F|  |TAMS 0x000000074e100000, 0x000000074e100000| Untracked 
| 122|0x000000074e200000, 0x000000074e200000, 0x000000074e300000|  0%| F|  |TAMS 0x000000074e200000, 0x000000074e200000| Untracked 
| 123|0x000000074e300000, 0x000000074e300000, 0x000000074e400000|  0%| F|  |TAMS 0x000000074e300000, 0x000000074e300000| Untracked 
| 124|0x000000074e400000, 0x000000074e400000, 0x000000074e500000|  0%| F|  |TAMS 0x000000074e400000, 0x000000074e400000| Untracked 
| 125|0x000000074e500000, 0x000000074e500000, 0x000000074e600000|  0%| F|  |TAMS 0x000000074e500000, 0x000000074e500000| Untracked 
| 126|0x000000074e600000, 0x000000074e600000, 0x000000074e700000|  0%| F|  |TAMS 0x000000074e600000, 0x000000074e600000| Untracked 
| 127|0x000000074e700000, 0x000000074e700000, 0x000000074e800000|  0%| F|  |TAMS 0x000000074e700000, 0x000000074e700000| Untracked 
| 128|0x000000074e800000, 0x000000074e800000, 0x000000074e900000|  0%| F|  |TAMS 0x000000074e800000, 0x000000074e800000| Untracked 
| 129|0x000000074e900000, 0x000000074e900000, 0x000000074ea00000|  0%| F|  |TAMS 0x000000074e900000, 0x000000074e900000| Untracked 
| 130|0x000000074ea00000, 0x000000074ea00000, 0x000000074eb00000|  0%| F|  |TAMS 0x000000074ea00000, 0x000000074ea00000| Untracked 
| 131|0x000000074eb00000, 0x000000074eb00000, 0x000000074ec00000|  0%| F|  |TAMS 0x000000074eb00000, 0x000000074eb00000| Untracked 
| 132|0x000000074ec00000, 0x000000074ec00000, 0x000000074ed00000|  0%| F|  |TAMS 0x000000074ec00000, 0x000000074ec00000| Untracked 
| 133|0x000000074ed00000, 0x000000074ed00000, 0x000000074ee00000|  0%| F|  |TAMS 0x000000074ed00000, 0x000000074ed00000| Untracked 
| 134|0x000000074ee00000, 0x000000074ee00000, 0x000000074ef00000|  0%| F|  |TAMS 0x000000074ee00000, 0x000000074ee00000| Untracked 
| 135|0x000000074ef00000, 0x000000074ef00000, 0x000000074f000000|  0%| F|  |TAMS 0x000000074ef00000, 0x000000074ef00000| Untracked 
| 136|0x000000074f000000, 0x000000074f000000, 0x000000074f100000|  0%| F|  |TAMS 0x000000074f000000, 0x000000074f000000| Untracked 
| 137|0x000000074f100000, 0x000000074f100000, 0x000000074f200000|  0%| F|  |TAMS 0x000000074f100000, 0x000000074f100000| Untracked 
| 138|0x000000074f200000, 0x000000074f200800, 0x000000074f300000|  0%| E|  |TAMS 0x000000074f200000, 0x000000074f200000| Complete 
| 139|0x000000074f300000, 0x000000074f400000, 0x000000074f400000|100%| E|CS|TAMS 0x000000074f300000, 0x000000074f300000| Complete 
| 140|0x000000074f400000, 0x000000074f500000, 0x000000074f500000|100%| E|CS|TAMS 0x000000074f400000, 0x000000074f400000| Complete 
| 141|0x000000074f500000, 0x000000074f600000, 0x000000074f600000|100%| E|CS|TAMS 0x000000074f500000, 0x000000074f500000| Complete 
| 142|0x000000074f600000, 0x000000074f700000, 0x000000074f700000|100%| E|CS|TAMS 0x000000074f600000, 0x000000074f600000| Complete 
| 143|0x000000074f700000, 0x000000074f800000, 0x000000074f800000|100%| E|CS|TAMS 0x000000074f700000, 0x000000074f700000| Complete 
| 144|0x000000074f800000, 0x000000074f900000, 0x000000074f900000|100%| E|CS|TAMS 0x000000074f800000, 0x000000074f800000| Complete 
| 145|0x000000074f900000, 0x000000074fa00000, 0x000000074fa00000|100%| E|CS|TAMS 0x000000074f900000, 0x000000074f900000| Complete 
| 146|0x000000074fa00000, 0x000000074fb00000, 0x000000074fb00000|100%| E|CS|TAMS 0x000000074fa00000, 0x000000074fa00000| Complete 
| 147|0x000000074fb00000, 0x000000074fc00000, 0x000000074fc00000|100%| E|CS|TAMS 0x000000074fb00000, 0x000000074fb00000| Complete 
| 148|0x000000074fc00000, 0x000000074fd00000, 0x000000074fd00000|100%| E|CS|TAMS 0x000000074fc00000, 0x000000074fc00000| Complete 
| 149|0x000000074fd00000, 0x000000074fe00000, 0x000000074fe00000|100%| E|CS|TAMS 0x000000074fd00000, 0x000000074fd00000| Complete 
| 150|0x000000074fe00000, 0x000000074ff00000, 0x000000074ff00000|100%| E|CS|TAMS 0x000000074fe00000, 0x000000074fe00000| Complete 
| 151|0x000000074ff00000, 0x0000000750000000, 0x0000000750000000|100%| E|CS|TAMS 0x000000074ff00000, 0x000000074ff00000| Complete 
| 152|0x0000000750000000, 0x0000000750100000, 0x0000000750100000|100%| E|CS|TAMS 0x0000000750000000, 0x0000000750000000| Complete 
| 153|0x0000000750100000, 0x0000000750200000, 0x0000000750200000|100%| E|CS|TAMS 0x0000000750100000, 0x0000000750100000| Complete 
| 154|0x0000000750200000, 0x0000000750300000, 0x0000000750300000|100%| E|CS|TAMS 0x0000000750200000, 0x0000000750200000| Complete 
| 155|0x0000000750300000, 0x0000000750400000, 0x0000000750400000|100%| E|CS|TAMS 0x0000000750300000, 0x0000000750300000| Complete 
| 156|0x0000000750400000, 0x0000000750500000, 0x0000000750500000|100%| E|CS|TAMS 0x0000000750400000, 0x0000000750400000| Complete 
| 157|0x0000000750500000, 0x0000000750600000, 0x0000000750600000|100%| E|CS|TAMS 0x0000000750500000, 0x0000000750500000| Complete 
| 158|0x0000000750600000, 0x0000000750700000, 0x0000000750700000|100%| E|CS|TAMS 0x0000000750600000, 0x0000000750600000| Complete 
| 159|0x0000000750700000, 0x0000000750800000, 0x0000000750800000|100%| E|CS|TAMS 0x0000000750700000, 0x0000000750700000| Complete 
| 160|0x0000000750800000, 0x0000000750900000, 0x0000000750900000|100%| E|CS|TAMS 0x0000000750800000, 0x0000000750800000| Complete 
| 161|0x0000000750900000, 0x0000000750a00000, 0x0000000750a00000|100%| E|CS|TAMS 0x0000000750900000, 0x0000000750900000| Complete 
| 162|0x0000000750a00000, 0x0000000750b00000, 0x0000000750b00000|100%| E|CS|TAMS 0x0000000750a00000, 0x0000000750a00000| Complete 
| 163|0x0000000750b00000, 0x0000000750c00000, 0x0000000750c00000|100%| E|CS|TAMS 0x0000000750b00000, 0x0000000750b00000| Complete 
| 164|0x0000000750c00000, 0x0000000750d00000, 0x0000000750d00000|100%| E|CS|TAMS 0x0000000750c00000, 0x0000000750c00000| Complete 
| 165|0x0000000750d00000, 0x0000000750e00000, 0x0000000750e00000|100%| E|CS|TAMS 0x0000000750d00000, 0x0000000750d00000| Complete 
| 166|0x0000000750e00000, 0x0000000750f00000, 0x0000000750f00000|100%| E|CS|TAMS 0x0000000750e00000, 0x0000000750e00000| Complete 
| 167|0x0000000750f00000, 0x0000000751000000, 0x0000000751000000|100%| E|CS|TAMS 0x0000000750f00000, 0x0000000750f00000| Complete 
| 168|0x0000000751000000, 0x0000000751100000, 0x0000000751100000|100%| E|CS|TAMS 0x0000000751000000, 0x0000000751000000| Complete 
| 169|0x0000000751100000, 0x0000000751200000, 0x0000000751200000|100%| E|CS|TAMS 0x0000000751100000, 0x0000000751100000| Complete 
| 170|0x0000000751200000, 0x0000000751300000, 0x0000000751300000|100%| E|CS|TAMS 0x0000000751200000, 0x0000000751200000| Complete 
| 171|0x0000000751300000, 0x0000000751400000, 0x0000000751400000|100%| E|CS|TAMS 0x0000000751300000, 0x0000000751300000| Complete 
| 172|0x0000000751400000, 0x0000000751500000, 0x0000000751500000|100%| E|CS|TAMS 0x0000000751400000, 0x0000000751400000| Complete 
| 173|0x0000000751500000, 0x0000000751600000, 0x0000000751600000|100%| E|CS|TAMS 0x0000000751500000, 0x0000000751500000| Complete 
| 174|0x0000000751600000, 0x0000000751700000, 0x0000000751700000|100%| E|CS|TAMS 0x0000000751600000, 0x0000000751600000| Complete 
| 175|0x0000000751700000, 0x0000000751800000, 0x0000000751800000|100%| E|CS|TAMS 0x0000000751700000, 0x0000000751700000| Complete 
| 176|0x0000000751800000, 0x0000000751900000, 0x0000000751900000|100%| E|CS|TAMS 0x0000000751800000, 0x0000000751800000| Complete 
| 177|0x0000000751900000, 0x000000075195af88, 0x0000000751a00000| 35%| S|CS|TAMS 0x0000000751900000, 0x0000000751900000| Complete 
| 178|0x0000000751a00000, 0x0000000751b00000, 0x0000000751b00000|100%| S|CS|TAMS 0x0000000751a00000, 0x0000000751a00000| Complete 
| 179|0x0000000751b00000, 0x0000000751c00000, 0x0000000751c00000|100%| E|CS|TAMS 0x0000000751b00000, 0x0000000751b00000| Complete 
| 180|0x0000000751c00000, 0x0000000751d00000, 0x0000000751d00000|100%| E|CS|TAMS 0x0000000751c00000, 0x0000000751c00000| Complete 
| 181|0x0000000751d00000, 0x0000000751e00000, 0x0000000751e00000|100%| E|CS|TAMS 0x0000000751d00000, 0x0000000751d00000| Complete 
| 182|0x0000000751e00000, 0x0000000751f00000, 0x0000000751f00000|100%| E|CS|TAMS 0x0000000751e00000, 0x0000000751e00000| Complete 
| 183|0x0000000751f00000, 0x0000000752000000, 0x0000000752000000|100%| E|CS|TAMS 0x0000000751f00000, 0x0000000751f00000| Complete 
| 184|0x0000000752000000, 0x0000000752100000, 0x0000000752100000|100%| E|CS|TAMS 0x0000000752000000, 0x0000000752000000| Complete 
| 185|0x0000000752100000, 0x0000000752200000, 0x0000000752200000|100%| E|CS|TAMS 0x0000000752100000, 0x0000000752100000| Complete 
|1942|0x00000007bfe00000, 0x00000007bfe47000, 0x00000007bff00000| 27%|OA|  |TAMS 0x00000007bfe47000, 0x00000007bfe00000| Untracked 
|1943|0x00000007bff00000, 0x00000007bff6a000, 0x00000007c0000000| 41%|CA|  |TAMS 0x00000007bff6a000, 0x00000007bff00000| Untracked 

Card table byte_map: [0x00007f7d9a11a000,0x00007f7d9a6e6000] _byte_map_base: 0x00007f7d966e6000

Marking Bits (Prev, Next): (CMBitMap*) 0x00007f7d94068640, (CMBitMap*) 0x00007f7d94068608
 Prev Bits: [0x00007f7d72340000, 0x00007f7d751a0000)
 Next Bits: [0x00007f7d751a0000, 0x00007f7d78000000)

Polling page: 0x00007f7d9b3c0000

Metaspace:

Usage:
  Non-class:     22.13 MB capacity,    21.60 MB ( 98%) used,   488.77 KB (  2%) free+waste,    54.12 KB ( <1%) overhead. 
      Class:      2.95 MB capacity,     2.72 MB ( 92%) used,   210.31 KB (  7%) free+waste,    23.69 KB ( <1%) overhead. 
       Both:     25.08 MB capacity,    24.32 MB ( 97%) used,   699.08 KB (  3%) free+waste,    77.81 KB ( <1%) overhead. 

Virtual space:
  Non-class space:       24.00 MB reserved,      22.25 MB ( 93%) committed 
      Class space:        1.00 GB reserved,       3.00 MB ( <1%) committed 
             Both:        1.02 GB reserved,      25.25 MB (  2%) committed 

Chunk freelists:
   Non-Class:  114.00 KB
       Class:  18.00 KB
        Both:  132.00 KB

MaxMetaspaceSize: unlimited
CompressedClassSpaceSize: 1.00 GB

CodeHeap 'non-profiled nmethods': size=120032Kb used=2076Kb max_used=2076Kb free=117955Kb
 bounds [0x00007f7d843ca000, 0x00007f7d8463a000, 0x00007f7d8b902000]
CodeHeap 'profiled nmethods': size=120032Kb used=11932Kb max_used=11932Kb free=108099Kb
 bounds [0x00007f7d7ce92000, 0x00007f7d7da42000, 0x00007f7d843ca000]
CodeHeap 'non-nmethods': size=5696Kb used=1135Kb max_used=1178Kb free=4560Kb
 bounds [0x00007f7d7c902000, 0x00007f7d7cb72000, 0x00007f7d7ce92000]
 total_blobs=5947 nmethods=5470 adapters=389
 compilation: enabled
              stopped_count=0, restarted_count=0
 full_count=0

Compilation events (20 events):
Event: 4.461 Thread 0x00007f7d9416e800 nmethod 5505 0x00007f7d7da2eb90 code [0x00007f7d7da2eda0, 0x00007f7d7da2f1d0]
Event: 4.461 Thread 0x00007f7d9416e800 5509       2       com.sun.tools.javac.util.IntHashTable::putAtIndex (93 bytes)
Event: 4.461 Thread 0x00007f7d9416e800 nmethod 5509 0x00007f7d7da2f490 code [0x00007f7d7da2f660, 0x00007f7d7da2f9a0]
Event: 4.461 Thread 0x00007f7d9416e800 5508       2       com.sun.tools.javac.comp.Resolve::resolveQualifiedMethod (26 bytes)
Event: 4.461 Thread 0x00007f7d9416e800 nmethod 5508 0x00007f7d7da2fb90 code [0x00007f7d7da2fd60, 0x00007f7d7da30090]
Event: 4.461 Thread 0x00007f7d9416e800 5510       2       com.sun.tools.javac.tree.TreeTranslator::translateVarDefs (34 bytes)
Event: 4.462 Thread 0x00007f7d9416e800 nmethod 5510 0x00007f7d7da30210 code [0x00007f7d7da303e0, 0x00007f7d7da30680]
Event: 4.462 Thread 0x00007f7d9416e800 5511       2       com.sun.tools.javac.parser.JavacParser$SimpleEndPosTable::storeEnd (34 bytes)
Event: 4.462 Thread 0x00007f7d9416e800 nmethod 5511 0x00007f7d7da30790 code [0x00007f7d7da30960, 0x00007f7d7da30b20]
Event: 4.462 Thread 0x00007f7d9416e800 5512       1       com.sun.tools.javac.tree.JCTree$JCBlock::getStatements (5 bytes)
Event: 4.462 Thread 0x00007f7d9416e800 nmethod 5512 0x00007f7d845d0990 code [0x00007f7d845d0b40, 0x00007f7d845d0c10]
Event: 4.462 Thread 0x00007f7d9416e800 5513       1       com.sun.tools.javac.code.Type$ClassType::isNullOrReference (2 bytes)
Event: 4.462 Thread 0x00007f7d9416e800 nmethod 5513 0x00007f7d845d0c90 code [0x00007f7d845d0e40, 0x00007f7d845d0f10]
Event: 4.462 Thread 0x00007f7d9416e800 5514       1       com.sun.tools.javac.code.Type$BottomType::isNullOrReference (2 bytes)
Event: 4.462 Thread 0x00007f7d9416e800 nmethod 5514 0x00007f7d845d0f90 code [0x00007f7d845d1140, 0x00007f7d845d1210]
Event: 4.465 Thread 0x00007f7d9416e800 5516       2       com.sun.tools.javac.jvm.Code::addLocalVar (68 bytes)
Event: 4.466 Thread 0x00007f7d9416e800 nmethod 5516 0x00007f7d7da30c90 code [0x00007f7d7da30ec0, 0x00007f7d7da315d0]
Event: 4.466 Thread 0x00007f7d9416e800 5518       2       com.sun.tools.javac.jvm.Code::getLocalsSize (69 bytes)
Event: 4.468 Thread 0x00007f7d9416e800 nmethod 5518 0x00007f7d7da31910 code [0x00007f7d7da31b20, 0x00007f7d7da31f70]
Event: 4.468 Thread 0x00007f7d9416e800 5522       2       com.sun.tools.javac.jvm.ClassWriter::writeCode (922 bytes)

GC Heap History (8 events):
Event: 0.749 GC heap before
{Heap before GC invocations=0 (full 0):
 garbage-first heap   total 192512K, used 15044K [0x0000000746800000, 0x0000000800000000)
  region size 1024K, 14 young (14336K), 0 survivors (0K)
 Metaspace       used 4104K, capacity 7217K, committed 7552K, reserved 1056768K
  class space    used 462K, capacity 792K, committed 896K, reserved 1048576K
}
Event: 0.759 GC heap after
{Heap after GC invocations=1 (full 0):
 garbage-first heap   total 192512K, used 3298K [0x0000000746800000, 0x0000000800000000)
  region size 1024K, 2 young (2048K), 2 survivors (2048K)
 Metaspace       used 4104K, capacity 7217K, committed 7552K, reserved 1056768K
  class space    used 462K, capacity 792K, committed 896K, reserved 1048576K
}
Event: 2.823 GC heap before
{Heap before GC invocations=1 (full 0):
 garbage-first heap   total 192512K, used 110818K [0x0000000746800000, 0x0000000800000000)
  region size 1024K, 108 young (110592K), 2 survivors (2048K)
 Metaspace       used 19580K, capacity 20985K, committed 21248K, reserved 1069056K
  class space    used 2332K, capacity 2560K, committed 2560K, reserved 1048576K
}
Event: 2.840 GC heap after
{Heap after GC invocations=2 (full 0):
 garbage-first heap   total 192512K, used 9812K [0x0000000746800000, 0x0000000800000000)
  region size 1024K, 9 young (9216K), 9 survivors (9216K)
 Metaspace       used 19580K, capacity 20985K, committed 21248K, reserved 1069056K
  class space    used 2332K, capacity 2560K, committed 2560K, reserved 1048576K
}
Event: 3.779 GC heap before
{Heap before GC invocations=3 (full 0):
 garbage-first heap   total 192512K, used 65108K [0x0000000746800000, 0x0000000800000000)
  region size 1024K, 62 young (63488K), 9 survivors (9216K)
 Metaspace       used 24257K, capacity 25004K, committed 25084K, reserved 1071104K
  class space    used 2781K, capacity 3016K, committed 3072K, reserved 1048576K
}
Event: 3.811 GC heap after
{Heap after GC invocations=4 (full 0):
 garbage-first heap   total 192512K, used 20676K [0x0000000746800000, 0x0000000800000000)
  region size 1024K, 8 young (8192K), 8 survivors (8192K)
 Metaspace       used 24257K, capacity 25004K, committed 25084K, reserved 1071104K
  class space    used 2781K, capacity 3016K, committed 3072K, reserved 1048576K
}
Event: 3.940 GC heap before
{Heap before GC invocations=4 (full 0):
 garbage-first heap   total 192512K, used 27844K [0x0000000746800000, 0x0000000800000000)
  region size 1024K, 15 young (15360K), 8 survivors (8192K)
 Metaspace       used 24493K, capacity 25217K, committed 25340K, reserved 1071104K
  class space    used 2783K, capacity 3020K, committed 3072K, reserved 1048576K
}
Event: 3.958 GC heap after
{Heap after GC invocations=5 (full 0):
 garbage-first heap   total 192512K, used 22465K [0x0000000746800000, 0x0000000800000000)
  region size 1024K, 2 young (2048K), 2 survivors (2048K)
 Metaspace       used 24493K, capacity 25217K, committed 25340K, reserved 1071104K
  class space    used 2783K, capacity 3020K, committed 3072K, reserved 1048576K
}

Deoptimization events (20 events):
Event: 4.128 Thread 0x00007f7d94016000 DEOPT PACKING pc=0x00007f7d8452697c sp=0x00007f7d9b501d70
Event: 4.128 Thread 0x00007f7d94016000 DEOPT UNPACKING pc=0x00007f7d7c9288a5 sp=0x00007f7d9b501cf0 mode 2
Event: 4.156 Thread 0x00007f7d94016000 DEOPT PACKING pc=0x00007f7d7d9050a6 sp=0x00007f7d9b501900
Event: 4.156 Thread 0x00007f7d94016000 DEOPT UNPACKING pc=0x00007f7d7c9286ba sp=0x00007f7d9b500d98 mode 0
Event: 4.164 Thread 0x00007f7d94016000 DEOPT PACKING pc=0x00007f7d7d70711b sp=0x00007f7d9b4ff870
Event: 4.164 Thread 0x00007f7d94016000 DEOPT UNPACKING pc=0x00007f7d7c9286ba sp=0x00007f7d9b4fecc0 mode 0
Event: 4.183 Thread 0x00007f7d94016000 DEOPT PACKING pc=0x00007f7d7d85c37b sp=0x00007f7d9b500050
Event: 4.183 Thread 0x00007f7d94016000 DEOPT UNPACKING pc=0x00007f7d7c9286ba sp=0x00007f7d9b4ff498 mode 0
Event: 4.228 Thread 0x00007f7d94016000 DEOPT PACKING pc=0x00007f7d7d6ff792 sp=0x00007f7d9b4ff6e0
Event: 4.228 Thread 0x00007f7d94016000 DEOPT UNPACKING pc=0x00007f7d7c9286ba sp=0x00007f7d9b4feb90 mode 0
Event: 4.290 Thread 0x00007f7d94016000 DEOPT PACKING pc=0x00007f7d7d86c2f5 sp=0x00007f7d9b500dd0
Event: 4.290 Thread 0x00007f7d94016000 DEOPT UNPACKING pc=0x00007f7d7c9286ba sp=0x00007f7d9b500258 mode 0
Event: 4.307 Thread 0x00007f7d94016000 DEOPT PACKING pc=0x00007f7d7d6ff792 sp=0x00007f7d9b500c50
Event: 4.307 Thread 0x00007f7d94016000 DEOPT UNPACKING pc=0x00007f7d7c9286ba sp=0x00007f7d9b500100 mode 0
Event: 4.348 Thread 0x00007f7d94016000 DEOPT PACKING pc=0x00007f7d7d6ff792 sp=0x00007f7d9b4f5a00
Event: 4.348 Thread 0x00007f7d94016000 DEOPT UNPACKING pc=0x00007f7d7c9286ba sp=0x00007f7d9b4f4eb0 mode 0
Event: 4.401 Thread 0x00007f7d94016000 Uncommon trap: trap_request=0xffffff4d fr.pc=0x00007f7d845a4540 relative=0x0000000000000880
Event: 4.401 Thread 0x00007f7d94016000 Uncommon trap: reason=unstable_if action=reinterpret pc=0x00007f7d845a4540 method=com.sun.tools.javac.comp.Resolve.findImmediateMemberType(Lcom/sun/tools/javac/comp/Env;Lcom/sun/tools/javac/code/Type;Lcom/sun/tools/javac/util/Name;Lcom/sun/tools/javac/cod
Event: 4.401 Thread 0x00007f7d94016000 DEOPT PACKING pc=0x00007f7d845a4540 sp=0x00007f7d9b500d40
Event: 4.401 Thread 0x00007f7d94016000 DEOPT UNPACKING pc=0x00007f7d7c9288a5 sp=0x00007f7d9b500d00 mode 2

Classes redefined (0 events):
No events

Internal exceptions (20 events):
Event: 0.259 Thread 0x00007f7d94016000 Exception <a 'java/security/PrivilegedActionException'{0x0000000751ebaab8}> (0x0000000751ebaab8) thrown at [src/hotspot/share/prims/jvm.cpp, line 1295]
Event: 0.259 Thread 0x00007f7d94016000 Exception <a 'java/security/PrivilegedActionException'{0x0000000751ebad88}> (0x0000000751ebad88) thrown at [src/hotspot/share/prims/jvm.cpp, line 1295]
Event: 1.649 Thread 0x00007f7d94016000 Exception <a 'java/lang/NoClassDefFoundError'{0x000000074f519b28}: com/google/inject/servlet/ServletModuleTargetVisitor> (0x000000074f519b28) thrown at [src/hotspot/share/classfile/systemDictionary.cpp, line 220]
Event: 1.649 Thread 0x00007f7d94016000 Exception <a 'java/lang/NoClassDefFoundError'{0x000000074f519b28}> (0x000000074f519b28) thrown at [src/hotspot/share/prims/jvm.cpp, line 1301]
Event: 1.649 Thread 0x00007f7d94016000 Exception <a 'java/lang/NoClassDefFoundError'{0x000000074f51c5e0}: javax/annotation/Priority> (0x000000074f51c5e0) thrown at [src/hotspot/share/classfile/systemDictionary.cpp, line 220]
Event: 2.013 Thread 0x00007f7d94016000 Implicit null exception at 0x00007f7d8441b105 to 0x00007f7d8441b2ec
Event: 2.013 Thread 0x00007f7d94016000 Implicit null exception at 0x00007f7d8446c7cb to 0x00007f7d8446ced8
Event: 2.705 Thread 0x00007f7d94016000 Exception <a 'java/lang/NoSuchMethodError'{0x000000074b9c3838}: 'int java.lang.invoke.DirectMethodHandle$Holder.invokeVirtual(java.lang.Object, java.lang.Object, java.lang.Object)'> (0x000000074b9c3838) thrown at [src/hotspot/share/interpreter/linkResolver.cpp, line 772]
Event: 2.758 Thread 0x00007f7d94016000 Exception <a 'java/lang/NoSuchMethodError'{0x000000074b8dac40}: 'int java.lang.invoke.DirectMethodHandle$Holder.invokeStaticInit(java.lang.Object, java.lang.Object)'> (0x000000074b8dac40) thrown at [src/hotspot/share/interpreter/linkResolver.cpp, line 772]
Event: 2.807 Thread 0x00007f7d94016000 Exception <a 'java/lang/NoSuchMethodError'{0x000000074b7a8fa0}: 'int java.lang.invoke.DirectMethodHandle$Holder.invokeVirtual(java.lang.Object, java.lang.Object)'> (0x000000074b7a8fa0) thrown at [src/hotspot/share/interpreter/linkResolver.cpp, line 772]
Event: 2.811 Thread 0x00007f7d94016000 Exception <a 'java/lang/NoSuchMethodError'{0x000000074b7d7b88}: 'java.lang.Object java.lang.invoke.Invokers$Holder.linkToTargetMethod(java.lang.Object, java.lang.Object, java.lang.Object, java.lang.Object, java.lang.Object, java.lang.Object)'> (0x000000074b7d7b88) thrown at [src/hotspot/share/interpreter/linkResolver.cpp, line 772]
Event: 3.036 Thread 0x00007f7d94016000 Exception <a 'java/lang/NoSuchMethodError'{0x0000000751b42748}: 'int java.lang.invoke.DirectMethodHandle$Holder.invokeSpecial(java.lang.Object, java.lang.Object, java.lang.Object, java.lang.Object)'> (0x0000000751b42748) thrown at [src/hotspot/share/interpreter/linkResolver.cpp, line 772]
Event: 3.070 Thread 0x00007f7d94016000 Exception <a 'java/lang/NoSuchMethodError'{0x0000000751ab7378}: 'int java.lang.invoke.DirectMethodHandle$Holder.invokeSpecial(java.lang.Object, java.lang.Object, java.lang.Object, java.lang.Object, java.lang.Object)'> (0x0000000751ab7378) thrown at [src/hotspot/share/interpreter/linkResolver.cpp, line 772]
Event: 3.102 Thread 0x00007f7d94016000 Exception <a 'java/lang/NoSuchMethodError'{0x0000000751969ef0}: 'java.lang.Object java.lang.invoke.DirectMethodHandle$Holder.invokeStatic(java.lang.Object, int, java.lang.Object)'> (0x0000000751969ef0) thrown at [src/hotspot/share/interpreter/linkResolver.cpp, line 772]
Event: 3.138 Thread 0x00007f7d94016000 Implicit null exception at 0x00007f7d8453dcac to 0x00007f7d8453de5a
Event: 3.558 Thread 0x00007f7d94016000 Exception <a 'java/lang/NoSuchMethodError'{0x000000074f6974c0}: 'void java.lang.invoke.DirectMethodHandle$Holder.invokeVirtual(java.lang.Object, java.lang.Object)'> (0x000000074f6974c0) thrown at [src/hotspot/share/interpreter/linkResolver.cpp, line 772]
Event: 3.709 Thread 0x00007f7d94016000 Exception <a 'java/lang/NoSuchMethodError'{0x000000074f0e6180}: 'int java.lang.invoke.DirectMethodHandle$Holder.invokeVirtual(java.lang.Object, java.lang.Object, java.lang.Object, java.lang.Object)'> (0x000000074f0e6180) thrown at [src/hotspot/share/interpreter/linkResolver.cpp, line 772]
Event: 3.711 Thread 0x00007f7d94016000 Exception <a 'java/lang/NoSuchMethodError'{0x000000074f0f1010}: 'java.lang.Object java.lang.invoke.DirectMethodHandle$Holder.invokeStatic(java.lang.Object, java.lang.Object, int, java.lang.Object)'> (0x000000074f0f1010) thrown at [src/hotspot/share/interpreter/linkResolver.cpp, line 772]
Event: 3.711 Thread 0x00007f7d94016000 Exception <a 'java/lang/NoSuchMethodError'{0x000000074f0f7d90}: 'java.lang.Object java.lang.invoke.Invokers$Holder.linkToTargetMethod(java.lang.Object, int, java.lang.Object, java.lang.Object)'> (0x000000074f0f7d90) thrown at [src/hotspot/share/interpreter/linkResolver.cpp, line 772]
Event: 3.712 Thread 0x00007f7d94016000 Exception <a 'java/lang/NoSuchMethodError'{0x000000074f0fd7d0}: 'java.lang.Object java.lang.invoke.DirectMethodHandle$Holder.invokeVirtual(java.lang.Object, java.lang.Object, java.lang.Object)'> (0x000000074f0fd7d0) thrown at [src/hotspot/share/interpreter/linkResolver.cpp, line 772]

Events (20 events):
Event: 4.093 Executing VM operation: ICBufferFull
Event: 4.093 Executing VM operation: ICBufferFull done
Event: 4.226 Executing VM operation: ICBufferFull
Event: 4.226 Executing VM operation: ICBufferFull done
Event: 4.451 Executing VM operation: ICBufferFull
Event: 4.451 Executing VM operation: ICBufferFull done
Event: 4.468 loading class java/util/EnumMap$Values
Event: 4.469 loading class java/util/EnumMap$Values done
Event: 4.469 loading class java/util/EnumMap$ValueIterator
Event: 4.469 loading class java/util/EnumMap$ValueIterator done
Event: 4.469 loading class java/util/WeakHashMap$KeyIterator
Event: 4.469 loading class java/util/WeakHashMap$HashIterator
Event: 4.469 loading class java/util/WeakHashMap$HashIterator done
Event: 4.469 loading class java/util/WeakHashMap$KeyIterator done
Event: 4.470 loading class org/apache/maven/shared/utils/io/DirectoryScanResult
Event: 4.470 loading class org/apache/maven/shared/utils/io/DirectoryScanResult done
Event: 4.470 loading class org/apache/maven/shared/utils/io/DirectoryScanResult
Event: 4.470 loading class org/apache/maven/shared/utils/io/DirectoryScanResult done
Event: 4.471 Executing VM operation: RevokeBias
Event: 4.471 Executing VM operation: RevokeBias done


Dynamic libraries:
746800000-752200000 rw-p 00000000 00:00 0 
752200000-7bfe00000 ---p 00000000 00:00 0 
7bfe00000-7bfe47000 rw-p 0110d000 08:08 1192092                          /usr/lib/jvm/java-11-openjdk-amd64/lib/server/classes.jsa
7bfe47000-7bff00000 rw-p 00000000 00:00 0 
7bff00000-7bff6a000 rw-p 010a3000 08:08 1192092                          /usr/lib/jvm/java-11-openjdk-amd64/lib/server/classes.jsa
7bff6a000-7c0000000 rw-p 00000000 00:00 0 
7c0000000-800000000 ---p 00000000 00:00 0 
800000000-800002000 rwxp 00001000 08:08 1192092                          /usr/lib/jvm/java-11-openjdk-amd64/lib/server/classes.jsa
800002000-8003b9000 rw-p 00003000 08:08 1192092                          /usr/lib/jvm/java-11-openjdk-amd64/lib/server/classes.jsa
8003b9000-800a94000 r--p 003ba000 08:08 1192092                          /usr/lib/jvm/java-11-openjdk-amd64/lib/server/classes.jsa
800a94000-800a95000 rw-p 00a95000 08:08 1192092                          /usr/lib/jvm/java-11-openjdk-amd64/lib/server/classes.jsa
800a95000-8010a2000 r--p 00a96000 08:08 1192092                          /usr/lib/jvm/java-11-openjdk-amd64/lib/server/classes.jsa
840000000-840300000 rw-p 00000000 00:00 0 
840300000-880000000 ---p 00000000 00:00 0 
564809f48000-564809f49000 r--p 00000000 08:08 1191793                    /usr/lib/jvm/java-11-openjdk-amd64/bin/java
564809f49000-564809f4a000 r-xp 00001000 08:08 1191793                    /usr/lib/jvm/java-11-openjdk-amd64/bin/java
564809f4a000-564809f4b000 r--p 00002000 08:08 1191793                    /usr/lib/jvm/java-11-openjdk-amd64/bin/java
564809f4b000-564809f4c000 r--p 00002000 08:08 1191793                    /usr/lib/jvm/java-11-openjdk-amd64/bin/java
564809f4c000-564809f4d000 rw-p 00003000 08:08 1191793                    /usr/lib/jvm/java-11-openjdk-amd64/bin/java
56480b071000-56480b092000 rw-p 00000000 00:00 0                          [heap]
7f7d1c000000-7f7d1c021000 rw-p 00000000 00:00 0 
7f7d1c021000-7f7d20000000 ---p 00000000 00:00 0 
7f7d24000000-7f7d24021000 rw-p 00000000 00:00 0 
7f7d24021000-7f7d28000000 ---p 00000000 00:00 0 
7f7d28000000-7f7d28b65000 rw-p 00000000 00:00 0 
7f7d28b65000-7f7d2c000000 ---p 00000000 00:00 0 
7f7d2c000000-7f7d2c021000 rw-p 00000000 00:00 0 
7f7d2c021000-7f7d30000000 ---p 00000000 00:00 0 
7f7d30000000-7f7d30021000 rw-p 00000000 00:00 0 
7f7d30021000-7f7d34000000 ---p 00000000 00:00 0 
7f7d34000000-7f7d34021000 rw-p 00000000 00:00 0 
7f7d34021000-7f7d38000000 ---p 00000000 00:00 0 
7f7d38000000-7f7d38021000 rw-p 00000000 00:00 0 
7f7d38021000-7f7d3c000000 ---p 00000000 00:00 0 
7f7d3c000000-7f7d3c021000 rw-p 00000000 00:00 0 
7f7d3c021000-7f7d40000000 ---p 00000000 00:00 0 
7f7d40000000-7f7d40021000 rw-p 00000000 00:00 0 
7f7d40021000-7f7d44000000 ---p 00000000 00:00 0 
7f7d44000000-7f7d45321000 rw-p 00000000 00:00 0 
7f7d45321000-7f7d48000000 ---p 00000000 00:00 0 
7f7d48000000-7f7d4892d000 rw-p 00000000 00:00 0 
7f7d4892d000-7f7d4c000000 ---p 00000000 00:00 0 
7f7d4c000000-7f7d4c021000 rw-p 00000000 00:00 0 
7f7d4c021000-7f7d50000000 ---p 00000000 00:00 0 
7f7d52422000-7f7d52462000 rw-p 00000000 00:00 0 
7f7d52462000-7f7d52622000 ---p 00000000 00:00 0 
7f7d52622000-7f7d52822000 rw-p 00000000 00:00 0 
7f7d52822000-7f7d52a21000 rw-p 00000000 00:00 0 
7f7d52a21000-7f7d52a22000 ---p 00000000 00:00 0 
7f7d52a22000-7f7d52c22000 rw-p 00000000 00:00 0 
7f7d52c22000-7f7d52e22000 rw-p 00000000 00:00 0 
7f7d52e22000-7f7d53022000 rw-p 00000000 00:00 0 
7f7d53022000-7f7d53222000 rw-p 00000000 00:00 0 
7f7d53222000-7f7d54000000 r--p 00000000 08:08 1186387                    /usr/lib/locale/locale-archive
7f7d54000000-7f7d54021000 rw-p 00000000 00:00 0 
7f7d54021000-7f7d58000000 ---p 00000000 00:00 0 
7f7d58000000-7f7d58021000 rw-p 00000000 00:00 0 
7f7d58021000-7f7d5c000000 ---p 00000000 00:00 0 
7f7d5c000000-7f7d5c021000 rw-p 00000000 00:00 0 
7f7d5c021000-7f7d60000000 ---p 00000000 00:00 0 
7f7d60000000-7f7d60021000 rw-p 00000000 00:00 0 
7f7d60021000-7f7d64000000 ---p 00000000 00:00 0 
7f7d64000000-7f7d64021000 rw-p 00000000 00:00 0 
7f7d64021000-7f7d68000000 ---p 00000000 00:00 0 
7f7d68000000-7f7d68021000 rw-p 00000000 00:00 0 
7f7d68021000-7f7d6c000000 ---p 00000000 00:00 0 
7f7d6c000000-7f7d6c021000 rw-p 00000000 00:00 0 
7f7d6c021000-7f7d70000000 ---p 00000000 00:00 0 
7f7d70140000-7f7d72628000 rw-p 00000000 00:00 0 
7f7d72628000-7f7d74198000 ---p 00000000 00:00 0 
7f7d74198000-7f7d741a0000 rw-p 00000000 00:00 0 
7f7d741a0000-7f7d751a0000 ---p 00000000 00:00 0 
7f7d751a0000-7f7d75488000 rw-p 00000000 00:00 0 
7f7d75488000-7f7d76ff8000 ---p 00000000 00:00 0 
7f7d76ff8000-7f7d77000000 rw-p 00000000 00:00 0 
7f7d77000000-7f7d78000000 ---p 00000000 00:00 0 
7f7d78000000-7f7d78021000 rw-p 00000000 00:00 0 
7f7d78021000-7f7d7c000000 ---p 00000000 00:00 0 
7f7d7c0f5000-7f7d7c0f6000 ---p 00000000 00:00 0 
7f7d7c0f6000-7f7d7c1f7000 rw-p 00000000 00:00 0 
7f7d7c1f7000-7f7d7c1fb000 ---p 00000000 00:00 0 
7f7d7c1fb000-7f7d7c2f8000 rw-p 00000000 00:00 0 
7f7d7c2f8000-7f7d7c2f9000 ---p 00000000 00:00 0 
7f7d7c2f9000-7f7d7c3fa000 rw-p 00000000 00:00 0 
7f7d7c3fa000-7f7d7c3fb000 ---p 00000000 00:00 0 
7f7d7c3fb000-7f7d7c4fc000 rw-p 00000000 00:00 0 
7f7d7c4fc000-7f7d7c4fd000 ---p 00000000 00:00 0 
7f7d7c4fd000-7f7d7c5fe000 rw-p 00000000 00:00 0 
7f7d7c5fe000-7f7d7c601000 r-xp 00000000 07:07 2311                       /snap/netbeans/30/netbeans/java/maven/lib/jansi-native/linux64/libjansi.so
7f7d7c601000-7f7d7c800000 ---p 00003000 07:07 2311                       /snap/netbeans/30/netbeans/java/maven/lib/jansi-native/linux64/libjansi.so
7f7d7c800000-7f7d7c801000 rw-p 00002000 07:07 2311                       /snap/netbeans/30/netbeans/java/maven/lib/jansi-native/linux64/libjansi.so
7f7d7c801000-7f7d7c805000 ---p 00000000 00:00 0 
7f7d7c805000-7f7d7c902000 rw-p 00000000 00:00 0 
7f7d7c902000-7f7d7cb72000 rwxp 00000000 00:00 0 
7f7d7cb72000-7f7d7ce92000 ---p 00000000 00:00 0 
7f7d7ce92000-7f7d7da42000 rwxp 00000000 00:00 0 
7f7d7da42000-7f7d843ca000 ---p 00000000 00:00 0 
7f7d843ca000-7f7d8463a000 rwxp 00000000 00:00 0 
7f7d8463a000-7f7d8b902000 ---p 00000000 00:00 0 
7f7d8b902000-7f7d94000000 r--s 00000000 08:08 1191956                    /usr/lib/jvm/java-11-openjdk-amd64/lib/modules
7f7d94000000-7f7d94f10000 rw-p 00000000 00:00 0 
7f7d94f10000-7f7d98000000 ---p 00000000 00:00 0 
7f7d98019000-7f7d9801a000 r--p 00000000 08:08 1188991                    /usr/lib/x86_64-linux-gnu/libutil-2.31.so
7f7d9801a000-7f7d9801b000 r-xp 00001000 08:08 1188991                    /usr/lib/x86_64-linux-gnu/libutil-2.31.so
7f7d9801b000-7f7d9801c000 r--p 00002000 08:08 1188991                    /usr/lib/x86_64-linux-gnu/libutil-2.31.so
7f7d9801c000-7f7d9801d000 r--p 00002000 08:08 1188991                    /usr/lib/x86_64-linux-gnu/libutil-2.31.so
7f7d9801d000-7f7d9801e000 rw-p 00003000 08:08 1188991                    /usr/lib/x86_64-linux-gnu/libutil-2.31.so
7f7d98030000-7f7d98061000 rw-p 00000000 00:00 0 
7f7d98061000-7f7d98065000 r--p 00000000 08:08 1191946                    /usr/lib/jvm/java-11-openjdk-amd64/lib/libnet.so
7f7d98065000-7f7d98074000 r-xp 00004000 08:08 1191946                    /usr/lib/jvm/java-11-openjdk-amd64/lib/libnet.so
7f7d98074000-7f7d98078000 r--p 00013000 08:08 1191946                    /usr/lib/jvm/java-11-openjdk-amd64/lib/libnet.so
7f7d98078000-7f7d98079000 r--p 00016000 08:08 1191946                    /usr/lib/jvm/java-11-openjdk-amd64/lib/libnet.so
7f7d98079000-7f7d9807a000 rw-p 00017000 08:08 1191946                    /usr/lib/jvm/java-11-openjdk-amd64/lib/libnet.so
7f7d9807a000-7f7d98081000 r--p 00000000 08:08 1191947                    /usr/lib/jvm/java-11-openjdk-amd64/lib/libnio.so
7f7d98081000-7f7d98089000 r-xp 00007000 08:08 1191947                    /usr/lib/jvm/java-11-openjdk-amd64/lib/libnio.so
7f7d98089000-7f7d9808c000 r--p 0000f000 08:08 1191947                    /usr/lib/jvm/java-11-openjdk-amd64/lib/libnio.so
7f7d9808c000-7f7d9808d000 r--p 00011000 08:08 1191947                    /usr/lib/jvm/java-11-openjdk-amd64/lib/libnio.so
7f7d9808d000-7f7d9808e000 rw-p 00012000 08:08 1191947                    /usr/lib/jvm/java-11-openjdk-amd64/lib/libnio.so
7f7d9808e000-7f7d9808f000 ---p 00000000 00:00 0 
7f7d9808f000-7f7d98190000 rw-p 00000000 00:00 0 
7f7d98190000-7f7d98194000 ---p 00000000 00:00 0 
7f7d98194000-7f7d98291000 rw-p 00000000 00:00 0 
7f7d98291000-7f7d98295000 ---p 00000000 00:00 0 
7f7d98295000-7f7d98392000 rw-p 00000000 00:00 0 
7f7d98392000-7f7d98396000 ---p 00000000 00:00 0 
7f7d98396000-7f7d98493000 rw-p 00000000 00:00 0 
7f7d98493000-7f7d98497000 ---p 00000000 00:00 0 
7f7d98497000-7f7d98594000 rw-p 00000000 00:00 0 
7f7d98594000-7f7d98598000 ---p 00000000 00:00 0 
7f7d98598000-7f7d98695000 rw-p 00000000 00:00 0 
7f7d98695000-7f7d98699000 ---p 00000000 00:00 0 
7f7d98699000-7f7d98796000 rw-p 00000000 00:00 0 
7f7d98796000-7f7d9879a000 ---p 00000000 00:00 0 
7f7d9879a000-7f7d98897000 rw-p 00000000 00:00 0 
7f7d98897000-7f7d98898000 ---p 00000000 00:00 0 
7f7d98898000-7f7d9929d000 rw-p 00000000 00:00 0 
7f7d9929d000-7f7d992df000 rw-p 00000000 00:00 0 
7f7d992df000-7f7d992e0000 ---p 00000000 00:00 0 
7f7d992e0000-7f7d993e1000 rw-p 00000000 00:00 0 
7f7d993e1000-7f7d993e2000 ---p 00000000 00:00 0 
7f7d993e2000-7f7d998e7000 rw-p 00000000 00:00 0 
7f7d998e7000-7f7d998e8000 ---p 00000000 00:00 0 
7f7d998e8000-7f7d999e9000 rw-p 00000000 00:00 0 
7f7d999e9000-7f7d999ea000 ---p 00000000 00:00 0 
7f7d999ea000-7f7d99bab000 rw-p 00000000 00:00 0 
7f7d99bab000-7f7d99f19000 ---p 00000000 00:00 0 
7f7d99f19000-7f7d99f1a000 rw-p 00000000 00:00 0 
7f7d99f1a000-7f7d9a11a000 ---p 00000000 00:00 0 
7f7d9a11a000-7f7d9a177000 rw-p 00000000 00:00 0 
7f7d9a177000-7f7d9a4e5000 ---p 00000000 00:00 0 
7f7d9a4e5000-7f7d9a4e6000 rw-p 00000000 00:00 0 
7f7d9a4e6000-7f7d9a6e6000 ---p 00000000 00:00 0 
7f7d9a6e6000-7f7d9a743000 rw-p 00000000 00:00 0 
7f7d9a743000-7f7d9aab1000 ---p 00000000 00:00 0 
7f7d9aab1000-7f7d9aab2000 rw-p 00000000 00:00 0 
7f7d9aab2000-7f7d9acb2000 ---p 00000000 00:00 0 
7f7d9acb2000-7f7d9b0b6000 rw-p 00000000 00:00 0 
7f7d9b0b6000-7f7d9b0b7000 ---p 00000000 00:00 0 
7f7d9b0b7000-7f7d9b1bd000 rw-p 00000000 00:00 0 
7f7d9b1bd000-7f7d9b2a3000 ---p 00000000 00:00 0 
7f7d9b2a3000-7f7d9b2bb000 rw-p 00000000 00:00 0 
7f7d9b2bb000-7f7d9b38e000 ---p 00000000 00:00 0 
7f7d9b38e000-7f7d9b393000 rw-p 00000000 00:00 0 
7f7d9b393000-7f7d9b39a000 ---p 00000000 00:00 0 
7f7d9b39a000-7f7d9b39d000 r--p 00000000 08:08 1188578                    /usr/lib/x86_64-linux-gnu/libnss_files-2.31.so
7f7d9b39d000-7f7d9b3a4000 r-xp 00003000 08:08 1188578                    /usr/lib/x86_64-linux-gnu/libnss_files-2.31.so
7f7d9b3a4000-7f7d9b3a6000 r--p 0000a000 08:08 1188578                    /usr/lib/x86_64-linux-gnu/libnss_files-2.31.so
7f7d9b3a6000-7f7d9b3a7000 r--p 0000b000 08:08 1188578                    /usr/lib/x86_64-linux-gnu/libnss_files-2.31.so
7f7d9b3a7000-7f7d9b3a8000 rw-p 0000c000 08:08 1188578                    /usr/lib/x86_64-linux-gnu/libnss_files-2.31.so
7f7d9b3a8000-7f7d9b3ae000 rw-p 00000000 00:00 0 
7f7d9b3ae000-7f7d9b3b0000 r--p 00000000 08:08 1191955                    /usr/lib/jvm/java-11-openjdk-amd64/lib/libzip.so
7f7d9b3b0000-7f7d9b3b4000 r-xp 00002000 08:08 1191955                    /usr/lib/jvm/java-11-openjdk-amd64/lib/libzip.so
7f7d9b3b4000-7f7d9b3b6000 r--p 00006000 08:08 1191955                    /usr/lib/jvm/java-11-openjdk-amd64/lib/libzip.so
7f7d9b3b6000-7f7d9b3b7000 r--p 00007000 08:08 1191955                    /usr/lib/jvm/java-11-openjdk-amd64/lib/libzip.so
7f7d9b3b7000-7f7d9b3b8000 rw-p 00008000 08:08 1191955                    /usr/lib/jvm/java-11-openjdk-amd64/lib/libzip.so
7f7d9b3b8000-7f7d9b3c0000 rw-s 00000000 08:08 1444458                    /tmp/hsperfdata_james/60841
7f7d9b3c0000-7f7d9b3c1000 ---p 00000000 00:00 0 
7f7d9b3c1000-7f7d9b3c2000 r--p 00000000 00:00 0 
7f7d9b3c2000-7f7d9b3c4000 r--p 00000000 08:08 1191938                    /usr/lib/jvm/java-11-openjdk-amd64/lib/libjimage.so
7f7d9b3c4000-7f7d9b3c7000 r-xp 00002000 08:08 1191938                    /usr/lib/jvm/java-11-openjdk-amd64/lib/libjimage.so
7f7d9b3c7000-7f7d9b3c8000 r--p 00005000 08:08 1191938                    /usr/lib/jvm/java-11-openjdk-amd64/lib/libjimage.so
7f7d9b3c8000-7f7d9b3c9000 ---p 00006000 08:08 1191938                    /usr/lib/jvm/java-11-openjdk-amd64/lib/libjimage.so
7f7d9b3c9000-7f7d9b3ca000 r--p 00006000 08:08 1191938                    /usr/lib/jvm/java-11-openjdk-amd64/lib/libjimage.so
7f7d9b3ca000-7f7d9b3cb000 rw-p 00007000 08:08 1191938                    /usr/lib/jvm/java-11-openjdk-amd64/lib/libjimage.so
7f7d9b3cb000-7f7d9b3d9000 r--p 00000000 08:08 1191934                    /usr/lib/jvm/java-11-openjdk-amd64/lib/libjava.so
7f7d9b3d9000-7f7d9b3ef000 r-xp 0000e000 08:08 1191934                    /usr/lib/jvm/java-11-openjdk-amd64/lib/libjava.so
7f7d9b3ef000-7f7d9b3f6000 r--p 00024000 08:08 1191934                    /usr/lib/jvm/java-11-openjdk-amd64/lib/libjava.so
7f7d9b3f6000-7f7d9b3f7000 r--p 0002a000 08:08 1191934                    /usr/lib/jvm/java-11-openjdk-amd64/lib/libjava.so
7f7d9b3f7000-7f7d9b3f8000 rw-p 0002b000 08:08 1191934                    /usr/lib/jvm/java-11-openjdk-amd64/lib/libjava.so
7f7d9b3f8000-7f7d9b3f9000 rw-p 00000000 00:00 0 
7f7d9b3f9000-7f7d9b3fc000 r--p 00000000 08:08 1188780                    /usr/lib/x86_64-linux-gnu/librt-2.31.so
7f7d9b3fc000-7f7d9b400000 r-xp 00003000 08:08 1188780                    /usr/lib/x86_64-linux-gnu/librt-2.31.so
7f7d9b400000-7f7d9b401000 r--p 00007000 08:08 1188780                    /usr/lib/x86_64-linux-gnu/librt-2.31.so
7f7d9b401000-7f7d9b402000 ---p 00008000 08:08 1188780                    /usr/lib/x86_64-linux-gnu/librt-2.31.so
7f7d9b402000-7f7d9b403000 r--p 00008000 08:08 1188780                    /usr/lib/x86_64-linux-gnu/librt-2.31.so
7f7d9b403000-7f7d9b404000 rw-p 00009000 08:08 1188780                    /usr/lib/x86_64-linux-gnu/librt-2.31.so
7f7d9b404000-7f7d9b408000 ---p 00000000 00:00 0 
7f7d9b408000-7f7d9b505000 rw-p 00000000 00:00 0 
7f7d9b505000-7f7d9b508000 r--p 00000000 08:08 1188101                    /usr/lib/x86_64-linux-gnu/libgcc_s.so.1
7f7d9b508000-7f7d9b51a000 r-xp 00003000 08:08 1188101                    /usr/lib/x86_64-linux-gnu/libgcc_s.so.1
7f7d9b51a000-7f7d9b51e000 r--p 00015000 08:08 1188101                    /usr/lib/x86_64-linux-gnu/libgcc_s.so.1
7f7d9b51e000-7f7d9b51f000 r--p 00018000 08:08 1188101                    /usr/lib/x86_64-linux-gnu/libgcc_s.so.1
7f7d9b51f000-7f7d9b520000 rw-p 00019000 08:08 1188101                    /usr/lib/x86_64-linux-gnu/libgcc_s.so.1
7f7d9b520000-7f7d9b52f000 r--p 00000000 08:08 1188454                    /usr/lib/x86_64-linux-gnu/libm-2.31.so
7f7d9b52f000-7f7d9b5d6000 r-xp 0000f000 08:08 1188454                    /usr/lib/x86_64-linux-gnu/libm-2.31.so
7f7d9b5d6000-7f7d9b66d000 r--p 000b6000 08:08 1188454                    /usr/lib/x86_64-linux-gnu/libm-2.31.so
7f7d9b66d000-7f7d9b66e000 r--p 0014c000 08:08 1188454                    /usr/lib/x86_64-linux-gnu/libm-2.31.so
7f7d9b66e000-7f7d9b66f000 rw-p 0014d000 08:08 1188454                    /usr/lib/x86_64-linux-gnu/libm-2.31.so
7f7d9b66f000-7f7d9b705000 r--p 00000000 08:08 1188882                    /usr/lib/x86_64-linux-gnu/libstdc++.so.6.0.28
7f7d9b705000-7f7d9b7f5000 r-xp 00096000 08:08 1188882                    /usr/lib/x86_64-linux-gnu/libstdc++.so.6.0.28
7f7d9b7f5000-7f7d9b83e000 r--p 00186000 08:08 1188882                    /usr/lib/x86_64-linux-gnu/libstdc++.so.6.0.28
7f7d9b83e000-7f7d9b83f000 ---p 001cf000 08:08 1188882                    /usr/lib/x86_64-linux-gnu/libstdc++.so.6.0.28
7f7d9b83f000-7f7d9b84a000 r--p 001cf000 08:08 1188882                    /usr/lib/x86_64-linux-gnu/libstdc++.so.6.0.28
7f7d9b84a000-7f7d9b84d000 rw-p 001da000 08:08 1188882                    /usr/lib/x86_64-linux-gnu/libstdc++.so.6.0.28
7f7d9b84d000-7f7d9b850000 rw-p 00000000 00:00 0 
7f7d9b850000-7f7d9babd000 r--p 00000000 08:08 1191961                    /usr/lib/jvm/java-11-openjdk-amd64/lib/server/libjvm.so
7f7d9babd000-7f7d9c651000 r-xp 0026d000 08:08 1191961                    /usr/lib/jvm/java-11-openjdk-amd64/lib/server/libjvm.so
7f7d9c651000-7f7d9c888000 r--p 00e01000 08:08 1191961                    /usr/lib/jvm/java-11-openjdk-amd64/lib/server/libjvm.so
7f7d9c888000-7f7d9c945000 r--p 01037000 08:08 1191961                    /usr/lib/jvm/java-11-openjdk-amd64/lib/server/libjvm.so
7f7d9c945000-7f7d9c97e000 rw-p 010f4000 08:08 1191961                    /usr/lib/jvm/java-11-openjdk-amd64/lib/server/libjvm.so
7f7d9c97e000-7f7d9c9d7000 rw-p 00000000 00:00 0 
7f7d9c9d7000-7f7d9c9de000 r--p 00000000 08:08 1188719                    /usr/lib/x86_64-linux-gnu/libpthread-2.31.so
7f7d9c9de000-7f7d9c9ef000 r-xp 00007000 08:08 1188719                    /usr/lib/x86_64-linux-gnu/libpthread-2.31.so
7f7d9c9ef000-7f7d9c9f4000 r--p 00018000 08:08 1188719                    /usr/lib/x86_64-linux-gnu/libpthread-2.31.so
7f7d9c9f4000-7f7d9c9f5000 r--p 0001c000 08:08 1188719                    /usr/lib/x86_64-linux-gnu/libpthread-2.31.so
7f7d9c9f5000-7f7d9c9f6000 rw-p 0001d000 08:08 1188719                    /usr/lib/x86_64-linux-gnu/libpthread-2.31.so
7f7d9c9f6000-7f7d9c9fa000 rw-p 00000000 00:00 0 
7f7d9c9fa000-7f7d9c9fb000 r--p 00000000 08:08 1187951                    /usr/lib/x86_64-linux-gnu/libdl-2.31.so
7f7d9c9fb000-7f7d9c9fd000 r-xp 00001000 08:08 1187951                    /usr/lib/x86_64-linux-gnu/libdl-2.31.so
7f7d9c9fd000-7f7d9c9fe000 r--p 00003000 08:08 1187951                    /usr/lib/x86_64-linux-gnu/libdl-2.31.so
7f7d9c9fe000-7f7d9c9ff000 r--p 00003000 08:08 1187951                    /usr/lib/x86_64-linux-gnu/libdl-2.31.so
7f7d9c9ff000-7f7d9ca00000 rw-p 00004000 08:08 1187951                    /usr/lib/x86_64-linux-gnu/libdl-2.31.so
7f7d9ca00000-7f7d9ca02000 r--p 00000000 08:08 1189144                    /usr/lib/x86_64-linux-gnu/libz.so.1.2.11
7f7d9ca02000-7f7d9ca13000 r-xp 00002000 08:08 1189144                    /usr/lib/x86_64-linux-gnu/libz.so.1.2.11
7f7d9ca13000-7f7d9ca19000 r--p 00013000 08:08 1189144                    /usr/lib/x86_64-linux-gnu/libz.so.1.2.11
7f7d9ca19000-7f7d9ca1a000 ---p 00019000 08:08 1189144                    /usr/lib/x86_64-linux-gnu/libz.so.1.2.11
7f7d9ca1a000-7f7d9ca1b000 r--p 00019000 08:08 1189144                    /usr/lib/x86_64-linux-gnu/libz.so.1.2.11
7f7d9ca1b000-7f7d9ca1c000 rw-p 0001a000 08:08 1189144                    /usr/lib/x86_64-linux-gnu/libz.so.1.2.11
7f7d9ca1c000-7f7d9ca41000 r--p 00000000 08:08 1187816                    /usr/lib/x86_64-linux-gnu/libc-2.31.so
7f7d9ca41000-7f7d9cbb9000 r-xp 00025000 08:08 1187816                    /usr/lib/x86_64-linux-gnu/libc-2.31.so
7f7d9cbb9000-7f7d9cc03000 r--p 0019d000 08:08 1187816                    /usr/lib/x86_64-linux-gnu/libc-2.31.so
7f7d9cc03000-7f7d9cc04000 ---p 001e7000 08:08 1187816                    /usr/lib/x86_64-linux-gnu/libc-2.31.so
7f7d9cc04000-7f7d9cc07000 r--p 001e7000 08:08 1187816                    /usr/lib/x86_64-linux-gnu/libc-2.31.so
7f7d9cc07000-7f7d9cc0a000 rw-p 001ea000 08:08 1187816                    /usr/lib/x86_64-linux-gnu/libc-2.31.so
7f7d9cc0a000-7f7d9cc0e000 rw-p 00000000 00:00 0 
7f7d9cc0e000-7f7d9cc13000 r--p 00000000 08:08 1191954                    /usr/lib/jvm/java-11-openjdk-amd64/lib/libverify.so
7f7d9cc13000-7f7d9cc1a000 r-xp 00005000 08:08 1191954                    /usr/lib/jvm/java-11-openjdk-amd64/lib/libverify.so
7f7d9cc1a000-7f7d9cc1c000 r--p 0000c000 08:08 1191954                    /usr/lib/jvm/java-11-openjdk-amd64/lib/libverify.so
7f7d9cc1c000-7f7d9cc1d000 ---p 0000e000 08:08 1191954                    /usr/lib/jvm/java-11-openjdk-amd64/lib/libverify.so
7f7d9cc1d000-7f7d9cc1f000 r--p 0000e000 08:08 1191954                    /usr/lib/jvm/java-11-openjdk-amd64/lib/libverify.so
7f7d9cc1f000-7f7d9cc20000 rw-p 00010000 08:08 1191954                    /usr/lib/jvm/java-11-openjdk-amd64/lib/libverify.so
7f7d9cc20000-7f7d9cc23000 r--p 00000000 08:08 1191918                    /usr/lib/jvm/java-11-openjdk-amd64/lib/jli/libjli.so
7f7d9cc23000-7f7d9cc2d000 r-xp 00003000 08:08 1191918                    /usr/lib/jvm/java-11-openjdk-amd64/lib/jli/libjli.so
7f7d9cc2d000-7f7d9cc30000 r--p 0000d000 08:08 1191918                    /usr/lib/jvm/java-11-openjdk-amd64/lib/jli/libjli.so
7f7d9cc30000-7f7d9cc31000 ---p 00010000 08:08 1191918                    /usr/lib/jvm/java-11-openjdk-amd64/lib/jli/libjli.so
7f7d9cc31000-7f7d9cc32000 r--p 00010000 08:08 1191918                    /usr/lib/jvm/java-11-openjdk-amd64/lib/jli/libjli.so
7f7d9cc32000-7f7d9cc33000 rw-p 00011000 08:08 1191918                    /usr/lib/jvm/java-11-openjdk-amd64/lib/jli/libjli.so
7f7d9cc33000-7f7d9cc35000 rw-p 00000000 00:00 0 
7f7d9cc35000-7f7d9cc36000 r--p 00000000 08:08 1187603                    /usr/lib/x86_64-linux-gnu/ld-2.31.so
7f7d9cc36000-7f7d9cc59000 r-xp 00001000 08:08 1187603                    /usr/lib/x86_64-linux-gnu/ld-2.31.so
7f7d9cc59000-7f7d9cc61000 r--p 00024000 08:08 1187603                    /usr/lib/x86_64-linux-gnu/ld-2.31.so
7f7d9cc62000-7f7d9cc63000 r--p 0002c000 08:08 1187603                    /usr/lib/x86_64-linux-gnu/ld-2.31.so
7f7d9cc63000-7f7d9cc64000 rw-p 0002d000 08:08 1187603                    /usr/lib/x86_64-linux-gnu/ld-2.31.so
7f7d9cc64000-7f7d9cc65000 rw-p 00000000 00:00 0 
7ffce32c9000-7ffce32ea000 rw-p 00000000 00:00 0                          [stack]
7ffce334d000-7ffce3350000 r--p 00000000 00:00 0                          [vvar]
7ffce3350000-7ffce3351000 r-xp 00000000 00:00 0                          [vdso]
ffffffffff600000-ffffffffff601000 --xp 00000000 00:00 0                  [vsyscall]


VM Arguments:
jvm_args: -Dclassworlds.conf=/snap/netbeans/30/netbeans/java/maven/bin/m2.conf -Dmaven.home=/snap/netbeans/30/netbeans/java/maven -Dlibrary.jansi.path=/snap/netbeans/30/netbeans/java/maven/lib/jansi-native -Dmaven.multiModuleProjectDirectory=/home/james/NetBeansProjects/proyecto1/tiendaIPC2 
java_command: org.codehaus.plexus.classworlds.launcher.Launcher -Dexec.args=-classpath %classpath gc.tiendaipc2.Main -Dexec.executable=/usr/lib/jvm/java-11-openjdk-amd64/bin/java -Dmaven.ext.class.path=/snap/netbeans/30/netbeans/java/maven-nblib/netbeans-eventspy.jar process-classes org.codehaus.mojo:exec-maven-plugin:1.5.0:exec
java_class_path (initial): /snap/netbeans/30/netbeans/java/maven/boot/plexus-classworlds-2.6.0.jar
Launcher Type: SUN_STANDARD

[Global flags]
     intx CICompilerCount                          = 3                                         {product} {ergonomic}
     uint ConcGCThreads                            = 1                                         {product} {ergonomic}
     uint G1ConcRefinementThreads                  = 4                                         {product} {ergonomic}
   size_t G1HeapRegionSize                         = 1048576                                   {product} {ergonomic}
    uintx GCDrainStackTargetSize                   = 64                                        {product} {ergonomic}
   size_t InitialHeapSize                          = 195035136                                 {product} {ergonomic}
   size_t MarkStackSize                            = 4194304                                   {product} {ergonomic}
   size_t MaxHeapSize                              = 3112173568                                {product} {ergonomic}
   size_t MaxNewSize                               = 1866465280                                {product} {ergonomic}
   size_t MinHeapDeltaBytes                        = 1048576                                   {product} {ergonomic}
    uintx NonNMethodCodeHeapSize                   = 5830732                                {pd product} {ergonomic}
    uintx NonProfiledCodeHeapSize                  = 122913754                              {pd product} {ergonomic}
    uintx ProfiledCodeHeapSize                     = 122913754                              {pd product} {ergonomic}
    uintx ReservedCodeCacheSize                    = 251658240                              {pd product} {ergonomic}
     bool SegmentedCodeCache                       = true                                      {product} {ergonomic}
     bool UseCompressedClassPointers               = true                                 {lp64_product} {ergonomic}
     bool UseCompressedOops                        = true                                 {lp64_product} {ergonomic}
     bool UseG1GC                                  = true                                      {product} {ergonomic}

Logging:
Log output configuration:
 #0: stdout all=warning uptime,level,tags
 #1: stderr all=off uptime,level,tags

Environment Variables:
JAVA_HOME=/usr/lib/jvm/java-11-openjdk-amd64
PATH=/usr/local/sbin:/usr/local/bin:/usr/sbin:/usr/bin:/sbin:/bin:/usr/games:/usr/local/games:/snap/bin
USERNAME=james
SHELL=/bin/bash
DISPLAY=:0
LANG=es_US.UTF-8

Signal Handlers:
SIGSEGV: [libjvm.so+0xd8e010], sa_mask[0]=11111111011111111101111111111110, sa_flags=SA_RESTART|SA_SIGINFO
SIGBUS: [libjvm.so+0xd8e010], sa_mask[0]=11111111011111111101111111111110, sa_flags=SA_RESTART|SA_SIGINFO
SIGFPE: [libjvm.so+0xd8e010], sa_mask[0]=11111111011111111101111111111110, sa_flags=SA_RESTART|SA_SIGINFO
SIGPIPE: [libjvm.so+0xb86b30], sa_mask[0]=11111111011111111101111111111110, sa_flags=SA_RESTART|SA_SIGINFO
SIGXFSZ: [libjvm.so+0xb86b30], sa_mask[0]=11111111011111111101111111111110, sa_flags=SA_RESTART|SA_SIGINFO
SIGILL: [libjvm.so+0xd8e010], sa_mask[0]=11111111011111111101111111111110, sa_flags=SA_RESTART|SA_SIGINFO
SIGUSR2: [libjvm.so+0xb869d0], sa_mask[0]=00100000000000000000000000000000, sa_flags=SA_RESTART|SA_SIGINFO
SIGHUP: [libjvm.so+0xb86e70], sa_mask[0]=11111111011111111101111111111110, sa_flags=SA_RESTART|SA_SIGINFO
SIGINT: SIG_IGN, sa_mask[0]=00000000000000000000000000000000, sa_flags=none
SIGTERM: [libjvm.so+0xb86e70], sa_mask[0]=11111111011111111101111111111110, sa_flags=SA_RESTART|SA_SIGINFO
SIGQUIT: [libjvm.so+0xb86e70], sa_mask[0]=11111111011111111101111111111110, sa_flags=SA_RESTART|SA_SIGINFO


---------------  S Y S T E M  ---------------

OS:DISTRIB_ID=Ubuntu
DISTRIB_RELEASE=20.04
DISTRIB_CODENAME=focal
DISTRIB_DESCRIPTION="Ubuntu 20.04.1 LTS"
uname:Linux 5.4.0-42-generic #46-Ubuntu SMP Fri Jul 10 00:24:02 UTC 2020 x86_64
OS uptime: 2 days 3:30 hours
libc:glibc 2.31 NPTL 2.31 
rlimit (soft/hard): STACK 8192k/infinity , CORE 0k/infinity , NPROC 47249/47249 , NOFILE 1048576/1048576 , AS infinity/infinity , CPU infinity/infinity , DATA infinity/infinity , FSIZE infinity/infinity , MEMLOCK 65536k/65536k
load average:1.70 1.48 1.43

/proc/meminfo:
MemTotal:       12152128 kB
MemFree:          501980 kB
MemAvailable:    4940008 kB
Buffers:         1208244 kB
Cached:          3697972 kB
SwapCached:          208 kB
Active:          8526728 kB
Inactive:        2508284 kB
Active(anon):    5964904 kB
Inactive(anon):   586456 kB
Active(file):    2561824 kB
Inactive(file):  1921828 kB
Unevictable:       75176 kB
Mlocked:              48 kB
SwapTotal:      21999612 kB
SwapFree:       21998320 kB
Dirty:              1068 kB
Writeback:             0 kB
AnonPages:       6203972 kB
Mapped:           851616 kB
Shmem:            422516 kB
KReclaimable:     279328 kB
Slab:             412504 kB
SReclaimable:     279328 kB
SUnreclaim:       133176 kB
KernelStack:       17776 kB
PageTables:        45840 kB
NFS_Unstable:          0 kB
Bounce:                0 kB
WritebackTmp:          0 kB
CommitLimit:    28075676 kB
Committed_AS:   13084572 kB
VmallocTotal:   34359738367 kB
VmallocUsed:       38824 kB
VmallocChunk:          0 kB
Percpu:             3920 kB
HardwareCorrupted:     0 kB
AnonHugePages:         0 kB
ShmemHugePages:        0 kB
ShmemPmdMapped:        0 kB
FileHugePages:         0 kB
FilePmdMapped:         0 kB
CmaTotal:              0 kB
CmaFree:               0 kB
HugePages_Total:       0
HugePages_Free:        0
HugePages_Rsvd:        0
HugePages_Surp:        0
Hugepagesize:       2048 kB
Hugetlb:               0 kB
DirectMap4k:      317044 kB
DirectMap2M:    12148736 kB
DirectMap1G:           0 kB

/sys/kernel/mm/transparent_hugepage/enabled:
always [madvise] never

/sys/kernel/mm/transparent_hugepage/defrag (defrag/compaction efforts parameter):
always defer defer+madvise [madvise] never


/proc/sys/kernel/threads-max (system-wide limit on the number of threads):
94498


/proc/sys/vm/max_map_count (maximum number of memory map areas a process may have):
65530


/proc/sys/kernel/pid_max (system-wide limit on number of process identifiers):
4194304



container (cgroup) information:
container_type: cgroupv1
cpu_cpuset_cpus: 0-3
cpu_memory_nodes: 0
active_processor_count: 4
cpu_quota: -1
cpu_period: 100000
cpu_shares: -1
memory_limit_in_bytes: -1
memory_and_swap_limit_in_bytes: -2
memory_soft_limit_in_bytes: -1
memory_usage_in_bytes: 8483098624
memory_max_usage_in_bytes: 9097187328

Steal ticks since vm start: 0
Steal ticks percentage since vm start:  0.000

CPU:total 4 (initial active 4) (2 cores per cpu, 2 threads per core) family 6 model 142 stepping 9, cmov, cx8, fxsr, mmx, sse, sse2, sse3, ssse3, sse4.1, sse4.2, popcnt, avx, avx2, aes, clmul, erms, 3dnowpref, lzcnt, ht, tsc, tscinvbit, bmi1, bmi2, adx, fma
CPU Model and flags from /proc/cpuinfo:
model name	: Intel(R) Core(TM) i5-7200U CPU @ 2.50GHz
flags		: fpu vme de pse tsc msr pae mce cx8 apic sep mtrr pge mca cmov pat pse36 clflush dts acpi mmx fxsr sse sse2 ss ht tm pbe syscall nx pdpe1gb rdtscp lm constant_tsc art arch_perfmon pebs bts rep_good nopl xtopology nonstop_tsc cpuid aperfmperf pni pclmulqdq dtes64 monitor ds_cpl vmx est tm2 ssse3 sdbg fma cx16 xtpr pdcm pcid sse4_1 sse4_2 x2apic movbe popcnt tsc_deadline_timer aes xsave avx f16c rdrand lahf_lm abm 3dnowprefetch cpuid_fault epb invpcid_single pti ssbd ibrs ibpb stibp tpr_shadow vnmi flexpriority ept vpid ept_ad fsgsbase tsc_adjust bmi1 avx2 smep bmi2 erms invpcid mpx rdseed adx smap clflushopt intel_pt xsaveopt xsavec xgetbv1 xsaves dtherm ida arat pln pts hwp hwp_notify hwp_act_window hwp_epp md_clear flush_l1d

Memory: 4k page, physical 12152128k(501980k free), swap 21999612k(21998320k free)

vm_info: OpenJDK 64-Bit Server VM (11.0.8+10-post-Ubuntu-0ubuntu120.04) for linux-amd64 JRE (11.0.8+10-post-Ubuntu-0ubuntu120.04), built on Jul 15 2020 20:45:24 by "unknown" with gcc 9.3.0

END.
